-- Found ament_cmake: 1.3.3 (/opt/ros/humble/share/ament_cmake/cmake)
-- Found Python3: /usr/bin/python3.10 (found version "3.10.6") found components: Interpreter 
-- Found rclcpp: 16.0.3 (/opt/ros/humble/share/rclcpp/cmake)
-- Found rosidl_generator_c: 3.1.4 (/opt/ros/humble/share/rosidl_generator_c/cmake)
-- Found rosidl_adapter: 3.1.4 (/opt/ros/humble/share/rosidl_adapter/cmake)
-- Found rosidl_generator_cpp: 3.1.4 (/opt/ros/humble/share/rosidl_generator_cpp/cmake)
-- Using all available rosidl_typesupport_c: rosidl_typesupport_fastrtps_c;rosidl_typesupport_introspection_c
-- Using all available rosidl_typesupport_cpp: rosidl_typesupport_fastrtps_cpp;rosidl_typesupport_introspection_cpp
-- Found rmw_implementation_cmake: 6.1.1 (/opt/ros/humble/share/rmw_implementation_cmake/cmake)
-- Found rmw_fastrtps_cpp: 6.2.2 (/opt/ros/humble/share/rmw_fastrtps_cpp/cmake)
-- Using RMW implementation 'rmw_fastrtps_cpp' as default
-- Found sensor_msgs: 4.2.3 (/opt/ros/humble/share/sensor_msgs/cmake)
-- Found cv_bridge: 3.2.1 (/opt/ros/humble/share/cv_bridge/cmake)
-- Found image_transport: 3.1.5 (/opt/ros/humble/share/image_transport/cmake)
-- Found PythonLibs: /usr/lib/x86_64-linux-gnu/libpython3.10.so (found version "3.10.6") 
-- Found Python3: /usr/bin/python3.10 (found version "3.10.6") found components: Interpreter Development NumPy Development.Module Development.Embed 
-- Found PythonLibs: /usr/lib/x86_64-linux-gnu/libpython3.10.so (found suitable version "3.10.6", minimum required is "3.0") 
-- Found tf2: 0.25.2 (/opt/ros/humble/share/tf2/cmake)
-- Found tf2_ros: 0.25.2 (/opt/ros/humble/share/tf2_ros/cmake)
-- Found rosidl_default_generators: 1.2.0 (/opt/ros/humble/share/rosidl_default_generators/cmake)
-- Found Python3: /usr/bin/python3.10 (found version "3.10.6") found components: Interpreter 
-- Found ament_cmake_ros: 0.10.0 (/opt/ros/humble/share/ament_cmake_ros/cmake)
-- Using all available rosidl_typesupport_c: rosidl_typesupport_fastrtps_c;rosidl_typesupport_introspection_c
-- Using all available rosidl_typesupport_cpp: rosidl_typesupport_fastrtps_cpp;rosidl_typesupport_introspection_cpp
-- Found PythonInterp: /usr/bin/python3 (found suitable version "3.10.6", minimum required is "3.6") 
-- Found python_cmake_module: 0.10.0 (/opt/ros/humble/share/python_cmake_module/cmake)
-- Found PythonLibs: /usr/lib/x86_64-linux-gnu/libpython3.10.so (found suitable version "3.10.6", minimum required is "3.5") 
-- Using PYTHON_EXECUTABLE: /usr/bin/python3
-- Using PYTHON_INCLUDE_DIRS: /usr/include/python3.10
-- Using PYTHON_LIBRARIES: /usr/lib/x86_64-linux-gnu/libpython3.10.so
-- Found PythonExtra: .so  
-- Found ament_lint_auto: 0.12.5 (/opt/ros/humble/share/ament_lint_auto/cmake)
-- Added test 'cppcheck' to perform static code analysis on C / C++ code
-- Configured cppcheck include dirs: 
-- Configured cppcheck exclude dirs and/or files: 
-- Added test 'lint_cmake' to check CMake code style
-- Added test 'uncrustify' to check C / C++ code style
-- Configured uncrustify additional arguments: 
-- Added test 'xmllint' to check XML markup files
-- Configuring done
-- Generating done
-- Build files have been written to: /home/megsindelar/Final_Project/ros_ws/build/img_transform
[  2%] [34m[1mGenerating C code for ROS interfaces[0m
[35m[1mConsolidate compiler generated dependencies of target img_transform[0m
[35m[1mConsolidate compiler generated dependencies of target video_frequency[0m
[  5%] [34m[1mGenerating C++ code for ROS interfaces[0m
[  5%] Built target ament_cmake_python_copy_img_transform
[  8%] [32mBuilding CXX object CMakeFiles/img_transform.dir/src/img_transform.cpp.o[0m
[ 11%] [32mBuilding CXX object CMakeFiles/video_frequency.dir/src/video_frequency.cpp.o[0m
[ 11%] Built target img_transform_msg__cpp
[ 14%] [34m[1mGenerating C++ type support dispatch for ROS interfaces[0m
[ 17%] [34m[1mGenerating C++ type support for eProsima Fast-RTPS[0m
[ 20%] [34m[1mGenerating C++ introspection for ROS interfaces[0m
[ 22%] [32mBuilding C object CMakeFiles/img_transform_msg__rosidl_generator_c.dir/rosidl_generator_c/img_transform/msg/detail/keypoints__functions.c.o[0m
running egg_info
creating img_transform.egg-info
writing img_transform.egg-info/PKG-INFO
writing dependency_links to img_transform.egg-info/dependency_links.txt
writing top-level names to img_transform.egg-info/top_level.txt
writing manifest file 'img_transform.egg-info/SOURCES.txt'
reading manifest file 'img_transform.egg-info/SOURCES.txt'
writing manifest file 'img_transform.egg-info/SOURCES.txt'
[ 25%] [32m[1mLinking C shared library libimg_transform__rosidl_generator_c.so[0m
[ 25%] Built target ament_cmake_python_build_img_transform_egg
[ 25%] Built target img_transform_msg__rosidl_generator_c
[ 31%] [34m[1mGenerating C type support for eProsima Fast-RTPS[0m
[ 34%] [34m[1mGenerating C introspection for ROS interfaces[0m
[ 31%] [34m[1mGenerating C type support dispatch for ROS interfaces[0m
[01m[K/home/megsindelar/Final_Project/ros_ws/src/img_transform/src/img_transform.cpp:26:10:[m[K [01;31m[Kfatal error: [m[Kimg_transform/msg/keypoints.hpp: No such file or directory
   26 | #include [01;31m[K"img_transform/msg/keypoints.hpp"[m[K
      |          [01;31m[K^~~~~~~~~~~~~~~~~~~~~~~~~~~~~~~~~[m[K
compilation terminated.
gmake[2]: *** [CMakeFiles/img_transform.dir/build.make:76: CMakeFiles/img_transform.dir/src/img_transform.cpp.o] Error 1
gmake[1]: *** [CMakeFiles/Makefile2:594: CMakeFiles/img_transform.dir/all] Error 2
gmake[1]: *** Waiting for unfinished jobs....
[ 37%] [32mBuilding CXX object CMakeFiles/img_transform_msg__rosidl_typesupport_introspection_cpp.dir/rosidl_typesupport_introspection_cpp/img_transform/msg/detail/keypoints__type_support.cpp.o[0m
[ 40%] [32mBuilding CXX object CMakeFiles/img_transform_msg__rosidl_typesupport_cpp.dir/rosidl_typesupport_cpp/img_transform/msg/keypoints__type_support.cpp.o[0m
[ 42%] [32mBuilding CXX object CMakeFiles/img_transform_msg__rosidl_typesupport_fastrtps_cpp.dir/rosidl_typesupport_fastrtps_cpp/img_transform/msg/detail/dds_fastrtps/keypoints__type_support.cpp.o[0m
[ 45%] [32mBuilding C object CMakeFiles/img_transform_msg__rosidl_typesupport_introspection_c.dir/rosidl_typesupport_introspection_c/img_transform/msg/detail/keypoints__type_support.c.o[0m
[ 48%] [32m[1mLinking C shared library libimg_transform__rosidl_typesupport_introspection_c.so[0m
[ 48%] Built target img_transform_msg__rosidl_typesupport_introspection_c
[ 51%] [32mBuilding CXX object CMakeFiles/img_transform_msg__rosidl_typesupport_c.dir/rosidl_typesupport_c/img_transform/msg/keypoints__type_support.cpp.o[0m
[ 54%] [32mBuilding CXX object CMakeFiles/img_transform_msg__rosidl_typesupport_fastrtps_c.dir/rosidl_typesupport_fastrtps_c/img_transform/msg/detail/keypoints__type_support_c.cpp.o[0m
[ 57%] [32m[1mLinking CXX shared library libimg_transform__rosidl_typesupport_c.so[0m
[ 57%] Built target img_transform_msg__rosidl_typesupport_c
[ 60%] [32m[1mLinking CXX shared library libimg_transform__rosidl_typesupport_cpp.so[0m
[ 60%] Built target img_transform_msg__rosidl_typesupport_cpp
[ 62%] [32m[1mLinking CXX shared library libimg_transform__rosidl_typesupport_introspection_cpp.so[0m
[ 62%] Built target img_transform_msg__rosidl_typesupport_introspection_cpp
[ 65%] [32m[1mLinking CXX shared library libimg_transform__rosidl_typesupport_fastrtps_cpp.so[0m
[ 68%] [32m[1mLinking CXX shared library libimg_transform__rosidl_typesupport_fastrtps_c.so[0m
[ 68%] Built target img_transform_msg__rosidl_typesupport_fastrtps_cpp
[ 68%] Built target img_transform_msg__rosidl_typesupport_fastrtps_c
[ 71%] [32m[1mLinking CXX executable video_frequency[0m
[ 71%] Built target video_frequency
gmake: *** [Makefile:146: all] Error 2
