[0.011s] Invoking command in '/home/megsindelar/Final_Project/ros_ws/build/img_transform': CMAKE_PREFIX_PATH=${CMAKE_PREFIX_PATH}:/home/megsindelar/ME_495/Final_Proj/install/attack_of_the_franka:/home/megsindelar/ME_495/Final_Proj/install/moveit_testing:/opt/ros/humble /usr/bin/cmake --build /home/megsindelar/Final_Project/ros_ws/build/img_transform -- -j8 -l8
[0.039s] [35m[1mConsolidate compiler generated dependencies of target img_transform[0m
[0.050s] [ 50%] [32mBuilding CXX object CMakeFiles/img_transform.dir/src/img_transform.cpp.o[0m
[1.752s] [01m[K/home/megsindelar/Final_Project/ros_ws/src/active_slam/src/img_transform.cpp:[m[K In member function â€˜[01m[Kvoid ImgTransform::timer_callback()[m[Kâ€™:
[1.752s] [01m[K/home/megsindelar/Final_Project/ros_ws/src/active_slam/src/img_transform.cpp:57:13:[m[K [01;31m[Kerror: [m[Kexpected â€˜[01m[K,[m[Kâ€™ or â€˜[01m[K;[m[Kâ€™ before â€˜[01m[Kpub_current_img_[m[Kâ€™
[1.752s]    57 |             [01;31m[Kpub_current_img_[m[K->publish(*(cv::bridge::CvImage(header, "bgr8", current_frame).toImageMsg()), camera_info_);
[1.752s]       |             [01;31m[K^~~~~~~~~~~~~~~~[m[K
[1.756s] [01m[K/home/megsindelar/Final_Project/ros_ws/src/active_slam/src/img_transform.cpp:[m[K In member function â€˜[01m[Kvoid ImgTransform::img_callback(const ConstSharedPtr&, const ConstSharedPtr&)[m[Kâ€™:
[1.756s] [01m[K/home/megsindelar/Final_Project/ros_ws/src/active_slam/src/img_transform.cpp:62:23:[m[K [01;31m[Kerror: [m[Kno matching function for call to â€˜[01m[Kimshow(cv::Mat&)[m[Kâ€™
[1.756s]    62 |             [01;31m[Kcv::imshow(cv_bridge::toCvCopy(*msg, msg->encoding)->image)[m[K;
[1.756s]       |             [01;31m[K~~~~~~~~~~^~~~~~~~~~~~~~~~~~~~~~~~~~~~~~~~~~~~~~~~~~~~~~~~~[m[K
[1.756s] In file included from [01m[K/home/megsindelar/Final_Project/ros_ws/src/active_slam/src/img_transform.cpp:5[m[K:
[1.756s] [01m[K/usr/include/opencv4/opencv2/highgui.hpp:416:19:[m[K [01;36m[Knote: [m[Kcandidate: â€˜[01m[Kvoid cv::imshow(const String&, cv::InputArray)[m[Kâ€™
[1.756s]   416 | CV_EXPORTS_W void [01;36m[Kimshow[m[K(const String& winname, InputArray mat);
[1.756s]       |                   [01;36m[K^~~~~~[m[K
[1.756s] [01m[K/usr/include/opencv4/opencv2/highgui.hpp:416:19:[m[K [01;36m[Knote: [m[K  candidate expects 2 arguments, 1 provided
[1.756s] [01m[K/usr/include/opencv4/opencv2/highgui.hpp:651:17:[m[K [01;36m[Knote: [m[Kcandidate: â€˜[01m[Kvoid cv::imshow(const String&, const cv::ogl::Texture2D&)[m[Kâ€™
[1.756s]   651 | CV_EXPORTS void [01;36m[Kimshow[m[K(const String& winname, const ogl::Texture2D& tex);
[1.756s]       |                 [01;36m[K^~~~~~[m[K
[1.756s] [01m[K/usr/include/opencv4/opencv2/highgui.hpp:651:17:[m[K [01;36m[Knote: [m[K  candidate expects 2 arguments, 1 provided
[2.116s] gmake[2]: *** [CMakeFiles/img_transform.dir/build.make:76: CMakeFiles/img_transform.dir/src/img_transform.cpp.o] Error 1
[2.117s] gmake[1]: *** [CMakeFiles/Makefile2:137: CMakeFiles/img_transform.dir/all] Error 2
[2.117s] gmake: *** [Makefile:146: all] Error 2
[2.119s] Invoked command in '/home/megsindelar/Final_Project/ros_ws/build/img_transform' returned '2': CMAKE_PREFIX_PATH=${CMAKE_PREFIX_PATH}:/home/megsindelar/ME_495/Final_Proj/install/attack_of_the_franka:/home/megsindelar/ME_495/Final_Proj/install/moveit_testing:/opt/ros/humble /usr/bin/cmake --build /home/megsindelar/Final_Project/ros_ws/build/img_transform -- -j8 -l8
