[0.010s] Invoking command in '/home/megsindelar/Final_Project/ros_ws/build/img_transform': CMAKE_PREFIX_PATH=${CMAKE_PREFIX_PATH}:/home/megsindelar/ME_495/Final_Proj/install/attack_of_the_franka:/home/megsindelar/ME_495/Final_Proj/install/moveit_testing:/opt/ros/humble /usr/bin/cmake --build /home/megsindelar/Final_Project/ros_ws/build/img_transform -- -j8 -l8
[0.039s] [35m[1mConsolidate compiler generated dependencies of target video_frequency[0m
[0.049s] [ 50%] Built target img_transform
[0.053s] [ 75%] [32mBuilding CXX object CMakeFiles/video_frequency.dir/src/video_frequency.cpp.o[0m
[2.353s] [01m[K/home/megsindelar/Final_Project/ros_ws/src/img_transform/src/video_frequency.cpp:[m[K In member function â€˜[01m[Kvoid VideoFreq::timer_callback()[m[Kâ€™:
[2.353s] [01m[K/home/megsindelar/Final_Project/ros_ws/src/img_transform/src/video_frequency.cpp:66:25:[m[K [01;31m[Kerror: [m[Kno match for â€˜[01m[Koperator==[m[Kâ€™ (operand types are â€˜[01m[Kstd::chrono::duration<long int, std::ratio<1, 1000000000> >[m[Kâ€™ and â€˜[01m[Kint[m[Kâ€™)
[2.353s]    66 |             if ([32m[Kelapsed[m[K [01;31m[K==[m[K [34m[K5[m[K){
[2.353s]       |                 [32m[K~~~~~~~[m[K [01;31m[K^~[m[K [34m[K~[m[K
[2.354s]       |                 [32m[K|[m[K          [34m[K|[m[K
[2.354s]       |                 [32m[K|[m[K          [34m[Kint[m[K
[2.354s]       |                 [32m[Kstd::chrono::duration<long int, std::ratio<1, 1000000000> >[m[K
[2.354s] In file included from [01m[K/usr/include/c++/11/iosfwd:40[m[K,
[2.354s]                  from [01m[K/usr/include/c++/11/ios:38[m[K,
[2.354s]                  from [01m[K/usr/include/c++/11/ostream:38[m[K,
[2.354s]                  from [01m[K/usr/include/c++/11/iostream:39[m[K,
[2.354s]                  from [01m[K/home/megsindelar/Final_Project/ros_ws/src/img_transform/src/video_frequency.cpp:1[m[K:
[2.354s] [01m[K/usr/include/c++/11/bits/postypes.h:222:5:[m[K [01;36m[Knote: [m[Kcandidate: â€˜[01m[Ktemplate<class _StateT> bool std::operator==(const std::fpos<_StateT>&, const std::fpos<_StateT>&)[m[Kâ€™
[2.354s]   222 |     [01;36m[Koperator[m[K==(const fpos<_StateT>& __lhs, const fpos<_StateT>& __rhs)
[2.354s]       |     [01;36m[K^~~~~~~~[m[K
[2.354s] [01m[K/usr/include/c++/11/bits/postypes.h:222:5:[m[K [01;36m[Knote: [m[K  template argument deduction/substitution failed:
[2.354s] [01m[K/home/megsindelar/Final_Project/ros_ws/src/img_transform/src/video_frequency.cpp:66:28:[m[K [01;36m[Knote: [m[K  â€˜[01m[Kstd::chrono::duration<long int, std::ratio<1, 1000000000> >[m[Kâ€™ is not derived from â€˜[01m[Kconst std::fpos<_StateT>[m[Kâ€™
[2.354s]    66 |             if (elapsed == [01;36m[K5[m[K){
[2.354s]       |                            [01;36m[K^[m[K
[2.354s] In file included from [01m[K/usr/include/c++/11/bits/stl_algobase.h:64[m[K,
[2.355s]                  from [01m[K/usr/include/c++/11/bits/char_traits.h:39[m[K,
[2.355s]                  from [01m[K/usr/include/c++/11/ios:40[m[K,
[2.355s]                  from [01m[K/usr/include/c++/11/ostream:38[m[K,
[2.355s]                  from [01m[K/usr/include/c++/11/iostream:39[m[K,
[2.355s]                  from [01m[K/home/megsindelar/Final_Project/ros_ws/src/img_transform/src/video_frequency.cpp:1[m[K:
[2.355s] [01m[K/usr/include/c++/11/bits/stl_pair.h:466:5:[m[K [01;36m[Knote: [m[Kcandidate: â€˜[01m[Ktemplate<class _T1, class _T2> constexpr bool std::operator==(const std::pair<_T1, _T2>&, const std::pair<_T1, _T2>&)[m[Kâ€™
[2.355s]   466 |     [01;36m[Koperator[m[K==(const pair<_T1, _T2>& __x, const pair<_T1, _T2>& __y)
[2.355s]       |     [01;36m[K^~~~~~~~[m[K
[2.355s] [01m[K/usr/include/c++/11/bits/stl_pair.h:466:5:[m[K [01;36m[Knote: [m[K  template argument deduction/substitution failed:
[2.355s] [01m[K/home/megsindelar/Final_Project/ros_ws/src/img_transform/src/video_frequency.cpp:66:28:[m[K [01;36m[Knote: [m[K  â€˜[01m[Kstd::chrono::duration<long int, std::ratio<1, 1000000000> >[m[Kâ€™ is not derived from â€˜[01m[Kconst std::pair<_T1, _T2>[m[Kâ€™
[2.355s]    66 |             if (elapsed == [01;36m[K5[m[K){
[2.355s]       |                            [01;36m[K^[m[K
[2.355s] In file included from [01m[K/usr/include/c++/11/bits/stl_algobase.h:67[m[K,
[2.355s]                  from [01m[K/usr/include/c++/11/bits/char_traits.h:39[m[K,
[2.355s]                  from [01m[K/usr/include/c++/11/ios:40[m[K,
[2.355s]                  from [01m[K/usr/include/c++/11/ostream:38[m[K,
[2.355s]                  from [01m[K/usr/include/c++/11/iostream:39[m[K,
[2.355s]                  from [01m[K/home/megsindelar/Final_Project/ros_ws/src/img_transform/src/video_frequency.cpp:1[m[K:
[2.356s] [01m[K/usr/include/c++/11/bits/stl_iterator.h:419:5:[m[K [01;36m[Knote: [m[Kcandidate: â€˜[01m[Ktemplate<class _Iterator> constexpr bool std::operator==(const std::reverse_iterator<_Iterator>&, const std::reverse_iterator<_Iterator>&)[m[Kâ€™
[2.356s]   419 |     [01;36m[Koperator[m[K==(const reverse_iterator<_Iterator>& __x,
[2.356s]       |     [01;36m[K^~~~~~~~[m[K
[2.356s] [01m[K/usr/include/c++/11/bits/stl_iterator.h:419:5:[m[K [01;36m[Knote: [m[K  template argument deduction/substitution failed:
[2.356s] [01m[K/home/megsindelar/Final_Project/ros_ws/src/img_transform/src/video_frequency.cpp:66:28:[m[K [01;36m[Knote: [m[K  â€˜[01m[Kstd::chrono::duration<long int, std::ratio<1, 1000000000> >[m[Kâ€™ is not derived from â€˜[01m[Kconst std::reverse_iterator<_Iterator>[m[Kâ€™
[2.356s]    66 |             if (elapsed == [01;36m[K5[m[K){
[2.356s]       |                            [01;36m[K^[m[K
[2.356s] In file included from [01m[K/usr/include/c++/11/bits/stl_algobase.h:67[m[K,
[2.356s]                  from [01m[K/usr/include/c++/11/bits/char_traits.h:39[m[K,
[2.356s]                  from [01m[K/usr/include/c++/11/ios:40[m[K,
[2.356s]                  from [01m[K/usr/include/c++/11/ostream:38[m[K,
[2.356s]                  from [01m[K/usr/include/c++/11/iostream:39[m[K,
[2.356s]                  from [01m[K/home/megsindelar/Final_Project/ros_ws/src/img_transform/src/video_frequency.cpp:1[m[K:
[2.356s] [01m[K/usr/include/c++/11/bits/stl_iterator.h:458:5:[m[K [01;36m[Knote: [m[Kcandidate: â€˜[01m[Ktemplate<class _IteratorL, class _IteratorR> constexpr bool std::operator==(const std::reverse_iterator<_Iterator>&, const std::reverse_iterator<_IteratorR>&)[m[Kâ€™
[2.356s]   458 |     [01;36m[Koperator[m[K==(const reverse_iterator<_IteratorL>& __x,
[2.356s]       |     [01;36m[K^~~~~~~~[m[K
[2.356s] [01m[K/usr/include/c++/11/bits/stl_iterator.h:458:5:[m[K [01;36m[Knote: [m[K  template argument deduction/substitution failed:
[2.356s] [01m[K/home/megsindelar/Final_Project/ros_ws/src/img_transform/src/video_frequency.cpp:66:28:[m[K [01;36m[Knote: [m[K  â€˜[01m[Kstd::chrono::duration<long int, std::ratio<1, 1000000000> >[m[Kâ€™ is not derived from â€˜[01m[Kconst std::reverse_iterator<_Iterator>[m[Kâ€™
[2.356s]    66 |             if (elapsed == [01;36m[K5[m[K){
[2.356s]       |                            [01;36m[K^[m[K
[2.357s] In file included from [01m[K/usr/include/c++/11/bits/stl_algobase.h:67[m[K,
[2.357s]                  from [01m[K/usr/include/c++/11/bits/char_traits.h:39[m[K,
[2.357s]                  from [01m[K/usr/include/c++/11/ios:40[m[K,
[2.357s]                  from [01m[K/usr/include/c++/11/ostream:38[m[K,
[2.357s]                  from [01m[K/usr/include/c++/11/iostream:39[m[K,
[2.358s]                  from [01m[K/home/megsindelar/Final_Project/ros_ws/src/img_transform/src/video_frequency.cpp:1[m[K:
[2.358s] [01m[K/usr/include/c++/11/bits/stl_iterator.h:1533:5:[m[K [01;36m[Knote: [m[Kcandidate: â€˜[01m[Ktemplate<class _IteratorL, class _IteratorR> constexpr bool std::operator==(const std::move_iterator<_IteratorL>&, const std::move_iterator<_IteratorR>&)[m[Kâ€™
[2.358s]  1533 |     [01;36m[Koperator[m[K==(const move_iterator<_IteratorL>& __x,
[2.358s]       |     [01;36m[K^~~~~~~~[m[K
[2.358s] [01m[K/usr/include/c++/11/bits/stl_iterator.h:1533:5:[m[K [01;36m[Knote: [m[K  template argument deduction/substitution failed:
[2.358s] [01m[K/home/megsindelar/Final_Project/ros_ws/src/img_transform/src/video_frequency.cpp:66:28:[m[K [01;36m[Knote: [m[K  â€˜[01m[Kstd::chrono::duration<long int, std::ratio<1, 1000000000> >[m[Kâ€™ is not derived from â€˜[01m[Kconst std::move_iterator<_IteratorL>[m[Kâ€™
[2.358s]    66 |             if (elapsed == [01;36m[K5[m[K){
[2.358s]       |                            [01;36m[K^[m[K
[2.358s] In file included from [01m[K/usr/include/c++/11/bits/stl_algobase.h:67[m[K,
[2.358s]                  from [01m[K/usr/include/c++/11/bits/char_traits.h:39[m[K,
[2.358s]                  from [01m[K/usr/include/c++/11/ios:40[m[K,
[2.358s]                  from [01m[K/usr/include/c++/11/ostream:38[m[K,
[2.358s]                  from [01m[K/usr/include/c++/11/iostream:39[m[K,
[2.358s]                  from [01m[K/home/megsindelar/Final_Project/ros_ws/src/img_transform/src/video_frequency.cpp:1[m[K:
[2.358s] [01m[K/usr/include/c++/11/bits/stl_iterator.h:1601:5:[m[K [01;36m[Knote: [m[Kcandidate: â€˜[01m[Ktemplate<class _Iterator> constexpr bool std::operator==(const std::move_iterator<_IteratorL>&, const std::move_iterator<_IteratorL>&)[m[Kâ€™
[2.358s]  1601 |     [01;36m[Koperator[m[K==(const move_iterator<_Iterator>& __x,
[2.358s]       |     [01;36m[K^~~~~~~~[m[K
[2.358s] [01m[K/usr/include/c++/11/bits/stl_iterator.h:1601:5:[m[K [01;36m[Knote: [m[K  template argument deduction/substitution failed:
[2.358s] [01m[K/home/megsindelar/Final_Project/ros_ws/src/img_transform/src/video_frequency.cpp:66:28:[m[K [01;36m[Knote: [m[K  â€˜[01m[Kstd::chrono::duration<long int, std::ratio<1, 1000000000> >[m[Kâ€™ is not derived from â€˜[01m[Kconst std::move_iterator<_IteratorL>[m[Kâ€™
[2.359s]    66 |             if (elapsed == [01;36m[K5[m[K){
[2.359s]       |                            [01;36m[K^[m[K
[2.359s] In file included from [01m[K/usr/include/c++/11/string:41[m[K,
[2.359s]                  from [01m[K/usr/include/c++/11/bits/locale_classes.h:40[m[K,
[2.359s]                  from [01m[K/usr/include/c++/11/bits/ios_base.h:41[m[K,
[2.359s]                  from [01m[K/usr/include/c++/11/ios:42[m[K,
[2.359s]                  from [01m[K/usr/include/c++/11/ostream:38[m[K,
[2.359s]                  from [01m[K/usr/include/c++/11/iostream:39[m[K,
[2.359s]                  from [01m[K/home/megsindelar/Final_Project/ros_ws/src/img_transform/src/video_frequency.cpp:1[m[K:
[2.359s] [01m[K/usr/include/c++/11/bits/allocator.h:218:5:[m[K [01;36m[Knote: [m[Kcandidate: â€˜[01m[Ktemplate<class _T1, class _T2> bool std::operator==(const std::allocator<_CharT>&, const std::allocator<_T2>&)[m[Kâ€™
[2.359s]   218 |     [01;36m[Koperator[m[K==(const allocator<_T1>&, const allocator<_T2>&)
[2.359s]       |     [01;36m[K^~~~~~~~[m[K
[2.359s] [01m[K/usr/include/c++/11/bits/allocator.h:218:5:[m[K [01;36m[Knote: [m[K  template argument deduction/substitution failed:
[2.359s] [01m[K/home/megsindelar/Final_Project/ros_ws/src/img_transform/src/video_frequency.cpp:66:28:[m[K [01;36m[Knote: [m[K  â€˜[01m[Kstd::chrono::duration<long int, std::ratio<1, 1000000000> >[m[Kâ€™ is not derived from â€˜[01m[Kconst std::allocator<_CharT>[m[Kâ€™
[2.359s]    66 |             if (elapsed == [01;36m[K5[m[K){
[2.359s]       |                            [01;36m[K^[m[K
[2.359s] In file included from [01m[K/usr/include/c++/11/bits/basic_string.h:48[m[K,
[2.359s]                  from [01m[K/usr/include/c++/11/string:55[m[K,
[2.359s]                  from [01m[K/usr/include/c++/11/bits/locale_classes.h:40[m[K,
[2.359s]                  from [01m[K/usr/include/c++/11/bits/ios_base.h:41[m[K,
[2.359s]                  from [01m[K/usr/include/c++/11/ios:42[m[K,
[2.359s]                  from [01m[K/usr/include/c++/11/ostream:38[m[K,
[2.359s]                  from [01m[K/usr/include/c++/11/iostream:39[m[K,
[2.359s]                  from [01m[K/home/megsindelar/Final_Project/ros_ws/src/img_transform/src/video_frequency.cpp:1[m[K:
[2.360s] [01m[K/usr/include/c++/11/string_view:535:5:[m[K [01;36m[Knote: [m[Kcandidate: â€˜[01m[Ktemplate<class _CharT, class _Traits> constexpr bool std::operator==(std::basic_string_view<_CharT, _Traits>, std::basic_string_view<_CharT, _Traits>)[m[Kâ€™
[2.360s]   535 |     [01;36m[Koperator[m[K==(basic_string_view<_CharT, _Traits> __x,
[2.360s]       |     [01;36m[K^~~~~~~~[m[K
[2.360s] [01m[K/usr/include/c++/11/string_view:535:5:[m[K [01;36m[Knote: [m[K  template argument deduction/substitution failed:
[2.360s] [01m[K/home/megsindelar/Final_Project/ros_ws/src/img_transform/src/video_frequency.cpp:66:28:[m[K [01;36m[Knote: [m[K  â€˜[01m[Kstd::chrono::duration<long int, std::ratio<1, 1000000000> >[m[Kâ€™ is not derived from â€˜[01m[Kstd::basic_string_view<_CharT, _Traits>[m[Kâ€™
[2.360s]    66 |             if (elapsed == [01;36m[K5[m[K){
[2.360s]       |                            [01;36m[K^[m[K
[2.360s] In file included from [01m[K/usr/include/c++/11/bits/basic_string.h:48[m[K,
[2.360s]                  from [01m[K/usr/include/c++/11/string:55[m[K,
[2.360s]                  from [01m[K/usr/include/c++/11/bits/locale_classes.h:40[m[K,
[2.360s]                  from [01m[K/usr/include/c++/11/bits/ios_base.h:41[m[K,
[2.361s]                  from [01m[K/usr/include/c++/11/ios:42[m[K,
[2.361s]                  from [01m[K/usr/include/c++/11/ostream:38[m[K,
[2.361s]                  from [01m[K/usr/include/c++/11/iostream:39[m[K,
[2.361s]                  from [01m[K/home/megsindelar/Final_Project/ros_ws/src/img_transform/src/video_frequency.cpp:1[m[K:
[2.361s] [01m[K/usr/include/c++/11/string_view:541:5:[m[K [01;36m[Knote: [m[Kcandidate: â€˜[01m[Ktemplate<class _CharT, class _Traits> constexpr bool std::operator==(std::basic_string_view<_CharT, _Traits>, std::__type_identity_t<std::basic_string_view<_CharT, _Traits> >)[m[Kâ€™
[2.361s]   541 |     [01;36m[Koperator[m[K==(basic_string_view<_CharT, _Traits> __x,
[2.361s]       |     [01;36m[K^~~~~~~~[m[K
[2.361s] [01m[K/usr/include/c++/11/string_view:541:5:[m[K [01;36m[Knote: [m[K  template argument deduction/substitution failed:
[2.361s] [01m[K/home/megsindelar/Final_Project/ros_ws/src/img_transform/src/video_frequency.cpp:66:28:[m[K [01;36m[Knote: [m[K  â€˜[01m[Kstd::chrono::duration<long int, std::ratio<1, 1000000000> >[m[Kâ€™ is not derived from â€˜[01m[Kstd::basic_string_view<_CharT, _Traits>[m[Kâ€™
[2.361s]    66 |             if (elapsed == [01;36m[K5[m[K){
[2.361s]       |                            [01;36m[K^[m[K
[2.361s] In file included from [01m[K/usr/include/c++/11/bits/basic_string.h:48[m[K,
[2.361s]                  from [01m[K/usr/include/c++/11/string:55[m[K,
[2.361s]                  from [01m[K/usr/include/c++/11/bits/locale_classes.h:40[m[K,
[2.361s]                  from [01m[K/usr/include/c++/11/bits/ios_base.h:41[m[K,
[2.361s]                  from [01m[K/usr/include/c++/11/ios:42[m[K,
[2.361s]                  from [01m[K/usr/include/c++/11/ostream:38[m[K,
[2.361s]                  from [01m[K/usr/include/c++/11/iostream:39[m[K,
[2.361s]                  from [01m[K/home/megsindelar/Final_Project/ros_ws/src/img_transform/src/video_frequency.cpp:1[m[K:
[2.361s] [01m[K/usr/include/c++/11/string_view:564:5:[m[K [01;36m[Knote: [m[Kcandidate: â€˜[01m[Ktemplate<class _CharT, class _Traits> constexpr bool std::operator==(std::__type_identity_t<std::basic_string_view<_CharT, _Traits> >, std::basic_string_view<_CharT, _Traits>)[m[Kâ€™
[2.361s]   564 |     [01;36m[Koperator[m[K==(__type_identity_t<basic_string_view<_CharT, _Traits>> __x,
[2.361s]       |     [01;36m[K^~~~~~~~[m[K
[2.362s] [01m[K/usr/include/c++/11/string_view:564:5:[m[K [01;36m[Knote: [m[K  template argument deduction/substitution failed:
[2.362s] [01m[K/home/megsindelar/Final_Project/ros_ws/src/img_transform/src/video_frequency.cpp:66:28:[m[K [01;36m[Knote: [m[K  mismatched types â€˜[01m[Kstd::basic_string_view<_CharT, _Traits>[m[Kâ€™ and â€˜[01m[Kint[m[Kâ€™
[2.362s]    66 |             if (elapsed == [01;36m[K5[m[K){
[2.362s]       |                            [01;36m[K^[m[K
[2.362s] In file included from [01m[K/usr/include/c++/11/string:55[m[K,
[2.362s]                  from [01m[K/usr/include/c++/11/bits/locale_classes.h:40[m[K,
[2.362s]                  from [01m[K/usr/include/c++/11/bits/ios_base.h:41[m[K,
[2.362s]                  from [01m[K/usr/include/c++/11/ios:42[m[K,
[2.362s]                  from [01m[K/usr/include/c++/11/ostream:38[m[K,
[2.362s]                  from [01m[K/usr/include/c++/11/iostream:39[m[K,
[2.362s]                  from [01m[K/home/megsindelar/Final_Project/ros_ws/src/img_transform/src/video_frequency.cpp:1[m[K:
[2.362s] [01m[K/usr/include/c++/11/bits/basic_string.h:6226:5:[m[K [01;36m[Knote: [m[Kcandidate: â€˜[01m[Ktemplate<class _CharT, class _Traits, class _Alloc> bool std::operator==(const std::__cxx11::basic_string<_CharT, _Traits, _Allocator>&, const std::__cxx11::basic_string<_CharT, _Traits, _Allocator>&)[m[Kâ€™
[2.362s]  6226 |     [01;36m[Koperator[m[K==(const basic_string<_CharT, _Traits, _Alloc>& __lhs,
[2.362s]       |     [01;36m[K^~~~~~~~[m[K
[2.362s] [01m[K/usr/include/c++/11/bits/basic_string.h:6226:5:[m[K [01;36m[Knote: [m[K  template argument deduction/substitution failed:
[2.362s] [01m[K/home/megsindelar/Final_Project/ros_ws/src/img_transform/src/video_frequency.cpp:66:28:[m[K [01;36m[Knote: [m[K  â€˜[01m[Kstd::chrono::duration<long int, std::ratio<1, 1000000000> >[m[Kâ€™ is not derived from â€˜[01m[Kconst std::__cxx11::basic_string<_CharT, _Traits, _Allocator>[m[Kâ€™
[2.362s]    66 |             if (elapsed == [01;36m[K5[m[K){
[2.362s]       |                            [01;36m[K^[m[K
[2.362s] In file included from [01m[K/usr/include/c++/11/string:55[m[K,
[2.362s]                  from [01m[K/usr/include/c++/11/bits/locale_classes.h:40[m[K,
[2.362s]                  from [01m[K/usr/include/c++/11/bits/ios_base.h:41[m[K,
[2.363s]                  from [01m[K/usr/include/c++/11/ios:42[m[K,
[2.363s]                  from [01m[K/usr/include/c++/11/ostream:38[m[K,
[2.363s]                  from [01m[K/usr/include/c++/11/iostream:39[m[K,
[2.363s]                  from [01m[K/home/megsindelar/Final_Project/ros_ws/src/img_transform/src/video_frequency.cpp:1[m[K:
[2.363s] [01m[K/usr/include/c++/11/bits/basic_string.h:6234:5:[m[K [01;36m[Knote: [m[Kcandidate: â€˜[01m[Ktemplate<class _CharT> typename __gnu_cxx::__enable_if<std::__is_char<_Tp>::__value, bool>::__type std::operator==(const std::__cxx11::basic_string<_CharT>&, const std::__cxx11::basic_string<_CharT>&)[m[Kâ€™
[2.363s]  6234 |     [01;36m[Koperator[m[K==(const basic_string<_CharT>& __lhs,
[2.363s]       |     [01;36m[K^~~~~~~~[m[K
[2.363s] [01m[K/usr/include/c++/11/bits/basic_string.h:6234:5:[m[K [01;36m[Knote: [m[K  template argument deduction/substitution failed:
[2.363s] [01m[K/home/megsindelar/Final_Project/ros_ws/src/img_transform/src/video_frequency.cpp:66:28:[m[K [01;36m[Knote: [m[K  â€˜[01m[Kstd::chrono::duration<long int, std::ratio<1, 1000000000> >[m[Kâ€™ is not derived from â€˜[01m[Kconst std::__cxx11::basic_string<_CharT>[m[Kâ€™
[2.363s]    66 |             if (elapsed == [01;36m[K5[m[K){
[2.363s]       |                            [01;36m[K^[m[K
[2.363s] In file included from [01m[K/usr/include/c++/11/string:55[m[K,
[2.363s]                  from [01m[K/usr/include/c++/11/bits/locale_classes.h:40[m[K,
[2.363s]                  from [01m[K/usr/include/c++/11/bits/ios_base.h:41[m[K,
[2.363s]                  from [01m[K/usr/include/c++/11/ios:42[m[K,
[2.363s]                  from [01m[K/usr/include/c++/11/ostream:38[m[K,
[2.363s]                  from [01m[K/usr/include/c++/11/iostream:39[m[K,
[2.363s]                  from [01m[K/home/megsindelar/Final_Project/ros_ws/src/img_transform/src/video_frequency.cpp:1[m[K:
[2.363s] [01m[K/usr/include/c++/11/bits/basic_string.h:6248:5:[m[K [01;36m[Knote: [m[Kcandidate: â€˜[01m[Ktemplate<class _CharT, class _Traits, class _Alloc> bool std::operator==(const std::__cxx11::basic_string<_CharT, _Traits, _Allocator>&, const _CharT*)[m[Kâ€™
[2.363s]  6248 |     [01;36m[Koperator[m[K==(const basic_string<_CharT, _Traits, _Alloc>& __lhs,
[2.363s]       |     [01;36m[K^~~~~~~~[m[K
[2.363s] [01m[K/usr/include/c++/11/bits/basic_string.h:6248:5:[m[K [01;36m[Knote: [m[K  template argument deduction/substitution failed:
[2.363s] [01m[K/home/megsindelar/Final_Project/ros_ws/src/img_transform/src/video_frequency.cpp:66:28:[m[K [01;36m[Knote: [m[K  â€˜[01m[Kstd::chrono::duration<long int, std::ratio<1, 1000000000> >[m[Kâ€™ is not derived from â€˜[01m[Kconst std::__cxx11::basic_string<_CharT, _Traits, _Allocator>[m[Kâ€™
[2.363s]    66 |             if (elapsed == [01;36m[K5[m[K){
[2.363s]       |                            [01;36m[K^[m[K
[2.364s] In file included from [01m[K/usr/include/c++/11/string:55[m[K,
[2.364s]                  from [01m[K/usr/include/c++/11/bits/locale_classes.h:40[m[K,
[2.364s]                  from [01m[K/usr/include/c++/11/bits/ios_base.h:41[m[K,
[2.364s]                  from [01m[K/usr/include/c++/11/ios:42[m[K,
[2.364s]                  from [01m[K/usr/include/c++/11/ostream:38[m[K,
[2.364s]                  from [01m[K/usr/include/c++/11/iostream:39[m[K,
[2.364s]                  from [01m[K/home/megsindelar/Final_Project/ros_ws/src/img_transform/src/video_frequency.cpp:1[m[K:
[2.364s] [01m[K/usr/include/c++/11/bits/basic_string.h:6289:5:[m[K [01;36m[Knote: [m[Kcandidate: â€˜[01m[Ktemplate<class _CharT, class _Traits, class _Alloc> bool std::operator==(const _CharT*, const std::__cxx11::basic_string<_CharT, _Traits, _Allocator>&)[m[Kâ€™
[2.364s]  6289 |     [01;36m[Koperator[m[K==(const _CharT* __lhs,
[2.364s]       |     [01;36m[K^~~~~~~~[m[K
[2.364s] [01m[K/usr/include/c++/11/bits/basic_string.h:6289:5:[m[K [01;36m[Knote: [m[K  template argument deduction/substitution failed:
[2.364s] [01m[K/home/megsindelar/Final_Project/ros_ws/src/img_transform/src/video_frequency.cpp:66:28:[m[K [01;36m[Knote: [m[K  mismatched types â€˜[01m[Kconst _CharT*[m[Kâ€™ and â€˜[01m[Kstd::chrono::duration<long int, std::ratio<1, 1000000000> >[m[Kâ€™
[2.364s]    66 |             if (elapsed == [01;36m[K5[m[K){
[2.364s]       |                            [01;36m[K^[m[K
[2.364s] In file included from [01m[K/usr/include/c++/11/bits/locale_facets.h:48[m[K,
[2.364s]                  from [01m[K/usr/include/c++/11/bits/basic_ios.h:37[m[K,
[2.364s]                  from [01m[K/usr/include/c++/11/ios:44[m[K,
[2.364s]                  from [01m[K/usr/include/c++/11/ostream:38[m[K,
[2.364s]                  from [01m[K/usr/include/c++/11/iostream:39[m[K,
[2.364s]                  from [01m[K/home/megsindelar/Final_Project/ros_ws/src/img_transform/src/video_frequency.cpp:1[m[K:
[2.364s] [01m[K/usr/include/c++/11/bits/streambuf_iterator.h:226:5:[m[K [01;36m[Knote: [m[Kcandidate: â€˜[01m[Ktemplate<class _CharT, class _Traits> bool std::operator==(const std::istreambuf_iterator<_CharT, _Traits>&, const std::istreambuf_iterator<_CharT, _Traits>&)[m[Kâ€™
[2.364s]   226 |     [01;36m[Koperator[m[K==(const istreambuf_iterator<_CharT, _Traits>& __a,
[2.364s]       |     [01;36m[K^~~~~~~~[m[K
[2.364s] [01m[K/usr/include/c++/11/bits/streambuf_iterator.h:226:5:[m[K [01;36m[Knote: [m[K  template argument deduction/substitution failed:
[2.364s] [01m[K/home/megsindelar/Final_Project/ros_ws/src/img_transform/src/video_frequency.cpp:66:28:[m[K [01;36m[Knote: [m[K  â€˜[01m[Kstd::chrono::duration<long int, std::ratio<1, 1000000000> >[m[Kâ€™ is not derived from â€˜[01m[Kconst std::istreambuf_iterator<_CharT, _Traits>[m[Kâ€™
[2.364s]    66 |             if (elapsed == [01;36m[K5[m[K){
[2.364s]       |                            [01;36m[K^[m[K
[2.364s] In file included from [01m[K/usr/include/c++/11/tuple:39[m[K,
[2.364s]                  from [01m[K/usr/include/c++/11/bits/unique_ptr.h:37[m[K,
[2.364s]                  from [01m[K/usr/include/c++/11/memory:76[m[K,
[2.365s]                  from [01m[K/opt/ros/humble/include/rclcpp/rclcpp/rclcpp.hpp:153[m[K,
[2.365s]                  from [01m[K/home/megsindelar/Final_Project/ros_ws/src/img_transform/src/video_frequency.cpp:2[m[K:
[2.365s] [01m[K/usr/include/c++/11/array:276:5:[m[K [01;36m[Knote: [m[Kcandidate: â€˜[01m[Ktemplate<class _Tp, long unsigned int _Nm> bool std::operator==(const std::array<_Tp, _Nm>&, const std::array<_Tp, _Nm>&)[m[Kâ€™
[2.365s]   276 |     [01;36m[Koperator[m[K==(const array<_Tp, _Nm>& __one, const array<_Tp, _Nm>& __two)
[2.365s]       |     [01;36m[K^~~~~~~~[m[K
[2.365s] [01m[K/usr/include/c++/11/array:276:5:[m[K [01;36m[Knote: [m[K  template argument deduction/substitution failed:
[2.365s] [01m[K/home/megsindelar/Final_Project/ros_ws/src/img_transform/src/video_frequency.cpp:66:28:[m[K [01;36m[Knote: [m[K  â€˜[01m[Kstd::chrono::duration<long int, std::ratio<1, 1000000000> >[m[Kâ€™ is not derived from â€˜[01m[Kconst std::array<_Tp, _Nm>[m[Kâ€™
[2.365s]    66 |             if (elapsed == [01;36m[K5[m[K){
[2.365s]       |                            [01;36m[K^[m[K
[2.365s] In file included from [01m[K/usr/include/c++/11/bits/unique_ptr.h:37[m[K,
[2.365s]                  from [01m[K/usr/include/c++/11/memory:76[m[K,
[2.365s]                  from [01m[K/opt/ros/humble/include/rclcpp/rclcpp/rclcpp.hpp:153[m[K,
[2.365s]                  from [01m[K/home/megsindelar/Final_Project/ros_ws/src/img_transform/src/video_frequency.cpp:2[m[K:
[2.365s] [01m[K/usr/include/c++/11/tuple:1528:5:[m[K [01;36m[Knote: [m[Kcandidate: â€˜[01m[Ktemplate<class ... _TElements, class ... _UElements> constexpr bool std::operator==(const std::tuple<_Tps ...>&, const std::tuple<_UTypes ...>&)[m[Kâ€™
[2.365s]  1528 |     [01;36m[Koperator[m[K==(const tuple<_TElements...>& __t,
[2.365s]       |     [01;36m[K^~~~~~~~[m[K
[2.365s] [01m[K/usr/include/c++/11/tuple:1528:5:[m[K [01;36m[Knote: [m[K  template argument deduction/substitution failed:
[2.365s] [01m[K/home/megsindelar/Final_Project/ros_ws/src/img_transform/src/video_frequency.cpp:66:28:[m[K [01;36m[Knote: [m[K  â€˜[01m[Kstd::chrono::duration<long int, std::ratio<1, 1000000000> >[m[Kâ€™ is not derived from â€˜[01m[Kconst std::tuple<_Tps ...>[m[Kâ€™
[2.365s]    66 |             if (elapsed == [01;36m[K5[m[K){
[2.365s]       |                            [01;36m[K^[m[K
[2.365s] In file included from [01m[K/usr/include/c++/11/memory:76[m[K,
[2.365s]                  from [01m[K/opt/ros/humble/include/rclcpp/rclcpp/rclcpp.hpp:153[m[K,
[2.365s]                  from [01m[K/home/megsindelar/Final_Project/ros_ws/src/img_transform/src/video_frequency.cpp:2[m[K:
[2.365s] [01m[K/usr/include/c++/11/bits/unique_ptr.h:753:5:[m[K [01;36m[Knote: [m[Kcandidate: â€˜[01m[Ktemplate<class _Tp, class _Dp, class _Up, class _Ep> bool std::operator==(const std::unique_ptr<_Tp, _Dp>&, const std::unique_ptr<_Up, _Ep>&)[m[Kâ€™
[2.365s]   753 |     [01;36m[Koperator[m[K==(const unique_ptr<_Tp, _Dp>& __x,
[2.365s]       |     [01;36m[K^~~~~~~~[m[K
[2.365s] [01m[K/usr/include/c++/11/bits/unique_ptr.h:753:5:[m[K [01;36m[Knote: [m[K  template argument deduction/substitution failed:
[2.365s] [01m[K/home/megsindelar/Final_Project/ros_ws/src/img_transform/src/video_frequency.cpp:66:28:[m[K [01;36m[Knote: [m[K  â€˜[01m[Kstd::chrono::duration<long int, std::ratio<1, 1000000000> >[m[Kâ€™ is not derived from â€˜[01m[Kconst std::unique_ptr<_Tp, _Dp>[m[Kâ€™
[2.365s]    66 |             if (elapsed == [01;36m[K5[m[K){
[2.365s]       |                            [01;36m[K^[m[K
[2.366s] In file included from [01m[K/usr/include/c++/11/memory:76[m[K,
[2.366s]                  from [01m[K/opt/ros/humble/include/rclcpp/rclcpp/rclcpp.hpp:153[m[K,
[2.366s]                  from [01m[K/home/megsindelar/Final_Project/ros_ws/src/img_transform/src/video_frequency.cpp:2[m[K:
[2.366s] [01m[K/usr/include/c++/11/bits/unique_ptr.h:760:5:[m[K [01;36m[Knote: [m[Kcandidate: â€˜[01m[Ktemplate<class _Tp, class _Dp> bool std::operator==(const std::unique_ptr<_Tp, _Dp>&, std::nullptr_t)[m[Kâ€™
[2.366s]   760 |     [01;36m[Koperator[m[K==(const unique_ptr<_Tp, _Dp>& __x, nullptr_t) noexcept
[2.366s]       |     [01;36m[K^~~~~~~~[m[K
[2.366s] [01m[K/usr/include/c++/11/bits/unique_ptr.h:760:5:[m[K [01;36m[Knote: [m[K  template argument deduction/substitution failed:
[2.366s] [01m[K/home/megsindelar/Final_Project/ros_ws/src/img_transform/src/video_frequency.cpp:66:28:[m[K [01;36m[Knote: [m[K  â€˜[01m[Kstd::chrono::duration<long int, std::ratio<1, 1000000000> >[m[Kâ€™ is not derived from â€˜[01m[Kconst std::unique_ptr<_Tp, _Dp>[m[Kâ€™
[2.366s]    66 |             if (elapsed == [01;36m[K5[m[K){
[2.366s]       |                            [01;36m[K^[m[K
[2.366s] In file included from [01m[K/usr/include/c++/11/memory:76[m[K,
[2.366s]                  from [01m[K/opt/ros/humble/include/rclcpp/rclcpp/rclcpp.hpp:153[m[K,
[2.366s]                  from [01m[K/home/megsindelar/Final_Project/ros_ws/src/img_transform/src/video_frequency.cpp:2[m[K:
[2.366s] [01m[K/usr/include/c++/11/bits/unique_ptr.h:767:5:[m[K [01;36m[Knote: [m[Kcandidate: â€˜[01m[Ktemplate<class _Tp, class _Dp> bool std::operator==(std::nullptr_t, const std::unique_ptr<_Tp, _Dp>&)[m[Kâ€™
[2.366s]   767 |     [01;36m[Koperator[m[K==(nullptr_t, const unique_ptr<_Tp, _Dp>& __x) noexcept
[2.366s]       |     [01;36m[K^~~~~~~~[m[K
[2.366s] [01m[K/usr/include/c++/11/bits/unique_ptr.h:767:5:[m[K [01;36m[Knote: [m[K  template argument deduction/substitution failed:
[2.366s] [01m[K/home/megsindelar/Final_Project/ros_ws/src/img_transform/src/video_frequency.cpp:66:28:[m[K [01;36m[Knote: [m[K  mismatched types â€˜[01m[Kconst std::unique_ptr<_Tp, _Dp>[m[Kâ€™ and â€˜[01m[Kint[m[Kâ€™
[2.366s]    66 |             if (elapsed == [01;36m[K5[m[K){
[2.366s]       |                            [01;36m[K^[m[K
[2.366s] In file included from [01m[K/usr/include/c++/11/bits/shared_ptr.h:53[m[K,
[2.366s]                  from [01m[K/usr/include/c++/11/memory:77[m[K,
[2.366s]                  from [01m[K/opt/ros/humble/include/rclcpp/rclcpp/rclcpp.hpp:153[m[K,
[2.366s]                  from [01m[K/home/megsindelar/Final_Project/ros_ws/src/img_transform/src/video_frequency.cpp:2[m[K:
[2.366s] [01m[K/usr/include/c++/11/bits/shared_ptr_base.h:1410:5:[m[K [01;36m[Knote: [m[Kcandidate: â€˜[01m[Ktemplate<class _Tp1, class _Tp2, __gnu_cxx::_Lock_policy _Lp> bool std::operator==(const std::__shared_ptr<_Tp1, _Lp>&, const std::__shared_ptr<_Tp2, _Lp>&)[m[Kâ€™
[2.366s]  1410 |     [01;36m[Koperator[m[K==(const __shared_ptr<_Tp1, _Lp>& __a,
[2.366s]       |     [01;36m[K^~~~~~~~[m[K
[2.366s] [01m[K/usr/include/c++/11/bits/shared_ptr_base.h:1410:5:[m[K [01;36m[Knote: [m[K  template argument deduction/substitution failed:
[2.366s] [01m[K/home/megsindelar/Final_Project/ros_ws/src/img_transform/src/video_frequency.cpp:66:28:[m[K [01;36m[Knote: [m[K  â€˜[01m[Kstd::chrono::duration<long int, std::ratio<1, 1000000000> >[m[Kâ€™ is not derived from â€˜[01m[Kconst std::__shared_ptr<_Tp1, _Lp>[m[Kâ€™
[2.366s]    66 |             if (elapsed == [01;36m[K5[m[K){
[2.367s]       |                            [01;36m[K^[m[K
[2.367s] In file included from [01m[K/usr/include/c++/11/bits/shared_ptr.h:53[m[K,
[2.367s]                  from [01m[K/usr/include/c++/11/memory:77[m[K,
[2.367s]                  from [01m[K/opt/ros/humble/include/rclcpp/rclcpp/rclcpp.hpp:153[m[K,
[2.367s]                  from [01m[K/home/megsindelar/Final_Project/ros_ws/src/img_transform/src/video_frequency.cpp:2[m[K:
[2.367s] [01m[K/usr/include/c++/11/bits/shared_ptr_base.h:1416:5:[m[K [01;36m[Knote: [m[Kcandidate: â€˜[01m[Ktemplate<class _Tp, __gnu_cxx::_Lock_policy _Lp> bool std::operator==(const std::__shared_ptr<_Tp, _Lp>&, std::nullptr_t)[m[Kâ€™
[2.367s]  1416 |     [01;36m[Koperator[m[K==(const __shared_ptr<_Tp, _Lp>& __a, nullptr_t) noexcept
[2.367s]       |     [01;36m[K^~~~~~~~[m[K
[2.367s] [01m[K/usr/include/c++/11/bits/shared_ptr_base.h:1416:5:[m[K [01;36m[Knote: [m[K  template argument deduction/substitution failed:
[2.367s] [01m[K/home/megsindelar/Final_Project/ros_ws/src/img_transform/src/video_frequency.cpp:66:28:[m[K [01;36m[Knote: [m[K  â€˜[01m[Kstd::chrono::duration<long int, std::ratio<1, 1000000000> >[m[Kâ€™ is not derived from â€˜[01m[Kconst std::__shared_ptr<_Tp, _Lp>[m[Kâ€™
[2.367s]    66 |             if (elapsed == [01;36m[K5[m[K){
[2.367s]       |                            [01;36m[K^[m[K
[2.367s] In file included from [01m[K/usr/include/c++/11/bits/shared_ptr.h:53[m[K,
[2.367s]                  from [01m[K/usr/include/c++/11/memory:77[m[K,
[2.367s]                  from [01m[K/opt/ros/humble/include/rclcpp/rclcpp/rclcpp.hpp:153[m[K,
[2.367s]                  from [01m[K/home/megsindelar/Final_Project/ros_ws/src/img_transform/src/video_frequency.cpp:2[m[K:
[2.367s] [01m[K/usr/include/c++/11/bits/shared_ptr_base.h:1436:5:[m[K [01;36m[Knote: [m[Kcandidate: â€˜[01m[Ktemplate<class _Tp, __gnu_cxx::_Lock_policy _Lp> bool std::operator==(std::nullptr_t, const std::__shared_ptr<_Tp, _Lp>&)[m[Kâ€™
[2.367s]  1436 |     [01;36m[Koperator[m[K==(nullptr_t, const __shared_ptr<_Tp, _Lp>& __a) noexcept
[2.367s]       |     [01;36m[K^~~~~~~~[m[K
[2.367s] [01m[K/usr/include/c++/11/bits/shared_ptr_base.h:1436:5:[m[K [01;36m[Knote: [m[K  template argument deduction/substitution failed:
[2.367s] [01m[K/home/megsindelar/Final_Project/ros_ws/src/img_transform/src/video_frequency.cpp:66:28:[m[K [01;36m[Knote: [m[K  mismatched types â€˜[01m[Kconst std::__shared_ptr<_Tp, _Lp>[m[Kâ€™ and â€˜[01m[Kint[m[Kâ€™
[2.367s]    66 |             if (elapsed == [01;36m[K5[m[K){
[2.367s]       |                            [01;36m[K^[m[K
[2.367s] In file included from [01m[K/usr/include/c++/11/memory:77[m[K,
[2.367s]                  from [01m[K/opt/ros/humble/include/rclcpp/rclcpp/rclcpp.hpp:153[m[K,
[2.367s]                  from [01m[K/home/megsindelar/Final_Project/ros_ws/src/img_transform/src/video_frequency.cpp:2[m[K:
[2.367s] [01m[K/usr/include/c++/11/bits/shared_ptr.h:437:5:[m[K [01;36m[Knote: [m[Kcandidate: â€˜[01m[Ktemplate<class _Tp, class _Up> bool std::operator==(const std::shared_ptr<_Tp>&, const std::shared_ptr<_Tp>&)[m[Kâ€™
[2.367s]   437 |     [01;36m[Koperator[m[K==(const shared_ptr<_Tp>& __a, const shared_ptr<_Up>& __b) noexcept
[2.367s]       |     [01;36m[K^~~~~~~~[m[K
[2.367s] [01m[K/usr/include/c++/11/bits/shared_ptr.h:437:5:[m[K [01;36m[Knote: [m[K  template argument deduction/substitution failed:
[2.368s] [01m[K/home/megsindelar/Final_Project/ros_ws/src/img_transform/src/video_frequency.cpp:66:28:[m[K [01;36m[Knote: [m[K  â€˜[01m[Kstd::chrono::duration<long int, std::ratio<1, 1000000000> >[m[Kâ€™ is not derived from â€˜[01m[Kconst std::shared_ptr<_Tp>[m[Kâ€™
[2.368s]    66 |             if (elapsed == [01;36m[K5[m[K){
[2.368s]       |                            [01;36m[K^[m[K
[2.368s] In file included from [01m[K/usr/include/c++/11/memory:77[m[K,
[2.368s]                  from [01m[K/opt/ros/humble/include/rclcpp/rclcpp/rclcpp.hpp:153[m[K,
[2.368s]                  from [01m[K/home/megsindelar/Final_Project/ros_ws/src/img_transform/src/video_frequency.cpp:2[m[K:
[2.368s] [01m[K/usr/include/c++/11/bits/shared_ptr.h:443:5:[m[K [01;36m[Knote: [m[Kcandidate: â€˜[01m[Ktemplate<class _Tp> bool std::operator==(const std::shared_ptr<_Tp>&, std::nullptr_t)[m[Kâ€™
[2.368s]   443 |     [01;36m[Koperator[m[K==(const shared_ptr<_Tp>& __a, nullptr_t) noexcept
[2.368s]       |     [01;36m[K^~~~~~~~[m[K
[2.368s] [01m[K/usr/include/c++/11/bits/shared_ptr.h:443:5:[m[K [01;36m[Knote: [m[K  template argument deduction/substitution failed:
[2.368s] [01m[K/home/megsindelar/Final_Project/ros_ws/src/img_transform/src/video_frequency.cpp:66:28:[m[K [01;36m[Knote: [m[K  â€˜[01m[Kstd::chrono::duration<long int, std::ratio<1, 1000000000> >[m[Kâ€™ is not derived from â€˜[01m[Kconst std::shared_ptr<_Tp>[m[Kâ€™
[2.368s]    66 |             if (elapsed == [01;36m[K5[m[K){
[2.368s]       |                            [01;36m[K^[m[K
[2.368s] In file included from [01m[K/usr/include/c++/11/memory:77[m[K,
[2.368s]                  from [01m[K/opt/ros/humble/include/rclcpp/rclcpp/rclcpp.hpp:153[m[K,
[2.368s]                  from [01m[K/home/megsindelar/Final_Project/ros_ws/src/img_transform/src/video_frequency.cpp:2[m[K:
[2.368s] [01m[K/usr/include/c++/11/bits/shared_ptr.h:464:5:[m[K [01;36m[Knote: [m[Kcandidate: â€˜[01m[Ktemplate<class _Tp> bool std::operator==(std::nullptr_t, const std::shared_ptr<_Tp>&)[m[Kâ€™
[2.368s]   464 |     [01;36m[Koperator[m[K==(nullptr_t, const shared_ptr<_Tp>& __a) noexcept
[2.368s]       |     [01;36m[K^~~~~~~~[m[K
[2.368s] [01m[K/usr/include/c++/11/bits/shared_ptr.h:464:5:[m[K [01;36m[Knote: [m[K  template argument deduction/substitution failed:
[2.368s] [01m[K/home/megsindelar/Final_Project/ros_ws/src/img_transform/src/video_frequency.cpp:66:28:[m[K [01;36m[Knote: [m[K  mismatched types â€˜[01m[Kconst std::shared_ptr<_Tp>[m[Kâ€™ and â€˜[01m[Kint[m[Kâ€™
[2.368s]    66 |             if (elapsed == [01;36m[K5[m[K){
[2.368s]       |                            [01;36m[K^[m[K
[2.368s] In file included from [01m[K/usr/include/c++/11/future:47[m[K,
[2.368s]                  from [01m[K/opt/ros/humble/include/rclcpp/rclcpp/executors.hpp:18[m[K,
[2.368s]                  from [01m[K/opt/ros/humble/include/rclcpp/rclcpp/rclcpp.hpp:155[m[K,
[2.368s]                  from [01m[K/home/megsindelar/Final_Project/ros_ws/src/img_transform/src/video_frequency.cpp:2[m[K:
[2.368s] [01m[K/usr/include/c++/11/bits/std_function.h:718:5:[m[K [01;36m[Knote: [m[Kcandidate: â€˜[01m[Ktemplate<class _Res, class ... _Args> bool std::operator==(const std::function<_Res(_ArgTypes ...)>&, std::nullptr_t)[m[Kâ€™
[2.368s]   718 |     [01;36m[Koperator[m[K==(const function<_Res(_Args...)>& __f, nullptr_t) noexcept
[2.368s]       |     [01;36m[K^~~~~~~~[m[K
[2.368s] [01m[K/usr/include/c++/11/bits/std_function.h:718:5:[m[K [01;36m[Knote: [m[K  template argument deduction/substitution failed:
[2.369s] [01m[K/home/megsindelar/Final_Project/ros_ws/src/img_transform/src/video_frequency.cpp:66:28:[m[K [01;36m[Knote: [m[K  â€˜[01m[Kstd::chrono::duration<long int, std::ratio<1, 1000000000> >[m[Kâ€™ is not derived from â€˜[01m[Kconst std::function<_Res(_ArgTypes ...)>[m[Kâ€™
[2.369s]    66 |             if (elapsed == [01;36m[K5[m[K){
[2.369s]       |                            [01;36m[K^[m[K
[2.369s] In file included from [01m[K/usr/include/c++/11/future:47[m[K,
[2.369s]                  from [01m[K/opt/ros/humble/include/rclcpp/rclcpp/executors.hpp:18[m[K,
[2.369s]                  from [01m[K/opt/ros/humble/include/rclcpp/rclcpp/rclcpp.hpp:155[m[K,
[2.369s]                  from [01m[K/home/megsindelar/Final_Project/ros_ws/src/img_transform/src/video_frequency.cpp:2[m[K:
[2.369s] [01m[K/usr/include/c++/11/bits/std_function.h:725:5:[m[K [01;36m[Knote: [m[Kcandidate: â€˜[01m[Ktemplate<class _Res, class ... _Args> bool std::operator==(std::nullptr_t, const std::function<_Res(_ArgTypes ...)>&)[m[Kâ€™
[2.369s]   725 |     [01;36m[Koperator[m[K==(nullptr_t, const function<_Res(_Args...)>& __f) noexcept
[2.369s]       |     [01;36m[K^~~~~~~~[m[K
[2.369s] [01m[K/usr/include/c++/11/bits/std_function.h:725:5:[m[K [01;36m[Knote: [m[K  template argument deduction/substitution failed:
[2.369s] [01m[K/home/megsindelar/Final_Project/ros_ws/src/img_transform/src/video_frequency.cpp:66:28:[m[K [01;36m[Knote: [m[K  mismatched types â€˜[01m[Kconst std::function<_Res(_ArgTypes ...)>[m[Kâ€™ and â€˜[01m[Kint[m[Kâ€™
[2.369s]    66 |             if (elapsed == [01;36m[K5[m[K){
[2.369s]       |                            [01;36m[K^[m[K
[2.369s] In file included from [01m[K/usr/include/c++/11/set:61[m[K,
[2.369s]                  from [01m[K/opt/ros/humble/include/rclcpp/rclcpp/executors/multi_threaded_executor.hpp:21[m[K,
[2.369s]                  from [01m[K/opt/ros/humble/include/rclcpp/rclcpp/executors.hpp:21[m[K,
[2.369s]                  from [01m[K/opt/ros/humble/include/rclcpp/rclcpp/rclcpp.hpp:155[m[K,
[2.369s]                  from [01m[K/home/megsindelar/Final_Project/ros_ws/src/img_transform/src/video_frequency.cpp:2[m[K:
[2.369s] [01m[K/usr/include/c++/11/bits/stl_set.h:985:5:[m[K [01;36m[Knote: [m[Kcandidate: â€˜[01m[Ktemplate<class _Key, class _Compare, class _Alloc> bool std::operator==(const std::set<_Key, _Compare, _Allocator>&, const std::set<_Key, _Compare, _Allocator>&)[m[Kâ€™
[2.369s]   985 |     [01;36m[Koperator[m[K==(const set<_Key, _Compare, _Alloc>& __x,
[2.369s]       |     [01;36m[K^~~~~~~~[m[K
[2.369s] [01m[K/usr/include/c++/11/bits/stl_set.h:985:5:[m[K [01;36m[Knote: [m[K  template argument deduction/substitution failed:
[2.369s] [01m[K/home/megsindelar/Final_Project/ros_ws/src/img_transform/src/video_frequency.cpp:66:28:[m[K [01;36m[Knote: [m[K  â€˜[01m[Kstd::chrono::duration<long int, std::ratio<1, 1000000000> >[m[Kâ€™ is not derived from â€˜[01m[Kconst std::set<_Key, _Compare, _Allocator>[m[Kâ€™
[2.369s]    66 |             if (elapsed == [01;36m[K5[m[K){
[2.369s]       |                            [01;36m[K^[m[K
[2.369s] In file included from [01m[K/usr/include/c++/11/set:62[m[K,
[2.369s]                  from [01m[K/opt/ros/humble/include/rclcpp/rclcpp/executors/multi_threaded_executor.hpp:21[m[K,
[2.369s]                  from [01m[K/opt/ros/humble/include/rclcpp/rclcpp/executors.hpp:21[m[K,
[2.370s]                  from [01m[K/opt/ros/humble/include/rclcpp/rclcpp/rclcpp.hpp:155[m[K,
[2.370s]                  from [01m[K/home/megsindelar/Final_Project/ros_ws/src/img_transform/src/video_frequency.cpp:2[m[K:
[2.370s] [01m[K/usr/include/c++/11/bits/stl_multiset.h:971:5:[m[K [01;36m[Knote: [m[Kcandidate: â€˜[01m[Ktemplate<class _Key, class _Compare, class _Alloc> bool std::operator==(const std::multiset<_Key, _Compare, _Allocator>&, const std::multiset<_Key, _Compare, _Allocator>&)[m[Kâ€™
[2.370s]   971 |     [01;36m[Koperator[m[K==(const multiset<_Key, _Compare, _Alloc>& __x,
[2.370s]       |     [01;36m[K^~~~~~~~[m[K
[2.370s] [01m[K/usr/include/c++/11/bits/stl_multiset.h:971:5:[m[K [01;36m[Knote: [m[K  template argument deduction/substitution failed:
[2.370s] [01m[K/home/megsindelar/Final_Project/ros_ws/src/img_transform/src/video_frequency.cpp:66:28:[m[K [01;36m[Knote: [m[K  â€˜[01m[Kstd::chrono::duration<long int, std::ratio<1, 1000000000> >[m[Kâ€™ is not derived from â€˜[01m[Kconst std::multiset<_Key, _Compare, _Allocator>[m[Kâ€™
[2.370s]    66 |             if (elapsed == [01;36m[K5[m[K){
[2.370s]       |                            [01;36m[K^[m[K
[2.370s] In file included from [01m[K/usr/include/c++/11/unordered_map:47[m[K,
[2.370s]                  from [01m[K/opt/ros/humble/include/rclcpp/rclcpp/executors/multi_threaded_executor.hpp:23[m[K,
[2.370s]                  from [01m[K/opt/ros/humble/include/rclcpp/rclcpp/executors.hpp:21[m[K,
[2.370s]                  from [01m[K/opt/ros/humble/include/rclcpp/rclcpp/rclcpp.hpp:155[m[K,
[2.370s]                  from [01m[K/home/megsindelar/Final_Project/ros_ws/src/img_transform/src/video_frequency.cpp:2[m[K:
[2.370s] [01m[K/usr/include/c++/11/bits/unordered_map.h:2134:5:[m[K [01;36m[Knote: [m[Kcandidate: â€˜[01m[Ktemplate<class _Key1, class _Tp1, class _Hash1, class _Pred1, class _Alloc1> bool std::operator==(const std::unordered_map<_Key1, _Tp1, _Hash1, _Pred1, _Alloc1>&, const std::unordered_map<_Key1, _Tp1, _Hash1, _Pred1, _Alloc1>&)[m[Kâ€™
[2.370s]  2134 |     [01;36m[Koperator[m[K==(const unordered_map<_Key, _Tp, _Hash, _Pred, _Alloc>& __x,
[2.370s]       |     [01;36m[K^~~~~~~~[m[K
[2.370s] [01m[K/usr/include/c++/11/bits/unordered_map.h:2134:5:[m[K [01;36m[Knote: [m[K  template argument deduction/substitution failed:
[2.370s] [01m[K/home/megsindelar/Final_Project/ros_ws/src/img_transform/src/video_frequency.cpp:66:28:[m[K [01;36m[Knote: [m[K  â€˜[01m[Kstd::chrono::duration<long int, std::ratio<1, 1000000000> >[m[Kâ€™ is not derived from â€˜[01m[Kconst std::unordered_map<_Key1, _Tp1, _Hash1, _Pred1, _Alloc1>[m[Kâ€™
[2.370s]    66 |             if (elapsed == [01;36m[K5[m[K){
[2.370s]       |                            [01;36m[K^[m[K
[2.370s] In file included from [01m[K/usr/include/c++/11/unordered_map:47[m[K,
[2.370s]                  from [01m[K/opt/ros/humble/include/rclcpp/rclcpp/executors/multi_threaded_executor.hpp:23[m[K,
[2.370s]                  from [01m[K/opt/ros/humble/include/rclcpp/rclcpp/executors.hpp:21[m[K,
[2.370s]                  from [01m[K/opt/ros/humble/include/rclcpp/rclcpp/rclcpp.hpp:155[m[K,
[2.370s]                  from [01m[K/home/megsindelar/Final_Project/ros_ws/src/img_transform/src/video_frequency.cpp:2[m[K:
[2.370s] [01m[K/usr/include/c++/11/bits/unordered_map.h:2148:5:[m[K [01;36m[Knote: [m[Kcandidate: â€˜[01m[Ktemplate<class _Key1, class _Tp1, class _Hash1, class _Pred1, class _Alloc1> bool std::operator==(const std::unordered_multimap<_Key1, _Tp1, _Hash1, _Pred1, _Alloc1>&, const std::unordered_multimap<_Key1, _Tp1, _Hash1, _Pred1, _Alloc1>&)[m[Kâ€™
[2.370s]  2148 |     [01;36m[Koperator[m[K==(const unordered_multimap<_Key, _Tp, _Hash, _Pred, _Alloc>& __x,
[2.370s]       |     [01;36m[K^~~~~~~~[m[K
[2.370s] [01m[K/usr/include/c++/11/bits/unordered_map.h:2148:5:[m[K [01;36m[Knote: [m[K  template argument deduction/substitution failed:
[2.370s] [01m[K/home/megsindelar/Final_Project/ros_ws/src/img_transform/src/video_frequency.cpp:66:28:[m[K [01;36m[Knote: [m[K  â€˜[01m[Kstd::chrono::duration<long int, std::ratio<1, 1000000000> >[m[Kâ€™ is not derived from â€˜[01m[Kconst std::unordered_multimap<_Key1, _Tp1, _Hash1, _Pred1, _Alloc1>[m[Kâ€™
[2.371s]    66 |             if (elapsed == [01;36m[K5[m[K){
[2.371s]       |                            [01;36m[K^[m[K
[2.371s] In file included from [01m[K/usr/include/c++/11/vector:67[m[K,
[2.371s]                  from [01m[K/usr/include/c++/11/functional:62[m[K,
[2.371s]                  from [01m[K/usr/include/c++/11/pstl/glue_algorithm_defs.h:13[m[K,
[2.371s]                  from [01m[K/usr/include/c++/11/algorithm:74[m[K,
[2.371s]                  from [01m[K/opt/ros/humble/include/rclcpp/rclcpp/executor.hpp:18[m[K,
[2.371s]                  from [01m[K/opt/ros/humble/include/rclcpp/rclcpp/executors/multi_threaded_executor.hpp:25[m[K,
[2.371s]                  from [01m[K/opt/ros/humble/include/rclcpp/rclcpp/executors.hpp:21[m[K,
[2.371s]                  from [01m[K/opt/ros/humble/include/rclcpp/rclcpp/rclcpp.hpp:155[m[K,
[2.371s]                  from [01m[K/home/megsindelar/Final_Project/ros_ws/src/img_transform/src/video_frequency.cpp:2[m[K:
[2.371s] [01m[K/usr/include/c++/11/bits/stl_vector.h:1892:5:[m[K [01;36m[Knote: [m[Kcandidate: â€˜[01m[Ktemplate<class _Tp, class _Alloc> bool std::operator==(const std::vector<_Tp, _Alloc>&, const std::vector<_Tp, _Alloc>&)[m[Kâ€™
[2.371s]  1892 |     [01;36m[Koperator[m[K==(const vector<_Tp, _Alloc>& __x, const vector<_Tp, _Alloc>& __y)
[2.371s]       |     [01;36m[K^~~~~~~~[m[K
[2.371s] [01m[K/usr/include/c++/11/bits/stl_vector.h:1892:5:[m[K [01;36m[Knote: [m[K  template argument deduction/substitution failed:
[2.371s] [01m[K/home/megsindelar/Final_Project/ros_ws/src/img_transform/src/video_frequency.cpp:66:28:[m[K [01;36m[Knote: [m[K  â€˜[01m[Kstd::chrono::duration<long int, std::ratio<1, 1000000000> >[m[Kâ€™ is not derived from â€˜[01m[Kconst std::vector<_Tp, _Alloc>[m[Kâ€™
[2.371s]    66 |             if (elapsed == [01;36m[K5[m[K){
[2.371s]       |                            [01;36m[K^[m[K
[2.371s] In file included from [01m[K/usr/include/c++/11/list:63[m[K,
[2.371s]                  from [01m[K/opt/ros/humble/include/rclcpp/rclcpp/executor.hpp:23[m[K,
[2.371s]                  from [01m[K/opt/ros/humble/include/rclcpp/rclcpp/executors/multi_threaded_executor.hpp:25[m[K,
[2.371s]                  from [01m[K/opt/ros/humble/include/rclcpp/rclcpp/executors.hpp:21[m[K,
[2.371s]                  from [01m[K/opt/ros/humble/include/rclcpp/rclcpp/rclcpp.hpp:155[m[K,
[2.371s]                  from [01m[K/home/megsindelar/Final_Project/ros_ws/src/img_transform/src/video_frequency.cpp:2[m[K:
[2.371s] [01m[K/usr/include/c++/11/bits/stl_list.h:1995:5:[m[K [01;36m[Knote: [m[Kcandidate: â€˜[01m[Ktemplate<class _Tp, class _Alloc> bool std::operator==(const std::__cxx11::list<_Tp, _Alloc>&, const std::__cxx11::list<_Tp, _Alloc>&)[m[Kâ€™
[2.371s]  1995 |     [01;36m[Koperator[m[K==(const list<_Tp, _Alloc>& __x, const list<_Tp, _Alloc>& __y)
[2.371s]       |     [01;36m[K^~~~~~~~[m[K
[2.371s] [01m[K/usr/include/c++/11/bits/stl_list.h:1995:5:[m[K [01;36m[Knote: [m[K  template argument deduction/substitution failed:
[2.371s] [01m[K/home/megsindelar/Final_Project/ros_ws/src/img_transform/src/video_frequency.cpp:66:28:[m[K [01;36m[Knote: [m[K  â€˜[01m[Kstd::chrono::duration<long int, std::ratio<1, 1000000000> >[m[Kâ€™ is not derived from â€˜[01m[Kconst std::__cxx11::list<_Tp, _Alloc>[m[Kâ€™
[2.371s]    66 |             if (elapsed == [01;36m[K5[m[K){
[2.371s]       |                            [01;36m[K^[m[K
[2.372s] In file included from [01m[K/usr/include/c++/11/map:61[m[K,
[2.372s]                  from [01m[K/opt/ros/humble/include/rclcpp/rclcpp/executor.hpp:24[m[K,
[2.372s]                  from [01m[K/opt/ros/humble/include/rclcpp/rclcpp/executors/multi_threaded_executor.hpp:25[m[K,
[2.372s]                  from [01m[K/opt/ros/humble/include/rclcpp/rclcpp/executors.hpp:21[m[K,
[2.372s]                  from [01m[K/opt/ros/humble/include/rclcpp/rclcpp/rclcpp.hpp:155[m[K,
[2.372s]                  from [01m[K/home/megsindelar/Final_Project/ros_ws/src/img_transform/src/video_frequency.cpp:2[m[K:
[2.372s] [01m[K/usr/include/c++/11/bits/stl_map.h:1463:5:[m[K [01;36m[Knote: [m[Kcandidate: â€˜[01m[Ktemplate<class _Key, class _Tp, class _Compare, class _Alloc> bool std::operator==(const std::map<_Key, _Tp, _Compare, _Allocator>&, const std::map<_Key, _Tp, _Compare, _Allocator>&)[m[Kâ€™
[2.372s]  1463 |     [01;36m[Koperator[m[K==(const map<_Key, _Tp, _Compare, _Alloc>& __x,
[2.372s]       |     [01;36m[K^~~~~~~~[m[K
[2.372s] [01m[K/usr/include/c++/11/bits/stl_map.h:1463:5:[m[K [01;36m[Knote: [m[K  template argument deduction/substitution failed:
[2.372s] [01m[K/home/megsindelar/Final_Project/ros_ws/src/img_transform/src/video_frequency.cpp:66:28:[m[K [01;36m[Knote: [m[K  â€˜[01m[Kstd::chrono::duration<long int, std::ratio<1, 1000000000> >[m[Kâ€™ is not derived from â€˜[01m[Kconst std::map<_Key, _Tp, _Compare, _Allocator>[m[Kâ€™
[2.372s]    66 |             if (elapsed == [01;36m[K5[m[K){
[2.372s]       |                            [01;36m[K^[m[K
[2.372s] In file included from [01m[K/usr/include/c++/11/map:62[m[K,
[2.372s]                  from [01m[K/opt/ros/humble/include/rclcpp/rclcpp/executor.hpp:24[m[K,
[2.372s]                  from [01m[K/opt/ros/humble/include/rclcpp/rclcpp/executors/multi_threaded_executor.hpp:25[m[K,
[2.372s]                  from [01m[K/opt/ros/humble/include/rclcpp/rclcpp/executors.hpp:21[m[K,
[2.372s]                  from [01m[K/opt/ros/humble/include/rclcpp/rclcpp/rclcpp.hpp:155[m[K,
[2.372s]                  from [01m[K/home/megsindelar/Final_Project/ros_ws/src/img_transform/src/video_frequency.cpp:2[m[K:
[2.372s] [01m[K/usr/include/c++/11/bits/stl_multimap.h:1128:5:[m[K [01;36m[Knote: [m[Kcandidate: â€˜[01m[Ktemplate<class _Key, class _Tp, class _Compare, class _Alloc> bool std::operator==(const std::multimap<_Key, _Tp, _Compare, _Allocator>&, const std::multimap<_Key, _Tp, _Compare, _Allocator>&)[m[Kâ€™
[2.372s]  1128 |     [01;36m[Koperator[m[K==(const multimap<_Key, _Tp, _Compare, _Alloc>& __x,
[2.372s]       |     [01;36m[K^~~~~~~~[m[K
[2.372s] [01m[K/usr/include/c++/11/bits/stl_multimap.h:1128:5:[m[K [01;36m[Knote: [m[K  template argument deduction/substitution failed:
[2.372s] [01m[K/home/megsindelar/Final_Project/ros_ws/src/img_transform/src/video_frequency.cpp:66:28:[m[K [01;36m[Knote: [m[K  â€˜[01m[Kstd::chrono::duration<long int, std::ratio<1, 1000000000> >[m[Kâ€™ is not derived from â€˜[01m[Kconst std::multimap<_Key, _Tp, _Compare, _Allocator>[m[Kâ€™
[2.372s]    66 |             if (elapsed == [01;36m[K5[m[K){
[2.372s]       |                            [01;36m[K^[m[K
[2.372s] In file included from [01m[K/usr/include/c++/11/unordered_set:47[m[K,
[2.372s]                  from [01m[K/opt/ros/humble/include/rclcpp/rclcpp/context.hpp:26[m[K,
[2.372s]                  from [01m[K/opt/ros/humble/include/rclcpp/rclcpp/executor.hpp:34[m[K,
[2.372s]                  from [01m[K/opt/ros/humble/include/rclcpp/rclcpp/executors/multi_threaded_executor.hpp:25[m[K,
[2.373s]                  from [01m[K/opt/ros/humble/include/rclcpp/rclcpp/executors.hpp:21[m[K,
[2.373s]                  from [01m[K/opt/ros/humble/include/rclcpp/rclcpp/rclcpp.hpp:155[m[K,
[2.373s]                  from [01m[K/home/megsindelar/Final_Project/ros_ws/src/img_transform/src/video_frequency.cpp:2[m[K:
[2.373s] [01m[K/usr/include/c++/11/bits/unordered_set.h:1804:5:[m[K [01;36m[Knote: [m[Kcandidate: â€˜[01m[Ktemplate<class _Value1, class _Hash1, class _Pred1, class _Alloc1> bool std::operator==(const std::unordered_set<_Value1, _Hash1, _Pred1, _Alloc1>&, const std::unordered_set<_Value1, _Hash1, _Pred1, _Alloc1>&)[m[Kâ€™
[2.373s]  1804 |     [01;36m[Koperator[m[K==(const unordered_set<_Value, _Hash, _Pred, _Alloc>& __x,
[2.373s]       |     [01;36m[K^~~~~~~~[m[K
[2.373s] [01m[K/usr/include/c++/11/bits/unordered_set.h:1804:5:[m[K [01;36m[Knote: [m[K  template argument deduction/substitution failed:
[2.373s] [01m[K/home/megsindelar/Final_Project/ros_ws/src/img_transform/src/video_frequency.cpp:66:28:[m[K [01;36m[Knote: [m[K  â€˜[01m[Kstd::chrono::duration<long int, std::ratio<1, 1000000000> >[m[Kâ€™ is not derived from â€˜[01m[Kconst std::unordered_set<_Value1, _Hash1, _Pred1, _Alloc1>[m[Kâ€™
[2.373s]    66 |             if (elapsed == [01;36m[K5[m[K){
[2.373s]       |                            [01;36m[K^[m[K
[2.373s] In file included from [01m[K/usr/include/c++/11/unordered_set:47[m[K,
[2.373s]                  from [01m[K/opt/ros/humble/include/rclcpp/rclcpp/context.hpp:26[m[K,
[2.373s]                  from [01m[K/opt/ros/humble/include/rclcpp/rclcpp/executor.hpp:34[m[K,
[2.373s]                  from [01m[K/opt/ros/humble/include/rclcpp/rclcpp/executors/multi_threaded_executor.hpp:25[m[K,
[2.373s]                  from [01m[K/opt/ros/humble/include/rclcpp/rclcpp/executors.hpp:21[m[K,
[2.373s]                  from [01m[K/opt/ros/humble/include/rclcpp/rclcpp/rclcpp.hpp:155[m[K,
[2.373s]                  from [01m[K/home/megsindelar/Final_Project/ros_ws/src/img_transform/src/video_frequency.cpp:2[m[K:
[2.373s] [01m[K/usr/include/c++/11/bits/unordered_set.h:1818:5:[m[K [01;36m[Knote: [m[Kcandidate: â€˜[01m[Ktemplate<class _Value1, class _Hash1, class _Pred1, class _Alloc1> bool std::operator==(const std::unordered_multiset<_Value1, _Hash1, _Pred1, _Alloc1>&, const std::unordered_multiset<_Value1, _Hash1, _Pred1, _Alloc1>&)[m[Kâ€™
[2.373s]  1818 |     [01;36m[Koperator[m[K==(const unordered_multiset<_Value, _Hash, _Pred, _Alloc>& __x,
[2.373s]       |     [01;36m[K^~~~~~~~[m[K
[2.373s] [01m[K/usr/include/c++/11/bits/unordered_set.h:1818:5:[m[K [01;36m[Knote: [m[K  template argument deduction/substitution failed:
[2.373s] [01m[K/home/megsindelar/Final_Project/ros_ws/src/img_transform/src/video_frequency.cpp:66:28:[m[K [01;36m[Knote: [m[K  â€˜[01m[Kstd::chrono::duration<long int, std::ratio<1, 1000000000> >[m[Kâ€™ is not derived from â€˜[01m[Kconst std::unordered_multiset<_Value1, _Hash1, _Pred1, _Alloc1>[m[Kâ€™
[2.373s]    66 |             if (elapsed == [01;36m[K5[m[K){
[2.373s]       |                            [01;36m[K^[m[K
[2.373s] In file included from [01m[K/opt/ros/humble/include/rclcpp/rclcpp/client.hpp:23[m[K,
[2.373s]                  from [01m[K/opt/ros/humble/include/rclcpp/rclcpp/callback_group.hpp:24[m[K,
[2.373s]                  from [01m[K/opt/ros/humble/include/rclcpp/rclcpp/any_executable.hpp:20[m[K,
[2.373s]                  from [01m[K/opt/ros/humble/include/rclcpp/rclcpp/memory_strategy.hpp:25[m[K,
[2.373s]                  from [01m[K/opt/ros/humble/include/rclcpp/rclcpp/memory_strategies.hpp:18[m[K,
[2.373s]                  from [01m[K/opt/ros/humble/include/rclcpp/rclcpp/executor_options.hpp:20[m[K,
[2.373s]                  from [01m[K/opt/ros/humble/include/rclcpp/rclcpp/executor.hpp:37[m[K,
[2.374s]                  from [01m[K/opt/ros/humble/include/rclcpp/rclcpp/executors/multi_threaded_executor.hpp:25[m[K,
[2.374s]                  from [01m[K/opt/ros/humble/include/rclcpp/rclcpp/executors.hpp:21[m[K,
[2.374s]                  from [01m[K/opt/ros/humble/include/rclcpp/rclcpp/rclcpp.hpp:155[m[K,
[2.374s]                  from [01m[K/home/megsindelar/Final_Project/ros_ws/src/img_transform/src/video_frequency.cpp:2[m[K:
[2.374s] [01m[K/usr/include/c++/11/optional:1045:5:[m[K [01;36m[Knote: [m[Kcandidate: â€˜[01m[Ktemplate<class _Tp, class _Up> constexpr std::__optional_eq_t<_Tp, _Up> std::operator==(const std::optional<_Tp>&, const std::optional<_Up>&)[m[Kâ€™
[2.374s]  1045 |     [01;36m[Koperator[m[K==(const optional<_Tp>& __lhs, const optional<_Up>& __rhs)
[2.374s]       |     [01;36m[K^~~~~~~~[m[K
[2.374s] [01m[K/usr/include/c++/11/optional:1045:5:[m[K [01;36m[Knote: [m[K  template argument deduction/substitution failed:
[2.374s] [01m[K/home/megsindelar/Final_Project/ros_ws/src/img_transform/src/video_frequency.cpp:66:28:[m[K [01;36m[Knote: [m[K  â€˜[01m[Kstd::chrono::duration<long int, std::ratio<1, 1000000000> >[m[Kâ€™ is not derived from â€˜[01m[Kconst std::optional<_Tp>[m[Kâ€™
[2.374s]    66 |             if (elapsed == [01;36m[K5[m[K){
[2.374s]       |                            [01;36m[K^[m[K
[2.374s] In file included from [01m[K/opt/ros/humble/include/rclcpp/rclcpp/client.hpp:23[m[K,
[2.374s]                  from [01m[K/opt/ros/humble/include/rclcpp/rclcpp/callback_group.hpp:24[m[K,
[2.374s]                  from [01m[K/opt/ros/humble/include/rclcpp/rclcpp/any_executable.hpp:20[m[K,
[2.374s]                  from [01m[K/opt/ros/humble/include/rclcpp/rclcpp/memory_strategy.hpp:25[m[K,
[2.374s]                  from [01m[K/opt/ros/humble/include/rclcpp/rclcpp/memory_strategies.hpp:18[m[K,
[2.374s]                  from [01m[K/opt/ros/humble/include/rclcpp/rclcpp/executor_options.hpp:20[m[K,
[2.374s]                  from [01m[K/opt/ros/humble/include/rclcpp/rclcpp/executor.hpp:37[m[K,
[2.374s]                  from [01m[K/opt/ros/humble/include/rclcpp/rclcpp/executors/multi_threaded_executor.hpp:25[m[K,
[2.374s]                  from [01m[K/opt/ros/humble/include/rclcpp/rclcpp/executors.hpp:21[m[K,
[2.374s]                  from [01m[K/opt/ros/humble/include/rclcpp/rclcpp/rclcpp.hpp:155[m[K,
[2.374s]                  from [01m[K/home/megsindelar/Final_Project/ros_ws/src/img_transform/src/video_frequency.cpp:2[m[K:
[2.374s] [01m[K/usr/include/c++/11/optional:1105:5:[m[K [01;36m[Knote: [m[Kcandidate: â€˜[01m[Ktemplate<class _Tp> constexpr bool std::operator==(const std::optional<_Tp>&, std::nullopt_t)[m[Kâ€™
[2.374s]  1105 |     [01;36m[Koperator[m[K==(const optional<_Tp>& __lhs, nullopt_t) noexcept
[2.374s]       |     [01;36m[K^~~~~~~~[m[K
[2.374s] [01m[K/usr/include/c++/11/optional:1105:5:[m[K [01;36m[Knote: [m[K  template argument deduction/substitution failed:
[2.374s] [01m[K/home/megsindelar/Final_Project/ros_ws/src/img_transform/src/video_frequency.cpp:66:28:[m[K [01;36m[Knote: [m[K  â€˜[01m[Kstd::chrono::duration<long int, std::ratio<1, 1000000000> >[m[Kâ€™ is not derived from â€˜[01m[Kconst std::optional<_Tp>[m[Kâ€™
[2.374s]    66 |             if (elapsed == [01;36m[K5[m[K){
[2.374s]       |                            [01;36m[K^[m[K
[2.374s] In file included from [01m[K/opt/ros/humble/include/rclcpp/rclcpp/client.hpp:23[m[K,
[2.374s]                  from [01m[K/opt/ros/humble/include/rclcpp/rclcpp/callback_group.hpp:24[m[K,
[2.375s]                  from [01m[K/opt/ros/humble/include/rclcpp/rclcpp/any_executable.hpp:20[m[K,
[2.375s]                  from [01m[K/opt/ros/humble/include/rclcpp/rclcpp/memory_strategy.hpp:25[m[K,
[2.375s]                  from [01m[K/opt/ros/humble/include/rclcpp/rclcpp/memory_strategies.hpp:18[m[K,
[2.375s]                  from [01m[K/opt/ros/humble/include/rclcpp/rclcpp/executor_options.hpp:20[m[K,
[2.375s]                  from [01m[K/opt/ros/humble/include/rclcpp/rclcpp/executor.hpp:37[m[K,
[2.375s]                  from [01m[K/opt/ros/humble/include/rclcpp/rclcpp/executors/multi_threaded_executor.hpp:25[m[K,
[2.375s]                  from [01m[K/opt/ros/humble/include/rclcpp/rclcpp/executors.hpp:21[m[K,
[2.375s]                  from [01m[K/opt/ros/humble/include/rclcpp/rclcpp/rclcpp.hpp:155[m[K,
[2.375s]                  from [01m[K/home/megsindelar/Final_Project/ros_ws/src/img_transform/src/video_frequency.cpp:2[m[K:
[2.375s] [01m[K/usr/include/c++/11/optional:1116:5:[m[K [01;36m[Knote: [m[Kcandidate: â€˜[01m[Ktemplate<class _Tp> constexpr bool std::operator==(std::nullopt_t, const std::optional<_Tp>&)[m[Kâ€™
[2.375s]  1116 |     [01;36m[Koperator[m[K==(nullopt_t, const optional<_Tp>& __rhs) noexcept
[2.375s]       |     [01;36m[K^~~~~~~~[m[K
[2.375s] [01m[K/usr/include/c++/11/optional:1116:5:[m[K [01;36m[Knote: [m[K  template argument deduction/substitution failed:
[2.375s] [01m[K/home/megsindelar/Final_Project/ros_ws/src/img_transform/src/video_frequency.cpp:66:28:[m[K [01;36m[Knote: [m[K  mismatched types â€˜[01m[Kconst std::optional<_Tp>[m[Kâ€™ and â€˜[01m[Kint[m[Kâ€™
[2.375s]    66 |             if (elapsed == [01;36m[K5[m[K){
[2.375s]       |                            [01;36m[K^[m[K
[2.375s] In file included from [01m[K/opt/ros/humble/include/rclcpp/rclcpp/client.hpp:23[m[K,
[2.375s]                  from [01m[K/opt/ros/humble/include/rclcpp/rclcpp/callback_group.hpp:24[m[K,
[2.375s]                  from [01m[K/opt/ros/humble/include/rclcpp/rclcpp/any_executable.hpp:20[m[K,
[2.375s]                  from [01m[K/opt/ros/humble/include/rclcpp/rclcpp/memory_strategy.hpp:25[m[K,
[2.375s]                  from [01m[K/opt/ros/humble/include/rclcpp/rclcpp/memory_strategies.hpp:18[m[K,
[2.375s]                  from [01m[K/opt/ros/humble/include/rclcpp/rclcpp/executor_options.hpp:20[m[K,
[2.375s]                  from [01m[K/opt/ros/humble/include/rclcpp/rclcpp/executor.hpp:37[m[K,
[2.375s]                  from [01m[K/opt/ros/humble/include/rclcpp/rclcpp/executors/multi_threaded_executor.hpp:25[m[K,
[2.375s]                  from [01m[K/opt/ros/humble/include/rclcpp/rclcpp/executors.hpp:21[m[K,
[2.375s]                  from [01m[K/opt/ros/humble/include/rclcpp/rclcpp/rclcpp.hpp:155[m[K,
[2.375s]                  from [01m[K/home/megsindelar/Final_Project/ros_ws/src/img_transform/src/video_frequency.cpp:2[m[K:
[2.375s] [01m[K/usr/include/c++/11/optional:1173:5:[m[K [01;36m[Knote: [m[Kcandidate: â€˜[01m[Ktemplate<class _Tp, class _Up> constexpr std::__optional_eq_t<_Tp, _Up> std::operator==(const std::optional<_Tp>&, const _Up&)[m[Kâ€™
[2.375s]  1173 |     [01;36m[Koperator[m[K==(const optional<_Tp>& __lhs, const _Up& __rhs)
[2.375s]       |     [01;36m[K^~~~~~~~[m[K
[2.375s] [01m[K/usr/include/c++/11/optional:1173:5:[m[K [01;36m[Knote: [m[K  template argument deduction/substitution failed:
[2.376s] [01m[K/home/megsindelar/Final_Project/ros_ws/src/img_transform/src/video_frequency.cpp:66:28:[m[K [01;36m[Knote: [m[K  â€˜[01m[Kstd::chrono::duration<long int, std::ratio<1, 1000000000> >[m[Kâ€™ is not derived from â€˜[01m[Kconst std::optional<_Tp>[m[Kâ€™
[2.376s]    66 |             if (elapsed == [01;36m[K5[m[K){
[2.376s]       |                            [01;36m[K^[m[K
[2.376s] In file included from [01m[K/opt/ros/humble/include/rclcpp/rclcpp/client.hpp:23[m[K,
[2.376s]                  from [01m[K/opt/ros/humble/include/rclcpp/rclcpp/callback_group.hpp:24[m[K,
[2.376s]                  from [01m[K/opt/ros/humble/include/rclcpp/rclcpp/any_executable.hpp:20[m[K,
[2.376s]                  from [01m[K/opt/ros/humble/include/rclcpp/rclcpp/memory_strategy.hpp:25[m[K,
[2.376s]                  from [01m[K/opt/ros/humble/include/rclcpp/rclcpp/memory_strategies.hpp:18[m[K,
[2.376s]                  from [01m[K/opt/ros/humble/include/rclcpp/rclcpp/executor_options.hpp:20[m[K,
[2.376s]                  from [01m[K/opt/ros/humble/include/rclcpp/rclcpp/executor.hpp:37[m[K,
[2.376s]                  from [01m[K/opt/ros/humble/include/rclcpp/rclcpp/executors/multi_threaded_executor.hpp:25[m[K,
[2.376s]                  from [01m[K/opt/ros/humble/include/rclcpp/rclcpp/executors.hpp:21[m[K,
[2.376s]                  from [01m[K/opt/ros/humble/include/rclcpp/rclcpp/rclcpp.hpp:155[m[K,
[2.376s]                  from [01m[K/home/megsindelar/Final_Project/ros_ws/src/img_transform/src/video_frequency.cpp:2[m[K:
[2.376s] [01m[K/usr/include/c++/11/optional:1179:5:[m[K [01;36m[Knote: [m[Kcandidate: â€˜[01m[Ktemplate<class _Tp, class _Up> constexpr std::__optional_eq_t<_Up, _Tp> std::operator==(const _Up&, const std::optional<_Tp>&)[m[Kâ€™
[2.376s]  1179 |     [01;36m[Koperator[m[K==(const _Up& __lhs, const optional<_Tp>& __rhs)
[2.376s]       |     [01;36m[K^~~~~~~~[m[K
[2.376s] [01m[K/usr/include/c++/11/optional:1179:5:[m[K [01;36m[Knote: [m[K  template argument deduction/substitution failed:
[2.376s] [01m[K/home/megsindelar/Final_Project/ros_ws/src/img_transform/src/video_frequency.cpp:66:28:[m[K [01;36m[Knote: [m[K  mismatched types â€˜[01m[Kconst std::optional<_Tp>[m[Kâ€™ and â€˜[01m[Kint[m[Kâ€™
[2.376s]    66 |             if (elapsed == [01;36m[K5[m[K){
[2.376s]       |                            [01;36m[K^[m[K
[2.376s] In file included from [01m[K/opt/ros/humble/include/rclcpp/rclcpp/client.hpp:28[m[K,
[2.376s]                  from [01m[K/opt/ros/humble/include/rclcpp/rclcpp/callback_group.hpp:24[m[K,
[2.376s]                  from [01m[K/opt/ros/humble/include/rclcpp/rclcpp/any_executable.hpp:20[m[K,
[2.376s]                  from [01m[K/opt/ros/humble/include/rclcpp/rclcpp/memory_strategy.hpp:25[m[K,
[2.376s]                  from [01m[K/opt/ros/humble/include/rclcpp/rclcpp/memory_strategies.hpp:18[m[K,
[2.376s]                  from [01m[K/opt/ros/humble/include/rclcpp/rclcpp/executor_options.hpp:20[m[K,
[2.376s]                  from [01m[K/opt/ros/humble/include/rclcpp/rclcpp/executor.hpp:37[m[K,
[2.376s]                  from [01m[K/opt/ros/humble/include/rclcpp/rclcpp/executors/multi_threaded_executor.hpp:25[m[K,
[2.376s]                  from [01m[K/opt/ros/humble/include/rclcpp/rclcpp/executors.hpp:21[m[K,
[2.376s]                  from [01m[K/opt/ros/humble/include/rclcpp/rclcpp/rclcpp.hpp:155[m[K,
[2.377s]                  from [01m[K/home/megsindelar/Final_Project/ros_ws/src/img_transform/src/video_frequency.cpp:2[m[K:
[2.377s] [01m[K/usr/include/c++/11/variant:1249:3:[m[K [01;36m[Knote: [m[Kcandidate: â€˜[01m[Ktemplate<class ... _Types> constexpr bool std::operator==(const std::variant<_Types ...>&, const std::variant<_Types ...>&)[m[Kâ€™
[2.377s]  1249 |   [01;36m[K_VARIANT_RELATION_FUNCTION_TEMPLATE[m[K(==, equal)
[2.377s]       |   [01;36m[K^~~~~~~~~~~~~~~~~~~~~~~~~~~~~~~~~~~[m[K
[2.377s] [01m[K/usr/include/c++/11/variant:1249:3:[m[K [01;36m[Knote: [m[K  template argument deduction/substitution failed:
[2.377s] [01m[K/home/megsindelar/Final_Project/ros_ws/src/img_transform/src/video_frequency.cpp:66:28:[m[K [01;36m[Knote: [m[K  â€˜[01m[Kstd::chrono::duration<long int, std::ratio<1, 1000000000> >[m[Kâ€™ is not derived from â€˜[01m[Kconst std::variant<_Types ...>[m[Kâ€™
[2.377s]    66 |             if (elapsed == [01;36m[K5[m[K){
[2.377s]       |                            [01;36m[K^[m[K
[2.377s] In file included from [01m[K/usr/include/opencv4/opencv2/core/cvstd.inl.hpp:47[m[K,
[2.377s]                  from [01m[K/usr/include/opencv4/opencv2/core.hpp:3306[m[K,
[2.377s]                  from [01m[K/usr/include/opencv4/opencv2/core/core.hpp:48[m[K,
[2.377s]                  from [01m[K/opt/ros/humble/include/cv_bridge/cv_bridge/cv_bridge.h:43[m[K,
[2.377s]                  from [01m[K/home/megsindelar/Final_Project/ros_ws/src/img_transform/src/video_frequency.cpp:4[m[K:
[2.377s] [01m[K/usr/include/c++/11/complex:464:5:[m[K [01;36m[Knote: [m[Kcandidate: â€˜[01m[Ktemplate<class _Tp> constexpr bool std::operator==(const std::complex<_Tp>&, const std::complex<_Tp>&)[m[Kâ€™
[2.377s]   464 |     [01;36m[Koperator[m[K==(const complex<_Tp>& __x, const complex<_Tp>& __y)
[2.377s]       |     [01;36m[K^~~~~~~~[m[K
[2.377s] [01m[K/usr/include/c++/11/complex:464:5:[m[K [01;36m[Knote: [m[K  template argument deduction/substitution failed:
[2.377s] [01m[K/home/megsindelar/Final_Project/ros_ws/src/img_transform/src/video_frequency.cpp:66:28:[m[K [01;36m[Knote: [m[K  â€˜[01m[Kstd::chrono::duration<long int, std::ratio<1, 1000000000> >[m[Kâ€™ is not derived from â€˜[01m[Kconst std::complex<_Tp>[m[Kâ€™
[2.377s]    66 |             if (elapsed == [01;36m[K5[m[K){
[2.377s]       |                            [01;36m[K^[m[K
[2.377s] In file included from [01m[K/usr/include/opencv4/opencv2/core/cvstd.inl.hpp:47[m[K,
[2.377s]                  from [01m[K/usr/include/opencv4/opencv2/core.hpp:3306[m[K,
[2.377s]                  from [01m[K/usr/include/opencv4/opencv2/core/core.hpp:48[m[K,
[2.377s]                  from [01m[K/opt/ros/humble/include/cv_bridge/cv_bridge/cv_bridge.h:43[m[K,
[2.377s]                  from [01m[K/home/megsindelar/Final_Project/ros_ws/src/img_transform/src/video_frequency.cpp:4[m[K:
[2.377s] [01m[K/usr/include/c++/11/complex:469:5:[m[K [01;36m[Knote: [m[Kcandidate: â€˜[01m[Ktemplate<class _Tp> constexpr bool std::operator==(const std::complex<_Tp>&, const _Tp&)[m[Kâ€™
[2.377s]   469 |     [01;36m[Koperator[m[K==(const complex<_Tp>& __x, const _Tp& __y)
[2.377s]       |     [01;36m[K^~~~~~~~[m[K
[2.377s] [01m[K/usr/include/c++/11/complex:469:5:[m[K [01;36m[Knote: [m[K  template argument deduction/substitution failed:
[2.377s] [01m[K/home/megsindelar/Final_Project/ros_ws/src/img_transform/src/video_frequency.cpp:66:28:[m[K [01;36m[Knote: [m[K  â€˜[01m[Kstd::chrono::duration<long int, std::ratio<1, 1000000000> >[m[Kâ€™ is not derived from â€˜[01m[Kconst std::complex<_Tp>[m[Kâ€™
[2.378s]    66 |             if (elapsed == [01;36m[K5[m[K){
[2.378s]       |                            [01;36m[K^[m[K
[2.378s] In file included from [01m[K/usr/include/opencv4/opencv2/core/cvstd.inl.hpp:47[m[K,
[2.378s]                  from [01m[K/usr/include/opencv4/opencv2/core.hpp:3306[m[K,
[2.378s]                  from [01m[K/usr/include/opencv4/opencv2/core/core.hpp:48[m[K,
[2.378s]                  from [01m[K/opt/ros/humble/include/cv_bridge/cv_bridge/cv_bridge.h:43[m[K,
[2.378s]                  from [01m[K/home/megsindelar/Final_Project/ros_ws/src/img_transform/src/video_frequency.cpp:4[m[K:
[2.378s] [01m[K/usr/include/c++/11/complex:475:5:[m[K [01;36m[Knote: [m[Kcandidate: â€˜[01m[Ktemplate<class _Tp> constexpr bool std::operator==(const _Tp&, const std::complex<_Tp>&)[m[Kâ€™
[2.378s]   475 |     [01;36m[Koperator[m[K==(const _Tp& __x, const complex<_Tp>& __y)
[2.378s]       |     [01;36m[K^~~~~~~~[m[K
[2.378s] [01m[K/usr/include/c++/11/complex:475:5:[m[K [01;36m[Knote: [m[K  template argument deduction/substitution failed:
[2.378s] [01m[K/home/megsindelar/Final_Project/ros_ws/src/img_transform/src/video_frequency.cpp:66:28:[m[K [01;36m[Knote: [m[K  mismatched types â€˜[01m[Kconst std::complex<_Tp>[m[Kâ€™ and â€˜[01m[Kint[m[Kâ€™
[2.378s]    66 |             if (elapsed == [01;36m[K5[m[K){
[2.378s]       |                            [01;36m[K^[m[K
[2.378s] In file included from [01m[K/usr/include/c++/11/random:51[m[K,
[2.378s]                  from [01m[K/home/megsindelar/Final_Project/ros_ws/src/img_transform/src/video_frequency.cpp:18[m[K:
[2.378s] [01m[K/usr/include/c++/11/bits/random.tcc:1899:5:[m[K [01;36m[Knote: [m[Kcandidate: â€˜[01m[Ktemplate<class _RealType1> bool std::operator==(const std::normal_distribution<_RealType>&, const std::normal_distribution<_RealType>&)[m[Kâ€™
[2.378s]  1899 |     [01;36m[Koperator[m[K==(const std::normal_distribution<_RealType>& __d1,
[2.378s]       |     [01;36m[K^~~~~~~~[m[K
[2.378s] [01m[K/usr/include/c++/11/bits/random.tcc:1899:5:[m[K [01;36m[Knote: [m[K  template argument deduction/substitution failed:
[2.378s] [01m[K/home/megsindelar/Final_Project/ros_ws/src/img_transform/src/video_frequency.cpp:66:28:[m[K [01;36m[Knote: [m[K  â€˜[01m[Kstd::chrono::duration<long int, std::ratio<1, 1000000000> >[m[Kâ€™ is not derived from â€˜[01m[Kconst std::normal_distribution<_RealType>[m[Kâ€™
[2.378s]    66 |             if (elapsed == [01;36m[K5[m[K){
[2.378s]       |                            [01;36m[K^[m[K
[2.378s] In file included from [01m[K/usr/include/opencv4/opencv2/core.hpp:56[m[K,
[2.378s]                  from [01m[K/usr/include/opencv4/opencv2/core/core.hpp:48[m[K,
[2.378s]                  from [01m[K/opt/ros/humble/include/cv_bridge/cv_bridge/cv_bridge.h:43[m[K,
[2.378s]                  from [01m[K/home/megsindelar/Final_Project/ros_ws/src/img_transform/src/video_frequency.cpp:4[m[K:
[2.378s] [01m[K/usr/include/opencv4/opencv2/core/matx.hpp:1329:6:[m[K [01;36m[Knote: [m[Kcandidate: â€˜[01m[Ktemplate<class _Tp, int m, int n> bool cv::operator==(const cv::Matx<_Tp, m, n>&, const cv::Matx<_Tp, m, n>&)[m[Kâ€™
[2.378s]  1329 | bool [01;36m[Koperator[m[K == (const Matx<_Tp, m, n>& a, const Matx<_Tp, m, n>& b)
[2.378s]       |      [01;36m[K^~~~~~~~[m[K
[2.378s] [01m[K/usr/include/opencv4/opencv2/core/matx.hpp:1329:6:[m[K [01;36m[Knote: [m[K  template argument deduction/substitution failed:
[2.379s] [01m[K/home/megsindelar/Final_Project/ros_ws/src/img_transform/src/video_frequency.cpp:66:28:[m[K [01;36m[Knote: [m[K  â€˜[01m[Kstd::chrono::duration<long int, std::ratio<1, 1000000000> >[m[Kâ€™ is not derived from â€˜[01m[Kconst cv::Matx<_Tp, m, n>[m[Kâ€™
[2.379s]    66 |             if (elapsed == [01;36m[K5[m[K){
[2.379s]       |                            [01;36m[K^[m[K
[2.379s] In file included from [01m[K/usr/include/opencv4/opencv2/core.hpp:57[m[K,
[2.379s]                  from [01m[K/usr/include/opencv4/opencv2/core/core.hpp:48[m[K,
[2.379s]                  from [01m[K/opt/ros/humble/include/cv_bridge/cv_bridge/cv_bridge.h:43[m[K,
[2.379s]                  from [01m[K/home/megsindelar/Final_Project/ros_ws/src/img_transform/src/video_frequency.cpp:4[m[K:
[2.379s] [01m[K/usr/include/opencv4/opencv2/core/types.hpp:1029:6:[m[K [01;36m[Knote: [m[Kcandidate: â€˜[01m[Ktemplate<class _Tp> bool cv::operator==(const cv::Complex<_Tp>&, const cv::Complex<_Tp>&)[m[Kâ€™
[2.379s]  1029 | bool [01;36m[Koperator[m[K == (const Complex<_Tp>& a, const Complex<_Tp>& b)
[2.379s]       |      [01;36m[K^~~~~~~~[m[K
[2.379s] [01m[K/usr/include/opencv4/opencv2/core/types.hpp:1029:6:[m[K [01;36m[Knote: [m[K  template argument deduction/substitution failed:
[2.379s] [01m[K/home/megsindelar/Final_Project/ros_ws/src/img_transform/src/video_frequency.cpp:66:28:[m[K [01;36m[Knote: [m[K  â€˜[01m[Kstd::chrono::duration<long int, std::ratio<1, 1000000000> >[m[Kâ€™ is not derived from â€˜[01m[Kconst cv::Complex<_Tp>[m[Kâ€™
[2.379s]    66 |             if (elapsed == [01;36m[K5[m[K){
[2.379s]       |                            [01;36m[K^[m[K
[2.379s] In file included from [01m[K/usr/include/opencv4/opencv2/core.hpp:57[m[K,
[2.379s]                  from [01m[K/usr/include/opencv4/opencv2/core/core.hpp:48[m[K,
[2.379s]                  from [01m[K/opt/ros/humble/include/cv_bridge/cv_bridge/cv_bridge.h:43[m[K,
[2.379s]                  from [01m[K/home/megsindelar/Final_Project/ros_ws/src/img_transform/src/video_frequency.cpp:4[m[K:
[2.379s] [01m[K/usr/include/opencv4/opencv2/core/types.hpp:1321:6:[m[K [01;36m[Knote: [m[Kcandidate: â€˜[01m[Ktemplate<class _Tp> bool cv::operator==(const cv::Point_<_Tp>&, const cv::Point_<_Tp>&)[m[Kâ€™
[2.379s]  1321 | bool [01;36m[Koperator[m[K == (const Point_<_Tp>& a, const Point_<_Tp>& b)
[2.379s]       |      [01;36m[K^~~~~~~~[m[K
[2.379s] [01m[K/usr/include/opencv4/opencv2/core/types.hpp:1321:6:[m[K [01;36m[Knote: [m[K  template argument deduction/substitution failed:
[2.379s] [01m[K/home/megsindelar/Final_Project/ros_ws/src/img_transform/src/video_frequency.cpp:66:28:[m[K [01;36m[Knote: [m[K  â€˜[01m[Kstd::chrono::duration<long int, std::ratio<1, 1000000000> >[m[Kâ€™ is not derived from â€˜[01m[Kconst cv::Point_<_Tp>[m[Kâ€™
[2.379s]    66 |             if (elapsed == [01;36m[K5[m[K){
[2.379s]       |                            [01;36m[K^[m[K
[2.379s] In file included from [01m[K/usr/include/opencv4/opencv2/core.hpp:57[m[K,
[2.379s]                  from [01m[K/usr/include/opencv4/opencv2/core/core.hpp:48[m[K,
[2.379s]                  from [01m[K/opt/ros/humble/include/cv_bridge/cv_bridge/cv_bridge.h:43[m[K,
[2.379s]                  from [01m[K/home/megsindelar/Final_Project/ros_ws/src/img_transform/src/video_frequency.cpp:4[m[K:
[2.379s] [01m[K/usr/include/opencv4/opencv2/core/types.hpp:1590:6:[m[K [01;36m[Knote: [m[Kcandidate: â€˜[01m[Ktemplate<class _Tp> bool cv::operator==(const cv::Point3_<_Tp>&, const cv::Point3_<_Tp>&)[m[Kâ€™
[2.379s]  1590 | bool [01;36m[Koperator[m[K == (const Point3_<_Tp>& a, const Point3_<_Tp>& b)
[2.380s]       |      [01;36m[K^~~~~~~~[m[K
[2.380s] [01m[K/usr/include/opencv4/opencv2/core/types.hpp:1590:6:[m[K [01;36m[Knote: [m[K  template argument deduction/substitution failed:
[2.380s] [01m[K/home/megsindelar/Final_Project/ros_ws/src/img_transform/src/video_frequency.cpp:66:28:[m[K [01;36m[Knote: [m[K  â€˜[01m[Kstd::chrono::duration<long int, std::ratio<1, 1000000000> >[m[Kâ€™ is not derived from â€˜[01m[Kconst cv::Point3_<_Tp>[m[Kâ€™
[2.380s]    66 |             if (elapsed == [01;36m[K5[m[K){
[2.380s]       |                            [01;36m[K^[m[K
[2.380s] In file included from [01m[K/usr/include/opencv4/opencv2/core.hpp:57[m[K,
[2.380s]                  from [01m[K/usr/include/opencv4/opencv2/core/core.hpp:48[m[K,
[2.380s]                  from [01m[K/opt/ros/humble/include/cv_bridge/cv_bridge/cv_bridge.h:43[m[K,
[2.380s]                  from [01m[K/home/megsindelar/Final_Project/ros_ws/src/img_transform/src/video_frequency.cpp:4[m[K:
[2.380s] [01m[K/usr/include/opencv4/opencv2/core/types.hpp:1823:6:[m[K [01;36m[Knote: [m[Kcandidate: â€˜[01m[Ktemplate<class _Tp> bool cv::operator==(const cv::Size_<_Tp>&, const cv::Size_<_Tp>&)[m[Kâ€™
[2.380s]  1823 | bool [01;36m[Koperator[m[K == (const Size_<_Tp>& a, const Size_<_Tp>& b)
[2.380s]       |      [01;36m[K^~~~~~~~[m[K
[2.380s] [01m[K/usr/include/opencv4/opencv2/core/types.hpp:1823:6:[m[K [01;36m[Knote: [m[K  template argument deduction/substitution failed:
[2.380s] [01m[K/home/megsindelar/Final_Project/ros_ws/src/img_transform/src/video_frequency.cpp:66:28:[m[K [01;36m[Knote: [m[K  â€˜[01m[Kstd::chrono::duration<long int, std::ratio<1, 1000000000> >[m[Kâ€™ is not derived from â€˜[01m[Kconst cv::Size_<_Tp>[m[Kâ€™
[2.380s]    66 |             if (elapsed == [01;36m[K5[m[K){
[2.380s]       |                            [01;36m[K^[m[K
[2.380s] In file included from [01m[K/usr/include/opencv4/opencv2/core.hpp:57[m[K,
[2.380s]                  from [01m[K/usr/include/opencv4/opencv2/core/core.hpp:48[m[K,
[2.380s]                  from [01m[K/opt/ros/humble/include/cv_bridge/cv_bridge/cv_bridge.h:43[m[K,
[2.380s]                  from [01m[K/home/megsindelar/Final_Project/ros_ws/src/img_transform/src/video_frequency.cpp:4[m[K:
[2.380s] [01m[K/usr/include/opencv4/opencv2/core/types.hpp:2000:6:[m[K [01;36m[Knote: [m[Kcandidate: â€˜[01m[Ktemplate<class _Tp> bool cv::operator==(const cv::Rect_<_Tp>&, const cv::Rect_<_Tp>&)[m[Kâ€™
[2.380s]  2000 | bool [01;36m[Koperator[m[K == (const Rect_<_Tp>& a, const Rect_<_Tp>& b)
[2.380s]       |      [01;36m[K^~~~~~~~[m[K
[2.380s] [01m[K/usr/include/opencv4/opencv2/core/types.hpp:2000:6:[m[K [01;36m[Knote: [m[K  template argument deduction/substitution failed:
[2.380s] [01m[K/home/megsindelar/Final_Project/ros_ws/src/img_transform/src/video_frequency.cpp:66:28:[m[K [01;36m[Knote: [m[K  â€˜[01m[Kstd::chrono::duration<long int, std::ratio<1, 1000000000> >[m[Kâ€™ is not derived from â€˜[01m[Kconst cv::Rect_<_Tp>[m[Kâ€™
[2.380s]    66 |             if (elapsed == [01;36m[K5[m[K){
[2.380s]       |                            [01;36m[K^[m[K
[2.380s] In file included from [01m[K/usr/include/opencv4/opencv2/core.hpp:57[m[K,
[2.380s]                  from [01m[K/usr/include/opencv4/opencv2/core/core.hpp:48[m[K,
[2.380s]                  from [01m[K/opt/ros/humble/include/cv_bridge/cv_bridge/cv_bridge.h:43[m[K,
[2.380s]                  from [01m[K/home/megsindelar/Final_Project/ros_ws/src/img_transform/src/video_frequency.cpp:4[m[K:
[2.380s] [01m[K/usr/include/opencv4/opencv2/core/types.hpp:2302:6:[m[K [01;36m[Knote: [m[Kcandidate: â€˜[01m[Ktemplate<class _Tp> bool cv::operator==(const cv::Scalar_<_Tp>&, const cv::Scalar_<_Tp>&)[m[Kâ€™
[2.381s]  2302 | bool [01;36m[Koperator[m[K == ( const Scalar_<_Tp>& a, const Scalar_<_Tp>& b )
[2.381s]       |      [01;36m[K^~~~~~~~[m[K
[2.381s] [01m[K/usr/include/opencv4/opencv2/core/types.hpp:2302:6:[m[K [01;36m[Knote: [m[K  template argument deduction/substitution failed:
[2.381s] [01m[K/home/megsindelar/Final_Project/ros_ws/src/img_transform/src/video_frequency.cpp:66:28:[m[K [01;36m[Knote: [m[K  â€˜[01m[Kstd::chrono::duration<long int, std::ratio<1, 1000000000> >[m[Kâ€™ is not derived from â€˜[01m[Kconst cv::Scalar_<_Tp>[m[Kâ€™
[2.381s]    66 |             if (elapsed == [01;36m[K5[m[K){
[2.381s]       |                            [01;36m[K^[m[K
[2.381s] In file included from [01m[K/usr/include/opencv4/opencv2/core.hpp:58[m[K,
[2.381s]                  from [01m[K/usr/include/opencv4/opencv2/core/core.hpp:48[m[K,
[2.381s]                  from [01m[K/opt/ros/humble/include/cv_bridge/cv_bridge/cv_bridge.h:43[m[K,
[2.381s]                  from [01m[K/home/megsindelar/Final_Project/ros_ws/src/img_transform/src/video_frequency.cpp:4[m[K:
[2.381s] [01m[K/usr/include/opencv4/opencv2/core/mat.hpp:3672:9:[m[K [01;36m[Knote: [m[Kcandidate: â€˜[01m[Ktemplate<class _Tp, int m, int n> cv::MatExpr cv::operator==(const cv::Mat&, const cv::Matx<_Tp, m, n>&)[m[Kâ€™
[2.381s]  3672 | MatExpr [01;36m[Koperator[m[K == (const Mat& a, const Matx<_Tp, m, n>& b) { return a == Mat(b); }
[2.381s]       |         [01;36m[K^~~~~~~~[m[K
[2.381s] [01m[K/usr/include/opencv4/opencv2/core/mat.hpp:3672:9:[m[K [01;36m[Knote: [m[K  template argument deduction/substitution failed:
[2.381s] [01m[K/home/megsindelar/Final_Project/ros_ws/src/img_transform/src/video_frequency.cpp:66:28:[m[K [01;36m[Knote: [m[K  mismatched types â€˜[01m[Kconst cv::Matx<_Tp, m, n>[m[Kâ€™ and â€˜[01m[Kint[m[Kâ€™
[2.381s]    66 |             if (elapsed == [01;36m[K5[m[K){
[2.381s]       |                            [01;36m[K^[m[K
[2.381s] In file included from [01m[K/usr/include/opencv4/opencv2/core.hpp:58[m[K,
[2.381s]                  from [01m[K/usr/include/opencv4/opencv2/core/core.hpp:48[m[K,
[2.381s]                  from [01m[K/opt/ros/humble/include/cv_bridge/cv_bridge/cv_bridge.h:43[m[K,
[2.381s]                  from [01m[K/home/megsindelar/Final_Project/ros_ws/src/img_transform/src/video_frequency.cpp:4[m[K:
[2.381s] [01m[K/usr/include/opencv4/opencv2/core/mat.hpp:3674:9:[m[K [01;36m[Knote: [m[Kcandidate: â€˜[01m[Ktemplate<class _Tp, int m, int n> cv::MatExpr cv::operator==(const cv::Matx<_Tp, m, n>&, const cv::Mat&)[m[Kâ€™
[2.381s]  3674 | MatExpr [01;36m[Koperator[m[K == (const Matx<_Tp, m, n>& a, const Mat& b) { return Mat(a) == b; }
[2.381s]       |         [01;36m[K^~~~~~~~[m[K
[2.381s] [01m[K/usr/include/opencv4/opencv2/core/mat.hpp:3674:9:[m[K [01;36m[Knote: [m[K  template argument deduction/substitution failed:
[2.381s] [01m[K/home/megsindelar/Final_Project/ros_ws/src/img_transform/src/video_frequency.cpp:66:28:[m[K [01;36m[Knote: [m[K  â€˜[01m[Kstd::chrono::duration<long int, std::ratio<1, 1000000000> >[m[Kâ€™ is not derived from â€˜[01m[Kconst cv::Matx<_Tp, m, n>[m[Kâ€™
[2.381s]    66 |             if (elapsed == [01;36m[K5[m[K){
[2.381s]       |                            [01;36m[K^[m[K
[2.381s] In file included from [01m[K/usr/include/opencv4/opencv2/core/mat.hpp:3764[m[K,
[2.381s]                  from [01m[K/usr/include/opencv4/opencv2/core.hpp:58[m[K,
[2.381s]                  from [01m[K/usr/include/opencv4/opencv2/core/core.hpp:48[m[K,
[2.382s]                  from [01m[K/opt/ros/humble/include/cv_bridge/cv_bridge/cv_bridge.h:43[m[K,
[2.382s]                  from [01m[K/home/megsindelar/Final_Project/ros_ws/src/img_transform/src/video_frequency.cpp:4[m[K:
[2.382s] [01m[K/usr/include/opencv4/opencv2/core/mat.inl.hpp:2575:6:[m[K [01;36m[Knote: [m[Kcandidate: â€˜[01m[Ktemplate<class _Tp> bool cv::operator==(const cv::MatConstIterator_<_Tp>&, const cv::MatConstIterator_<_Tp>&)[m[Kâ€™
[2.382s]  2575 | bool [01;36m[Koperator[m[K == (const MatConstIterator_<_Tp>& a, const MatConstIterator_<_Tp>& b)
[2.382s]       |      [01;36m[K^~~~~~~~[m[K
[2.382s] [01m[K/usr/include/opencv4/opencv2/core/mat.inl.hpp:2575:6:[m[K [01;36m[Knote: [m[K  template argument deduction/substitution failed:
[2.382s] [01m[K/home/megsindelar/Final_Project/ros_ws/src/img_transform/src/video_frequency.cpp:66:28:[m[K [01;36m[Knote: [m[K  â€˜[01m[Kstd::chrono::duration<long int, std::ratio<1, 1000000000> >[m[Kâ€™ is not derived from â€˜[01m[Kconst cv::MatConstIterator_<_Tp>[m[Kâ€™
[2.382s]    66 |             if (elapsed == [01;36m[K5[m[K){
[2.382s]       |                            [01;36m[K^[m[K
[2.382s] In file included from [01m[K/usr/include/opencv4/opencv2/core/mat.hpp:3764[m[K,
[2.382s]                  from [01m[K/usr/include/opencv4/opencv2/core.hpp:58[m[K,
[2.382s]                  from [01m[K/usr/include/opencv4/opencv2/core/core.hpp:48[m[K,
[2.382s]                  from [01m[K/opt/ros/humble/include/cv_bridge/cv_bridge/cv_bridge.h:43[m[K,
[2.382s]                  from [01m[K/home/megsindelar/Final_Project/ros_ws/src/img_transform/src/video_frequency.cpp:4[m[K:
[2.382s] [01m[K/usr/include/opencv4/opencv2/core/mat.inl.hpp:2712:6:[m[K [01;36m[Knote: [m[Kcandidate: â€˜[01m[Ktemplate<class _Tp> bool cv::operator==(const cv::MatIterator_<_Tp>&, const cv::MatIterator_<_Tp>&)[m[Kâ€™
[2.382s]  2712 | bool [01;36m[Koperator[m[K == (const MatIterator_<_Tp>& a, const MatIterator_<_Tp>& b)
[2.382s]       |      [01;36m[K^~~~~~~~[m[K
[2.382s] [01m[K/usr/include/opencv4/opencv2/core/mat.inl.hpp:2712:6:[m[K [01;36m[Knote: [m[K  template argument deduction/substitution failed:
[2.382s] [01m[K/home/megsindelar/Final_Project/ros_ws/src/img_transform/src/video_frequency.cpp:66:28:[m[K [01;36m[Knote: [m[K  â€˜[01m[Kstd::chrono::duration<long int, std::ratio<1, 1000000000> >[m[Kâ€™ is not derived from â€˜[01m[Kconst cv::MatIterator_<_Tp>[m[Kâ€™
[2.382s]    66 |             if (elapsed == [01;36m[K5[m[K){
[2.382s]       |                            [01;36m[K^[m[K
[2.382s] In file included from [01m[K/usr/include/opencv4/opencv2/imgproc/types_c.h:46[m[K,
[2.382s]                  from [01m[K/opt/ros/humble/include/cv_bridge/cv_bridge/cv_bridge.h:45[m[K,
[2.382s]                  from [01m[K/home/megsindelar/Final_Project/ros_ws/src/img_transform/src/video_frequency.cpp:4[m[K:
[2.382s] [01m[K/usr/include/opencv4/opencv2/core/core_c.h:3107:36:[m[K [01;36m[Knote: [m[Kcandidate: â€˜[01m[Ktemplate<class _Tp> bool cv::operator==(const cv::SeqIterator<_Tp>&, const cv::SeqIterator<_Tp>&)[m[Kâ€™
[2.382s]  3107 | template<typename _Tp> inline bool [01;36m[Koperator[m[K == (const SeqIterator<_Tp>& a,
[2.382s]       |                                    [01;36m[K^~~~~~~~[m[K
[2.382s] [01m[K/usr/include/opencv4/opencv2/core/core_c.h:3107:36:[m[K [01;36m[Knote: [m[K  template argument deduction/substitution failed:
[2.382s] [01m[K/home/megsindelar/Final_Project/ros_ws/src/img_transform/src/video_frequency.cpp:66:28:[m[K [01;36m[Knote: [m[K  â€˜[01m[Kstd::chrono::duration<long int, std::ratio<1, 1000000000> >[m[Kâ€™ is not derived from â€˜[01m[Kconst cv::SeqIterator<_Tp>[m[Kâ€™
[2.382s]    66 |             if (elapsed == [01;36m[K5[m[K){
[2.383s]       |                            [01;36m[K^[m[K
[2.383s] In file included from [01m[K/usr/include/c++/11/mutex:39[m[K,
[2.383s]                  from [01m[K/usr/include/c++/11/future:38[m[K,
[2.383s]                  from [01m[K/opt/ros/humble/include/rclcpp/rclcpp/executors.hpp:18[m[K,
[2.383s]                  from [01m[K/opt/ros/humble/include/rclcpp/rclcpp/rclcpp.hpp:155[m[K,
[2.383s]                  from [01m[K/home/megsindelar/Final_Project/ros_ws/src/img_transform/src/video_frequency.cpp:2[m[K:
[2.383s] [01m[K/usr/include/c++/11/chrono:760:7:[m[K [01;36m[Knote: [m[Kcandidate: â€˜[01m[Ktemplate<class _Rep1, class _Period1, class _Rep2, class _Period2> constexpr bool std::chrono::operator==(const std::chrono::duration<_Rep1, _Period1>&, const std::chrono::duration<_Rep2, _Period2>&)[m[Kâ€™
[2.383s]   760 |       [01;36m[Koperator[m[K==(const duration<_Rep1, _Period1>& __lhs,
[2.383s]       |       [01;36m[K^~~~~~~~[m[K
[2.383s] [01m[K/usr/include/c++/11/chrono:760:7:[m[K [01;36m[Knote: [m[K  template argument deduction/substitution failed:
[2.383s] [01m[K/home/megsindelar/Final_Project/ros_ws/src/img_transform/src/video_frequency.cpp:66:28:[m[K [01;36m[Knote: [m[K  mismatched types â€˜[01m[Kconst std::chrono::duration<_Rep2, _Period2>[m[Kâ€™ and â€˜[01m[Kint[m[Kâ€™
[2.383s]    66 |             if (elapsed == [01;36m[K5[m[K){
[2.383s]       |                            [01;36m[K^[m[K
[2.383s] In file included from [01m[K/usr/include/c++/11/mutex:39[m[K,
[2.383s]                  from [01m[K/usr/include/c++/11/future:38[m[K,
[2.383s]                  from [01m[K/opt/ros/humble/include/rclcpp/rclcpp/executors.hpp:18[m[K,
[2.383s]                  from [01m[K/opt/ros/humble/include/rclcpp/rclcpp/rclcpp.hpp:155[m[K,
[2.383s]                  from [01m[K/home/megsindelar/Final_Project/ros_ws/src/img_transform/src/video_frequency.cpp:2[m[K:
[2.383s] [01m[K/usr/include/c++/11/chrono:1054:7:[m[K [01;36m[Knote: [m[Kcandidate: â€˜[01m[Ktemplate<class _Clock, class _Dur1, class _Dur2> constexpr bool std::chrono::operator==(const std::chrono::time_point<_Clock, _Duration1>&, const std::chrono::time_point<_Clock, _Duration2>&)[m[Kâ€™
[2.383s]  1054 |       [01;36m[Koperator[m[K==(const time_point<_Clock, _Dur1>& __lhs,
[2.383s]       |       [01;36m[K^~~~~~~~[m[K
[2.383s] [01m[K/usr/include/c++/11/chrono:1054:7:[m[K [01;36m[Knote: [m[K  template argument deduction/substitution failed:
[2.383s] [01m[K/home/megsindelar/Final_Project/ros_ws/src/img_transform/src/video_frequency.cpp:66:28:[m[K [01;36m[Knote: [m[K  â€˜[01m[Kstd::chrono::duration<long int, std::ratio<1, 1000000000> >[m[Kâ€™ is not derived from â€˜[01m[Kconst std::chrono::time_point<_Clock, _Duration1>[m[Kâ€™
[2.383s]    66 |             if (elapsed == [01;36m[K5[m[K){
[2.383s]       |                            [01;36m[K^[m[K
[2.383s] In file included from [01m[K/usr/include/c++/11/bits/ios_base.h:46[m[K,
[2.383s]                  from [01m[K/usr/include/c++/11/ios:42[m[K,
[2.383s]                  from [01m[K/usr/include/c++/11/ostream:38[m[K,
[2.383s]                  from [01m[K/usr/include/c++/11/iostream:39[m[K,
[2.383s]                  from [01m[K/home/megsindelar/Final_Project/ros_ws/src/img_transform/src/video_frequency.cpp:1[m[K:
[2.383s] [01m[K/usr/include/c++/11/system_error:362:3:[m[K [01;36m[Knote: [m[Kcandidate: â€˜[01m[Kbool std::operator==(const std::error_code&, const std::error_code&)[m[Kâ€™
[2.383s]   362 |   [01;36m[Koperator[m[K==(const error_code& __lhs, const error_code& __rhs) noexcept
[2.384s]       |   [01;36m[K^~~~~~~~[m[K
[2.384s] [01m[K/usr/include/c++/11/system_error:362:32:[m[K [01;36m[Knote: [m[K  no known conversion for argument 1 from â€˜[01m[Kstd::chrono::duration<long int, std::ratio<1, 1000000000> >[m[Kâ€™ to â€˜[01m[Kconst std::error_code&[m[Kâ€™
[2.384s]   362 |   operator==([01;36m[Kconst error_code& __lhs[m[K, const error_code& __rhs) noexcept
[2.384s]       |              [01;36m[K~~~~~~~~~~~~~~~~~~^~~~~[m[K
[2.384s] [01m[K/usr/include/c++/11/system_error:368:3:[m[K [01;36m[Knote: [m[Kcandidate: â€˜[01m[Kbool std::operator==(const std::error_code&, const std::error_condition&)[m[Kâ€™
[2.384s]   368 |   [01;36m[Koperator[m[K==(const error_code& __lhs, const error_condition& __rhs) noexcept
[2.384s]       |   [01;36m[K^~~~~~~~[m[K
[2.384s] [01m[K/usr/include/c++/11/system_error:368:32:[m[K [01;36m[Knote: [m[K  no known conversion for argument 1 from â€˜[01m[Kstd::chrono::duration<long int, std::ratio<1, 1000000000> >[m[Kâ€™ to â€˜[01m[Kconst std::error_code&[m[Kâ€™
[2.384s]   368 |   operator==([01;36m[Kconst error_code& __lhs[m[K, const error_condition& __rhs) noexcept
[2.384s]       |              [01;36m[K~~~~~~~~~~~~~~~~~~^~~~~[m[K
[2.384s] [01m[K/usr/include/c++/11/system_error:376:3:[m[K [01;36m[Knote: [m[Kcandidate: â€˜[01m[Kbool std::operator==(const std::error_condition&, const std::error_condition&)[m[Kâ€™
[2.384s]   376 |   [01;36m[Koperator[m[K==(const error_condition& __lhs,
[2.384s]       |   [01;36m[K^~~~~~~~[m[K
[2.384s] [01m[K/usr/include/c++/11/system_error:376:37:[m[K [01;36m[Knote: [m[K  no known conversion for argument 1 from â€˜[01m[Kstd::chrono::duration<long int, std::ratio<1, 1000000000> >[m[Kâ€™ to â€˜[01m[Kconst std::error_condition&[m[Kâ€™
[2.384s]   376 |   operator==([01;36m[Kconst error_condition& __lhs[m[K,
[2.384s]       |              [01;36m[K~~~~~~~~~~~~~~~~~~~~~~~^~~~~[m[K
[2.384s] [01m[K/usr/include/c++/11/system_error:408:3:[m[K [01;36m[Knote: [m[Kcandidate: â€˜[01m[Kbool std::operator==(const std::error_condition&, const std::error_code&)[m[Kâ€™
[2.384s]   408 |   [01;36m[Koperator[m[K==(const error_condition& __lhs, const error_code& __rhs) noexcept
[2.384s]       |   [01;36m[K^~~~~~~~[m[K
[2.384s] [01m[K/usr/include/c++/11/system_error:408:37:[m[K [01;36m[Knote: [m[K  no known conversion for argument 1 from â€˜[01m[Kstd::chrono::duration<long int, std::ratio<1, 1000000000> >[m[Kâ€™ to â€˜[01m[Kconst std::error_condition&[m[Kâ€™
[2.384s]   408 |   operator==([01;36m[Kconst error_condition& __lhs[m[K, const error_code& __rhs) noexcept
[2.384s]       |              [01;36m[K~~~~~~~~~~~~~~~~~~~~~~~^~~~~[m[K
[2.384s] In file included from [01m[K/usr/include/c++/11/future:48[m[K,
[2.384s]                  from [01m[K/opt/ros/humble/include/rclcpp/rclcpp/executors.hpp:18[m[K,
[2.384s]                  from [01m[K/opt/ros/humble/include/rclcpp/rclcpp/rclcpp.hpp:155[m[K,
[2.384s]                  from [01m[K/home/megsindelar/Final_Project/ros_ws/src/img_transform/src/video_frequency.cpp:2[m[K:
[2.384s] [01m[K/usr/include/c++/11/bits/std_thread.h:281:3:[m[K [01;36m[Knote: [m[Kcandidate: â€˜[01m[Kbool std::operator==(std::thread::id, std::thread::id)[m[Kâ€™
[2.384s]   281 |   [01;36m[Koperator[m[K==(thread::id __x, thread::id __y) noexcept
[2.384s]       |   [01;36m[K^~~~~~~~[m[K
[2.384s] [01m[K/usr/include/c++/11/bits/std_thread.h:281:25:[m[K [01;36m[Knote: [m[K  no known conversion for argument 1 from â€˜[01m[Kstd::chrono::duration<long int, std::ratio<1, 1000000000> >[m[Kâ€™ to â€˜[01m[Kstd::thread::id[m[Kâ€™
[2.384s]   281 |   operator==([01;36m[Kthread::id __x[m[K, thread::id __y) noexcept
[2.385s]       |              [01;36m[K~~~~~~~~~~~^~~[m[K
[2.385s] In file included from [01m[K/opt/ros/humble/include/rclcpp/rclcpp/client.hpp:28[m[K,
[2.385s]                  from [01m[K/opt/ros/humble/include/rclcpp/rclcpp/callback_group.hpp:24[m[K,
[2.385s]                  from [01m[K/opt/ros/humble/include/rclcpp/rclcpp/any_executable.hpp:20[m[K,
[2.385s]                  from [01m[K/opt/ros/humble/include/rclcpp/rclcpp/memory_strategy.hpp:25[m[K,
[2.385s]                  from [01m[K/opt/ros/humble/include/rclcpp/rclcpp/memory_strategies.hpp:18[m[K,
[2.385s]                  from [01m[K/opt/ros/humble/include/rclcpp/rclcpp/executor_options.hpp:20[m[K,
[2.385s]                  from [01m[K/opt/ros/humble/include/rclcpp/rclcpp/executor.hpp:37[m[K,
[2.385s]                  from [01m[K/opt/ros/humble/include/rclcpp/rclcpp/executors/multi_threaded_executor.hpp:25[m[K,
[2.385s]                  from [01m[K/opt/ros/humble/include/rclcpp/rclcpp/executors.hpp:21[m[K,
[2.385s]                  from [01m[K/opt/ros/humble/include/rclcpp/rclcpp/rclcpp.hpp:155[m[K,
[2.385s]                  from [01m[K/home/megsindelar/Final_Project/ros_ws/src/img_transform/src/video_frequency.cpp:2[m[K:
[2.385s] [01m[K/usr/include/c++/11/variant:1256:18:[m[K [01;36m[Knote: [m[Kcandidate: â€˜[01m[Kconstexpr bool std::operator==(std::monostate, std::monostate)[m[Kâ€™
[2.385s]  1256 |   constexpr bool [01;36m[Koperator[m[K==(monostate, monostate) noexcept { return true; }
[2.385s]       |                  [01;36m[K^~~~~~~~[m[K
[2.385s] [01m[K/usr/include/c++/11/variant:1256:29:[m[K [01;36m[Knote: [m[K  no known conversion for argument 1 from â€˜[01m[Kstd::chrono::duration<long int, std::ratio<1, 1000000000> >[m[Kâ€™ to â€˜[01m[Kstd::monostate[m[Kâ€™
[2.385s]  1256 |   constexpr bool operator==([01;36m[Kmonostate[m[K, monostate) noexcept { return true; }
[2.385s]       |                             [01;36m[K^~~~~~~~~[m[K
[2.385s] In file included from [01m[K/usr/include/opencv4/opencv2/core.hpp:57[m[K,
[2.385s]                  from [01m[K/usr/include/opencv4/opencv2/core/core.hpp:48[m[K,
[2.385s]                  from [01m[K/opt/ros/humble/include/cv_bridge/cv_bridge/cv_bridge.h:43[m[K,
[2.385s]                  from [01m[K/home/megsindelar/Final_Project/ros_ws/src/img_transform/src/video_frequency.cpp:4[m[K:
[2.385s] [01m[K/usr/include/opencv4/opencv2/core/types.hpp:2113:6:[m[K [01;36m[Knote: [m[Kcandidate: â€˜[01m[Kbool cv::operator==(const cv::Range&, const cv::Range&)[m[Kâ€™
[2.385s]  2113 | bool [01;36m[Koperator[m[K == (const Range& r1, const Range& r2)
[2.385s]       |      [01;36m[K^~~~~~~~[m[K
[2.385s] [01m[K/usr/include/opencv4/opencv2/core/types.hpp:2113:32:[m[K [01;36m[Knote: [m[K  no known conversion for argument 1 from â€˜[01m[Kstd::chrono::duration<long int, std::ratio<1, 1000000000> >[m[Kâ€™ to â€˜[01m[Kconst cv::Range&[m[Kâ€™
[2.385s]  2113 | bool operator == ([01;36m[Kconst Range& r1[m[K, const Range& r2)
[2.385s]       |                   [01;36m[K~~~~~~~~~~~~~^~[m[K
[2.385s] In file included from [01m[K/usr/include/opencv4/opencv2/core.hpp:52[m[K,
[2.385s]                  from [01m[K/usr/include/opencv4/opencv2/core/core.hpp:48[m[K,
[2.385s]                  from [01m[K/opt/ros/humble/include/cv_bridge/cv_bridge/cv_bridge.h:43[m[K,
[2.386s]                  from [01m[K/home/megsindelar/Final_Project/ros_ws/src/img_transform/src/video_frequency.cpp:4[m[K:
[2.386s] [01m[K/usr/include/opencv4/opencv2/core/mat.hpp:66:1:[m[K [01;36m[Knote: [m[Kcandidate: â€˜[01m[Kbool cv::operator==(const cv::AccessFlag&, const int&)[m[Kâ€™
[2.386s]    66 | [01;36m[KCV_ENUM_FLAGS[m[K(AccessFlag)
[2.386s]       | [01;36m[K^~~~~~~~~~~~~[m[K
[2.386s] [01m[K/usr/include/opencv4/opencv2/core/mat.hpp:66:1:[m[K [01;36m[Knote: [m[K  no known conversion for argument 1 from â€˜[01m[Kstd::chrono::duration<long int, std::ratio<1, 1000000000> >[m[Kâ€™ to â€˜[01m[Kconst cv::AccessFlag&[m[Kâ€™
[2.386s]    66 | [01;36m[KCV_ENUM_FLAGS[m[K(AccessFlag)
[2.386s]       | [01;36m[K^~~~~~~~~~~~~[m[K
[2.386s] [01m[K/usr/include/opencv4/opencv2/core/mat.hpp:266:1:[m[K [01;36m[Knote: [m[Kcandidate: â€˜[01m[Kbool cv::operator==(const cv::_InputArray::KindFlag&, const int&)[m[Kâ€™
[2.386s]   266 | [01;36m[KCV_ENUM_FLAGS[m[K(_InputArray::KindFlag)
[2.386s]       | [01;36m[K^~~~~~~~~~~~~[m[K
[2.386s] [01m[K/usr/include/opencv4/opencv2/core/mat.hpp:266:1:[m[K [01;36m[Knote: [m[K  no known conversion for argument 1 from â€˜[01m[Kstd::chrono::duration<long int, std::ratio<1, 1000000000> >[m[Kâ€™ to â€˜[01m[Kconst cv::_InputArray::KindFlag&[m[Kâ€™
[2.386s]   266 | [01;36m[KCV_ENUM_FLAGS[m[K(_InputArray::KindFlag)
[2.386s]       | [01;36m[K^~~~~~~~~~~~~[m[K
[2.386s] [01m[K/usr/include/opencv4/opencv2/core/mat.hpp:574:1:[m[K [01;36m[Knote: [m[Kcandidate: â€˜[01m[Kbool cv::operator==(const cv::UMatData::MemoryFlag&, const int&)[m[Kâ€™
[2.386s]   574 | [01;36m[KCV_ENUM_FLAGS[m[K(UMatData::MemoryFlag)
[2.386s]       | [01;36m[K^~~~~~~~~~~~~[m[K
[2.386s] [01m[K/usr/include/opencv4/opencv2/core/mat.hpp:574:1:[m[K [01;36m[Knote: [m[K  no known conversion for argument 1 from â€˜[01m[Kstd::chrono::duration<long int, std::ratio<1, 1000000000> >[m[Kâ€™ to â€˜[01m[Kconst cv::UMatData::MemoryFlag&[m[Kâ€™
[2.386s]   574 | [01;36m[KCV_ENUM_FLAGS[m[K(UMatData::MemoryFlag)
[2.386s]       | [01;36m[K^~~~~~~~~~~~~[m[K
[2.386s] In file included from [01m[K/usr/include/opencv4/opencv2/core.hpp:58[m[K,
[2.386s]                  from [01m[K/usr/include/opencv4/opencv2/core/core.hpp:48[m[K,
[2.386s]                  from [01m[K/opt/ros/humble/include/cv_bridge/cv_bridge/cv_bridge.h:43[m[K,
[2.386s]                  from [01m[K/home/megsindelar/Final_Project/ros_ws/src/img_transform/src/video_frequency.cpp:4[m[K:
[2.386s] [01m[K/usr/include/opencv4/opencv2/core/mat.hpp:3668:20:[m[K [01;36m[Knote: [m[Kcandidate: â€˜[01m[Kcv::MatExpr cv::operator==(const cv::Mat&, const cv::Mat&)[m[Kâ€™
[2.386s]  3668 | CV_EXPORTS MatExpr [01;36m[Koperator[m[K == (const Mat& a, const Mat& b);
[2.386s]       |                    [01;36m[K^~~~~~~~[m[K
[2.386s] [01m[K/usr/include/opencv4/opencv2/core/mat.hpp:3668:44:[m[K [01;36m[Knote: [m[K  no known conversion for argument 1 from â€˜[01m[Kstd::chrono::duration<long int, std::ratio<1, 1000000000> >[m[Kâ€™ to â€˜[01m[Kconst cv::Mat&[m[Kâ€™
[2.386s]  3668 | CV_EXPORTS MatExpr operator == ([01;36m[Kconst Mat& a[m[K, const Mat& b);
[2.386s]       |                                 [01;36m[K~~~~~~~~~~~^[m[K
[2.386s] [01m[K/usr/include/opencv4/opencv2/core/mat.hpp:3669:20:[m[K [01;36m[Knote: [m[Kcandidate: â€˜[01m[Kcv::MatExpr cv::operator==(const cv::Mat&, double)[m[Kâ€™
[2.386s]  3669 | CV_EXPORTS MatExpr [01;36m[Koperator[m[K == (const Mat& a, double s);
[2.387s]       |                    [01;36m[K^~~~~~~~[m[K
[2.387s] [01m[K/usr/include/opencv4/opencv2/core/mat.hpp:3669:44:[m[K [01;36m[Knote: [m[K  no known conversion for argument 1 from â€˜[01m[Kstd::chrono::duration<long int, std::ratio<1, 1000000000> >[m[Kâ€™ to â€˜[01m[Kconst cv::Mat&[m[Kâ€™
[2.387s]  3669 | CV_EXPORTS MatExpr operator == ([01;36m[Kconst Mat& a[m[K, double s);
[2.387s]       |                                 [01;36m[K~~~~~~~~~~~^[m[K
[2.387s] [01m[K/usr/include/opencv4/opencv2/core/mat.hpp:3670:20:[m[K [01;36m[Knote: [m[Kcandidate: â€˜[01m[Kcv::MatExpr cv::operator==(double, const cv::Mat&)[m[Kâ€™
[2.387s]  3670 | CV_EXPORTS MatExpr [01;36m[Koperator[m[K == (double s, const Mat& a);
[2.387s]       |                    [01;36m[K^~~~~~~~[m[K
[2.387s] [01m[K/usr/include/opencv4/opencv2/core/mat.hpp:3670:40:[m[K [01;36m[Knote: [m[K  no known conversion for argument 1 from â€˜[01m[Kstd::chrono::duration<long int, std::ratio<1, 1000000000> >[m[Kâ€™ to â€˜[01m[Kdouble[m[Kâ€™
[2.387s]  3670 | CV_EXPORTS MatExpr operator == ([01;36m[Kdouble s[m[K, const Mat& a);
[2.387s]       |                                 [01;36m[K~~~~~~~^[m[K
[2.387s] In file included from [01m[K/usr/include/opencv4/opencv2/core/mat.hpp:3764[m[K,
[2.387s]                  from [01m[K/usr/include/opencv4/opencv2/core.hpp:58[m[K,
[2.387s]                  from [01m[K/usr/include/opencv4/opencv2/core/core.hpp:48[m[K,
[2.387s]                  from [01m[K/opt/ros/humble/include/cv_bridge/cv_bridge/cv_bridge.h:43[m[K,
[2.387s]                  from [01m[K/home/megsindelar/Final_Project/ros_ws/src/img_transform/src/video_frequency.cpp:4[m[K:
[2.387s] [01m[K/usr/include/opencv4/opencv2/core/mat.inl.hpp:2392:6:[m[K [01;36m[Knote: [m[Kcandidate: â€˜[01m[Kbool cv::operator==(const cv::MatConstIterator&, const cv::MatConstIterator&)[m[Kâ€™
[2.387s]  2392 | bool [01;36m[Koperator[m[K == (const MatConstIterator& a, const MatConstIterator& b)
[2.387s]       |      [01;36m[K^~~~~~~~[m[K
[2.387s] [01m[K/usr/include/opencv4/opencv2/core/mat.inl.hpp:2392:43:[m[K [01;36m[Knote: [m[K  no known conversion for argument 1 from â€˜[01m[Kstd::chrono::duration<long int, std::ratio<1, 1000000000> >[m[Kâ€™ to â€˜[01m[Kconst cv::MatConstIterator&[m[Kâ€™
[2.387s]  2392 | bool operator == ([01;36m[Kconst MatConstIterator& a[m[K, const MatConstIterator& b)
[2.387s]       |                   [01;36m[K~~~~~~~~~~~~~~~~~~~~~~~~^[m[K
[2.387s] [01m[K/usr/include/opencv4/opencv2/core/mat.inl.hpp:2801:6:[m[K [01;36m[Knote: [m[Kcandidate: â€˜[01m[Kbool cv::operator==(const cv::SparseMatConstIterator&, const cv::SparseMatConstIterator&)[m[Kâ€™
[2.387s]  2801 | bool [01;36m[Koperator[m[K == (const SparseMatConstIterator& it1, const SparseMatConstIterator& it2)
[2.387s]       |      [01;36m[K^~~~~~~~[m[K
[2.387s] [01m[K/usr/include/opencv4/opencv2/core/mat.inl.hpp:2801:49:[m[K [01;36m[Knote: [m[K  no known conversion for argument 1 from â€˜[01m[Kstd::chrono::duration<long int, std::ratio<1, 1000000000> >[m[Kâ€™ to â€˜[01m[Kconst cv::SparseMatConstIterator&[m[Kâ€™
[2.387s]  2801 | bool operator == ([01;36m[Kconst SparseMatConstIterator& it1[m[K, const SparseMatConstIterator& it2)
[2.387s]       |                   [01;36m[K~~~~~~~~~~~~~~~~~~~~~~~~~~~~~~^~~[m[K
[2.387s] In file included from [01m[K/usr/include/opencv4/opencv2/core.hpp:59[m[K,
[2.387s]                  from [01m[K/usr/include/opencv4/opencv2/core/core.hpp:48[m[K,
[2.387s]                  from [01m[K/opt/ros/humble/include/cv_bridge/cv_bridge/cv_bridge.h:43[m[K,
[2.387s]                  from [01m[K/home/megsindelar/Final_Project/ros_ws/src/img_transform/src/video_frequency.cpp:4[m[K:
[2.388s] [01m[K/usr/include/opencv4/opencv2/core/persistence.hpp:1331:17:[m[K [01;36m[Knote: [m[Kcandidate: â€˜[01m[Kbool cv::operator==(const cv::FileNodeIterator&, const cv::FileNodeIterator&)[m[Kâ€™
[2.388s]  1331 | CV_EXPORTS bool [01;36m[Koperator[m[K == (const FileNodeIterator& it1, const FileNodeIterator& it2);
[2.388s]       |                 [01;36m[K^~~~~~~~[m[K
[2.388s] [01m[K/usr/include/opencv4/opencv2/core/persistence.hpp:1331:54:[m[K [01;36m[Knote: [m[K  no known conversion for argument 1 from â€˜[01m[Kstd::chrono::duration<long int, std::ratio<1, 1000000000> >[m[Kâ€™ to â€˜[01m[Kconst cv::FileNodeIterator&[m[Kâ€™
[2.388s]  1331 | CV_EXPORTS bool operator == ([01;36m[Kconst FileNodeIterator& it1[m[K, const FileNodeIterator& it2);
[2.388s]       |                              [01;36m[K~~~~~~~~~~~~~~~~~~~~~~~~^~~[m[K
[2.388s] In file included from [01m[K/usr/include/opencv4/opencv2/core.hpp:52[m[K,
[2.388s]                  from [01m[K/usr/include/opencv4/opencv2/core/core.hpp:48[m[K,
[2.388s]                  from [01m[K/opt/ros/humble/include/cv_bridge/cv_bridge/cv_bridge.h:43[m[K,
[2.388s]                  from [01m[K/home/megsindelar/Final_Project/ros_ws/src/img_transform/src/video_frequency.cpp:4[m[K:
[2.388s] [01m[K/usr/include/opencv4/opencv2/features2d.hpp:1291:1:[m[K [01;36m[Knote: [m[Kcandidate: â€˜[01m[Kbool cv::operator==(const cv::DrawMatchesFlags&, const int&)[m[Kâ€™
[2.388s]  1291 | [01;36m[KCV_ENUM_FLAGS[m[K(DrawMatchesFlags)
[2.388s]       | [01;36m[K^~~~~~~~~~~~~[m[K
[2.388s] [01m[K/usr/include/opencv4/opencv2/features2d.hpp:1291:1:[m[K [01;36m[Knote: [m[K  no known conversion for argument 1 from â€˜[01m[Kstd::chrono::duration<long int, std::ratio<1, 1000000000> >[m[Kâ€™ to â€˜[01m[Kconst cv::DrawMatchesFlags&[m[Kâ€™
[2.388s]  1291 | [01;36m[KCV_ENUM_FLAGS[m[K(DrawMatchesFlags)
[2.388s]       | [01;36m[K^~~~~~~~~~~~~[m[K
[2.388s] In file included from [01m[K/opt/ros/humble/include/rclcpp/rclcpp/logging.hpp:24[m[K,
[2.388s]                  from [01m[K/opt/ros/humble/include/rclcpp/rclcpp/client.hpp:40[m[K,
[2.388s]                  from [01m[K/opt/ros/humble/include/rclcpp/rclcpp/callback_group.hpp:24[m[K,
[2.388s]                  from [01m[K/opt/ros/humble/include/rclcpp/rclcpp/any_executable.hpp:20[m[K,
[2.388s]                  from [01m[K/opt/ros/humble/include/rclcpp/rclcpp/memory_strategy.hpp:25[m[K,
[2.388s]                  from [01m[K/opt/ros/humble/include/rclcpp/rclcpp/memory_strategies.hpp:18[m[K,
[2.388s]                  from [01m[K/opt/ros/humble/include/rclcpp/rclcpp/executor_options.hpp:20[m[K,
[2.388s]                  from [01m[K/opt/ros/humble/include/rclcpp/rclcpp/executor.hpp:37[m[K,
[2.388s]                  from [01m[K/opt/ros/humble/include/rclcpp/rclcpp/executors/multi_threaded_executor.hpp:25[m[K,
[2.388s]                  from [01m[K/opt/ros/humble/include/rclcpp/rclcpp/executors.hpp:21[m[K,
[2.388s]                  from [01m[K/opt/ros/humble/include/rclcpp/rclcpp/rclcpp.hpp:155[m[K,
[2.388s]                  from [01m[K/home/megsindelar/Final_Project/ros_ws/src/img_transform/src/video_frequency.cpp:2[m[K:
[2.388s] [01m[K/home/megsindelar/Final_Project/ros_ws/src/img_transform/src/video_frequency.cpp:67:84:[m[K [01;31m[Kerror: [m[Kno match for â€˜[01m[Koperator/[m[Kâ€™ (operand types are â€˜[01m[Kint[m[Kâ€™ and â€˜[01m[Kstd::chrono::duration<long int, std::ratio<1, 1000000000> >[m[Kâ€™)
[2.388s]    67 |                 RCLCPP_INFO(rclcpp::get_logger("message"), "Frequency: %f\n", [32m[Kcount[m[K[01;31m[K/[m[K[34m[Kelapsed[m[K);
[2.388s]       |                                                                               [32m[K~~~~~[m[K[01;31m[K^[m[K[34m[K~~~~~~~[m[K
[2.389s]       |                                                                               [32m[K|[m[K     [34m[K|[m[K
[2.389s]       |                                                                               [32m[Kint[m[K   [34m[Kstd::chrono::duration<long int, std::ratio<1, 1000000000> >[m[K
[2.389s] In file included from [01m[K/usr/include/opencv4/opencv2/core/cvstd.inl.hpp:47[m[K,
[2.389s]                  from [01m[K/usr/include/opencv4/opencv2/core.hpp:3306[m[K,
[2.389s]                  from [01m[K/usr/include/opencv4/opencv2/core/core.hpp:48[m[K,
[2.389s]                  from [01m[K/opt/ros/humble/include/cv_bridge/cv_bridge/cv_bridge.h:43[m[K,
[2.389s]                  from [01m[K/home/megsindelar/Final_Project/ros_ws/src/img_transform/src/video_frequency.cpp:4[m[K:
[2.389s] [01m[K/usr/include/c++/11/complex:422:5:[m[K [01;36m[Knote: [m[Kcandidate: â€˜[01m[Ktemplate<class _Tp> std::complex<_Tp> std::operator/(const std::complex<_Tp>&, const std::complex<_Tp>&)[m[Kâ€™
[2.389s]   422 |     [01;36m[Koperator[m[K/(const complex<_Tp>& __x, const complex<_Tp>& __y)
[2.389s]       |     [01;36m[K^~~~~~~~[m[K
[2.389s] [01m[K/usr/include/c++/11/complex:422:5:[m[K [01;36m[Knote: [m[K  template argument deduction/substitution failed:
[2.389s] In file included from [01m[K/opt/ros/humble/include/rclcpp/rclcpp/logging.hpp:24[m[K,
[2.389s]                  from [01m[K/opt/ros/humble/include/rclcpp/rclcpp/client.hpp:40[m[K,
[2.389s]                  from [01m[K/opt/ros/humble/include/rclcpp/rclcpp/callback_group.hpp:24[m[K,
[2.389s]                  from [01m[K/opt/ros/humble/include/rclcpp/rclcpp/any_executable.hpp:20[m[K,
[2.389s]                  from [01m[K/opt/ros/humble/include/rclcpp/rclcpp/memory_strategy.hpp:25[m[K,
[2.389s]                  from [01m[K/opt/ros/humble/include/rclcpp/rclcpp/memory_strategies.hpp:18[m[K,
[2.389s]                  from [01m[K/opt/ros/humble/include/rclcpp/rclcpp/executor_options.hpp:20[m[K,
[2.389s]                  from [01m[K/opt/ros/humble/include/rclcpp/rclcpp/executor.hpp:37[m[K,
[2.389s]                  from [01m[K/opt/ros/humble/include/rclcpp/rclcpp/executors/multi_threaded_executor.hpp:25[m[K,
[2.389s]                  from [01m[K/opt/ros/humble/include/rclcpp/rclcpp/executors.hpp:21[m[K,
[2.389s]                  from [01m[K/opt/ros/humble/include/rclcpp/rclcpp/rclcpp.hpp:155[m[K,
[2.389s]                  from [01m[K/home/megsindelar/Final_Project/ros_ws/src/img_transform/src/video_frequency.cpp:2[m[K:
[2.389s] [01m[K/home/megsindelar/Final_Project/ros_ws/src/img_transform/src/video_frequency.cpp:67:85:[m[K [01;36m[Knote: [m[K  mismatched types â€˜[01m[Kconst std::complex<_Tp>[m[Kâ€™ and â€˜[01m[Kint[m[Kâ€™
[2.389s]    67 |                 RCLCPP_INFO(rclcpp::get_logger("message"), "Frequency: %f\n", count/[01;36m[Kelapsed[m[K);
[2.389s]       |                                                                                     [01;36m[K^~~~~~~[m[K
[2.389s] In file included from [01m[K/usr/include/opencv4/opencv2/core/cvstd.inl.hpp:47[m[K,
[2.389s]                  from [01m[K/usr/include/opencv4/opencv2/core.hpp:3306[m[K,
[2.389s]                  from [01m[K/usr/include/opencv4/opencv2/core/core.hpp:48[m[K,
[2.389s]                  from [01m[K/opt/ros/humble/include/cv_bridge/cv_bridge/cv_bridge.h:43[m[K,
[2.389s]                  from [01m[K/home/megsindelar/Final_Project/ros_ws/src/img_transform/src/video_frequency.cpp:4[m[K:
[2.390s] [01m[K/usr/include/c++/11/complex:431:5:[m[K [01;36m[Knote: [m[Kcandidate: â€˜[01m[Ktemplate<class _Tp> std::complex<_Tp> std::operator/(const std::complex<_Tp>&, const _Tp&)[m[Kâ€™
[2.390s]   431 |     [01;36m[Koperator[m[K/(const complex<_Tp>& __x, const _Tp& __y)
[2.390s]       |     [01;36m[K^~~~~~~~[m[K
[2.390s] [01m[K/usr/include/c++/11/complex:431:5:[m[K [01;36m[Knote: [m[K  template argument deduction/substitution failed:
[2.390s] In file included from [01m[K/opt/ros/humble/include/rclcpp/rclcpp/logging.hpp:24[m[K,
[2.390s]                  from [01m[K/opt/ros/humble/include/rclcpp/rclcpp/client.hpp:40[m[K,
[2.390s]                  from [01m[K/opt/ros/humble/include/rclcpp/rclcpp/callback_group.hpp:24[m[K,
[2.390s]                  from [01m[K/opt/ros/humble/include/rclcpp/rclcpp/any_executable.hpp:20[m[K,
[2.390s]                  from [01m[K/opt/ros/humble/include/rclcpp/rclcpp/memory_strategy.hpp:25[m[K,
[2.390s]                  from [01m[K/opt/ros/humble/include/rclcpp/rclcpp/memory_strategies.hpp:18[m[K,
[2.390s]                  from [01m[K/opt/ros/humble/include/rclcpp/rclcpp/executor_options.hpp:20[m[K,
[2.390s]                  from [01m[K/opt/ros/humble/include/rclcpp/rclcpp/executor.hpp:37[m[K,
[2.390s]                  from [01m[K/opt/ros/humble/include/rclcpp/rclcpp/executors/multi_threaded_executor.hpp:25[m[K,
[2.390s]                  from [01m[K/opt/ros/humble/include/rclcpp/rclcpp/executors.hpp:21[m[K,
[2.390s]                  from [01m[K/opt/ros/humble/include/rclcpp/rclcpp/rclcpp.hpp:155[m[K,
[2.390s]                  from [01m[K/home/megsindelar/Final_Project/ros_ws/src/img_transform/src/video_frequency.cpp:2[m[K:
[2.390s] [01m[K/home/megsindelar/Final_Project/ros_ws/src/img_transform/src/video_frequency.cpp:67:85:[m[K [01;36m[Knote: [m[K  mismatched types â€˜[01m[Kconst std::complex<_Tp>[m[Kâ€™ and â€˜[01m[Kint[m[Kâ€™
[2.390s]    67 |                 RCLCPP_INFO(rclcpp::get_logger("message"), "Frequency: %f\n", count/[01;36m[Kelapsed[m[K);
[2.390s]       |                                                                                     [01;36m[K^~~~~~~[m[K
[2.390s] In file included from [01m[K/usr/include/opencv4/opencv2/core/cvstd.inl.hpp:47[m[K,
[2.390s]                  from [01m[K/usr/include/opencv4/opencv2/core.hpp:3306[m[K,
[2.390s]                  from [01m[K/usr/include/opencv4/opencv2/core/core.hpp:48[m[K,
[2.390s]                  from [01m[K/opt/ros/humble/include/cv_bridge/cv_bridge/cv_bridge.h:43[m[K,
[2.390s]                  from [01m[K/home/megsindelar/Final_Project/ros_ws/src/img_transform/src/video_frequency.cpp:4[m[K:
[2.390s] [01m[K/usr/include/c++/11/complex:440:5:[m[K [01;36m[Knote: [m[Kcandidate: â€˜[01m[Ktemplate<class _Tp> std::complex<_Tp> std::operator/(const _Tp&, const std::complex<_Tp>&)[m[Kâ€™
[2.390s]   440 |     [01;36m[Koperator[m[K/(const _Tp& __x, const complex<_Tp>& __y)
[2.390s]       |     [01;36m[K^~~~~~~~[m[K
[2.390s] [01m[K/usr/include/c++/11/complex:440:5:[m[K [01;36m[Knote: [m[K  template argument deduction/substitution failed:
[2.390s] In file included from [01m[K/opt/ros/humble/include/rclcpp/rclcpp/logging.hpp:24[m[K,
[2.390s]                  from [01m[K/opt/ros/humble/include/rclcpp/rclcpp/client.hpp:40[m[K,
[2.390s]                  from [01m[K/opt/ros/humble/include/rclcpp/rclcpp/callback_group.hpp:24[m[K,
[2.391s]                  from [01m[K/opt/ros/humble/include/rclcpp/rclcpp/any_executable.hpp:20[m[K,
[2.391s]                  from [01m[K/opt/ros/humble/include/rclcpp/rclcpp/memory_strategy.hpp:25[m[K,
[2.391s]                  from [01m[K/opt/ros/humble/include/rclcpp/rclcpp/memory_strategies.hpp:18[m[K,
[2.391s]                  from [01m[K/opt/ros/humble/include/rclcpp/rclcpp/executor_options.hpp:20[m[K,
[2.391s]                  from [01m[K/opt/ros/humble/include/rclcpp/rclcpp/executor.hpp:37[m[K,
[2.391s]                  from [01m[K/opt/ros/humble/include/rclcpp/rclcpp/executors/multi_threaded_executor.hpp:25[m[K,
[2.391s]                  from [01m[K/opt/ros/humble/include/rclcpp/rclcpp/executors.hpp:21[m[K,
[2.391s]                  from [01m[K/opt/ros/humble/include/rclcpp/rclcpp/rclcpp.hpp:155[m[K,
[2.391s]                  from [01m[K/home/megsindelar/Final_Project/ros_ws/src/img_transform/src/video_frequency.cpp:2[m[K:
[2.391s] [01m[K/home/megsindelar/Final_Project/ros_ws/src/img_transform/src/video_frequency.cpp:67:85:[m[K [01;36m[Knote: [m[K  â€˜[01m[Kstd::chrono::duration<long int, std::ratio<1, 1000000000> >[m[Kâ€™ is not derived from â€˜[01m[Kconst std::complex<_Tp>[m[Kâ€™
[2.391s]    67 |                 RCLCPP_INFO(rclcpp::get_logger("message"), "Frequency: %f\n", count/[01;36m[Kelapsed[m[K);
[2.391s]       |                                                                                     [01;36m[K^~~~~~~[m[K
[2.391s] In file included from [01m[K/usr/include/opencv4/opencv2/core.hpp:56[m[K,
[2.391s]                  from [01m[K/usr/include/opencv4/opencv2/core/core.hpp:48[m[K,
[2.391s]                  from [01m[K/opt/ros/humble/include/cv_bridge/cv_bridge/cv_bridge.h:43[m[K,
[2.391s]                  from [01m[K/home/megsindelar/Final_Project/ros_ws/src/img_transform/src/video_frequency.cpp:4[m[K:
[2.391s] [01m[K/usr/include/opencv4/opencv2/core/matx.hpp:1298:17:[m[K [01;36m[Knote: [m[Kcandidate: â€˜[01m[Ktemplate<class _Tp, int m, int n> cv::Matx<_Tp, m, n> cv::operator/(const cv::Matx<_Tp, m, n>&, float)[m[Kâ€™
[2.391s]  1298 | Matx<_Tp, m, n> [01;36m[Koperator[m[K / (const Matx<_Tp, m, n>& a, float alpha)
[2.391s]       |                 [01;36m[K^~~~~~~~[m[K
[2.391s] [01m[K/usr/include/opencv4/opencv2/core/matx.hpp:1298:17:[m[K [01;36m[Knote: [m[K  template argument deduction/substitution failed:
[2.391s] In file included from [01m[K/opt/ros/humble/include/rclcpp/rclcpp/logging.hpp:24[m[K,
[2.391s]                  from [01m[K/opt/ros/humble/include/rclcpp/rclcpp/client.hpp:40[m[K,
[2.391s]                  from [01m[K/opt/ros/humble/include/rclcpp/rclcpp/callback_group.hpp:24[m[K,
[2.391s]                  from [01m[K/opt/ros/humble/include/rclcpp/rclcpp/any_executable.hpp:20[m[K,
[2.391s]                  from [01m[K/opt/ros/humble/include/rclcpp/rclcpp/memory_strategy.hpp:25[m[K,
[2.391s]                  from [01m[K/opt/ros/humble/include/rclcpp/rclcpp/memory_strategies.hpp:18[m[K,
[2.391s]                  from [01m[K/opt/ros/humble/include/rclcpp/rclcpp/executor_options.hpp:20[m[K,
[2.391s]                  from [01m[K/opt/ros/humble/include/rclcpp/rclcpp/executor.hpp:37[m[K,
[2.391s]                  from [01m[K/opt/ros/humble/include/rclcpp/rclcpp/executors/multi_threaded_executor.hpp:25[m[K,
[2.391s]                  from [01m[K/opt/ros/humble/include/rclcpp/rclcpp/executors.hpp:21[m[K,
[2.391s]                  from [01m[K/opt/ros/humble/include/rclcpp/rclcpp/rclcpp.hpp:155[m[K,
[2.392s]                  from [01m[K/home/megsindelar/Final_Project/ros_ws/src/img_transform/src/video_frequency.cpp:2[m[K:
[2.392s] [01m[K/home/megsindelar/Final_Project/ros_ws/src/img_transform/src/video_frequency.cpp:67:85:[m[K [01;36m[Knote: [m[K  mismatched types â€˜[01m[Kconst cv::Matx<_Tp, m, n>[m[Kâ€™ and â€˜[01m[Kint[m[Kâ€™
[2.392s]    67 |                 RCLCPP_INFO(rclcpp::get_logger("message"), "Frequency: %f\n", count/[01;36m[Kelapsed[m[K);
[2.392s]       |                                                                                     [01;36m[K^~~~~~~[m[K
[2.392s] In file included from [01m[K/usr/include/opencv4/opencv2/core.hpp:56[m[K,
[2.392s]                  from [01m[K/usr/include/opencv4/opencv2/core/core.hpp:48[m[K,
[2.392s]                  from [01m[K/opt/ros/humble/include/cv_bridge/cv_bridge/cv_bridge.h:43[m[K,
[2.392s]                  from [01m[K/home/megsindelar/Final_Project/ros_ws/src/img_transform/src/video_frequency.cpp:4[m[K:
[2.392s] [01m[K/usr/include/opencv4/opencv2/core/matx.hpp:1304:17:[m[K [01;36m[Knote: [m[Kcandidate: â€˜[01m[Ktemplate<class _Tp, int m, int n> cv::Matx<_Tp, m, n> cv::operator/(const cv::Matx<_Tp, m, n>&, double)[m[Kâ€™
[2.392s]  1304 | Matx<_Tp, m, n> [01;36m[Koperator[m[K / (const Matx<_Tp, m, n>& a, double alpha)
[2.392s]       |                 [01;36m[K^~~~~~~~[m[K
[2.392s] [01m[K/usr/include/opencv4/opencv2/core/matx.hpp:1304:17:[m[K [01;36m[Knote: [m[K  template argument deduction/substitution failed:
[2.392s] In file included from [01m[K/opt/ros/humble/include/rclcpp/rclcpp/logging.hpp:24[m[K,
[2.392s]                  from [01m[K/opt/ros/humble/include/rclcpp/rclcpp/client.hpp:40[m[K,
[2.392s]                  from [01m[K/opt/ros/humble/include/rclcpp/rclcpp/callback_group.hpp:24[m[K,
[2.392s]                  from [01m[K/opt/ros/humble/include/rclcpp/rclcpp/any_executable.hpp:20[m[K,
[2.392s]                  from [01m[K/opt/ros/humble/include/rclcpp/rclcpp/memory_strategy.hpp:25[m[K,
[2.392s]                  from [01m[K/opt/ros/humble/include/rclcpp/rclcpp/memory_strategies.hpp:18[m[K,
[2.392s]                  from [01m[K/opt/ros/humble/include/rclcpp/rclcpp/executor_options.hpp:20[m[K,
[2.392s]                  from [01m[K/opt/ros/humble/include/rclcpp/rclcpp/executor.hpp:37[m[K,
[2.392s]                  from [01m[K/opt/ros/humble/include/rclcpp/rclcpp/executors/multi_threaded_executor.hpp:25[m[K,
[2.392s]                  from [01m[K/opt/ros/humble/include/rclcpp/rclcpp/executors.hpp:21[m[K,
[2.392s]                  from [01m[K/opt/ros/humble/include/rclcpp/rclcpp/rclcpp.hpp:155[m[K,
[2.392s]                  from [01m[K/home/megsindelar/Final_Project/ros_ws/src/img_transform/src/video_frequency.cpp:2[m[K:
[2.392s] [01m[K/home/megsindelar/Final_Project/ros_ws/src/img_transform/src/video_frequency.cpp:67:85:[m[K [01;36m[Knote: [m[K  mismatched types â€˜[01m[Kconst cv::Matx<_Tp, m, n>[m[Kâ€™ and â€˜[01m[Kint[m[Kâ€™
[2.392s]    67 |                 RCLCPP_INFO(rclcpp::get_logger("message"), "Frequency: %f\n", count/[01;36m[Kelapsed[m[K);
[2.392s]       |                                                                                     [01;36m[K^~~~~~~[m[K
[2.392s] In file included from [01m[K/usr/include/opencv4/opencv2/core.hpp:56[m[K,
[2.392s]                  from [01m[K/usr/include/opencv4/opencv2/core/core.hpp:48[m[K,
[2.392s]                  from [01m[K/opt/ros/humble/include/cv_bridge/cv_bridge/cv_bridge.h:43[m[K,
[2.392s]                  from [01m[K/home/megsindelar/Final_Project/ros_ws/src/img_transform/src/video_frequency.cpp:4[m[K:
[2.393s] [01m[K/usr/include/opencv4/opencv2/core/matx.hpp:1465:14:[m[K [01;36m[Knote: [m[Kcandidate: â€˜[01m[Ktemplate<class _Tp, int cn> cv::Vec<_Tp, m> cv::operator/(const cv::Vec<_Tp, m>&, int)[m[Kâ€™
[2.393s]  1465 | Vec<_Tp, cn> [01;36m[Koperator[m[K / (const Vec<_Tp, cn>& a, int alpha)
[2.393s]       |              [01;36m[K^~~~~~~~[m[K
[2.393s] [01m[K/usr/include/opencv4/opencv2/core/matx.hpp:1465:14:[m[K [01;36m[Knote: [m[K  template argument deduction/substitution failed:
[2.393s] In file included from [01m[K/opt/ros/humble/include/rclcpp/rclcpp/logging.hpp:24[m[K,
[2.393s]                  from [01m[K/opt/ros/humble/include/rclcpp/rclcpp/client.hpp:40[m[K,
[2.393s]                  from [01m[K/opt/ros/humble/include/rclcpp/rclcpp/callback_group.hpp:24[m[K,
[2.393s]                  from [01m[K/opt/ros/humble/include/rclcpp/rclcpp/any_executable.hpp:20[m[K,
[2.393s]                  from [01m[K/opt/ros/humble/include/rclcpp/rclcpp/memory_strategy.hpp:25[m[K,
[2.393s]                  from [01m[K/opt/ros/humble/include/rclcpp/rclcpp/memory_strategies.hpp:18[m[K,
[2.393s]                  from [01m[K/opt/ros/humble/include/rclcpp/rclcpp/executor_options.hpp:20[m[K,
[2.393s]                  from [01m[K/opt/ros/humble/include/rclcpp/rclcpp/executor.hpp:37[m[K,
[2.393s]                  from [01m[K/opt/ros/humble/include/rclcpp/rclcpp/executors/multi_threaded_executor.hpp:25[m[K,
[2.393s]                  from [01m[K/opt/ros/humble/include/rclcpp/rclcpp/executors.hpp:21[m[K,
[2.393s]                  from [01m[K/opt/ros/humble/include/rclcpp/rclcpp/rclcpp.hpp:155[m[K,
[2.393s]                  from [01m[K/home/megsindelar/Final_Project/ros_ws/src/img_transform/src/video_frequency.cpp:2[m[K:
[2.393s] [01m[K/home/megsindelar/Final_Project/ros_ws/src/img_transform/src/video_frequency.cpp:67:85:[m[K [01;36m[Knote: [m[K  mismatched types â€˜[01m[Kconst cv::Vec<_Tp, m>[m[Kâ€™ and â€˜[01m[Kint[m[Kâ€™
[2.393s]    67 |                 RCLCPP_INFO(rclcpp::get_logger("message"), "Frequency: %f\n", count/[01;36m[Kelapsed[m[K);
[2.393s]       |                                                                                     [01;36m[K^~~~~~~[m[K
[2.393s] In file included from [01m[K/usr/include/opencv4/opencv2/core.hpp:56[m[K,
[2.393s]                  from [01m[K/usr/include/opencv4/opencv2/core/core.hpp:48[m[K,
[2.393s]                  from [01m[K/opt/ros/humble/include/cv_bridge/cv_bridge/cv_bridge.h:43[m[K,
[2.393s]                  from [01m[K/home/megsindelar/Final_Project/ros_ws/src/img_transform/src/video_frequency.cpp:4[m[K:
[2.393s] [01m[K/usr/include/opencv4/opencv2/core/matx.hpp:1471:14:[m[K [01;36m[Knote: [m[Kcandidate: â€˜[01m[Ktemplate<class _Tp, int cn> cv::Vec<_Tp, m> cv::operator/(const cv::Vec<_Tp, m>&, float)[m[Kâ€™
[2.393s]  1471 | Vec<_Tp, cn> [01;36m[Koperator[m[K / (const Vec<_Tp, cn>& a, float alpha)
[2.393s]       |              [01;36m[K^~~~~~~~[m[K
[2.393s] [01m[K/usr/include/opencv4/opencv2/core/matx.hpp:1471:14:[m[K [01;36m[Knote: [m[K  template argument deduction/substitution failed:
[2.393s] In file included from [01m[K/opt/ros/humble/include/rclcpp/rclcpp/logging.hpp:24[m[K,
[2.393s]                  from [01m[K/opt/ros/humble/include/rclcpp/rclcpp/client.hpp:40[m[K,
[2.393s]                  from [01m[K/opt/ros/humble/include/rclcpp/rclcpp/callback_group.hpp:24[m[K,
[2.393s]                  from [01m[K/opt/ros/humble/include/rclcpp/rclcpp/any_executable.hpp:20[m[K,
[2.393s]                  from [01m[K/opt/ros/humble/include/rclcpp/rclcpp/memory_strategy.hpp:25[m[K,
[2.394s]                  from [01m[K/opt/ros/humble/include/rclcpp/rclcpp/memory_strategies.hpp:18[m[K,
[2.394s]                  from [01m[K/opt/ros/humble/include/rclcpp/rclcpp/executor_options.hpp:20[m[K,
[2.394s]                  from [01m[K/opt/ros/humble/include/rclcpp/rclcpp/executor.hpp:37[m[K,
[2.394s]                  from [01m[K/opt/ros/humble/include/rclcpp/rclcpp/executors/multi_threaded_executor.hpp:25[m[K,
[2.394s]                  from [01m[K/opt/ros/humble/include/rclcpp/rclcpp/executors.hpp:21[m[K,
[2.394s]                  from [01m[K/opt/ros/humble/include/rclcpp/rclcpp/rclcpp.hpp:155[m[K,
[2.394s]                  from [01m[K/home/megsindelar/Final_Project/ros_ws/src/img_transform/src/video_frequency.cpp:2[m[K:
[2.394s] [01m[K/home/megsindelar/Final_Project/ros_ws/src/img_transform/src/video_frequency.cpp:67:85:[m[K [01;36m[Knote: [m[K  mismatched types â€˜[01m[Kconst cv::Vec<_Tp, m>[m[Kâ€™ and â€˜[01m[Kint[m[Kâ€™
[2.394s]    67 |                 RCLCPP_INFO(rclcpp::get_logger("message"), "Frequency: %f\n", count/[01;36m[Kelapsed[m[K);
[2.394s]       |                                                                                     [01;36m[K^~~~~~~[m[K
[2.394s] In file included from [01m[K/usr/include/opencv4/opencv2/core.hpp:56[m[K,
[2.394s]                  from [01m[K/usr/include/opencv4/opencv2/core/core.hpp:48[m[K,
[2.394s]                  from [01m[K/opt/ros/humble/include/cv_bridge/cv_bridge/cv_bridge.h:43[m[K,
[2.394s]                  from [01m[K/home/megsindelar/Final_Project/ros_ws/src/img_transform/src/video_frequency.cpp:4[m[K:
[2.394s] [01m[K/usr/include/opencv4/opencv2/core/matx.hpp:1477:14:[m[K [01;36m[Knote: [m[Kcandidate: â€˜[01m[Ktemplate<class _Tp, int cn> cv::Vec<_Tp, m> cv::operator/(const cv::Vec<_Tp, m>&, double)[m[Kâ€™
[2.394s]  1477 | Vec<_Tp, cn> [01;36m[Koperator[m[K / (const Vec<_Tp, cn>& a, double alpha)
[2.394s]       |              [01;36m[K^~~~~~~~[m[K
[2.394s] [01m[K/usr/include/opencv4/opencv2/core/matx.hpp:1477:14:[m[K [01;36m[Knote: [m[K  template argument deduction/substitution failed:
[2.394s] In file included from [01m[K/opt/ros/humble/include/rclcpp/rclcpp/logging.hpp:24[m[K,
[2.394s]                  from [01m[K/opt/ros/humble/include/rclcpp/rclcpp/client.hpp:40[m[K,
[2.394s]                  from [01m[K/opt/ros/humble/include/rclcpp/rclcpp/callback_group.hpp:24[m[K,
[2.394s]                  from [01m[K/opt/ros/humble/include/rclcpp/rclcpp/any_executable.hpp:20[m[K,
[2.394s]                  from [01m[K/opt/ros/humble/include/rclcpp/rclcpp/memory_strategy.hpp:25[m[K,
[2.394s]                  from [01m[K/opt/ros/humble/include/rclcpp/rclcpp/memory_strategies.hpp:18[m[K,
[2.394s]                  from [01m[K/opt/ros/humble/include/rclcpp/rclcpp/executor_options.hpp:20[m[K,
[2.394s]                  from [01m[K/opt/ros/humble/include/rclcpp/rclcpp/executor.hpp:37[m[K,
[2.394s]                  from [01m[K/opt/ros/humble/include/rclcpp/rclcpp/executors/multi_threaded_executor.hpp:25[m[K,
[2.394s]                  from [01m[K/opt/ros/humble/include/rclcpp/rclcpp/executors.hpp:21[m[K,
[2.394s]                  from [01m[K/opt/ros/humble/include/rclcpp/rclcpp/rclcpp.hpp:155[m[K,
[2.394s]                  from [01m[K/home/megsindelar/Final_Project/ros_ws/src/img_transform/src/video_frequency.cpp:2[m[K:
[2.394s] [01m[K/home/megsindelar/Final_Project/ros_ws/src/img_transform/src/video_frequency.cpp:67:85:[m[K [01;36m[Knote: [m[K  mismatched types â€˜[01m[Kconst cv::Vec<_Tp, m>[m[Kâ€™ and â€˜[01m[Kint[m[Kâ€™
[2.395s]    67 |                 RCLCPP_INFO(rclcpp::get_logger("message"), "Frequency: %f\n", count/[01;36m[Kelapsed[m[K);
[2.395s]       |                                                                                     [01;36m[K^~~~~~~[m[K
[2.395s] In file included from [01m[K/usr/include/opencv4/opencv2/core.hpp:57[m[K,
[2.395s]                  from [01m[K/usr/include/opencv4/opencv2/core/core.hpp:48[m[K,
[2.395s]                  from [01m[K/opt/ros/humble/include/cv_bridge/cv_bridge/cv_bridge.h:43[m[K,
[2.395s]                  from [01m[K/home/megsindelar/Final_Project/ros_ws/src/img_transform/src/video_frequency.cpp:4[m[K:
[2.395s] [01m[K/usr/include/opencv4/opencv2/core/types.hpp:1137:14:[m[K [01;36m[Knote: [m[Kcandidate: â€˜[01m[Ktemplate<class _Tp> cv::Complex<_Tp> cv::operator/(const cv::Complex<_Tp>&, const cv::Complex<_Tp>&)[m[Kâ€™
[2.395s]  1137 | Complex<_Tp> [01;36m[Koperator[m[K / (const Complex<_Tp>& a, const Complex<_Tp>& b)
[2.395s]       |              [01;36m[K^~~~~~~~[m[K
[2.395s] [01m[K/usr/include/opencv4/opencv2/core/types.hpp:1137:14:[m[K [01;36m[Knote: [m[K  template argument deduction/substitution failed:
[2.395s] In file included from [01m[K/opt/ros/humble/include/rclcpp/rclcpp/logging.hpp:24[m[K,
[2.395s]                  from [01m[K/opt/ros/humble/include/rclcpp/rclcpp/client.hpp:40[m[K,
[2.395s]                  from [01m[K/opt/ros/humble/include/rclcpp/rclcpp/callback_group.hpp:24[m[K,
[2.395s]                  from [01m[K/opt/ros/humble/include/rclcpp/rclcpp/any_executable.hpp:20[m[K,
[2.395s]                  from [01m[K/opt/ros/humble/include/rclcpp/rclcpp/memory_strategy.hpp:25[m[K,
[2.395s]                  from [01m[K/opt/ros/humble/include/rclcpp/rclcpp/memory_strategies.hpp:18[m[K,
[2.395s]                  from [01m[K/opt/ros/humble/include/rclcpp/rclcpp/executor_options.hpp:20[m[K,
[2.395s]                  from [01m[K/opt/ros/humble/include/rclcpp/rclcpp/executor.hpp:37[m[K,
[2.395s]                  from [01m[K/opt/ros/humble/include/rclcpp/rclcpp/executors/multi_threaded_executor.hpp:25[m[K,
[2.395s]                  from [01m[K/opt/ros/humble/include/rclcpp/rclcpp/executors.hpp:21[m[K,
[2.395s]                  from [01m[K/opt/ros/humble/include/rclcpp/rclcpp/rclcpp.hpp:155[m[K,
[2.395s]                  from [01m[K/home/megsindelar/Final_Project/ros_ws/src/img_transform/src/video_frequency.cpp:2[m[K:
[2.395s] [01m[K/home/megsindelar/Final_Project/ros_ws/src/img_transform/src/video_frequency.cpp:67:85:[m[K [01;36m[Knote: [m[K  mismatched types â€˜[01m[Kconst cv::Complex<_Tp>[m[Kâ€™ and â€˜[01m[Kint[m[Kâ€™
[2.395s]    67 |                 RCLCPP_INFO(rclcpp::get_logger("message"), "Frequency: %f\n", count/[01;36m[Kelapsed[m[K);
[2.395s]       |                                                                                     [01;36m[K^~~~~~~[m[K
[2.395s] In file included from [01m[K/usr/include/opencv4/opencv2/core.hpp:57[m[K,
[2.395s]                  from [01m[K/usr/include/opencv4/opencv2/core/core.hpp:48[m[K,
[2.395s]                  from [01m[K/opt/ros/humble/include/cv_bridge/cv_bridge/cv_bridge.h:43[m[K,
[2.395s]                  from [01m[K/home/megsindelar/Final_Project/ros_ws/src/img_transform/src/video_frequency.cpp:4[m[K:
[2.396s] [01m[K/usr/include/opencv4/opencv2/core/types.hpp:1152:14:[m[K [01;36m[Knote: [m[Kcandidate: â€˜[01m[Ktemplate<class _Tp> cv::Complex<_Tp> cv::operator/(const cv::Complex<_Tp>&, _Tp)[m[Kâ€™
[2.396s]  1152 | Complex<_Tp> [01;36m[Koperator[m[K / (const Complex<_Tp>& a, _Tp b)
[2.396s]       |              [01;36m[K^~~~~~~~[m[K
[2.396s] [01m[K/usr/include/opencv4/opencv2/core/types.hpp:1152:14:[m[K [01;36m[Knote: [m[K  template argument deduction/substitution failed:
[2.396s] In file included from [01m[K/opt/ros/humble/include/rclcpp/rclcpp/logging.hpp:24[m[K,
[2.396s]                  from [01m[K/opt/ros/humble/include/rclcpp/rclcpp/client.hpp:40[m[K,
[2.396s]                  from [01m[K/opt/ros/humble/include/rclcpp/rclcpp/callback_group.hpp:24[m[K,
[2.396s]                  from [01m[K/opt/ros/humble/include/rclcpp/rclcpp/any_executable.hpp:20[m[K,
[2.396s]                  from [01m[K/opt/ros/humble/include/rclcpp/rclcpp/memory_strategy.hpp:25[m[K,
[2.396s]                  from [01m[K/opt/ros/humble/include/rclcpp/rclcpp/memory_strategies.hpp:18[m[K,
[2.396s]                  from [01m[K/opt/ros/humble/include/rclcpp/rclcpp/executor_options.hpp:20[m[K,
[2.396s]                  from [01m[K/opt/ros/humble/include/rclcpp/rclcpp/executor.hpp:37[m[K,
[2.396s]                  from [01m[K/opt/ros/humble/include/rclcpp/rclcpp/executors/multi_threaded_executor.hpp:25[m[K,
[2.396s]                  from [01m[K/opt/ros/humble/include/rclcpp/rclcpp/executors.hpp:21[m[K,
[2.396s]                  from [01m[K/opt/ros/humble/include/rclcpp/rclcpp/rclcpp.hpp:155[m[K,
[2.396s]                  from [01m[K/home/megsindelar/Final_Project/ros_ws/src/img_transform/src/video_frequency.cpp:2[m[K:
[2.396s] [01m[K/home/megsindelar/Final_Project/ros_ws/src/img_transform/src/video_frequency.cpp:67:85:[m[K [01;36m[Knote: [m[K  mismatched types â€˜[01m[Kconst cv::Complex<_Tp>[m[Kâ€™ and â€˜[01m[Kint[m[Kâ€™
[2.396s]    67 |                 RCLCPP_INFO(rclcpp::get_logger("message"), "Frequency: %f\n", count/[01;36m[Kelapsed[m[K);
[2.396s]       |                                                                                     [01;36m[K^~~~~~~[m[K
[2.396s] In file included from [01m[K/usr/include/opencv4/opencv2/core.hpp:57[m[K,
[2.396s]                  from [01m[K/usr/include/opencv4/opencv2/core/core.hpp:48[m[K,
[2.396s]                  from [01m[K/opt/ros/humble/include/cv_bridge/cv_bridge/cv_bridge.h:43[m[K,
[2.396s]                  from [01m[K/home/megsindelar/Final_Project/ros_ws/src/img_transform/src/video_frequency.cpp:4[m[K:
[2.396s] [01m[K/usr/include/opencv4/opencv2/core/types.hpp:1159:14:[m[K [01;36m[Knote: [m[Kcandidate: â€˜[01m[Ktemplate<class _Tp> cv::Complex<_Tp> cv::operator/(_Tp, const cv::Complex<_Tp>&)[m[Kâ€™
[2.396s]  1159 | Complex<_Tp> [01;36m[Koperator[m[K / (_Tp b, const Complex<_Tp>& a)
[2.396s]       |              [01;36m[K^~~~~~~~[m[K
[2.396s] [01m[K/usr/include/opencv4/opencv2/core/types.hpp:1159:14:[m[K [01;36m[Knote: [m[K  template argument deduction/substitution failed:
[2.396s] In file included from [01m[K/opt/ros/humble/include/rclcpp/rclcpp/logging.hpp:24[m[K,
[2.396s]                  from [01m[K/opt/ros/humble/include/rclcpp/rclcpp/client.hpp:40[m[K,
[2.396s]                  from [01m[K/opt/ros/humble/include/rclcpp/rclcpp/callback_group.hpp:24[m[K,
[2.396s]                  from [01m[K/opt/ros/humble/include/rclcpp/rclcpp/any_executable.hpp:20[m[K,
[2.396s]                  from [01m[K/opt/ros/humble/include/rclcpp/rclcpp/memory_strategy.hpp:25[m[K,
[2.397s]                  from [01m[K/opt/ros/humble/include/rclcpp/rclcpp/memory_strategies.hpp:18[m[K,
[2.397s]                  from [01m[K/opt/ros/humble/include/rclcpp/rclcpp/executor_options.hpp:20[m[K,
[2.397s]                  from [01m[K/opt/ros/humble/include/rclcpp/rclcpp/executor.hpp:37[m[K,
[2.397s]                  from [01m[K/opt/ros/humble/include/rclcpp/rclcpp/executors/multi_threaded_executor.hpp:25[m[K,
[2.397s]                  from [01m[K/opt/ros/humble/include/rclcpp/rclcpp/executors.hpp:21[m[K,
[2.397s]                  from [01m[K/opt/ros/humble/include/rclcpp/rclcpp/rclcpp.hpp:155[m[K,
[2.397s]                  from [01m[K/home/megsindelar/Final_Project/ros_ws/src/img_transform/src/video_frequency.cpp:2[m[K:
[2.397s] [01m[K/home/megsindelar/Final_Project/ros_ws/src/img_transform/src/video_frequency.cpp:67:85:[m[K [01;36m[Knote: [m[K  â€˜[01m[Kstd::chrono::duration<long int, std::ratio<1, 1000000000> >[m[Kâ€™ is not derived from â€˜[01m[Kconst cv::Complex<_Tp>[m[Kâ€™
[2.397s]    67 |                 RCLCPP_INFO(rclcpp::get_logger("message"), "Frequency: %f\n", count/[01;36m[Kelapsed[m[K);
[2.397s]       |                                                                                     [01;36m[K^~~~~~~[m[K
[2.397s] In file included from [01m[K/usr/include/opencv4/opencv2/core.hpp:57[m[K,
[2.397s]                  from [01m[K/usr/include/opencv4/opencv2/core/core.hpp:48[m[K,
[2.397s]                  from [01m[K/opt/ros/humble/include/cv_bridge/cv_bridge/cv_bridge.h:43[m[K,
[2.397s]                  from [01m[K/home/megsindelar/Final_Project/ros_ws/src/img_transform/src/video_frequency.cpp:4[m[K:
[2.397s] [01m[K/usr/include/opencv4/opencv2/core/types.hpp:1401:13:[m[K [01;36m[Knote: [m[Kcandidate: â€˜[01m[Ktemplate<class _Tp> cv::Point_<_Tp> cv::operator/(const cv::Point_<_Tp>&, int)[m[Kâ€™
[2.397s]  1401 | Point_<_Tp> [01;36m[Koperator[m[K / (const Point_<_Tp>& a, int b)
[2.397s]       |             [01;36m[K^~~~~~~~[m[K
[2.397s] [01m[K/usr/include/opencv4/opencv2/core/types.hpp:1401:13:[m[K [01;36m[Knote: [m[K  template argument deduction/substitution failed:
[2.397s] In file included from [01m[K/opt/ros/humble/include/rclcpp/rclcpp/logging.hpp:24[m[K,
[2.397s]                  from [01m[K/opt/ros/humble/include/rclcpp/rclcpp/client.hpp:40[m[K,
[2.397s]                  from [01m[K/opt/ros/humble/include/rclcpp/rclcpp/callback_group.hpp:24[m[K,
[2.397s]                  from [01m[K/opt/ros/humble/include/rclcpp/rclcpp/any_executable.hpp:20[m[K,
[2.397s]                  from [01m[K/opt/ros/humble/include/rclcpp/rclcpp/memory_strategy.hpp:25[m[K,
[2.397s]                  from [01m[K/opt/ros/humble/include/rclcpp/rclcpp/memory_strategies.hpp:18[m[K,
[2.397s]                  from [01m[K/opt/ros/humble/include/rclcpp/rclcpp/executor_options.hpp:20[m[K,
[2.397s]                  from [01m[K/opt/ros/humble/include/rclcpp/rclcpp/executor.hpp:37[m[K,
[2.397s]                  from [01m[K/opt/ros/humble/include/rclcpp/rclcpp/executors/multi_threaded_executor.hpp:25[m[K,
[2.397s]                  from [01m[K/opt/ros/humble/include/rclcpp/rclcpp/executors.hpp:21[m[K,
[2.397s]                  from [01m[K/opt/ros/humble/include/rclcpp/rclcpp/rclcpp.hpp:155[m[K,
[2.397s]                  from [01m[K/home/megsindelar/Final_Project/ros_ws/src/img_transform/src/video_frequency.cpp:2[m[K:
[2.397s] [01m[K/home/megsindelar/Final_Project/ros_ws/src/img_transform/src/video_frequency.cpp:67:85:[m[K [01;36m[Knote: [m[K  mismatched types â€˜[01m[Kconst cv::Point_<_Tp>[m[Kâ€™ and â€˜[01m[Kint[m[Kâ€™
[2.398s]    67 |                 RCLCPP_INFO(rclcpp::get_logger("message"), "Frequency: %f\n", count/[01;36m[Kelapsed[m[K);
[2.398s]       |                                                                                     [01;36m[K^~~~~~~[m[K
[2.398s] In file included from [01m[K/usr/include/opencv4/opencv2/core.hpp:57[m[K,
[2.398s]                  from [01m[K/usr/include/opencv4/opencv2/core/core.hpp:48[m[K,
[2.398s]                  from [01m[K/opt/ros/humble/include/cv_bridge/cv_bridge/cv_bridge.h:43[m[K,
[2.398s]                  from [01m[K/home/megsindelar/Final_Project/ros_ws/src/img_transform/src/video_frequency.cpp:4[m[K:
[2.398s] [01m[K/usr/include/opencv4/opencv2/core/types.hpp:1409:13:[m[K [01;36m[Knote: [m[Kcandidate: â€˜[01m[Ktemplate<class _Tp> cv::Point_<_Tp> cv::operator/(const cv::Point_<_Tp>&, float)[m[Kâ€™
[2.398s]  1409 | Point_<_Tp> [01;36m[Koperator[m[K / (const Point_<_Tp>& a, float b)
[2.398s]       |             [01;36m[K^~~~~~~~[m[K
[2.398s] [01m[K/usr/include/opencv4/opencv2/core/types.hpp:1409:13:[m[K [01;36m[Knote: [m[K  template argument deduction/substitution failed:
[2.398s] In file included from [01m[K/opt/ros/humble/include/rclcpp/rclcpp/logging.hpp:24[m[K,
[2.398s]                  from [01m[K/opt/ros/humble/include/rclcpp/rclcpp/client.hpp:40[m[K,
[2.398s]                  from [01m[K/opt/ros/humble/include/rclcpp/rclcpp/callback_group.hpp:24[m[K,
[2.398s]                  from [01m[K/opt/ros/humble/include/rclcpp/rclcpp/any_executable.hpp:20[m[K,
[2.398s]                  from [01m[K/opt/ros/humble/include/rclcpp/rclcpp/memory_strategy.hpp:25[m[K,
[2.398s]                  from [01m[K/opt/ros/humble/include/rclcpp/rclcpp/memory_strategies.hpp:18[m[K,
[2.398s]                  from [01m[K/opt/ros/humble/include/rclcpp/rclcpp/executor_options.hpp:20[m[K,
[2.398s]                  from [01m[K/opt/ros/humble/include/rclcpp/rclcpp/executor.hpp:37[m[K,
[2.398s]                  from [01m[K/opt/ros/humble/include/rclcpp/rclcpp/executors/multi_threaded_executor.hpp:25[m[K,
[2.398s]                  from [01m[K/opt/ros/humble/include/rclcpp/rclcpp/executors.hpp:21[m[K,
[2.398s]                  from [01m[K/opt/ros/humble/include/rclcpp/rclcpp/rclcpp.hpp:155[m[K,
[2.398s]                  from [01m[K/home/megsindelar/Final_Project/ros_ws/src/img_transform/src/video_frequency.cpp:2[m[K:
[2.398s] [01m[K/home/megsindelar/Final_Project/ros_ws/src/img_transform/src/video_frequency.cpp:67:85:[m[K [01;36m[Knote: [m[K  mismatched types â€˜[01m[Kconst cv::Point_<_Tp>[m[Kâ€™ and â€˜[01m[Kint[m[Kâ€™
[2.398s]    67 |                 RCLCPP_INFO(rclcpp::get_logger("message"), "Frequency: %f\n", count/[01;36m[Kelapsed[m[K);
[2.398s]       |                                                                                     [01;36m[K^~~~~~~[m[K
[2.398s] In file included from [01m[K/usr/include/opencv4/opencv2/core.hpp:57[m[K,
[2.398s]                  from [01m[K/usr/include/opencv4/opencv2/core/core.hpp:48[m[K,
[2.398s]                  from [01m[K/opt/ros/humble/include/cv_bridge/cv_bridge/cv_bridge.h:43[m[K,
[2.398s]                  from [01m[K/home/megsindelar/Final_Project/ros_ws/src/img_transform/src/video_frequency.cpp:4[m[K:
[2.398s] [01m[K/usr/include/opencv4/opencv2/core/types.hpp:1417:13:[m[K [01;36m[Knote: [m[Kcandidate: â€˜[01m[Ktemplate<class _Tp> cv::Point_<_Tp> cv::operator/(const cv::Point_<_Tp>&, double)[m[Kâ€™
[2.398s]  1417 | Point_<_Tp> [01;36m[Koperator[m[K / (const Point_<_Tp>& a, double b)
[2.399s]       |             [01;36m[K^~~~~~~~[m[K
[2.399s] [01m[K/usr/include/opencv4/opencv2/core/types.hpp:1417:13:[m[K [01;36m[Knote: [m[K  template argument deduction/substitution failed:
[2.399s] In file included from [01m[K/opt/ros/humble/include/rclcpp/rclcpp/logging.hpp:24[m[K,
[2.399s]                  from [01m[K/opt/ros/humble/include/rclcpp/rclcpp/client.hpp:40[m[K,
[2.399s]                  from [01m[K/opt/ros/humble/include/rclcpp/rclcpp/callback_group.hpp:24[m[K,
[2.399s]                  from [01m[K/opt/ros/humble/include/rclcpp/rclcpp/any_executable.hpp:20[m[K,
[2.399s]                  from [01m[K/opt/ros/humble/include/rclcpp/rclcpp/memory_strategy.hpp:25[m[K,
[2.399s]                  from [01m[K/opt/ros/humble/include/rclcpp/rclcpp/memory_strategies.hpp:18[m[K,
[2.399s]                  from [01m[K/opt/ros/humble/include/rclcpp/rclcpp/executor_options.hpp:20[m[K,
[2.399s]                  from [01m[K/opt/ros/humble/include/rclcpp/rclcpp/executor.hpp:37[m[K,
[2.399s]                  from [01m[K/opt/ros/humble/include/rclcpp/rclcpp/executors/multi_threaded_executor.hpp:25[m[K,
[2.399s]                  from [01m[K/opt/ros/humble/include/rclcpp/rclcpp/executors.hpp:21[m[K,
[2.399s]                  from [01m[K/opt/ros/humble/include/rclcpp/rclcpp/rclcpp.hpp:155[m[K,
[2.399s]                  from [01m[K/home/megsindelar/Final_Project/ros_ws/src/img_transform/src/video_frequency.cpp:2[m[K:
[2.399s] [01m[K/home/megsindelar/Final_Project/ros_ws/src/img_transform/src/video_frequency.cpp:67:85:[m[K [01;36m[Knote: [m[K  mismatched types â€˜[01m[Kconst cv::Point_<_Tp>[m[Kâ€™ and â€˜[01m[Kint[m[Kâ€™
[2.399s]    67 |                 RCLCPP_INFO(rclcpp::get_logger("message"), "Frequency: %f\n", count/[01;36m[Kelapsed[m[K);
[2.399s]       |                                                                                     [01;36m[K^~~~~~~[m[K
[2.399s] In file included from [01m[K/usr/include/opencv4/opencv2/core.hpp:57[m[K,
[2.399s]                  from [01m[K/usr/include/opencv4/opencv2/core/core.hpp:48[m[K,
[2.399s]                  from [01m[K/opt/ros/humble/include/cv_bridge/cv_bridge/cv_bridge.h:43[m[K,
[2.399s]                  from [01m[K/home/megsindelar/Final_Project/ros_ws/src/img_transform/src/video_frequency.cpp:4[m[K:
[2.399s] [01m[K/usr/include/opencv4/opencv2/core/types.hpp:1669:14:[m[K [01;36m[Knote: [m[Kcandidate: â€˜[01m[Ktemplate<class _Tp> cv::Point3_<_Tp> cv::operator/(const cv::Point3_<_Tp>&, int)[m[Kâ€™
[2.399s]  1669 | Point3_<_Tp> [01;36m[Koperator[m[K / (const Point3_<_Tp>& a, int b)
[2.399s]       |              [01;36m[K^~~~~~~~[m[K
[2.399s] [01m[K/usr/include/opencv4/opencv2/core/types.hpp:1669:14:[m[K [01;36m[Knote: [m[K  template argument deduction/substitution failed:
[2.399s] In file included from [01m[K/opt/ros/humble/include/rclcpp/rclcpp/logging.hpp:24[m[K,
[2.399s]                  from [01m[K/opt/ros/humble/include/rclcpp/rclcpp/client.hpp:40[m[K,
[2.399s]                  from [01m[K/opt/ros/humble/include/rclcpp/rclcpp/callback_group.hpp:24[m[K,
[2.399s]                  from [01m[K/opt/ros/humble/include/rclcpp/rclcpp/any_executable.hpp:20[m[K,
[2.399s]                  from [01m[K/opt/ros/humble/include/rclcpp/rclcpp/memory_strategy.hpp:25[m[K,
[2.399s]                  from [01m[K/opt/ros/humble/include/rclcpp/rclcpp/memory_strategies.hpp:18[m[K,
[2.399s]                  from [01m[K/opt/ros/humble/include/rclcpp/rclcpp/executor_options.hpp:20[m[K,
[2.400s]                  from [01m[K/opt/ros/humble/include/rclcpp/rclcpp/executor.hpp:37[m[K,
[2.400s]                  from [01m[K/opt/ros/humble/include/rclcpp/rclcpp/executors/multi_threaded_executor.hpp:25[m[K,
[2.400s]                  from [01m[K/opt/ros/humble/include/rclcpp/rclcpp/executors.hpp:21[m[K,
[2.400s]                  from [01m[K/opt/ros/humble/include/rclcpp/rclcpp/rclcpp.hpp:155[m[K,
[2.400s]                  from [01m[K/home/megsindelar/Final_Project/ros_ws/src/img_transform/src/video_frequency.cpp:2[m[K:
[2.400s] [01m[K/home/megsindelar/Final_Project/ros_ws/src/img_transform/src/video_frequency.cpp:67:85:[m[K [01;36m[Knote: [m[K  mismatched types â€˜[01m[Kconst cv::Point3_<_Tp>[m[Kâ€™ and â€˜[01m[Kint[m[Kâ€™
[2.400s]    67 |                 RCLCPP_INFO(rclcpp::get_logger("message"), "Frequency: %f\n", count/[01;36m[Kelapsed[m[K);
[2.400s]       |                                                                                     [01;36m[K^~~~~~~[m[K
[2.400s] In file included from [01m[K/usr/include/opencv4/opencv2/core.hpp:57[m[K,
[2.400s]                  from [01m[K/usr/include/opencv4/opencv2/core/core.hpp:48[m[K,
[2.400s]                  from [01m[K/opt/ros/humble/include/cv_bridge/cv_bridge/cv_bridge.h:43[m[K,
[2.400s]                  from [01m[K/home/megsindelar/Final_Project/ros_ws/src/img_transform/src/video_frequency.cpp:4[m[K:
[2.400s] [01m[K/usr/include/opencv4/opencv2/core/types.hpp:1677:14:[m[K [01;36m[Knote: [m[Kcandidate: â€˜[01m[Ktemplate<class _Tp> cv::Point3_<_Tp> cv::operator/(const cv::Point3_<_Tp>&, float)[m[Kâ€™
[2.400s]  1677 | Point3_<_Tp> [01;36m[Koperator[m[K / (const Point3_<_Tp>& a, float b)
[2.400s]       |              [01;36m[K^~~~~~~~[m[K
[2.400s] [01m[K/usr/include/opencv4/opencv2/core/types.hpp:1677:14:[m[K [01;36m[Knote: [m[K  template argument deduction/substitution failed:
[2.400s] In file included from [01m[K/opt/ros/humble/include/rclcpp/rclcpp/logging.hpp:24[m[K,
[2.400s]                  from [01m[K/opt/ros/humble/include/rclcpp/rclcpp/client.hpp:40[m[K,
[2.400s]                  from [01m[K/opt/ros/humble/include/rclcpp/rclcpp/callback_group.hpp:24[m[K,
[2.400s]                  from [01m[K/opt/ros/humble/include/rclcpp/rclcpp/any_executable.hpp:20[m[K,
[2.400s]                  from [01m[K/opt/ros/humble/include/rclcpp/rclcpp/memory_strategy.hpp:25[m[K,
[2.400s]                  from [01m[K/opt/ros/humble/include/rclcpp/rclcpp/memory_strategies.hpp:18[m[K,
[2.400s]                  from [01m[K/opt/ros/humble/include/rclcpp/rclcpp/executor_options.hpp:20[m[K,
[2.400s]                  from [01m[K/opt/ros/humble/include/rclcpp/rclcpp/executor.hpp:37[m[K,
[2.400s]                  from [01m[K/opt/ros/humble/include/rclcpp/rclcpp/executors/multi_threaded_executor.hpp:25[m[K,
[2.400s]                  from [01m[K/opt/ros/humble/include/rclcpp/rclcpp/executors.hpp:21[m[K,
[2.400s]                  from [01m[K/opt/ros/humble/include/rclcpp/rclcpp/rclcpp.hpp:155[m[K,
[2.400s]                  from [01m[K/home/megsindelar/Final_Project/ros_ws/src/img_transform/src/video_frequency.cpp:2[m[K:
[2.400s] [01m[K/home/megsindelar/Final_Project/ros_ws/src/img_transform/src/video_frequency.cpp:67:85:[m[K [01;36m[Knote: [m[K  mismatched types â€˜[01m[Kconst cv::Point3_<_Tp>[m[Kâ€™ and â€˜[01m[Kint[m[Kâ€™
[2.400s]    67 |                 RCLCPP_INFO(rclcpp::get_logger("message"), "Frequency: %f\n", count/[01;36m[Kelapsed[m[K);
[2.400s]       |                                                                                     [01;36m[K^~~~~~~[m[K
[2.400s] In file included from [01m[K/usr/include/opencv4/opencv2/core.hpp:57[m[K,
[2.401s]                  from [01m[K/usr/include/opencv4/opencv2/core/core.hpp:48[m[K,
[2.401s]                  from [01m[K/opt/ros/humble/include/cv_bridge/cv_bridge/cv_bridge.h:43[m[K,
[2.401s]                  from [01m[K/home/megsindelar/Final_Project/ros_ws/src/img_transform/src/video_frequency.cpp:4[m[K:
[2.401s] [01m[K/usr/include/opencv4/opencv2/core/types.hpp:1685:14:[m[K [01;36m[Knote: [m[Kcandidate: â€˜[01m[Ktemplate<class _Tp> cv::Point3_<_Tp> cv::operator/(const cv::Point3_<_Tp>&, double)[m[Kâ€™
[2.401s]  1685 | Point3_<_Tp> [01;36m[Koperator[m[K / (const Point3_<_Tp>& a, double b)
[2.401s]       |              [01;36m[K^~~~~~~~[m[K
[2.401s] [01m[K/usr/include/opencv4/opencv2/core/types.hpp:1685:14:[m[K [01;36m[Knote: [m[K  template argument deduction/substitution failed:
[2.401s] In file included from [01m[K/opt/ros/humble/include/rclcpp/rclcpp/logging.hpp:24[m[K,
[2.401s]                  from [01m[K/opt/ros/humble/include/rclcpp/rclcpp/client.hpp:40[m[K,
[2.401s]                  from [01m[K/opt/ros/humble/include/rclcpp/rclcpp/callback_group.hpp:24[m[K,
[2.401s]                  from [01m[K/opt/ros/humble/include/rclcpp/rclcpp/any_executable.hpp:20[m[K,
[2.401s]                  from [01m[K/opt/ros/humble/include/rclcpp/rclcpp/memory_strategy.hpp:25[m[K,
[2.401s]                  from [01m[K/opt/ros/humble/include/rclcpp/rclcpp/memory_strategies.hpp:18[m[K,
[2.401s]                  from [01m[K/opt/ros/humble/include/rclcpp/rclcpp/executor_options.hpp:20[m[K,
[2.401s]                  from [01m[K/opt/ros/humble/include/rclcpp/rclcpp/executor.hpp:37[m[K,
[2.401s]                  from [01m[K/opt/ros/humble/include/rclcpp/rclcpp/executors/multi_threaded_executor.hpp:25[m[K,
[2.401s]                  from [01m[K/opt/ros/humble/include/rclcpp/rclcpp/executors.hpp:21[m[K,
[2.401s]                  from [01m[K/opt/ros/humble/include/rclcpp/rclcpp/rclcpp.hpp:155[m[K,
[2.401s]                  from [01m[K/home/megsindelar/Final_Project/ros_ws/src/img_transform/src/video_frequency.cpp:2[m[K:
[2.401s] [01m[K/home/megsindelar/Final_Project/ros_ws/src/img_transform/src/video_frequency.cpp:67:85:[m[K [01;36m[Knote: [m[K  mismatched types â€˜[01m[Kconst cv::Point3_<_Tp>[m[Kâ€™ and â€˜[01m[Kint[m[Kâ€™
[2.401s]    67 |                 RCLCPP_INFO(rclcpp::get_logger("message"), "Frequency: %f\n", count/[01;36m[Kelapsed[m[K);
[2.401s]       |                                                                                     [01;36m[K^~~~~~~[m[K
[2.401s] In file included from [01m[K/usr/include/opencv4/opencv2/core.hpp:57[m[K,
[2.401s]                  from [01m[K/usr/include/opencv4/opencv2/core/core.hpp:48[m[K,
[2.401s]                  from [01m[K/opt/ros/humble/include/cv_bridge/cv_bridge/cv_bridge.h:43[m[K,
[2.401s]                  from [01m[K/home/megsindelar/Final_Project/ros_ws/src/img_transform/src/video_frequency.cpp:4[m[K:
[2.401s] [01m[K/usr/include/opencv4/opencv2/core/types.hpp:1783:12:[m[K [01;36m[Knote: [m[Kcandidate: â€˜[01m[Ktemplate<class _Tp> cv::Size_<_Tp> cv::operator/(const cv::Size_<_Tp>&, _Tp)[m[Kâ€™
[2.401s]  1783 | Size_<_Tp> [01;36m[Koperator[m[K / (const Size_<_Tp>& a, _Tp b)
[2.401s]       |            [01;36m[K^~~~~~~~[m[K
[2.401s] [01m[K/usr/include/opencv4/opencv2/core/types.hpp:1783:12:[m[K [01;36m[Knote: [m[K  template argument deduction/substitution failed:
[2.401s] In file included from [01m[K/opt/ros/humble/include/rclcpp/rclcpp/logging.hpp:24[m[K,
[2.402s]                  from [01m[K/opt/ros/humble/include/rclcpp/rclcpp/client.hpp:40[m[K,
[2.402s]                  from [01m[K/opt/ros/humble/include/rclcpp/rclcpp/callback_group.hpp:24[m[K,
[2.402s]                  from [01m[K/opt/ros/humble/include/rclcpp/rclcpp/any_executable.hpp:20[m[K,
[2.402s]                  from [01m[K/opt/ros/humble/include/rclcpp/rclcpp/memory_strategy.hpp:25[m[K,
[2.402s]                  from [01m[K/opt/ros/humble/include/rclcpp/rclcpp/memory_strategies.hpp:18[m[K,
[2.402s]                  from [01m[K/opt/ros/humble/include/rclcpp/rclcpp/executor_options.hpp:20[m[K,
[2.402s]                  from [01m[K/opt/ros/humble/include/rclcpp/rclcpp/executor.hpp:37[m[K,
[2.402s]                  from [01m[K/opt/ros/humble/include/rclcpp/rclcpp/executors/multi_threaded_executor.hpp:25[m[K,
[2.402s]                  from [01m[K/opt/ros/humble/include/rclcpp/rclcpp/executors.hpp:21[m[K,
[2.402s]                  from [01m[K/opt/ros/humble/include/rclcpp/rclcpp/rclcpp.hpp:155[m[K,
[2.402s]                  from [01m[K/home/megsindelar/Final_Project/ros_ws/src/img_transform/src/video_frequency.cpp:2[m[K:
[2.402s] [01m[K/home/megsindelar/Final_Project/ros_ws/src/img_transform/src/video_frequency.cpp:67:85:[m[K [01;36m[Knote: [m[K  mismatched types â€˜[01m[Kconst cv::Size_<_Tp>[m[Kâ€™ and â€˜[01m[Kint[m[Kâ€™
[2.402s]    67 |                 RCLCPP_INFO(rclcpp::get_logger("message"), "Frequency: %f\n", count/[01;36m[Kelapsed[m[K);
[2.402s]       |                                                                                     [01;36m[K^~~~~~~[m[K
[2.402s] In file included from [01m[K/usr/include/opencv4/opencv2/core.hpp:57[m[K,
[2.402s]                  from [01m[K/usr/include/opencv4/opencv2/core/core.hpp:48[m[K,
[2.402s]                  from [01m[K/opt/ros/humble/include/cv_bridge/cv_bridge/cv_bridge.h:43[m[K,
[2.402s]                  from [01m[K/home/megsindelar/Final_Project/ros_ws/src/img_transform/src/video_frequency.cpp:4[m[K:
[2.402s] [01m[K/usr/include/opencv4/opencv2/core/types.hpp:2375:14:[m[K [01;36m[Knote: [m[Kcandidate: â€˜[01m[Ktemplate<class _Tp> cv::Scalar_<_Tp> cv::operator/(const cv::Scalar_<_Tp>&, _Tp)[m[Kâ€™
[2.402s]  2375 | Scalar_<_Tp> [01;36m[Koperator[m[K / (const Scalar_<_Tp>& a, _Tp alpha)
[2.402s]       |              [01;36m[K^~~~~~~~[m[K
[2.402s] [01m[K/usr/include/opencv4/opencv2/core/types.hpp:2375:14:[m[K [01;36m[Knote: [m[K  template argument deduction/substitution failed:
[2.402s] In file included from [01m[K/opt/ros/humble/include/rclcpp/rclcpp/logging.hpp:24[m[K,
[2.402s]                  from [01m[K/opt/ros/humble/include/rclcpp/rclcpp/client.hpp:40[m[K,
[2.402s]                  from [01m[K/opt/ros/humble/include/rclcpp/rclcpp/callback_group.hpp:24[m[K,
[2.402s]                  from [01m[K/opt/ros/humble/include/rclcpp/rclcpp/any_executable.hpp:20[m[K,
[2.402s]                  from [01m[K/opt/ros/humble/include/rclcpp/rclcpp/memory_strategy.hpp:25[m[K,
[2.402s]                  from [01m[K/opt/ros/humble/include/rclcpp/rclcpp/memory_strategies.hpp:18[m[K,
[2.402s]                  from [01m[K/opt/ros/humble/include/rclcpp/rclcpp/executor_options.hpp:20[m[K,
[2.402s]                  from [01m[K/opt/ros/humble/include/rclcpp/rclcpp/executor.hpp:37[m[K,
[2.402s]                  from [01m[K/opt/ros/humble/include/rclcpp/rclcpp/executors/multi_threaded_executor.hpp:25[m[K,
[2.402s]                  from [01m[K/opt/ros/humble/include/rclcpp/rclcpp/executors.hpp:21[m[K,
[2.403s]                  from [01m[K/opt/ros/humble/include/rclcpp/rclcpp/rclcpp.hpp:155[m[K,
[2.403s]                  from [01m[K/home/megsindelar/Final_Project/ros_ws/src/img_transform/src/video_frequency.cpp:2[m[K:
[2.403s] [01m[K/home/megsindelar/Final_Project/ros_ws/src/img_transform/src/video_frequency.cpp:67:85:[m[K [01;36m[Knote: [m[K  mismatched types â€˜[01m[Kconst cv::Scalar_<_Tp>[m[Kâ€™ and â€˜[01m[Kint[m[Kâ€™
[2.403s]    67 |                 RCLCPP_INFO(rclcpp::get_logger("message"), "Frequency: %f\n", count/[01;36m[Kelapsed[m[K);
[2.403s]       |                                                                                     [01;36m[K^~~~~~~[m[K
[2.403s] In file included from [01m[K/usr/include/opencv4/opencv2/core.hpp:57[m[K,
[2.403s]                  from [01m[K/usr/include/opencv4/opencv2/core/core.hpp:48[m[K,
[2.403s]                  from [01m[K/opt/ros/humble/include/cv_bridge/cv_bridge/cv_bridge.h:43[m[K,
[2.403s]                  from [01m[K/home/megsindelar/Final_Project/ros_ws/src/img_transform/src/video_frequency.cpp:4[m[K:
[2.403s] [01m[K/usr/include/opencv4/opencv2/core/types.hpp:2384:16:[m[K [01;36m[Knote: [m[Kcandidate: â€˜[01m[Ktemplate<class _Tp> cv::Scalar_<float> cv::operator/(const cv::Scalar_<float>&, float)[m[Kâ€™
[2.403s]  2384 | Scalar_<float> [01;36m[Koperator[m[K / (const Scalar_<float>& a, float alpha)
[2.403s]       |                [01;36m[K^~~~~~~~[m[K
[2.403s] [01m[K/usr/include/opencv4/opencv2/core/types.hpp:2384:16:[m[K [01;36m[Knote: [m[K  template argument deduction/substitution failed:
[2.403s] In file included from [01m[K/opt/ros/humble/include/rclcpp/rclcpp/logging.hpp:24[m[K,
[2.403s]                  from [01m[K/opt/ros/humble/include/rclcpp/rclcpp/client.hpp:40[m[K,
[2.403s]                  from [01m[K/opt/ros/humble/include/rclcpp/rclcpp/callback_group.hpp:24[m[K,
[2.403s]                  from [01m[K/opt/ros/humble/include/rclcpp/rclcpp/any_executable.hpp:20[m[K,
[2.403s]                  from [01m[K/opt/ros/humble/include/rclcpp/rclcpp/memory_strategy.hpp:25[m[K,
[2.403s]                  from [01m[K/opt/ros/humble/include/rclcpp/rclcpp/memory_strategies.hpp:18[m[K,
[2.403s]                  from [01m[K/opt/ros/humble/include/rclcpp/rclcpp/executor_options.hpp:20[m[K,
[2.403s]                  from [01m[K/opt/ros/humble/include/rclcpp/rclcpp/executor.hpp:37[m[K,
[2.403s]                  from [01m[K/opt/ros/humble/include/rclcpp/rclcpp/executors/multi_threaded_executor.hpp:25[m[K,
[2.403s]                  from [01m[K/opt/ros/humble/include/rclcpp/rclcpp/executors.hpp:21[m[K,
[2.403s]                  from [01m[K/opt/ros/humble/include/rclcpp/rclcpp/rclcpp.hpp:155[m[K,
[2.403s]                  from [01m[K/home/megsindelar/Final_Project/ros_ws/src/img_transform/src/video_frequency.cpp:2[m[K:
[2.403s] [01m[K/home/megsindelar/Final_Project/ros_ws/src/img_transform/src/video_frequency.cpp:67:85:[m[K [01;36m[Knote: [m[K  couldnâ€™t deduce template parameter â€˜[01m[K_Tp[m[Kâ€™
[2.403s]    67 |                 RCLCPP_INFO(rclcpp::get_logger("message"), "Frequency: %f\n", count/[01;36m[Kelapsed[m[K);
[2.403s]       |                                                                                     [01;36m[K^~~~~~~[m[K
[2.403s] In file included from [01m[K/usr/include/opencv4/opencv2/core.hpp:57[m[K,
[2.404s]                  from [01m[K/usr/include/opencv4/opencv2/core/core.hpp:48[m[K,
[2.404s]                  from [01m[K/opt/ros/humble/include/cv_bridge/cv_bridge/cv_bridge.h:43[m[K,
[2.404s]                  from [01m[K/home/megsindelar/Final_Project/ros_ws/src/img_transform/src/video_frequency.cpp:4[m[K:
[2.404s] [01m[K/usr/include/opencv4/opencv2/core/types.hpp:2391:17:[m[K [01;36m[Knote: [m[Kcandidate: â€˜[01m[Ktemplate<class _Tp> cv::Scalar_<double> cv::operator/(const cv::Scalar_<double>&, double)[m[Kâ€™
[2.404s]  2391 | Scalar_<double> [01;36m[Koperator[m[K / (const Scalar_<double>& a, double alpha)
[2.404s]       |                 [01;36m[K^~~~~~~~[m[K
[2.404s] [01m[K/usr/include/opencv4/opencv2/core/types.hpp:2391:17:[m[K [01;36m[Knote: [m[K  template argument deduction/substitution failed:
[2.404s] In file included from [01m[K/opt/ros/humble/include/rclcpp/rclcpp/logging.hpp:24[m[K,
[2.404s]                  from [01m[K/opt/ros/humble/include/rclcpp/rclcpp/client.hpp:40[m[K,
[2.404s]                  from [01m[K/opt/ros/humble/include/rclcpp/rclcpp/callback_group.hpp:24[m[K,
[2.404s]                  from [01m[K/opt/ros/humble/include/rclcpp/rclcpp/any_executable.hpp:20[m[K,
[2.404s]                  from [01m[K/opt/ros/humble/include/rclcpp/rclcpp/memory_strategy.hpp:25[m[K,
[2.404s]                  from [01m[K/opt/ros/humble/include/rclcpp/rclcpp/memory_strategies.hpp:18[m[K,
[2.404s]                  from [01m[K/opt/ros/humble/include/rclcpp/rclcpp/executor_options.hpp:20[m[K,
[2.404s]                  from [01m[K/opt/ros/humble/include/rclcpp/rclcpp/executor.hpp:37[m[K,
[2.404s]                  from [01m[K/opt/ros/humble/include/rclcpp/rclcpp/executors/multi_threaded_executor.hpp:25[m[K,
[2.404s]                  from [01m[K/opt/ros/humble/include/rclcpp/rclcpp/executors.hpp:21[m[K,
[2.404s]                  from [01m[K/opt/ros/humble/include/rclcpp/rclcpp/rclcpp.hpp:155[m[K,
[2.404s]                  from [01m[K/home/megsindelar/Final_Project/ros_ws/src/img_transform/src/video_frequency.cpp:2[m[K:
[2.404s] [01m[K/home/megsindelar/Final_Project/ros_ws/src/img_transform/src/video_frequency.cpp:67:85:[m[K [01;36m[Knote: [m[K  couldnâ€™t deduce template parameter â€˜[01m[K_Tp[m[Kâ€™
[2.404s]    67 |                 RCLCPP_INFO(rclcpp::get_logger("message"), "Frequency: %f\n", count/[01;36m[Kelapsed[m[K);
[2.404s]       |                                                                                     [01;36m[K^~~~~~~[m[K
[2.404s] In file included from [01m[K/usr/include/opencv4/opencv2/core.hpp:57[m[K,
[2.404s]                  from [01m[K/usr/include/opencv4/opencv2/core/core.hpp:48[m[K,
[2.404s]                  from [01m[K/opt/ros/humble/include/cv_bridge/cv_bridge/cv_bridge.h:43[m[K,
[2.404s]                  from [01m[K/home/megsindelar/Final_Project/ros_ws/src/img_transform/src/video_frequency.cpp:4[m[K:
[2.404s] [01m[K/usr/include/opencv4/opencv2/core/types.hpp:2405:14:[m[K [01;36m[Knote: [m[Kcandidate: â€˜[01m[Ktemplate<class _Tp> cv::Scalar_<_Tp> cv::operator/(_Tp, const cv::Scalar_<_Tp>&)[m[Kâ€™
[2.404s]  2405 | Scalar_<_Tp> [01;36m[Koperator[m[K / (_Tp a, const Scalar_<_Tp>& b)
[2.404s]       |              [01;36m[K^~~~~~~~[m[K
[2.404s] [01m[K/usr/include/opencv4/opencv2/core/types.hpp:2405:14:[m[K [01;36m[Knote: [m[K  template argument deduction/substitution failed:
[2.404s] In file included from [01m[K/opt/ros/humble/include/rclcpp/rclcpp/logging.hpp:24[m[K,
[2.404s]                  from [01m[K/opt/ros/humble/include/rclcpp/rclcpp/client.hpp:40[m[K,
[2.404s]                  from [01m[K/opt/ros/humble/include/rclcpp/rclcpp/callback_group.hpp:24[m[K,
[2.404s]                  from [01m[K/opt/ros/humble/include/rclcpp/rclcpp/any_executable.hpp:20[m[K,
[2.404s]                  from [01m[K/opt/ros/humble/include/rclcpp/rclcpp/memory_strategy.hpp:25[m[K,
[2.405s]                  from [01m[K/opt/ros/humble/include/rclcpp/rclcpp/memory_strategies.hpp:18[m[K,
[2.405s]                  from [01m[K/opt/ros/humble/include/rclcpp/rclcpp/executor_options.hpp:20[m[K,
[2.405s]                  from [01m[K/opt/ros/humble/include/rclcpp/rclcpp/executor.hpp:37[m[K,
[2.405s]                  from [01m[K/opt/ros/humble/include/rclcpp/rclcpp/executors/multi_threaded_executor.hpp:25[m[K,
[2.405s]                  from [01m[K/opt/ros/humble/include/rclcpp/rclcpp/executors.hpp:21[m[K,
[2.405s]                  from [01m[K/opt/ros/humble/include/rclcpp/rclcpp/rclcpp.hpp:155[m[K,
[2.405s]                  from [01m[K/home/megsindelar/Final_Project/ros_ws/src/img_transform/src/video_frequency.cpp:2[m[K:
[2.405s] [01m[K/home/megsindelar/Final_Project/ros_ws/src/img_transform/src/video_frequency.cpp:67:85:[m[K [01;36m[Knote: [m[K  â€˜[01m[Kstd::chrono::duration<long int, std::ratio<1, 1000000000> >[m[Kâ€™ is not derived from â€˜[01m[Kconst cv::Scalar_<_Tp>[m[Kâ€™
[2.405s]    67 |                 RCLCPP_INFO(rclcpp::get_logger("message"), "Frequency: %f\n", count/[01;36m[Kelapsed[m[K);
[2.405s]       |                                                                                     [01;36m[K^~~~~~~[m[K
[2.405s] In file included from [01m[K/usr/include/opencv4/opencv2/core.hpp:57[m[K,
[2.405s]                  from [01m[K/usr/include/opencv4/opencv2/core/core.hpp:48[m[K,
[2.405s]                  from [01m[K/opt/ros/humble/include/cv_bridge/cv_bridge/cv_bridge.h:43[m[K,
[2.405s]                  from [01m[K/home/megsindelar/Final_Project/ros_ws/src/img_transform/src/video_frequency.cpp:4[m[K:
[2.405s] [01m[K/usr/include/opencv4/opencv2/core/types.hpp:2412:14:[m[K [01;36m[Knote: [m[Kcandidate: â€˜[01m[Ktemplate<class _Tp> cv::Scalar_<_Tp> cv::operator/(const cv::Scalar_<_Tp>&, const cv::Scalar_<_Tp>&)[m[Kâ€™
[2.405s]  2412 | Scalar_<_Tp> [01;36m[Koperator[m[K / (const Scalar_<_Tp>& a, const Scalar_<_Tp>& b)
[2.405s]       |              [01;36m[K^~~~~~~~[m[K
[2.405s] [01m[K/usr/include/opencv4/opencv2/core/types.hpp:2412:14:[m[K [01;36m[Knote: [m[K  template argument deduction/substitution failed:
[2.405s] In file included from [01m[K/opt/ros/humble/include/rclcpp/rclcpp/logging.hpp:24[m[K,
[2.405s]                  from [01m[K/opt/ros/humble/include/rclcpp/rclcpp/client.hpp:40[m[K,
[2.405s]                  from [01m[K/opt/ros/humble/include/rclcpp/rclcpp/callback_group.hpp:24[m[K,
[2.405s]                  from [01m[K/opt/ros/humble/include/rclcpp/rclcpp/any_executable.hpp:20[m[K,
[2.405s]                  from [01m[K/opt/ros/humble/include/rclcpp/rclcpp/memory_strategy.hpp:25[m[K,
[2.405s]                  from [01m[K/opt/ros/humble/include/rclcpp/rclcpp/memory_strategies.hpp:18[m[K,
[2.405s]                  from [01m[K/opt/ros/humble/include/rclcpp/rclcpp/executor_options.hpp:20[m[K,
[2.405s]                  from [01m[K/opt/ros/humble/include/rclcpp/rclcpp/executor.hpp:37[m[K,
[2.405s]                  from [01m[K/opt/ros/humble/include/rclcpp/rclcpp/executors/multi_threaded_executor.hpp:25[m[K,
[2.405s]                  from [01m[K/opt/ros/humble/include/rclcpp/rclcpp/executors.hpp:21[m[K,
[2.405s]                  from [01m[K/opt/ros/humble/include/rclcpp/rclcpp/rclcpp.hpp:155[m[K,
[2.406s]                  from [01m[K/home/megsindelar/Final_Project/ros_ws/src/img_transform/src/video_frequency.cpp:2[m[K:
[2.406s] [01m[K/home/megsindelar/Final_Project/ros_ws/src/img_transform/src/video_frequency.cpp:67:85:[m[K [01;36m[Knote: [m[K  mismatched types â€˜[01m[Kconst cv::Scalar_<_Tp>[m[Kâ€™ and â€˜[01m[Kint[m[Kâ€™
[2.406s]    67 |                 RCLCPP_INFO(rclcpp::get_logger("message"), "Frequency: %f\n", count/[01;36m[Kelapsed[m[K);
[2.406s]       |                                                                                     [01;36m[K^~~~~~~[m[K
[2.406s] In file included from [01m[K/usr/include/opencv4/opencv2/core.hpp:58[m[K,
[2.406s]                  from [01m[K/usr/include/opencv4/opencv2/core/core.hpp:48[m[K,
[2.406s]                  from [01m[K/opt/ros/humble/include/cv_bridge/cv_bridge/cv_bridge.h:43[m[K,
[2.406s]                  from [01m[K/home/megsindelar/Final_Project/ros_ws/src/img_transform/src/video_frequency.cpp:4[m[K:
[2.406s] [01m[K/usr/include/opencv4/opencv2/core/mat.hpp:3648:9:[m[K [01;36m[Knote: [m[Kcandidate: â€˜[01m[Ktemplate<class _Tp, int m, int n> cv::MatExpr cv::operator/(const cv::Mat&, const cv::Matx<_Tp, m, n>&)[m[Kâ€™
[2.406s]  3648 | MatExpr [01;36m[Koperator[m[K / (const Mat& a, const Matx<_Tp, m, n>& b) { return a / Mat(b); }
[2.406s]       |         [01;36m[K^~~~~~~~[m[K
[2.406s] [01m[K/usr/include/opencv4/opencv2/core/mat.hpp:3648:9:[m[K [01;36m[Knote: [m[K  template argument deduction/substitution failed:
[2.406s] In file included from [01m[K/opt/ros/humble/include/rclcpp/rclcpp/logging.hpp:24[m[K,
[2.406s]                  from [01m[K/opt/ros/humble/include/rclcpp/rclcpp/client.hpp:40[m[K,
[2.406s]                  from [01m[K/opt/ros/humble/include/rclcpp/rclcpp/callback_group.hpp:24[m[K,
[2.406s]                  from [01m[K/opt/ros/humble/include/rclcpp/rclcpp/any_executable.hpp:20[m[K,
[2.406s]                  from [01m[K/opt/ros/humble/include/rclcpp/rclcpp/memory_strategy.hpp:25[m[K,
[2.406s]                  from [01m[K/opt/ros/humble/include/rclcpp/rclcpp/memory_strategies.hpp:18[m[K,
[2.406s]                  from [01m[K/opt/ros/humble/include/rclcpp/rclcpp/executor_options.hpp:20[m[K,
[2.406s]                  from [01m[K/opt/ros/humble/include/rclcpp/rclcpp/executor.hpp:37[m[K,
[2.406s]                  from [01m[K/opt/ros/humble/include/rclcpp/rclcpp/executors/multi_threaded_executor.hpp:25[m[K,
[2.406s]                  from [01m[K/opt/ros/humble/include/rclcpp/rclcpp/executors.hpp:21[m[K,
[2.406s]                  from [01m[K/opt/ros/humble/include/rclcpp/rclcpp/rclcpp.hpp:155[m[K,
[2.406s]                  from [01m[K/home/megsindelar/Final_Project/ros_ws/src/img_transform/src/video_frequency.cpp:2[m[K:
[2.406s] [01m[K/home/megsindelar/Final_Project/ros_ws/src/img_transform/src/video_frequency.cpp:67:85:[m[K [01;36m[Knote: [m[K  â€˜[01m[Kstd::chrono::duration<long int, std::ratio<1, 1000000000> >[m[Kâ€™ is not derived from â€˜[01m[Kconst cv::Matx<_Tp, m, n>[m[Kâ€™
[2.406s]    67 |                 RCLCPP_INFO(rclcpp::get_logger("message"), "Frequency: %f\n", count/[01;36m[Kelapsed[m[K);
[2.406s]       |                                                                                     [01;36m[K^~~~~~~[m[K
[2.406s] In file included from [01m[K/usr/include/opencv4/opencv2/core.hpp:58[m[K,
[2.406s]                  from [01m[K/usr/include/opencv4/opencv2/core/core.hpp:48[m[K,
[2.406s]                  from [01m[K/opt/ros/humble/include/cv_bridge/cv_bridge/cv_bridge.h:43[m[K,
[2.406s]                  from [01m[K/home/megsindelar/Final_Project/ros_ws/src/img_transform/src/video_frequency.cpp:4[m[K:
[2.406s] [01m[K/usr/include/opencv4/opencv2/core/mat.hpp:3650:9:[m[K [01;36m[Knote: [m[Kcandidate: â€˜[01m[Ktemplate<class _Tp, int m, int n> cv::MatExpr cv::operator/(const cv::Matx<_Tp, m, n>&, const cv::Mat&)[m[Kâ€™
[2.406s]  3650 | MatExpr [01;36m[Koperator[m[K / (const Matx<_Tp, m, n>& a, const Mat& b) { return Mat(a) / b; }
[2.406s]       |         [01;36m[K^~~~~~~~[m[K
[2.407s] [01m[K/usr/include/opencv4/opencv2/core/mat.hpp:3650:9:[m[K [01;36m[Knote: [m[K  template argument deduction/substitution failed:
[2.407s] In file included from [01m[K/opt/ros/humble/include/rclcpp/rclcpp/logging.hpp:24[m[K,
[2.407s]                  from [01m[K/opt/ros/humble/include/rclcpp/rclcpp/client.hpp:40[m[K,
[2.407s]                  from [01m[K/opt/ros/humble/include/rclcpp/rclcpp/callback_group.hpp:24[m[K,
[2.407s]                  from [01m[K/opt/ros/humble/include/rclcpp/rclcpp/any_executable.hpp:20[m[K,
[2.407s]                  from [01m[K/opt/ros/humble/include/rclcpp/rclcpp/memory_strategy.hpp:25[m[K,
[2.407s]                  from [01m[K/opt/ros/humble/include/rclcpp/rclcpp/memory_strategies.hpp:18[m[K,
[2.407s]                  from [01m[K/opt/ros/humble/include/rclcpp/rclcpp/executor_options.hpp:20[m[K,
[2.407s]                  from [01m[K/opt/ros/humble/include/rclcpp/rclcpp/executor.hpp:37[m[K,
[2.407s]                  from [01m[K/opt/ros/humble/include/rclcpp/rclcpp/executors/multi_threaded_executor.hpp:25[m[K,
[2.407s]                  from [01m[K/opt/ros/humble/include/rclcpp/rclcpp/executors.hpp:21[m[K,
[2.407s]                  from [01m[K/opt/ros/humble/include/rclcpp/rclcpp/rclcpp.hpp:155[m[K,
[2.407s]                  from [01m[K/home/megsindelar/Final_Project/ros_ws/src/img_transform/src/video_frequency.cpp:2[m[K:
[2.407s] [01m[K/home/megsindelar/Final_Project/ros_ws/src/img_transform/src/video_frequency.cpp:67:85:[m[K [01;36m[Knote: [m[K  mismatched types â€˜[01m[Kconst cv::Matx<_Tp, m, n>[m[Kâ€™ and â€˜[01m[Kint[m[Kâ€™
[2.407s]    67 |                 RCLCPP_INFO(rclcpp::get_logger("message"), "Frequency: %f\n", count/[01;36m[Kelapsed[m[K);
[2.407s]       |                                                                                     [01;36m[K^~~~~~~[m[K
[2.407s] In file included from [01m[K/usr/include/c++/11/mutex:39[m[K,
[2.407s]                  from [01m[K/usr/include/c++/11/future:38[m[K,
[2.407s]                  from [01m[K/opt/ros/humble/include/rclcpp/rclcpp/executors.hpp:18[m[K,
[2.407s]                  from [01m[K/opt/ros/humble/include/rclcpp/rclcpp/rclcpp.hpp:155[m[K,
[2.407s]                  from [01m[K/home/megsindelar/Final_Project/ros_ws/src/img_transform/src/video_frequency.cpp:2[m[K:
[2.407s] [01m[K/usr/include/c++/11/chrono:706:7:[m[K [01;36m[Knote: [m[Kcandidate: â€˜[01m[Ktemplate<class _Rep1, class _Period, class _Rep2> constexpr std::chrono::duration<std::chrono::__common_rep_t<_Rep1, typename std::enable_if<(! std::chrono::__is_duration<_Rep2>::value), _Rep2>::type>, _Period> std::chrono::operator/(const std::chrono::duration<_Rep1, _Period1>&, const _Rep2&)[m[Kâ€™
[2.407s]   706 |       [01;36m[Koperator[m[K/(const duration<_Rep1, _Period>& __d, const _Rep2& __s)
[2.407s]       |       [01;36m[K^~~~~~~~[m[K
[2.407s] [01m[K/usr/include/c++/11/chrono:706:7:[m[K [01;36m[Knote: [m[K  template argument deduction/substitution failed:
[2.407s] In file included from [01m[K/opt/ros/humble/include/rclcpp/rclcpp/logging.hpp:24[m[K,
[2.407s]                  from [01m[K/opt/ros/humble/include/rclcpp/rclcpp/client.hpp:40[m[K,
[2.407s]                  from [01m[K/opt/ros/humble/include/rclcpp/rclcpp/callback_group.hpp:24[m[K,
[2.407s]                  from [01m[K/opt/ros/humble/include/rclcpp/rclcpp/any_executable.hpp:20[m[K,
[2.407s]                  from [01m[K/opt/ros/humble/include/rclcpp/rclcpp/memory_strategy.hpp:25[m[K,
[2.407s]                  from [01m[K/opt/ros/humble/include/rclcpp/rclcpp/memory_strategies.hpp:18[m[K,
[2.408s]                  from [01m[K/opt/ros/humble/include/rclcpp/rclcpp/executor_options.hpp:20[m[K,
[2.408s]                  from [01m[K/opt/ros/humble/include/rclcpp/rclcpp/executor.hpp:37[m[K,
[2.408s]                  from [01m[K/opt/ros/humble/include/rclcpp/rclcpp/executors/multi_threaded_executor.hpp:25[m[K,
[2.408s]                  from [01m[K/opt/ros/humble/include/rclcpp/rclcpp/executors.hpp:21[m[K,
[2.408s]                  from [01m[K/opt/ros/humble/include/rclcpp/rclcpp/rclcpp.hpp:155[m[K,
[2.408s]                  from [01m[K/home/megsindelar/Final_Project/ros_ws/src/img_transform/src/video_frequency.cpp:2[m[K:
[2.408s] [01m[K/home/megsindelar/Final_Project/ros_ws/src/img_transform/src/video_frequency.cpp:67:85:[m[K [01;36m[Knote: [m[K  mismatched types â€˜[01m[Kconst std::chrono::duration<_Rep1, _Period1>[m[Kâ€™ and â€˜[01m[Kint[m[Kâ€™
[2.408s]    67 |                 RCLCPP_INFO(rclcpp::get_logger("message"), "Frequency: %f\n", count/[01;36m[Kelapsed[m[K);
[2.408s]       |                                                                                     [01;36m[K^~~~~~~[m[K
[2.408s] In file included from [01m[K/usr/include/c++/11/mutex:39[m[K,
[2.408s]                  from [01m[K/usr/include/c++/11/future:38[m[K,
[2.408s]                  from [01m[K/opt/ros/humble/include/rclcpp/rclcpp/executors.hpp:18[m[K,
[2.408s]                  from [01m[K/opt/ros/humble/include/rclcpp/rclcpp/rclcpp.hpp:155[m[K,
[2.408s]                  from [01m[K/home/megsindelar/Final_Project/ros_ws/src/img_transform/src/video_frequency.cpp:2[m[K:
[2.408s] [01m[K/usr/include/c++/11/chrono:716:7:[m[K [01;36m[Knote: [m[Kcandidate: â€˜[01m[Ktemplate<class _Rep1, class _Period1, class _Rep2, class _Period2> constexpr typename std::common_type<_Rep1, _Rep2>::type std::chrono::operator/(const std::chrono::duration<_Rep1, _Period1>&, const std::chrono::duration<_Rep2, _Period2>&)[m[Kâ€™
[2.408s]   716 |       [01;36m[Koperator[m[K/(const duration<_Rep1, _Period1>& __lhs,
[2.408s]       |       [01;36m[K^~~~~~~~[m[K
[2.408s] [01m[K/usr/include/c++/11/chrono:716:7:[m[K [01;36m[Knote: [m[K  template argument deduction/substitution failed:
[2.408s] In file included from [01m[K/opt/ros/humble/include/rclcpp/rclcpp/logging.hpp:24[m[K,
[2.408s]                  from [01m[K/opt/ros/humble/include/rclcpp/rclcpp/client.hpp:40[m[K,
[2.408s]                  from [01m[K/opt/ros/humble/include/rclcpp/rclcpp/callback_group.hpp:24[m[K,
[2.408s]                  from [01m[K/opt/ros/humble/include/rclcpp/rclcpp/any_executable.hpp:20[m[K,
[2.408s]                  from [01m[K/opt/ros/humble/include/rclcpp/rclcpp/memory_strategy.hpp:25[m[K,
[2.408s]                  from [01m[K/opt/ros/humble/include/rclcpp/rclcpp/memory_strategies.hpp:18[m[K,
[2.408s]                  from [01m[K/opt/ros/humble/include/rclcpp/rclcpp/executor_options.hpp:20[m[K,
[2.408s]                  from [01m[K/opt/ros/humble/include/rclcpp/rclcpp/executor.hpp:37[m[K,
[2.408s]                  from [01m[K/opt/ros/humble/include/rclcpp/rclcpp/executors/multi_threaded_executor.hpp:25[m[K,
[2.408s]                  from [01m[K/opt/ros/humble/include/rclcpp/rclcpp/executors.hpp:21[m[K,
[2.408s]                  from [01m[K/opt/ros/humble/include/rclcpp/rclcpp/rclcpp.hpp:155[m[K,
[2.408s]                  from [01m[K/home/megsindelar/Final_Project/ros_ws/src/img_transform/src/video_frequency.cpp:2[m[K:
[2.408s] [01m[K/home/megsindelar/Final_Project/ros_ws/src/img_transform/src/video_frequency.cpp:67:85:[m[K [01;36m[Knote: [m[K  mismatched types â€˜[01m[Kconst std::chrono::duration<_Rep1, _Period1>[m[Kâ€™ and â€˜[01m[Kint[m[Kâ€™
[2.408s]    67 |                 RCLCPP_INFO(rclcpp::get_logger("message"), "Frequency: %f\n", count/[01;36m[Kelapsed[m[K);
[2.408s]       |                                                                                     [01;36m[K^~~~~~~[m[K
[2.408s] In file included from [01m[K/usr/include/opencv4/opencv2/core.hpp:58[m[K,
[2.409s]                  from [01m[K/usr/include/opencv4/opencv2/core/core.hpp:48[m[K,
[2.409s]                  from [01m[K/opt/ros/humble/include/cv_bridge/cv_bridge/cv_bridge.h:43[m[K,
[2.409s]                  from [01m[K/home/megsindelar/Final_Project/ros_ws/src/img_transform/src/video_frequency.cpp:4[m[K:
[2.409s] [01m[K/usr/include/opencv4/opencv2/core/mat.hpp:3639:20:[m[K [01;36m[Knote: [m[Kcandidate: â€˜[01m[Kcv::MatExpr cv::operator/(const cv::Mat&, const cv::Mat&)[m[Kâ€™
[2.409s]  3639 | CV_EXPORTS MatExpr [01;36m[Koperator[m[K / (const Mat& a, const Mat& b);
[2.409s]       |                    [01;36m[K^~~~~~~~[m[K
[2.409s] [01m[K/usr/include/opencv4/opencv2/core/mat.hpp:3639:43:[m[K [01;36m[Knote: [m[K  no known conversion for argument 1 from â€˜[01m[Kint[m[Kâ€™ to â€˜[01m[Kconst cv::Mat&[m[Kâ€™
[2.409s]  3639 | CV_EXPORTS MatExpr operator / ([01;36m[Kconst Mat& a[m[K, const Mat& b);
[2.409s]       |                                [01;36m[K~~~~~~~~~~~^[m[K
[2.409s] [01m[K/usr/include/opencv4/opencv2/core/mat.hpp:3640:20:[m[K [01;36m[Knote: [m[Kcandidate: â€˜[01m[Kcv::MatExpr cv::operator/(const cv::Mat&, double)[m[Kâ€™
[2.409s]  3640 | CV_EXPORTS MatExpr [01;36m[Koperator[m[K / (const Mat& a, double s);
[2.409s]       |                    [01;36m[K^~~~~~~~[m[K
[2.409s] [01m[K/usr/include/opencv4/opencv2/core/mat.hpp:3640:43:[m[K [01;36m[Knote: [m[K  no known conversion for argument 1 from â€˜[01m[Kint[m[Kâ€™ to â€˜[01m[Kconst cv::Mat&[m[Kâ€™
[2.409s]  3640 | CV_EXPORTS MatExpr operator / ([01;36m[Kconst Mat& a[m[K, double s);
[2.409s]       |                                [01;36m[K~~~~~~~~~~~^[m[K
[2.409s] [01m[K/usr/include/opencv4/opencv2/core/mat.hpp:3641:20:[m[K [01;36m[Knote: [m[Kcandidate: â€˜[01m[Kcv::MatExpr cv::operator/(double, const cv::Mat&)[m[Kâ€™
[2.409s]  3641 | CV_EXPORTS MatExpr [01;36m[Koperator[m[K / (double s, const Mat& a);
[2.409s]       |                    [01;36m[K^~~~~~~~[m[K
[2.409s] [01m[K/usr/include/opencv4/opencv2/core/mat.hpp:3641:53:[m[K [01;36m[Knote: [m[K  no known conversion for argument 2 from â€˜[01m[Kstd::chrono::duration<long int, std::ratio<1, 1000000000> >[m[Kâ€™ to â€˜[01m[Kconst cv::Mat&[m[Kâ€™
[2.409s]  3641 | CV_EXPORTS MatExpr operator / (double s, [01;36m[Kconst Mat& a[m[K);
[2.409s]       |                                          [01;36m[K~~~~~~~~~~~^[m[K
[2.409s] [01m[K/usr/include/opencv4/opencv2/core/mat.hpp:3642:20:[m[K [01;36m[Knote: [m[Kcandidate: â€˜[01m[Kcv::MatExpr cv::operator/(const cv::MatExpr&, const cv::Mat&)[m[Kâ€™
[2.409s]  3642 | CV_EXPORTS MatExpr [01;36m[Koperator[m[K / (const MatExpr& e, const Mat& m);
[2.409s]       |                    [01;36m[K^~~~~~~~[m[K
[2.409s] [01m[K/usr/include/opencv4/opencv2/core/mat.hpp:3642:47:[m[K [01;36m[Knote: [m[K  no known conversion for argument 1 from â€˜[01m[Kint[m[Kâ€™ to â€˜[01m[Kconst cv::MatExpr&[m[Kâ€™
[2.409s]  3642 | CV_EXPORTS MatExpr operator / ([01;36m[Kconst MatExpr& e[m[K, const Mat& m);
[2.409s]       |                                [01;36m[K~~~~~~~~~~~~~~~^[m[K
[2.409s] [01m[K/usr/include/opencv4/opencv2/core/mat.hpp:3643:20:[m[K [01;36m[Knote: [m[Kcandidate: â€˜[01m[Kcv::MatExpr cv::operator/(const cv::Mat&, const cv::MatExpr&)[m[Kâ€™
[2.409s]  3643 | CV_EXPORTS MatExpr [01;36m[Koperator[m[K / (const Mat& m, const MatExpr& e);
[2.409s]       |                    [01;36m[K^~~~~~~~[m[K
[2.409s] [01m[K/usr/include/opencv4/opencv2/core/mat.hpp:3643:43:[m[K [01;36m[Knote: [m[K  no known conversion for argument 1 from â€˜[01m[Kint[m[Kâ€™ to â€˜[01m[Kconst cv::Mat&[m[Kâ€™
[2.409s]  3643 | CV_EXPORTS MatExpr operator / ([01;36m[Kconst Mat& m[m[K, const MatExpr& e);
[2.409s]       |                                [01;36m[K~~~~~~~~~~~^[m[K
[2.410s] [01m[K/usr/include/opencv4/opencv2/core/mat.hpp:3644:20:[m[K [01;36m[Knote: [m[Kcandidate: â€˜[01m[Kcv::MatExpr cv::operator/(const cv::MatExpr&, double)[m[Kâ€™
[2.410s]  3644 | CV_EXPORTS MatExpr [01;36m[Koperator[m[K / (const MatExpr& e, double s);
[2.410s]       |                    [01;36m[K^~~~~~~~[m[K
[2.410s] [01m[K/usr/include/opencv4/opencv2/core/mat.hpp:3644:47:[m[K [01;36m[Knote: [m[K  no known conversion for argument 1 from â€˜[01m[Kint[m[Kâ€™ to â€˜[01m[Kconst cv::MatExpr&[m[Kâ€™
[2.410s]  3644 | CV_EXPORTS MatExpr operator / ([01;36m[Kconst MatExpr& e[m[K, double s);
[2.410s]       |                                [01;36m[K~~~~~~~~~~~~~~~^[m[K
[2.410s] [01m[K/usr/include/opencv4/opencv2/core/mat.hpp:3645:20:[m[K [01;36m[Knote: [m[Kcandidate: â€˜[01m[Kcv::MatExpr cv::operator/(double, const cv::MatExpr&)[m[Kâ€™
[2.410s]  3645 | CV_EXPORTS MatExpr [01;36m[Koperator[m[K / (double s, const MatExpr& e);
[2.410s]       |                    [01;36m[K^~~~~~~~[m[K
[2.410s] [01m[K/usr/include/opencv4/opencv2/core/mat.hpp:3645:57:[m[K [01;36m[Knote: [m[K  no known conversion for argument 2 from â€˜[01m[Kstd::chrono::duration<long int, std::ratio<1, 1000000000> >[m[Kâ€™ to â€˜[01m[Kconst cv::MatExpr&[m[Kâ€™
[2.410s]  3645 | CV_EXPORTS MatExpr operator / (double s, [01;36m[Kconst MatExpr& e[m[K);
[2.410s]       |                                          [01;36m[K~~~~~~~~~~~~~~~^[m[K
[2.410s] [01m[K/usr/include/opencv4/opencv2/core/mat.hpp:3646:20:[m[K [01;36m[Knote: [m[Kcandidate: â€˜[01m[Kcv::MatExpr cv::operator/(const cv::MatExpr&, const cv::MatExpr&)[m[Kâ€™
[2.410s]  3646 | CV_EXPORTS MatExpr [01;36m[Koperator[m[K / (const MatExpr& e1, const MatExpr& e2);
[2.410s]       |                    [01;36m[K^~~~~~~~[m[K
[2.410s] [01m[K/usr/include/opencv4/opencv2/core/mat.hpp:3646:47:[m[K [01;36m[Knote: [m[K  no known conversion for argument 1 from â€˜[01m[Kint[m[Kâ€™ to â€˜[01m[Kconst cv::MatExpr&[m[Kâ€™
[2.410s]  3646 | CV_EXPORTS MatExpr operator / ([01;36m[Kconst MatExpr& e1[m[K, const MatExpr& e2);
[2.410s]       |                                [01;36m[K~~~~~~~~~~~~~~~^~[m[K
[2.947s] gmake[2]: *** [CMakeFiles/video_frequency.dir/build.make:76: CMakeFiles/video_frequency.dir/src/video_frequency.cpp.o] Error 1
[2.947s] gmake[1]: *** [CMakeFiles/Makefile2:165: CMakeFiles/video_frequency.dir/all] Error 2
[2.947s] gmake: *** [Makefile:146: all] Error 2
[2.948s] Invoked command in '/home/megsindelar/Final_Project/ros_ws/build/img_transform' returned '2': CMAKE_PREFIX_PATH=${CMAKE_PREFIX_PATH}:/home/megsindelar/ME_495/Final_Proj/install/attack_of_the_franka:/home/megsindelar/ME_495/Final_Proj/install/moveit_testing:/opt/ros/humble /usr/bin/cmake --build /home/megsindelar/Final_Project/ros_ws/build/img_transform -- -j8 -l8
