[0.010s] Invoking command in '/home/megsindelar/Final_Project/raspberry_pi_ws/build/turtlebot_control': CMAKE_PREFIX_PATH=${CMAKE_PREFIX_PATH}:/home/megsindelar/ME_495/Final_Proj/install/attack_of_the_franka:/home/megsindelar/ME_495/Final_Proj/install/moveit_testing:/opt/ros/humble /usr/bin/cmake --build /home/megsindelar/Final_Project/raspberry_pi_ws/build/turtlebot_control -- -j8 -l8
[0.043s] [  3%] Built target turtlebot_control_msg__cpp
[0.043s] [ 12%] Built target turtlebot_control_msg__rosidl_generator_c
[0.049s] [ 12%] Built target ament_cmake_python_copy_turtlebot_control
[0.060s] [ 21%] Built target turtlebot_control_msg__rosidl_typesupport_introspection_cpp
[0.060s] [ 39%] Built target turtlebot_control_msg__rosidl_typesupport_cpp
[0.060s] [ 39%] Built target turtlebot_control_msg__rosidl_typesupport_fastrtps_cpp
[0.066s] [ 48%] Built target turtlebot_control_msg__rosidl_typesupport_introspection_c
[0.067s] [ 57%] Built target turtlebot_control_msg__rosidl_typesupport_c
[0.069s] [ 66%] Built target turtlebot_control_msg__rosidl_typesupport_fastrtps_c
[0.069s] [35m[1mConsolidate compiler generated dependencies of target turtlebot_control[0m
[0.082s] [ 69%] [32mBuilding CXX object CMakeFiles/turtlebot_control.dir/src/turtlebot_control.cpp.o[0m
[0.082s] [ 69%] Built target turtlebot_control_msg
[0.097s] [ 72%] Built target turtlebot_control_msg__py
[0.105s] [35m[1mConsolidate compiler generated dependencies of target turtlebot_control_msg__rosidl_generator_py[0m
[0.113s] [ 78%] Built target turtlebot_control_msg__rosidl_generator_py
[0.121s] [35m[1mConsolidate compiler generated dependencies of target turtlebot_control__rosidl_typesupport_introspection_c__pyext[0m
[0.121s] [35m[1mConsolidate compiler generated dependencies of target turtlebot_control__rosidl_typesupport_c__pyext[0m
[0.124s] [35m[1mConsolidate compiler generated dependencies of target turtlebot_control__rosidl_typesupport_fastrtps_c__pyext[0m
[0.132s] [ 87%] Built target turtlebot_control__rosidl_typesupport_c__pyext
[0.132s] [ 90%] Built target turtlebot_control__rosidl_typesupport_introspection_c__pyext
[0.133s] [ 96%] Built target turtlebot_control__rosidl_typesupport_fastrtps_c__pyext
[0.242s] running egg_info
[0.242s] writing turtlebot_control.egg-info/PKG-INFO
[0.242s] writing dependency_links to turtlebot_control.egg-info/dependency_links.txt
[0.242s] writing top-level names to turtlebot_control.egg-info/top_level.txt
[0.244s] reading manifest file 'turtlebot_control.egg-info/SOURCES.txt'
[0.244s] writing manifest file 'turtlebot_control.egg-info/SOURCES.txt'
[0.262s] [ 96%] Built target ament_cmake_python_build_turtlebot_control_egg
[1.804s] [01m[K/home/megsindelar/Final_Project/raspberry_pi_ws/src/turtlebot_control/src/turtlebot_control.cpp:[m[K In constructor â€˜[01m[KTurtlebotControl::TurtlebotControl()[m[Kâ€™:
[1.804s] [01m[K/home/megsindelar/Final_Project/raspberry_pi_ws/src/turtlebot_control/src/turtlebot_control.cpp:43:94:[m[K [01;31m[Kerror: [m[Kno match for â€˜[01m[Koperator=[m[Kâ€™ (operand types are â€˜[01m[Krclcpp::Publisher<turtlebot_control::msg::Keypoints_<std::allocator<void> > >::SharedPtr[m[Kâ€™ {aka â€˜[01m[Kstd::shared_ptr<rclcpp::Publisher<turtlebot_control::msg::Keypoints_<std::allocator<void> > > >[m[Kâ€™} and â€˜[01m[Kstd::shared_ptr<turtlebot_control::msg::Keypoints_<std::allocator<void> > >[m[Kâ€™)
[1.804s]    43 |  std::make_shared<turtlebot_control::msg::Keypoints>("/keypoints", 10[01;31m[K)[m[K;
[1.804s]       |                                                                      [01;31m[K^[m[K
[1.804s] 
[1.804s] In file included from [01m[K/usr/include/c++/11/memory:77[m[K,
[1.804s]                  from [01m[K/opt/ros/humble/include/rclcpp/rclcpp/rclcpp.hpp:153[m[K,
[1.804s]                  from [01m[K/home/megsindelar/Final_Project/raspberry_pi_ws/src/turtlebot_control/src/turtlebot_control.cpp:2[m[K:
[1.804s] [01m[K/usr/include/c++/11/bits/shared_ptr.h:363:9:[m[K [01;36m[Knote: [m[Kcandidate: â€˜[01m[Ktemplate<class _Yp> std::shared_ptr<_Tp>::_Assignable<const std::shared_ptr<_Yp>&> std::shared_ptr<_Tp>::operator=(const std::shared_ptr<_Yp>&) [with _Yp = _Yp; _Tp = rclcpp::Publisher<turtlebot_control::msg::Keypoints_<std::allocator<void> > >][m[Kâ€™
[1.805s]   363 |         [01;36m[Koperator[m[K=(const shared_ptr<_Yp>& __r) noexcept
[1.805s]       |         [01;36m[K^~~~~~~~[m[K
[1.805s] [01m[K/usr/include/c++/11/bits/shared_ptr.h:363:9:[m[K [01;36m[Knote: [m[K  template argument deduction/substitution failed:
[1.805s] /usr/include/c++/11/bits/shared_ptr.h: In substitution of â€˜[01m[Ktemplate<class _Tp> template<class _Arg> using _Assignable = typename std::enable_if<std::is_assignable<std::__shared_ptr<_Tp>&, _Arg>::value, std::shared_ptr<_Tp>&>::type [with _Arg = const std::shared_ptr<turtlebot_control::msg::Keypoints_<std::allocator<void> > >&; _Tp = rclcpp::Publisher<turtlebot_control::msg::Keypoints_<std::allocator<void> > >][m[Kâ€™:
[1.805s] [01m[K/usr/include/c++/11/bits/shared_ptr.h:363:2:[m[K   required by substitution of â€˜[01m[Ktemplate<class _Yp> std::shared_ptr<rclcpp::Publisher<turtlebot_control::msg::Keypoints_<std::allocator<void> > > >::_Assignable<const std::shared_ptr<_Tp>&> std::shared_ptr<rclcpp::Publisher<turtlebot_control::msg::Keypoints_<std::allocator<void> > > >::operator=<_Yp>(const std::shared_ptr<_Tp>&) [with _Yp = turtlebot_control::msg::Keypoints_<std::allocator<void> >][m[Kâ€™
[1.805s] [01m[K/home/megsindelar/Final_Project/raspberry_pi_ws/src/turtlebot_control/src/turtlebot_control.cpp:43:94:[m[K   required from here
[1.805s] [01m[K/usr/include/c++/11/bits/shared_ptr.h:130:15:[m[K [01;31m[Kerror: [m[Kno type named â€˜[01m[Ktype[m[Kâ€™ in â€˜[01m[Kstruct std::enable_if<false, std::shared_ptr<rclcpp::Publisher<turtlebot_control::msg::Keypoints_<std::allocator<void> > > >&>[m[Kâ€™
[1.805s]   130 |         using [01;31m[K_Assignable[m[K = typename enable_if<
[1.805s]       |               [01;31m[K^~~~~~~~~~~[m[K
[1.805s] [01m[K/usr/include/c++/11/bits/shared_ptr.h:374:9:[m[K [01;36m[Knote: [m[Kcandidate: â€˜[01m[Ktemplate<class _Yp> std::shared_ptr<_Tp>::_Assignable<std::auto_ptr<_Up> > std::shared_ptr<_Tp>::operator=(std::auto_ptr<_Up>&&) [with _Yp = _Yp; _Tp = rclcpp::Publisher<turtlebot_control::msg::Keypoints_<std::allocator<void> > >][m[Kâ€™
[1.805s]   374 |         [01;36m[Koperator[m[K=(auto_ptr<_Yp>&& __r)
[1.805s]       |         [01;36m[K^~~~~~~~[m[K
[1.805s] [01m[K/usr/include/c++/11/bits/shared_ptr.h:374:9:[m[K [01;36m[Knote: [m[K  template argument deduction/substitution failed:
[1.805s] [01m[K/home/megsindelar/Final_Project/raspberry_pi_ws/src/turtlebot_control/src/turtlebot_control.cpp:43:94:[m[K [01;36m[Knote: [m[K  â€˜[01m[Kstd::shared_ptr<turtlebot_control::msg::Keypoints_<std::allocator<void> > >[m[Kâ€™ is not derived from â€˜[01m[Kstd::auto_ptr<_Up>[m[Kâ€™
[1.805s]    43 |  std::make_shared<turtlebot_control::msg::Keypoints>("/keypoints", 10[01;36m[K)[m[K;
[1.805s]       |                                                                      [01;36m[K^[m[K
[1.805s] 
[1.805s] In file included from [01m[K/usr/include/c++/11/memory:77[m[K,
[1.805s]                  from [01m[K/opt/ros/humble/include/rclcpp/rclcpp/rclcpp.hpp:153[m[K,
[1.805s]                  from [01m[K/home/megsindelar/Final_Project/raspberry_pi_ws/src/turtlebot_control/src/turtlebot_control.cpp:2[m[K:
[1.805s] [01m[K/usr/include/c++/11/bits/shared_ptr.h:391:9:[m[K [01;36m[Knote: [m[Kcandidate: â€˜[01m[Ktemplate<class _Yp> std::shared_ptr<_Tp>::_Assignable<std::shared_ptr<_Yp> > std::shared_ptr<_Tp>::operator=(std::shared_ptr<_Yp>&&) [with _Yp = _Yp; _Tp = rclcpp::Publisher<turtlebot_control::msg::Keypoints_<std::allocator<void> > >][m[Kâ€™
[1.805s]   391 |         [01;36m[Koperator[m[K=(shared_ptr<_Yp>&& __r) noexcept
[1.805s]       |         [01;36m[K^~~~~~~~[m[K
[1.805s] [01m[K/usr/include/c++/11/bits/shared_ptr.h:391:9:[m[K [01;36m[Knote: [m[K  template argument deduction/substitution failed:
[1.805s] /usr/include/c++/11/bits/shared_ptr.h: In substitution of â€˜[01m[Ktemplate<class _Tp> template<class _Arg> using _Assignable = typename std::enable_if<std::is_assignable<std::__shared_ptr<_Tp>&, _Arg>::value, std::shared_ptr<_Tp>&>::type [with _Arg = std::shared_ptr<turtlebot_control::msg::Keypoints_<std::allocator<void> > >; _Tp = rclcpp::Publisher<turtlebot_control::msg::Keypoints_<std::allocator<void> > >][m[Kâ€™:
[1.805s] [01m[K/usr/include/c++/11/bits/shared_ptr.h:391:2:[m[K   required by substitution of â€˜[01m[Ktemplate<class _Yp> std::shared_ptr<rclcpp::Publisher<turtlebot_control::msg::Keypoints_<std::allocator<void> > > >::_Assignable<std::shared_ptr<_Tp> > std::shared_ptr<rclcpp::Publisher<turtlebot_control::msg::Keypoints_<std::allocator<void> > > >::operator=<_Yp>(std::shared_ptr<_Tp>&&) [with _Yp = turtlebot_control::msg::Keypoints_<std::allocator<void> >][m[Kâ€™
[1.805s] [01m[K/home/megsindelar/Final_Project/raspberry_pi_ws/src/turtlebot_control/src/turtlebot_control.cpp:43:94:[m[K   required from here
[1.805s] [01m[K/usr/include/c++/11/bits/shared_ptr.h:130:15:[m[K [01;31m[Kerror: [m[Kno type named â€˜[01m[Ktype[m[Kâ€™ in â€˜[01m[Kstruct std::enable_if<false, std::shared_ptr<rclcpp::Publisher<turtlebot_control::msg::Keypoints_<std::allocator<void> > > >&>[m[Kâ€™
[1.805s]   130 |         using [01;31m[K_Assignable[m[K = typename enable_if<
[1.805s]       |               [01;31m[K^~~~~~~~~~~[m[K
[1.805s] [01m[K/usr/include/c++/11/bits/shared_ptr.h:399:9:[m[K [01;36m[Knote: [m[Kcandidate: â€˜[01m[Ktemplate<class _Yp, class _Del> std::shared_ptr<_Tp>::_Assignable<std::unique_ptr<_Up, _Ep> > std::shared_ptr<_Tp>::operator=(std::unique_ptr<_Up, _Ep>&&) [with _Yp = _Yp; _Del = _Del; _Tp = rclcpp::Publisher<turtlebot_control::msg::Keypoints_<std::allocator<void> > >][m[Kâ€™
[1.805s]   399 |         [01;36m[Koperator[m[K=(unique_ptr<_Yp, _Del>&& __r)
[1.806s]       |         [01;36m[K^~~~~~~~[m[K
[1.806s] [01m[K/usr/include/c++/11/bits/shared_ptr.h:399:9:[m[K [01;36m[Knote: [m[K  template argument deduction/substitution failed:
[1.806s] [01m[K/home/megsindelar/Final_Project/raspberry_pi_ws/src/turtlebot_control/src/turtlebot_control.cpp:43:94:[m[K [01;36m[Knote: [m[K  â€˜[01m[Kstd::shared_ptr<turtlebot_control::msg::Keypoints_<std::allocator<void> > >[m[Kâ€™ is not derived from â€˜[01m[Kstd::unique_ptr<_Tp, _Dp>[m[Kâ€™
[1.806s]    43 |  std::make_shared<turtlebot_control::msg::Keypoints>("/keypoints", 10[01;36m[K)[m[K;
[1.806s]       |                                                                      [01;36m[K^[m[K
[1.806s] 
[1.806s] In file included from [01m[K/usr/include/c++/11/memory:77[m[K,
[1.806s]                  from [01m[K/opt/ros/humble/include/rclcpp/rclcpp/rclcpp.hpp:153[m[K,
[1.806s]                  from [01m[K/home/megsindelar/Final_Project/raspberry_pi_ws/src/turtlebot_control/src/turtlebot_control.cpp:2[m[K:
[1.806s] [01m[K/usr/include/c++/11/bits/shared_ptr.h:359:19:[m[K [01;36m[Knote: [m[Kcandidate: â€˜[01m[Kstd::shared_ptr<_Tp>& std::shared_ptr<_Tp>::operator=(const std::shared_ptr<_Tp>&) [with _Tp = rclcpp::Publisher<turtlebot_control::msg::Keypoints_<std::allocator<void> > >][m[Kâ€™
[1.806s]   359 |       shared_ptr& [01;36m[Koperator[m[K=(const shared_ptr&) noexcept = default;
[1.806s]       |                   [01;36m[K^~~~~~~~[m[K
[1.806s] [01m[K/usr/include/c++/11/bits/shared_ptr.h:359:29:[m[K [01;36m[Knote: [m[K  no known conversion for argument 1 from â€˜[01m[Kstd::shared_ptr<turtlebot_control::msg::Keypoints_<std::allocator<void> > >[m[Kâ€™ to â€˜[01m[Kconst std::shared_ptr<rclcpp::Publisher<turtlebot_control::msg::Keypoints_<std::allocator<void> > > >&[m[Kâ€™
[1.806s]   359 |       shared_ptr& operator=([01;36m[Kconst shared_ptr&[m[K) noexcept = default;
[1.806s]       |                             [01;36m[K^~~~~~~~~~~~~~~~~[m[K
[1.806s] [01m[K/usr/include/c++/11/bits/shared_ptr.h:383:7:[m[K [01;36m[Knote: [m[Kcandidate: â€˜[01m[Kstd::shared_ptr<_Tp>& std::shared_ptr<_Tp>::operator=(std::shared_ptr<_Tp>&&) [with _Tp = rclcpp::Publisher<turtlebot_control::msg::Keypoints_<std::allocator<void> > >][m[Kâ€™
[1.806s]   383 |       [01;36m[Koperator[m[K=(shared_ptr&& __r) noexcept
[1.806s]       |       [01;36m[K^~~~~~~~[m[K
[1.806s] [01m[K/usr/include/c++/11/bits/shared_ptr.h:383:30:[m[K [01;36m[Knote: [m[K  no known conversion for argument 1 from â€˜[01m[Kstd::shared_ptr<turtlebot_control::msg::Keypoints_<std::allocator<void> > >[m[Kâ€™ to â€˜[01m[Kstd::shared_ptr<rclcpp::Publisher<turtlebot_control::msg::Keypoints_<std::allocator<void> > > >&&[m[Kâ€™
[1.806s]   383 |       operator=([01;36m[Kshared_ptr&& __r[m[K) noexcept
[1.806s]       |                 [01;36m[K~~~~~~~~~~~~~^~~[m[K
[1.818s] [01m[K/home/megsindelar/Final_Project/raspberry_pi_ws/src/turtlebot_control/src/turtlebot_control.cpp:[m[K In member function â€˜[01m[Kvoid TurtlebotControl::timer_callback()[m[Kâ€™:
[1.818s] [01m[K/home/megsindelar/Final_Project/raspberry_pi_ws/src/turtlebot_control/src/turtlebot_control.cpp:84:21:[m[K [01;31m[Kerror: [m[Kâ€˜[01m[Kdetector[m[Kâ€™ was not declared in this scope
[1.818s]    84 |                     [01;31m[Kdetector[m[K->detect (prev_frame ,keypoints_1 );
[1.819s]       |                     [01;31m[K^~~~~~~~[m[K
[1.819s] [01m[K/home/megsindelar/Final_Project/raspberry_pi_ws/src/turtlebot_control/src/turtlebot_control.cpp:152:13:[m[K [01;31m[Kerror: [m[Kexpected â€˜[01m[K;[m[Kâ€™ before â€˜[01m[K}[m[Kâ€™ token
[1.819s]   152 |             [01;31m[K}[m[K
[1.819s]       |             [01;31m[K^[m[K
[2.098s] In file included from [01m[K/usr/include/x86_64-linux-gnu/c++/11/bits/c++allocator.h:33[m[K,
[2.098s]                  from [01m[K/usr/include/c++/11/bits/allocator.h:46[m[K,
[2.098s]                  from [01m[K/usr/include/c++/11/string:41[m[K,
[2.098s]                  from [01m[K/usr/include/c++/11/bits/locale_classes.h:40[m[K,
[2.098s]                  from [01m[K/usr/include/c++/11/bits/ios_base.h:41[m[K,
[2.098s]                  from [01m[K/usr/include/c++/11/ios:42[m[K,
[2.098s]                  from [01m[K/usr/include/c++/11/ostream:38[m[K,
[2.098s]                  from [01m[K/usr/include/c++/11/iostream:39[m[K,
[2.098s]                  from [01m[K/home/megsindelar/Final_Project/raspberry_pi_ws/src/turtlebot_control/src/turtlebot_control.cpp:1[m[K:
[2.098s] /usr/include/c++/11/ext/new_allocator.h: In instantiation of â€˜[01m[Kvoid __gnu_cxx::new_allocator<_Tp>::construct(_Up*, _Args&& ...) [with _Up = turtlebot_control::msg::Keypoints_<std::allocator<void> >; _Args = {const char (&)[11], int}; _Tp = turtlebot_control::msg::Keypoints_<std::allocator<void> >][m[Kâ€™:
[2.098s] [01m[K/usr/include/c++/11/bits/alloc_traits.h:516:17:[m[K   required from â€˜[01m[Kstatic void std::allocator_traits<std::allocator<_CharT> >::construct(std::allocator_traits<std::allocator<_CharT> >::allocator_type&, _Up*, _Args&& ...) [with _Up = turtlebot_control::msg::Keypoints_<std::allocator<void> >; _Args = {const char (&)[11], int}; _Tp = turtlebot_control::msg::Keypoints_<std::allocator<void> >; std::allocator_traits<std::allocator<_CharT> >::allocator_type = std::allocator<turtlebot_control::msg::Keypoints_<std::allocator<void> > >][m[Kâ€™
[2.098s] [01m[K/usr/include/c++/11/bits/shared_ptr_base.h:519:39:[m[K   required from â€˜[01m[Kstd::_Sp_counted_ptr_inplace<_Tp, _Alloc, _Lp>::_Sp_counted_ptr_inplace(_Alloc, _Args&& ...) [with _Args = {const char (&)[11], int}; _Tp = turtlebot_control::msg::Keypoints_<std::allocator<void> >; _Alloc = std::allocator<turtlebot_control::msg::Keypoints_<std::allocator<void> > >; __gnu_cxx::_Lock_policy _Lp = __gnu_cxx::_S_atomic][m[Kâ€™
[2.098s] [01m[K/usr/include/c++/11/bits/shared_ptr_base.h:650:16:[m[K   required from â€˜[01m[Kstd::__shared_count<_Lp>::__shared_count(_Tp*&, std::_Sp_alloc_shared_tag<_Alloc>, _Args&& ...) [with _Tp = turtlebot_control::msg::Keypoints_<std::allocator<void> >; _Alloc = std::allocator<turtlebot_control::msg::Keypoints_<std::allocator<void> > >; _Args = {const char (&)[11], int}; __gnu_cxx::_Lock_policy _Lp = __gnu_cxx::_S_atomic][m[Kâ€™
[2.098s] [01m[K/usr/include/c++/11/bits/shared_ptr_base.h:1342:14:[m[K   required from â€˜[01m[Kstd::__shared_ptr<_Tp, _Lp>::__shared_ptr(std::_Sp_alloc_shared_tag<_Tp>, _Args&& ...) [with _Alloc = std::allocator<turtlebot_control::msg::Keypoints_<std::allocator<void> > >; _Args = {const char (&)[11], int}; _Tp = turtlebot_control::msg::Keypoints_<std::allocator<void> >; __gnu_cxx::_Lock_policy _Lp = __gnu_cxx::_S_atomic][m[Kâ€™
[2.098s] [01m[K/usr/include/c++/11/bits/shared_ptr.h:409:59:[m[K   required from â€˜[01m[Kstd::shared_ptr<_Tp>::shared_ptr(std::_Sp_alloc_shared_tag<_Tp>, _Args&& ...) [with _Alloc = std::allocator<turtlebot_control::msg::Keypoints_<std::allocator<void> > >; _Args = {const char (&)[11], int}; _Tp = turtlebot_control::msg::Keypoints_<std::allocator<void> >][m[Kâ€™
[2.098s] [01m[K/usr/include/c++/11/bits/shared_ptr.h:862:14:[m[K   required from â€˜[01m[Kstd::shared_ptr<_Tp> std::allocate_shared(const _Alloc&, _Args&& ...) [with _Tp = turtlebot_control::msg::Keypoints_<std::allocator<void> >; _Alloc = std::allocator<turtlebot_control::msg::Keypoints_<std::allocator<void> > >; _Args = {const char (&)[11], int}][m[Kâ€™
[2.098s] [01m[K/usr/include/c++/11/bits/shared_ptr.h:878:39:[m[K   required from â€˜[01m[Kstd::shared_ptr<_Tp> std::make_shared(_Args&& ...) [with _Tp = turtlebot_control::msg::Keypoints_<std::allocator<void> >; _Args = {const char (&)[11], int}][m[Kâ€™
[2.098s] [01m[K/home/megsindelar/Final_Project/raspberry_pi_ws/src/turtlebot_control/src/turtlebot_control.cpp:43:77:[m[K   required from here
[2.098s] [01m[K/usr/include/c++/11/ext/new_allocator.h:162:11:[m[K [01;31m[Kerror: [m[Kno matching function for call to â€˜[01m[Kturtlebot_control::msg::Keypoints_<std::allocator<void> >::Keypoints_(const char [11], int)[m[Kâ€™
[2.098s]   162 |         { [01;31m[K::new((void *)__p) _Up(std::forward<_Args>(__args)...)[m[K; }
[2.098s]       |           [01;31m[K^~~~~~~~~~~~~~~~~~~~~~~~~~~~~~~~~~~~~~~~~~~~~~~~~~~~~~[m[K
[2.098s] In file included from [01m[K/home/megsindelar/Final_Project/raspberry_pi_ws/build/turtlebot_control/rosidl_generator_cpp/turtlebot_control/msg/keypoints.hpp:7[m[K,
[2.098s]                  from [01m[K/home/megsindelar/Final_Project/raspberry_pi_ws/src/turtlebot_control/src/turtlebot_control.cpp:15[m[K:
[2.099s] [01m[K/home/megsindelar/Final_Project/raspberry_pi_ws/build/turtlebot_control/rosidl_generator_cpp/turtlebot_control/msg/detail/keypoints__struct.hpp:41:12:[m[K [01;36m[Knote: [m[Kcandidate: â€˜[01m[Kturtlebot_control::msg::Keypoints_<ContainerAllocator>::Keypoints_(const ContainerAllocator&, rosidl_runtime_cpp::MessageInitialization) [with ContainerAllocator = std::allocator<void>][m[Kâ€™
[2.099s]    41 |   explicit [01;36m[KKeypoints_[m[K(const ContainerAllocator & _alloc, rosidl_runtime_cpp::MessageInitialization _init = rosidl_runtime_cpp::MessageInitialization::ALL)
[2.099s]       |            [01;36m[K^~~~~~~~~~[m[K
[2.099s] [01m[K/home/megsindelar/Final_Project/raspberry_pi_ws/build/turtlebot_control/rosidl_generator_cpp/turtlebot_control/msg/detail/keypoints__struct.hpp:41:50:[m[K [01;36m[Knote: [m[K  no known conversion for argument 1 from â€˜[01m[Kconst char [11][m[Kâ€™ to â€˜[01m[Kconst std::allocator<void>&[m[Kâ€™
[2.099s]    41 |   explicit Keypoints_([01;36m[Kconst ContainerAllocator & _alloc[m[K, rosidl_runtime_cpp::MessageInitialization _init = rosidl_runtime_cpp::MessageInitialization::ALL)
[2.099s]       |                       [01;36m[K~~~~~~~~~~~~~~~~~~~~~~~~~~~^~~~~~[m[K
[2.099s] [01m[K/home/megsindelar/Final_Project/raspberry_pi_ws/build/turtlebot_control/rosidl_generator_cpp/turtlebot_control/msg/detail/keypoints__struct.hpp:36:12:[m[K [01;36m[Knote: [m[Kcandidate: â€˜[01m[Kturtlebot_control::msg::Keypoints_<ContainerAllocator>::Keypoints_(rosidl_runtime_cpp::MessageInitialization) [with ContainerAllocator = std::allocator<void>][m[Kâ€™
[2.099s]    36 |   explicit [01;36m[KKeypoints_[m[K(rosidl_runtime_cpp::MessageInitialization _init = rosidl_runtime_cpp::MessageInitialization::ALL)
[2.099s]       |            [01;36m[K^~~~~~~~~~[m[K
[2.099s] [01m[K/home/megsindelar/Final_Project/raspberry_pi_ws/build/turtlebot_control/rosidl_generator_cpp/turtlebot_control/msg/detail/keypoints__struct.hpp:36:12:[m[K [01;36m[Knote: [m[K  candidate expects 1 argument, 2 provided
[2.099s] [01m[K/home/megsindelar/Final_Project/raspberry_pi_ws/build/turtlebot_control/rosidl_generator_cpp/turtlebot_control/msg/detail/keypoints__struct.hpp:32:8:[m[K [01;36m[Knote: [m[Kcandidate: â€˜[01m[Kturtlebot_control::msg::Keypoints_<std::allocator<void> >::Keypoints_(const turtlebot_control::msg::Keypoints_<std::allocator<void> >&)[m[Kâ€™
[2.099s]    32 | struct [01;36m[KKeypoints_[m[K
[2.099s]       |        [01;36m[K^~~~~~~~~~[m[K
[2.099s] [01m[K/home/megsindelar/Final_Project/raspberry_pi_ws/build/turtlebot_control/rosidl_generator_cpp/turtlebot_control/msg/detail/keypoints__struct.hpp:32:8:[m[K [01;36m[Knote: [m[K  candidate expects 1 argument, 2 provided
[2.099s] [01m[K/home/megsindelar/Final_Project/raspberry_pi_ws/build/turtlebot_control/rosidl_generator_cpp/turtlebot_control/msg/detail/keypoints__struct.hpp:32:8:[m[K [01;36m[Knote: [m[Kcandidate: â€˜[01m[Kturtlebot_control::msg::Keypoints_<std::allocator<void> >::Keypoints_(turtlebot_control::msg::Keypoints_<std::allocator<void> >&&)[m[Kâ€™
[2.099s] [01m[K/home/megsindelar/Final_Project/raspberry_pi_ws/build/turtlebot_control/rosidl_generator_cpp/turtlebot_control/msg/detail/keypoints__struct.hpp:32:8:[m[K [01;36m[Knote: [m[K  candidate expects 1 argument, 2 provided
[2.166s] gmake[2]: *** [CMakeFiles/turtlebot_control.dir/build.make:76: CMakeFiles/turtlebot_control.dir/src/turtlebot_control.cpp.o] Error 1
[2.166s] gmake[1]: *** [CMakeFiles/Makefile2:593: CMakeFiles/turtlebot_control.dir/all] Error 2
[2.166s] gmake: *** [Makefile:146: all] Error 2
[2.168s] Invoked command in '/home/megsindelar/Final_Project/raspberry_pi_ws/build/turtlebot_control' returned '2': CMAKE_PREFIX_PATH=${CMAKE_PREFIX_PATH}:/home/megsindelar/ME_495/Final_Proj/install/attack_of_the_franka:/home/megsindelar/ME_495/Final_Proj/install/moveit_testing:/opt/ros/humble /usr/bin/cmake --build /home/megsindelar/Final_Project/raspberry_pi_ws/build/turtlebot_control -- -j8 -l8
