[0.007s] Invoking command in '/ros_ws/aarch64_build/turtlebot_control': CMAKE_PREFIX_PATH=/opt/ros/humble /usr/bin/cmake --build /ros_ws/aarch64_build/turtlebot_control -- -j8 -l8
[0.037s] [35m[1mConsolidate compiler generated dependencies of target turtlebot_control[0m
[0.050s] [ 50%] [32mBuilding CXX object CMakeFiles/turtlebot_control.dir/src/turtlebot_control.cpp.o[0m
[2.109s] [01m[K/ros_ws/src/turtlebot_control/src/turtlebot_control.cpp:[m[K In member function â€˜[01m[Kvoid TurtlebotControl::timer_callback()[m[Kâ€™:
[2.109s] [01m[K/ros_ws/src/turtlebot_control/src/turtlebot_control.cpp:61:17:[m[K [01;31m[Kerror: [m[Kexpected â€˜[01m[K,[m[Kâ€™ or â€˜[01m[K;[m[Kâ€™ before â€˜[01m[Kint[m[Kâ€™
[2.109s]    61 |                 [01;31m[Kint[m[K num_frames = 120;
[2.109s]       |                 [01;31m[K^~~[m[K
[2.122s] [01m[K/ros_ws/src/turtlebot_control/src/turtlebot_control.cpp:70:32:[m[K [01;31m[Kerror: [m[Kâ€˜[01m[Knum_frames[m[Kâ€™ was not declared in this scope
[2.122s]    70 |                 for(int i=0; i<[01;31m[Knum_frames[m[K; i++){
[2.122s]       |                                [01;31m[K^~~~~~~~~~[m[K
[2.125s] In file included from [01m[K/opt/ros/humble/include/rclcpp/rclcpp/logging.hpp:24[m[K,
[2.125s]                  from [01m[K/opt/ros/humble/include/rclcpp/rclcpp/client.hpp:40[m[K,
[2.125s]                  from [01m[K/opt/ros/humble/include/rclcpp/rclcpp/callback_group.hpp:24[m[K,
[2.125s]                  from [01m[K/opt/ros/humble/include/rclcpp/rclcpp/any_executable.hpp:20[m[K,
[2.125s]                  from [01m[K/opt/ros/humble/include/rclcpp/rclcpp/memory_strategy.hpp:25[m[K,
[2.125s]                  from [01m[K/opt/ros/humble/include/rclcpp/rclcpp/memory_strategies.hpp:18[m[K,
[2.125s]                  from [01m[K/opt/ros/humble/include/rclcpp/rclcpp/executor_options.hpp:20[m[K,
[2.125s]                  from [01m[K/opt/ros/humble/include/rclcpp/rclcpp/executor.hpp:37[m[K,
[2.125s]                  from [01m[K/opt/ros/humble/include/rclcpp/rclcpp/executors/multi_threaded_executor.hpp:25[m[K,
[2.125s]                  from [01m[K/opt/ros/humble/include/rclcpp/rclcpp/executors.hpp:21[m[K,
[2.125s]                  from [01m[K/opt/ros/humble/include/rclcpp/rclcpp/rclcpp.hpp:155[m[K,
[2.125s]                  from [01m[K/ros_ws/src/turtlebot_control/src/turtlebot_control.cpp:2[m[K:
[2.125s] [01m[K/ros_ws/src/turtlebot_control/src/turtlebot_control.cpp:77:80:[m[K [01;31m[Kerror: [m[Kâ€˜[01m[Kcount[m[Kâ€™ was not declared in this scope; did you mean â€˜[01m[Kstd::count[m[Kâ€™?
[2.125s]    77 | CPP_INFO(rclcpp::get_logger("message"), "Frequency: %ld\n", [01;31m[Kcount[m[K/elapsed.count());
[2.125s]       |                                                             [01;31m[K^~~~~[m[K
[2.125s] 
[2.125s] In file included from [01m[K/usr/aarch64-linux-gnu/include/c++/11/algorithm:74[m[K,
[2.125s]                  from [01m[K/opt/ros/humble/include/rclcpp/rclcpp/executor.hpp:18[m[K,
[2.125s]                  from [01m[K/opt/ros/humble/include/rclcpp/rclcpp/executors/multi_threaded_executor.hpp:25[m[K,
[2.125s]                  from [01m[K/opt/ros/humble/include/rclcpp/rclcpp/executors.hpp:21[m[K,
[2.125s]                  from [01m[K/opt/ros/humble/include/rclcpp/rclcpp/rclcpp.hpp:155[m[K,
[2.125s]                  from [01m[K/ros_ws/src/turtlebot_control/src/turtlebot_control.cpp:2[m[K:
[2.125s] [01m[K/usr/aarch64-linux-gnu/include/c++/11/pstl/glue_algorithm_defs.h:101:1:[m[K [01;36m[Knote: [m[Kâ€˜[01m[Kstd::count[m[Kâ€™ declared here
[2.125s]   101 | [01;36m[Kcount[m[K(_ExecutionPolicy&& __exec, _ForwardIterator __first, _ForwardIterator __last, const _Tp& __value);
[2.125s]       | [01;36m[K^~~~~[m[K
[2.125s] [01m[K/ros_ws/src/turtlebot_control/src/turtlebot_control.cpp:60:24:[m[K [01;35m[Kwarning: [m[Kunused variable â€˜[01m[Kfps[m[Kâ€™ [[01;35m[K-Wunused-variable[m[K]
[2.126s]    60 |                 double [01;35m[Kfps[m[K = cap.get(cv::CAP_PROP_FPS)
[2.126s]       |                        [01;35m[K^~~[m[K
[2.543s] gmake[2]: *** [CMakeFiles/turtlebot_control.dir/build.make:76: CMakeFiles/turtlebot_control.dir/src/turtlebot_control.cpp.o] Error 1
[2.543s] gmake[1]: *** [CMakeFiles/Makefile2:137: CMakeFiles/turtlebot_control.dir/all] Error 2
[2.544s] gmake: *** [Makefile:146: all] Error 2
[2.545s] Invoked command in '/ros_ws/aarch64_build/turtlebot_control' returned '2': CMAKE_PREFIX_PATH=/opt/ros/humble /usr/bin/cmake --build /ros_ws/aarch64_build/turtlebot_control -- -j8 -l8
