[0.010s] Invoking command in '/ros_ws/aarch64_build/turtlebot_control': CMAKE_PREFIX_PATH=/opt/ros/humble /usr/bin/cmake --build /ros_ws/aarch64_build/turtlebot_control -- -j8 -l8
[0.043s] [  3%] Built target turtlebot_control_msg__cpp
[0.044s] [ 12%] Built target turtlebot_control_msg__rosidl_generator_c
[0.052s] [ 12%] Built target ament_cmake_python_copy_turtlebot_control
[0.061s] [ 27%] Built target turtlebot_control_msg__rosidl_typesupport_fastrtps_cpp
[0.061s] [ 30%] Built target turtlebot_control_msg__rosidl_typesupport_introspection_cpp
[0.061s] [ 39%] Built target turtlebot_control_msg__rosidl_typesupport_c
[0.062s] [ 48%] Built target turtlebot_control_msg__rosidl_typesupport_introspection_c
[0.062s] [ 57%] Built target turtlebot_control_msg__rosidl_typesupport_cpp
[0.063s] [ 66%] Built target turtlebot_control_msg__rosidl_typesupport_fastrtps_c
[0.071s] [35m[1mConsolidate compiler generated dependencies of target turtlebot_control[0m
[0.075s] [ 66%] Built target turtlebot_control_msg
[0.086s] [ 69%] [32mBuilding CXX object CMakeFiles/turtlebot_control.dir/src/turtlebot_control.cpp.o[0m
[0.088s] [ 72%] Built target turtlebot_control_msg__py
[0.103s] [ 78%] Built target turtlebot_control_msg__rosidl_generator_py
[0.120s] [ 90%] Built target turtlebot_control__rosidl_typesupport_introspection_c__pyext
[0.120s] [ 90%] Built target turtlebot_control__rosidl_typesupport_fastrtps_c__pyext
[0.120s] [ 96%] Built target turtlebot_control__rosidl_typesupport_c__pyext
[0.201s] running egg_info
[0.201s] writing turtlebot_control.egg-info/PKG-INFO
[0.201s] writing dependency_links to turtlebot_control.egg-info/dependency_links.txt
[0.201s] writing top-level names to turtlebot_control.egg-info/top_level.txt
[0.203s] reading manifest file 'turtlebot_control.egg-info/SOURCES.txt'
[0.203s] writing manifest file 'turtlebot_control.egg-info/SOURCES.txt'
[0.220s] [ 96%] Built target ament_cmake_python_build_turtlebot_control_egg
[2.620s] [01m[K/ros_ws/src/turtlebot_control/src/turtlebot_control.cpp:[m[K In constructor â€˜[01m[KTurtlebotControl::TurtlebotControl()[m[Kâ€™:
[2.620s] [01m[K/ros_ws/src/turtlebot_control/src/turtlebot_control.cpp:42:9:[m[K [01;31m[Kerror: [m[Kno match for â€˜[01m[Koperator=[m[Kâ€™ (operand types are â€˜[01m[Kstd::shared_ptr<image_transport::CameraPublisher>[m[Kâ€™ and â€˜[01m[Kstd::shared_ptr<image_transport::Publisher>[m[Kâ€™)
[2.620s]    42 |         [01;31m[K)[m[K;
[2.620s]       |         [01;31m[K^[m[K
[2.620s] In file included from [01m[K/usr/aarch64-linux-gnu/include/c++/11/memory:77[m[K,
[2.621s]                  from [01m[K/opt/ros/humble/include/rclcpp/rclcpp/rclcpp.hpp:153[m[K,
[2.621s]                  from [01m[K/ros_ws/src/turtlebot_control/src/turtlebot_control.cpp:2[m[K:
[2.621s] [01m[K/usr/aarch64-linux-gnu/include/c++/11/bits/shared_ptr.h:363:9:[m[K [01;36m[Knote: [m[Kcandidate: â€˜[01m[Ktemplate<class _Yp> std::shared_ptr<_Tp>::_Assignable<const std::shared_ptr<_Yp>&> std::shared_ptr<_Tp>::operator=(const std::shared_ptr<_Yp>&) [with _Yp = _Yp; _Tp = image_transport::CameraPublisher][m[Kâ€™
[2.621s]   363 |         [01;36m[Koperator[m[K=(const shared_ptr<_Yp>& __r) noexcept
[2.621s]       |         [01;36m[K^~~~~~~~[m[K
[2.621s] [01m[K/usr/aarch64-linux-gnu/include/c++/11/bits/shared_ptr.h:363:9:[m[K [01;36m[Knote: [m[K  template argument deduction/substitution failed:
[2.621s] /usr/aarch64-linux-gnu/include/c++/11/bits/shared_ptr.h: In substitution of â€˜[01m[Ktemplate<class _Tp> template<class _Arg> using _Assignable = typename std::enable_if<std::is_assignable<std::__shared_ptr<_Tp>&, _Arg>::value, std::shared_ptr<_Tp>&>::type [with _Arg = const std::shared_ptr<image_transport::Publisher>&; _Tp = image_transport::CameraPublisher][m[Kâ€™:
[2.621s] [01m[K/usr/aarch64-linux-gnu/include/c++/11/bits/shared_ptr.h:363:2:[m[K   required by substitution of â€˜[01m[Ktemplate<class _Yp> std::shared_ptr<image_transport::CameraPublisher>::_Assignable<const std::shared_ptr<_Tp>&> std::shared_ptr<image_transport::CameraPublisher>::operator=<_Yp>(const std::shared_ptr<_Tp>&) [with _Yp = image_transport::Publisher][m[Kâ€™
[2.621s] [01m[K/ros_ws/src/turtlebot_control/src/turtlebot_control.cpp:42:9:[m[K   required from here
[2.621s] [01m[K/usr/aarch64-linux-gnu/include/c++/11/bits/shared_ptr.h:130:15:[m[K [01;31m[Kerror: [m[Kno type named â€˜[01m[Ktype[m[Kâ€™ in â€˜[01m[Kstruct std::enable_if<false, std::shared_ptr<image_transport::CameraPublisher>&>[m[Kâ€™
[2.621s]   130 |         using [01;31m[K_Assignable[m[K = typename enable_if<
[2.621s]       |               [01;31m[K^~~~~~~~~~~[m[K
[2.621s] [01m[K/usr/aarch64-linux-gnu/include/c++/11/bits/shared_ptr.h:374:9:[m[K [01;36m[Knote: [m[Kcandidate: â€˜[01m[Ktemplate<class _Yp> std::shared_ptr<_Tp>::_Assignable<std::auto_ptr<_Up> > std::shared_ptr<_Tp>::operator=(std::auto_ptr<_Up>&&) [with _Yp = _Yp; _Tp = image_transport::CameraPublisher][m[Kâ€™
[2.621s]   374 |         [01;36m[Koperator[m[K=(auto_ptr<_Yp>&& __r)
[2.621s]       |         [01;36m[K^~~~~~~~[m[K
[2.621s] [01m[K/usr/aarch64-linux-gnu/include/c++/11/bits/shared_ptr.h:374:9:[m[K [01;36m[Knote: [m[K  template argument deduction/substitution failed:
[2.621s] [01m[K/ros_ws/src/turtlebot_control/src/turtlebot_control.cpp:42:9:[m[K [01;36m[Knote: [m[K  â€˜[01m[Kstd::shared_ptr<image_transport::Publisher>[m[Kâ€™ is not derived from â€˜[01m[Kstd::auto_ptr<_Up>[m[Kâ€™
[2.621s]    42 |         [01;36m[K)[m[K;
[2.621s]       |         [01;36m[K^[m[K
[2.621s] In file included from [01m[K/usr/aarch64-linux-gnu/include/c++/11/memory:77[m[K,
[2.621s]                  from [01m[K/opt/ros/humble/include/rclcpp/rclcpp/rclcpp.hpp:153[m[K,
[2.621s]                  from [01m[K/ros_ws/src/turtlebot_control/src/turtlebot_control.cpp:2[m[K:
[2.621s] [01m[K/usr/aarch64-linux-gnu/include/c++/11/bits/shared_ptr.h:391:9:[m[K [01;36m[Knote: [m[Kcandidate: â€˜[01m[Ktemplate<class _Yp> std::shared_ptr<_Tp>::_Assignable<std::shared_ptr<_Yp> > std::shared_ptr<_Tp>::operator=(std::shared_ptr<_Yp>&&) [with _Yp = _Yp; _Tp = image_transport::CameraPublisher][m[Kâ€™
[2.621s]   391 |         [01;36m[Koperator[m[K=(shared_ptr<_Yp>&& __r) noexcept
[2.621s]       |         [01;36m[K^~~~~~~~[m[K
[2.621s] [01m[K/usr/aarch64-linux-gnu/include/c++/11/bits/shared_ptr.h:391:9:[m[K [01;36m[Knote: [m[K  template argument deduction/substitution failed:
[2.622s] /usr/aarch64-linux-gnu/include/c++/11/bits/shared_ptr.h: In substitution of â€˜[01m[Ktemplate<class _Tp> template<class _Arg> using _Assignable = typename std::enable_if<std::is_assignable<std::__shared_ptr<_Tp>&, _Arg>::value, std::shared_ptr<_Tp>&>::type [with _Arg = std::shared_ptr<image_transport::Publisher>; _Tp = image_transport::CameraPublisher][m[Kâ€™:
[2.622s] [01m[K/usr/aarch64-linux-gnu/include/c++/11/bits/shared_ptr.h:391:2:[m[K   required by substitution of â€˜[01m[Ktemplate<class _Yp> std::shared_ptr<image_transport::CameraPublisher>::_Assignable<std::shared_ptr<_Tp> > std::shared_ptr<image_transport::CameraPublisher>::operator=<_Yp>(std::shared_ptr<_Tp>&&) [with _Yp = image_transport::Publisher][m[Kâ€™
[2.622s] [01m[K/ros_ws/src/turtlebot_control/src/turtlebot_control.cpp:42:9:[m[K   required from here
[2.622s] [01m[K/usr/aarch64-linux-gnu/include/c++/11/bits/shared_ptr.h:130:15:[m[K [01;31m[Kerror: [m[Kno type named â€˜[01m[Ktype[m[Kâ€™ in â€˜[01m[Kstruct std::enable_if<false, std::shared_ptr<image_transport::CameraPublisher>&>[m[Kâ€™
[2.622s]   130 |         using [01;31m[K_Assignable[m[K = typename enable_if<
[2.622s]       |               [01;31m[K^~~~~~~~~~~[m[K
[2.622s] [01m[K/usr/aarch64-linux-gnu/include/c++/11/bits/shared_ptr.h:399:9:[m[K [01;36m[Knote: [m[Kcandidate: â€˜[01m[Ktemplate<class _Yp, class _Del> std::shared_ptr<_Tp>::_Assignable<std::unique_ptr<_Up, _Ep> > std::shared_ptr<_Tp>::operator=(std::unique_ptr<_Up, _Ep>&&) [with _Yp = _Yp; _Del = _Del; _Tp = image_transport::CameraPublisher][m[Kâ€™
[2.622s]   399 |         [01;36m[Koperator[m[K=(unique_ptr<_Yp, _Del>&& __r)
[2.622s]       |         [01;36m[K^~~~~~~~[m[K
[2.622s] [01m[K/usr/aarch64-linux-gnu/include/c++/11/bits/shared_ptr.h:399:9:[m[K [01;36m[Knote: [m[K  template argument deduction/substitution failed:
[2.622s] [01m[K/ros_ws/src/turtlebot_control/src/turtlebot_control.cpp:42:9:[m[K [01;36m[Knote: [m[K  â€˜[01m[Kstd::shared_ptr<image_transport::Publisher>[m[Kâ€™ is not derived from â€˜[01m[Kstd::unique_ptr<_Tp, _Dp>[m[Kâ€™
[2.622s]    42 |         [01;36m[K)[m[K;
[2.622s]       |         [01;36m[K^[m[K
[2.622s] In file included from [01m[K/usr/aarch64-linux-gnu/include/c++/11/memory:77[m[K,
[2.622s]                  from [01m[K/opt/ros/humble/include/rclcpp/rclcpp/rclcpp.hpp:153[m[K,
[2.622s]                  from [01m[K/ros_ws/src/turtlebot_control/src/turtlebot_control.cpp:2[m[K:
[2.622s] [01m[K/usr/aarch64-linux-gnu/include/c++/11/bits/shared_ptr.h:359:19:[m[K [01;36m[Knote: [m[Kcandidate: â€˜[01m[Kstd::shared_ptr<_Tp>& std::shared_ptr<_Tp>::operator=(const std::shared_ptr<_Tp>&) [with _Tp = image_transport::CameraPublisher][m[Kâ€™
[2.622s]   359 |       shared_ptr& [01;36m[Koperator[m[K=(const shared_ptr&) noexcept = default;
[2.622s]       |                   [01;36m[K^~~~~~~~[m[K
[2.622s] [01m[K/usr/aarch64-linux-gnu/include/c++/11/bits/shared_ptr.h:359:29:[m[K [01;36m[Knote: [m[K  no known conversion for argument 1 from â€˜[01m[Kstd::shared_ptr<image_transport::Publisher>[m[Kâ€™ to â€˜[01m[Kconst std::shared_ptr<image_transport::CameraPublisher>&[m[Kâ€™
[2.622s]   359 |       shared_ptr& operator=([01;36m[Kconst shared_ptr&[m[K) noexcept = default;
[2.622s]       |                             [01;36m[K^~~~~~~~~~~~~~~~~[m[K
[2.622s] [01m[K/usr/aarch64-linux-gnu/include/c++/11/bits/shared_ptr.h:383:7:[m[K [01;36m[Knote: [m[Kcandidate: â€˜[01m[Kstd::shared_ptr<_Tp>& std::shared_ptr<_Tp>::operator=(std::shared_ptr<_Tp>&&) [with _Tp = image_transport::CameraPublisher][m[Kâ€™
[2.622s]   383 |       [01;36m[Koperator[m[K=(shared_ptr&& __r) noexcept
[2.622s]       |       [01;36m[K^~~~~~~~[m[K
[2.622s] [01m[K/usr/aarch64-linux-gnu/include/c++/11/bits/shared_ptr.h:383:30:[m[K [01;36m[Knote: [m[K  no known conversion for argument 1 from â€˜[01m[Kstd::shared_ptr<image_transport::Publisher>[m[Kâ€™ to â€˜[01m[Kstd::shared_ptr<image_transport::CameraPublisher>&&[m[Kâ€™
[2.622s]   383 |       operator=([01;36m[Kshared_ptr&& __r[m[K) noexcept
[2.622s]       |                 [01;36m[K~~~~~~~~~~~~~^~~[m[K
[3.271s] gmake[2]: *** [CMakeFiles/turtlebot_control.dir/build.make:76: CMakeFiles/turtlebot_control.dir/src/turtlebot_control.cpp.o] Error 1
[3.271s] gmake[1]: *** [CMakeFiles/Makefile2:593: CMakeFiles/turtlebot_control.dir/all] Error 2
[3.271s] gmake: *** [Makefile:146: all] Error 2
[3.272s] Invoked command in '/ros_ws/aarch64_build/turtlebot_control' returned '2': CMAKE_PREFIX_PATH=/opt/ros/humble /usr/bin/cmake --build /ros_ws/aarch64_build/turtlebot_control -- -j8 -l8
