[0.011s] Invoking command in '/home/megsindelar/Final_Project/raspberry_pi_ws/build/turtlebot_control': CMAKE_PREFIX_PATH=${CMAKE_PREFIX_PATH}:/home/megsindelar/ME_495/Final_Proj/install/attack_of_the_franka:/home/megsindelar/ME_495/Final_Proj/install/moveit_testing:/opt/ros/humble /usr/bin/cmake --build /home/megsindelar/Final_Project/raspberry_pi_ws/build/turtlebot_control -- -j8 -l8
[0.046s] [  6%] Built target turtlebot_control_msg__cpp
[0.046s] [ 12%] Built target turtlebot_control_msg__rosidl_generator_c
[0.054s] [ 12%] Built target ament_cmake_python_copy_turtlebot_control
[0.063s] [ 21%] Built target turtlebot_control_msg__rosidl_typesupport_c
[0.063s] [ 30%] Built target turtlebot_control_msg__rosidl_typesupport_introspection_cpp
[0.064s] [ 39%] Built target turtlebot_control_msg__rosidl_typesupport_introspection_c
[0.065s] [ 48%] Built target turtlebot_control_msg__rosidl_typesupport_cpp
[0.065s] [ 57%] Built target turtlebot_control_msg__rosidl_typesupport_fastrtps_cpp
[0.070s] [ 66%] Built target turtlebot_control_msg__rosidl_typesupport_fastrtps_c
[0.074s] [35m[1mConsolidate compiler generated dependencies of target turtlebot_control[0m
[0.084s] [ 66%] Built target turtlebot_control_msg
[0.087s] [ 69%] [32mBuilding CXX object CMakeFiles/turtlebot_control.dir/src/turtlebot_control.cpp.o[0m
[0.098s] [ 72%] Built target turtlebot_control_msg__py
[0.114s] [ 78%] Built target turtlebot_control_msg__rosidl_generator_py
[0.130s] [ 84%] Built target turtlebot_control__rosidl_typesupport_introspection_c__pyext
[0.130s] [ 90%] Built target turtlebot_control__rosidl_typesupport_c__pyext
[0.134s] [ 96%] Built target turtlebot_control__rosidl_typesupport_fastrtps_c__pyext
[0.252s] running egg_info
[0.253s] writing turtlebot_control.egg-info/PKG-INFO
[0.253s] writing dependency_links to turtlebot_control.egg-info/dependency_links.txt
[0.253s] writing top-level names to turtlebot_control.egg-info/top_level.txt
[0.255s] reading manifest file 'turtlebot_control.egg-info/SOURCES.txt'
[0.255s] writing manifest file 'turtlebot_control.egg-info/SOURCES.txt'
[0.273s] [ 96%] Built target ament_cmake_python_build_turtlebot_control_egg
[2.079s] [01m[K/home/megsindelar/Final_Project/raspberry_pi_ws/src/turtlebot_control/src/turtlebot_control.cpp:[m[K In member function â€˜[01m[Kvoid TurtlebotControl::timer_callback()[m[Kâ€™:
[2.079s] [01m[K/home/megsindelar/Final_Project/raspberry_pi_ws/src/turtlebot_control/src/turtlebot_control.cpp:90:21:[m[K [01;31m[Kerror: [m[Kâ€˜[01m[Kturtlebot_control_msgs[m[Kâ€™ has not been declared
[2.079s]    90 |                     [01;31m[Kturtlebot_control_msgs[m[K::Keypoints keypoints;
[2.079s]       |                     [01;31m[K^~~~~~~~~~~~~~~~~~~~~~[m[K
[2.086s] [01m[K/home/megsindelar/Final_Project/raspberry_pi_ws/src/turtlebot_control/src/turtlebot_control.cpp:91:21:[m[K [01;31m[Kerror: [m[Kâ€˜[01m[Kkeypoints[m[Kâ€™ was not declared in this scope; did you mean â€˜[01m[Kkeypoints_2[m[Kâ€™?
[2.086s]    91 |                     [01;31m[Kkeypoints[m[K.keypoints_1 = keypoints_1;
[2.086s]       |                     [01;31m[K^~~~~~~~~[m[K
[2.086s]       |                     [32m[Kkeypoints_2[m[K
[2.674s] gmake[2]: *** [CMakeFiles/turtlebot_control.dir/build.make:76: CMakeFiles/turtlebot_control.dir/src/turtlebot_control.cpp.o] Error 1
[2.674s] gmake[1]: *** [CMakeFiles/Makefile2:593: CMakeFiles/turtlebot_control.dir/all] Error 2
[2.675s] gmake: *** [Makefile:146: all] Error 2
[2.676s] Invoked command in '/home/megsindelar/Final_Project/raspberry_pi_ws/build/turtlebot_control' returned '2': CMAKE_PREFIX_PATH=${CMAKE_PREFIX_PATH}:/home/megsindelar/ME_495/Final_Proj/install/attack_of_the_franka:/home/megsindelar/ME_495/Final_Proj/install/moveit_testing:/opt/ros/humble /usr/bin/cmake --build /home/megsindelar/Final_Project/raspberry_pi_ws/build/turtlebot_control -- -j8 -l8
