[0.015s] Invoking command in '/home/megsindelar/Final_Project/raspberry_pi_ws/build/turtlebot_control': CMAKE_PREFIX_PATH=${CMAKE_PREFIX_PATH}:/home/megsindelar/ME_495/Final_Proj/install/attack_of_the_franka:/home/megsindelar/ME_495/Final_Proj/install/moveit_testing:/opt/ros/humble /usr/bin/cmake --build /home/megsindelar/Final_Project/raspberry_pi_ws/build/turtlebot_control -- -j8 -l8
[0.037s] -- Found ament_cmake: 1.3.3 (/opt/ros/humble/share/ament_cmake/cmake)
[0.174s] -- Found rclcpp: 16.0.3 (/opt/ros/humble/share/rclcpp/cmake)
[0.198s] -- Found rosidl_generator_c: 3.1.4 (/opt/ros/humble/share/rosidl_generator_c/cmake)
[0.199s] -- Found rosidl_adapter: 3.1.4 (/opt/ros/humble/share/rosidl_adapter/cmake)
[0.204s] -- Found rosidl_generator_cpp: 3.1.4 (/opt/ros/humble/share/rosidl_generator_cpp/cmake)
[0.212s] -- Using all available rosidl_typesupport_c: rosidl_typesupport_fastrtps_c;rosidl_typesupport_introspection_c
[0.223s] -- Using all available rosidl_typesupport_cpp: rosidl_typesupport_fastrtps_cpp;rosidl_typesupport_introspection_cpp
[0.267s] -- Found rmw_implementation_cmake: 6.1.1 (/opt/ros/humble/share/rmw_implementation_cmake/cmake)
[0.268s] -- Found rmw_fastrtps_cpp: 6.2.2 (/opt/ros/humble/share/rmw_fastrtps_cpp/cmake)
[0.368s] -- Using RMW implementation 'rmw_fastrtps_cpp' as default
[0.483s] -- Found sensor_msgs: 4.2.3 (/opt/ros/humble/share/sensor_msgs/cmake)
[0.583s] -- Found cv_bridge: 3.2.1 (/opt/ros/humble/share/cv_bridge/cmake)
[0.589s] -- Found image_transport: 3.1.5 (/opt/ros/humble/share/image_transport/cmake)
[0.616s] -- Found rosidl_default_generators: 1.2.0 (/opt/ros/humble/share/rosidl_default_generators/cmake)
[0.838s] -- Found ament_cmake_ros: 0.10.0 (/opt/ros/humble/share/ament_cmake_ros/cmake)
[1.123s] -- Using all available rosidl_typesupport_c: rosidl_typesupport_fastrtps_c;rosidl_typesupport_introspection_c
[1.237s] -- Using all available rosidl_typesupport_cpp: rosidl_typesupport_fastrtps_cpp;rosidl_typesupport_introspection_cpp
[1.261s] -- Found python_cmake_module: 0.10.0 (/opt/ros/humble/share/python_cmake_module/cmake)
[1.284s] -- Using PYTHON_EXECUTABLE: /usr/bin/python3
[1.284s] -- Using PYTHON_INCLUDE_DIRS: /usr/include/python3.10
[1.284s] -- Using PYTHON_LIBRARIES: /usr/lib/x86_64-linux-gnu/libpython3.10.so
[1.294s] -- Found ament_lint_auto: 0.12.5 (/opt/ros/humble/share/ament_lint_auto/cmake)
[1.301s] -- Added test 'cppcheck' to perform static code analysis on C / C++ code
[1.301s] -- Configured cppcheck include dirs: 
[1.301s] -- Configured cppcheck exclude dirs and/or files: 
[1.301s] -- Added test 'lint_cmake' to check CMake code style
[1.302s] -- Added test 'uncrustify' to check C / C++ code style
[1.302s] -- Configured uncrustify additional arguments: 
[1.302s] -- Added test 'xmllint' to check XML markup files
[1.303s] -- Configuring done
[1.330s] -- Generating done
[1.333s] -- Build files have been written to: /home/megsindelar/Final_Project/raspberry_pi_ws/build/turtlebot_control
[1.360s] [35m[1mConsolidate compiler generated dependencies of target turtlebot_control_msg__rosidl_generator_c[0m
[1.362s] [35m[1mConsolidate compiler generated dependencies of target turtlebot_control[0m
[1.371s] [  3%] Built target turtlebot_control_msg__cpp
[1.371s] [ 12%] Built target turtlebot_control_msg__rosidl_generator_c
[1.384s] [35m[1mConsolidate compiler generated dependencies of target turtlebot_control_msg__rosidl_typesupport_introspection_cpp[0m
[1.384s] [ 12%] Built target ament_cmake_python_copy_turtlebot_control
[1.385s] [ 15%] [32mBuilding CXX object CMakeFiles/turtlebot_control.dir/src/turtlebot_control.cpp.o[0m
[1.385s] [35m[1mConsolidate compiler generated dependencies of target turtlebot_control_msg__rosidl_typesupport_cpp[0m
[1.386s] [35m[1mConsolidate compiler generated dependencies of target turtlebot_control_msg__rosidl_typesupport_fastrtps_cpp[0m
[1.386s] [35m[1mConsolidate compiler generated dependencies of target turtlebot_control_msg__rosidl_typesupport_c[0m
[1.387s] [35m[1mConsolidate compiler generated dependencies of target turtlebot_control_msg__rosidl_typesupport_introspection_c[0m
[1.403s] [ 24%] Built target turtlebot_control_msg__rosidl_typesupport_c
[1.404s] [35m[1mConsolidate compiler generated dependencies of target turtlebot_control_msg__rosidl_typesupport_fastrtps_c[0m
[1.404s] [ 33%] Built target turtlebot_control_msg__rosidl_typesupport_introspection_c
[1.404s] [ 42%] Built target turtlebot_control_msg__rosidl_typesupport_cpp
[1.405s] [ 51%] Built target turtlebot_control_msg__rosidl_typesupport_introspection_cpp
[1.406s] [ 60%] Built target turtlebot_control_msg__rosidl_typesupport_fastrtps_cpp
[1.418s] [ 69%] Built target turtlebot_control_msg__rosidl_typesupport_fastrtps_c
[1.440s] [ 69%] Built target turtlebot_control_msg
[1.463s] [ 72%] Built target turtlebot_control_msg__py
[1.475s] [35m[1mConsolidate compiler generated dependencies of target turtlebot_control_msg__rosidl_generator_py[0m
[1.487s] [ 75%] [32mBuilding C object CMakeFiles/turtlebot_control_msg__rosidl_generator_py.dir/rosidl_generator_py/turtlebot_control/msg/_keypoints_s.c.o[0m
[1.599s] [ 78%] [32m[1mLinking C shared library rosidl_generator_py/turtlebot_control/libturtlebot_control_msg__rosidl_generator_py.so[0m
[1.640s] [ 78%] Built target turtlebot_control_msg__rosidl_generator_py
[1.653s] [35m[1mConsolidate compiler generated dependencies of target turtlebot_control__rosidl_typesupport_c__pyext[0m
[1.656s] [35m[1mConsolidate compiler generated dependencies of target turtlebot_control__rosidl_typesupport_fastrtps_c__pyext[0m
[1.656s] [35m[1mConsolidate compiler generated dependencies of target turtlebot_control__rosidl_typesupport_introspection_c__pyext[0m
[1.668s] [ 81%] [32mBuilding C object CMakeFiles/turtlebot_control__rosidl_typesupport_c__pyext.dir/rosidl_generator_py/turtlebot_control/_turtlebot_control_s.ep.rosidl_typesupport_c.c.o[0m
[1.670s] [ 84%] [32mBuilding C object CMakeFiles/turtlebot_control__rosidl_typesupport_fastrtps_c__pyext.dir/rosidl_generator_py/turtlebot_control/_turtlebot_control_s.ep.rosidl_typesupport_fastrtps_c.c.o[0m
[1.676s] [ 87%] [32mBuilding C object CMakeFiles/turtlebot_control__rosidl_typesupport_introspection_c__pyext.dir/rosidl_generator_py/turtlebot_control/_turtlebot_control_s.ep.rosidl_typesupport_introspection_c.c.o[0m
[1.719s] [01m[K/home/megsindelar/Final_Project/raspberry_pi_ws/src/turtlebot_control/src/turtlebot_control.cpp:15:10:[m[K [01;31m[Kfatal error: [m[Kturtlebot_control/msg/keypoints.hpp: No such file or directory
[1.719s]    15 | #include [01;31m[K"turtlebot_control/msg/keypoints.hpp"[m[K
[1.719s]       |          [01;31m[K^~~~~~~~~~~~~~~~~~~~~~~~~~~~~~~~~~~~~[m[K
[1.720s] compilation terminated.
[1.724s] running egg_info
[1.724s] gmake[2]: *** [CMakeFiles/turtlebot_control.dir/build.make:76: CMakeFiles/turtlebot_control.dir/src/turtlebot_control.cpp.o] Error 1
[1.724s] gmake[1]: *** [CMakeFiles/Makefile2:592: CMakeFiles/turtlebot_control.dir/all] Error 2
[1.724s] gmake[1]: *** Waiting for unfinished jobs....
[1.725s] writing turtlebot_control.egg-info/PKG-INFO
[1.726s] writing dependency_links to turtlebot_control.egg-info/dependency_links.txt
[1.726s] writing top-level names to turtlebot_control.egg-info/top_level.txt
[1.730s] reading manifest file 'turtlebot_control.egg-info/SOURCES.txt'
[1.731s] writing manifest file 'turtlebot_control.egg-info/SOURCES.txt'
[1.767s] [ 87%] Built target ament_cmake_python_build_turtlebot_control_egg
[1.767s] [ 90%] [32m[1mLinking C shared library rosidl_generator_py/turtlebot_control/turtlebot_control_s__rosidl_typesupport_c.cpython-310-x86_64-linux-gnu.so[0m
[1.771s] [ 93%] [32m[1mLinking C shared library rosidl_generator_py/turtlebot_control/turtlebot_control_s__rosidl_typesupport_fastrtps_c.cpython-310-x86_64-linux-gnu.so[0m
[1.801s] [ 93%] Built target turtlebot_control__rosidl_typesupport_c__pyext
[1.805s] [ 96%] [32m[1mLinking C shared library rosidl_generator_py/turtlebot_control/turtlebot_control_s__rosidl_typesupport_introspection_c.cpython-310-x86_64-linux-gnu.so[0m
[1.806s] [ 96%] Built target turtlebot_control__rosidl_typesupport_fastrtps_c__pyext
[1.837s] [ 96%] Built target turtlebot_control__rosidl_typesupport_introspection_c__pyext
[1.838s] gmake: *** [Makefile:146: all] Error 2
[1.840s] Invoked command in '/home/megsindelar/Final_Project/raspberry_pi_ws/build/turtlebot_control' returned '2': CMAKE_PREFIX_PATH=${CMAKE_PREFIX_PATH}:/home/megsindelar/ME_495/Final_Proj/install/attack_of_the_franka:/home/megsindelar/ME_495/Final_Proj/install/moveit_testing:/opt/ros/humble /usr/bin/cmake --build /home/megsindelar/Final_Project/raspberry_pi_ws/build/turtlebot_control -- -j8 -l8
