[0.011s] Invoking command in '/home/megsindelar/Final_Project/ros_ws/build/img_transform': CMAKE_PREFIX_PATH=${CMAKE_PREFIX_PATH}:/home/megsindelar/ME_495/Final_Proj/install/attack_of_the_franka:/home/megsindelar/ME_495/Final_Proj/install/moveit_testing:/opt/ros/humble /usr/bin/cmake --build /home/megsindelar/Final_Project/ros_ws/build/img_transform -- -j8 -l8
[0.038s] [35m[1mConsolidate compiler generated dependencies of target img_transform[0m
[0.049s] [ 50%] [32mBuilding CXX object CMakeFiles/img_transform.dir/src/img_transform.cpp.o[0m
[1.644s] [01m[K/home/megsindelar/Final_Project/ros_ws/src/img_transform/src/img_transform.cpp:[m[K In member function â€˜[01m[Kvoid ImgTransform::timer_callback()[m[Kâ€™:
[1.644s] [01m[K/home/megsindelar/Final_Project/ros_ws/src/img_transform/src/img_transform.cpp:54:13:[m[K [01;31m[Kerror: [m[Kexpected â€˜[01m[K,[m[Kâ€™ or â€˜[01m[K;[m[Kâ€™ before â€˜[01m[Kstd[m[Kâ€™
[1.644s]    54 |             [01;31m[Kstd[m[K::string image_path = pkg_path + "images/image.jpg"
[1.644s]       |             [01;31m[K^~~[m[K
[1.652s] [01m[K/home/megsindelar/Final_Project/ros_ws/src/img_transform/src/img_transform.cpp:61:76:[m[K [01;31m[Kerror: [m[Kâ€˜[01m[Kcurrent_frame[m[Kâ€™ was not declared in this scope
[1.652s]    61 | ub_current_img_->publish(*(cv_bridge::CvImage(header, "bgr8", [01;31m[Kcurrent_frame[m[K).toImageMsg()), cam_info_);
[1.652s]       |                                                               [01;31m[K^~~~~~~~~~~~~[m[K
[1.652s] 
[2.007s] gmake[2]: *** [CMakeFiles/img_transform.dir/build.make:76: CMakeFiles/img_transform.dir/src/img_transform.cpp.o] Error 1
[2.007s] gmake[1]: *** [CMakeFiles/Makefile2:137: CMakeFiles/img_transform.dir/all] Error 2
[2.007s] gmake: *** [Makefile:146: all] Error 2
[2.010s] Invoked command in '/home/megsindelar/Final_Project/ros_ws/build/img_transform' returned '2': CMAKE_PREFIX_PATH=${CMAKE_PREFIX_PATH}:/home/megsindelar/ME_495/Final_Proj/install/attack_of_the_franka:/home/megsindelar/ME_495/Final_Proj/install/moveit_testing:/opt/ros/humble /usr/bin/cmake --build /home/megsindelar/Final_Project/ros_ws/build/img_transform -- -j8 -l8
