[01m[K/ros_ws/src/turtlebot_control/src/turtlebot_control.cpp:[m[K In member function â€˜[01m[Kvoid TurtlebotControl::timer_callback()[m[Kâ€™:
[01m[K/ros_ws/src/turtlebot_control/src/turtlebot_control.cpp:118:17:[m[K [01;31m[Kerror: [m[Kexpected â€˜[01m[K;[m[Kâ€™ before â€˜[01m[K}[m[Kâ€™ token
  118 |                 [01;31m[K}[m[K
      |                 [01;31m[K^[m[K
[01m[K/ros_ws/src/turtlebot_control/src/turtlebot_control.cpp:60:24:[m[K [01;35m[Kwarning: [m[Kunused variable â€˜[01m[Kfps[m[Kâ€™ [[01;35m[K-Wunused-variable[m[K]
   60 |                 double [01;35m[Kfps[m[K = cap.get(cv::CAP_PROP_FPS);
      |                        [01;35m[K^~~[m[K
gmake[2]: *** [CMakeFiles/turtlebot_control.dir/build.make:76: CMakeFiles/turtlebot_control.dir/src/turtlebot_control.cpp.o] Error 1
gmake[1]: *** [CMakeFiles/Makefile2:137: CMakeFiles/turtlebot_control.dir/all] Error 2
gmake: *** [Makefile:146: all] Error 2
