[01m[K/home/megsindelar/Final_Project/raspberry_pi_ws/src/turtlebot_control/src/turtlebot_control.cpp:[m[K In member function â€˜[01m[Kvoid TurtlebotControl::timer_callback()[m[Kâ€™:
[01m[K/home/megsindelar/Final_Project/raspberry_pi_ws/src/turtlebot_control/src/turtlebot_control.cpp:86:51:[m[K [01;31m[Kerror: [m[Kâ€˜[01m[Kkeypoints1[m[Kâ€™ was not declared in this scope; did you mean â€˜[01m[Kkeypoints_1[m[Kâ€™?
   86 |                     detector->detect (prev_frame ,[01;31m[Kkeypoints1[m[K );
      |                                                   [01;31m[K^~~~~~~~~~[m[K
      |                                                   [32m[Kkeypoints_1[m[K
[01m[K/home/megsindelar/Final_Project/raspberry_pi_ws/src/turtlebot_control/src/turtlebot_control.cpp:87:54:[m[K [01;31m[Kerror: [m[Kâ€˜[01m[Kkeypoints2[m[Kâ€™ was not declared in this scope; did you mean â€˜[01m[Kkeypoints_2[m[Kâ€™?
   87 |                     detector->detect (current_frame ,[01;31m[Kkeypoints2[m[K );
      |                                                      [01;31m[K^~~~~~~~~~[m[K
      |                                                      [32m[Kkeypoints_2[m[K
[01m[K/home/megsindelar/Final_Project/raspberry_pi_ws/src/turtlebot_control/src/turtlebot_control.cpp:91:39:[m[K [01;35m[Kwarning: [m[Kcomparison of integer expressions of different signedness: â€˜[01m[Kint[m[Kâ€™ and â€˜[01m[Klong unsigned int[m[Kâ€™ [[01;35m[K]8;;https://gcc.gnu.org/onlinedocs/gcc/Warning-Options.html#index-Wsign-compare-Wsign-compare]8;;[m[K]
   91 |                     for (int i = 0; [01;35m[Ki < sizeof(keypoints_1)[m[K; i++){
      |                                     [01;35m[K~~^~~~~~~~~~~~~~~~~~~~~[m[K
gmake[2]: *** [CMakeFiles/turtlebot_control.dir/build.make:76: CMakeFiles/turtlebot_control.dir/src/turtlebot_control.cpp.o] Error 1
gmake[1]: *** [CMakeFiles/Makefile2:593: CMakeFiles/turtlebot_control.dir/all] Error 2
gmake: *** [Makefile:146: all] Error 2
