[0.010s] Invoking command in '/home/megsindelar/Final_Project/raspberry_pi_ws/build/turtlebot_control': CMAKE_PREFIX_PATH=${CMAKE_PREFIX_PATH}:/home/megsindelar/ME_495/Final_Proj/install/attack_of_the_franka:/home/megsindelar/ME_495/Final_Proj/install/moveit_testing:/opt/ros/humble /usr/bin/cmake --build /home/megsindelar/Final_Project/raspberry_pi_ws/build/turtlebot_control -- -j8 -l8
[0.026s] -- Found ament_cmake: 1.3.3 (/opt/ros/humble/share/ament_cmake/cmake)
[0.127s] -- Found rclcpp: 16.0.3 (/opt/ros/humble/share/rclcpp/cmake)
[0.145s] -- Found rosidl_generator_c: 3.1.4 (/opt/ros/humble/share/rosidl_generator_c/cmake)
[0.147s] -- Found rosidl_adapter: 3.1.4 (/opt/ros/humble/share/rosidl_adapter/cmake)
[0.150s] -- Found rosidl_generator_cpp: 3.1.4 (/opt/ros/humble/share/rosidl_generator_cpp/cmake)
[0.157s] -- Using all available rosidl_typesupport_c: rosidl_typesupport_fastrtps_c;rosidl_typesupport_introspection_c
[0.166s] -- Using all available rosidl_typesupport_cpp: rosidl_typesupport_fastrtps_cpp;rosidl_typesupport_introspection_cpp
[0.202s] -- Found rmw_implementation_cmake: 6.1.1 (/opt/ros/humble/share/rmw_implementation_cmake/cmake)
[0.203s] -- Found rmw_fastrtps_cpp: 6.2.2 (/opt/ros/humble/share/rmw_fastrtps_cpp/cmake)
[0.284s] -- Using RMW implementation 'rmw_fastrtps_cpp' as default
[0.383s] -- Found sensor_msgs: 4.2.3 (/opt/ros/humble/share/sensor_msgs/cmake)
[0.471s] -- Found cv_bridge: 3.2.1 (/opt/ros/humble/share/cv_bridge/cmake)
[0.476s] -- Found image_transport: 3.1.5 (/opt/ros/humble/share/image_transport/cmake)
[0.501s] -- Found rosidl_default_generators: 1.2.0 (/opt/ros/humble/share/rosidl_default_generators/cmake)
[0.692s] -- Found ament_cmake_ros: 0.10.0 (/opt/ros/humble/share/ament_cmake_ros/cmake)
[0.926s] -- Using all available rosidl_typesupport_c: rosidl_typesupport_fastrtps_c;rosidl_typesupport_introspection_c
[1.015s] -- Using all available rosidl_typesupport_cpp: rosidl_typesupport_fastrtps_cpp;rosidl_typesupport_introspection_cpp
[1.035s] -- Found python_cmake_module: 0.10.0 (/opt/ros/humble/share/python_cmake_module/cmake)
[1.053s] -- Using PYTHON_EXECUTABLE: /usr/bin/python3
[1.054s] -- Using PYTHON_INCLUDE_DIRS: /usr/include/python3.10
[1.054s] -- Using PYTHON_LIBRARIES: /usr/lib/x86_64-linux-gnu/libpython3.10.so
[1.062s] -- Found ament_lint_auto: 0.12.5 (/opt/ros/humble/share/ament_lint_auto/cmake)
[1.068s] -- Added test 'cppcheck' to perform static code analysis on C / C++ code
[1.068s] -- Configured cppcheck include dirs: 
[1.068s] -- Configured cppcheck exclude dirs and/or files: 
[1.068s] -- Added test 'lint_cmake' to check CMake code style
[1.069s] -- Added test 'uncrustify' to check C / C++ code style
[1.069s] -- Configured uncrustify additional arguments: 
[1.069s] -- Added test 'xmllint' to check XML markup files
[1.070s] -- Configuring done
[1.092s] -- Generating done
[1.094s] -- Build files have been written to: /home/megsindelar/Final_Project/raspberry_pi_ws/build/turtlebot_control
[1.114s] [  3%] [34m[1mGenerating C code for ROS interfaces[0m
[1.121s] [  6%] [34m[1mGenerating C++ code for ROS interfaces[0m
[1.128s] [  6%] Built target ament_cmake_python_copy_turtlebot_control
[1.324s] [35m[1mConsolidate compiler generated dependencies of target turtlebot_control_msg__rosidl_generator_c[0m
[1.332s] [  9%] [32mBuilding C object CMakeFiles/turtlebot_control_msg__rosidl_generator_c.dir/rosidl_generator_c/turtlebot_control/msg/detail/keypoints__functions.c.o[0m
[1.341s] [  9%] Built target turtlebot_control_msg__cpp
[1.342s] running egg_info
[1.343s] writing turtlebot_control.egg-info/PKG-INFO
[1.343s] writing dependency_links to turtlebot_control.egg-info/dependency_links.txt
[1.343s] writing top-level names to turtlebot_control.egg-info/top_level.txt
[1.346s] reading manifest file 'turtlebot_control.egg-info/SOURCES.txt'
[1.347s] writing manifest file 'turtlebot_control.egg-info/SOURCES.txt'
[1.348s] [ 12%] [34m[1mGenerating C++ type support for eProsima Fast-RTPS[0m
[1.349s] [ 15%] [34m[1mGenerating C++ introspection for ROS interfaces[0m
[1.353s] [ 18%] [34m[1mGenerating C++ type support dispatch for ROS interfaces[0m
[1.369s] [ 21%] [32m[1mLinking C shared library libturtlebot_control__rosidl_generator_c.so[0m
[1.370s] [ 21%] Built target ament_cmake_python_build_turtlebot_control_egg
[1.397s] [ 21%] Built target turtlebot_control_msg__rosidl_generator_c
[1.407s] [ 30%] [34m[1mGenerating C introspection for ROS interfaces[0m
[1.407s] [ 30%] [34m[1mGenerating C type support dispatch for ROS interfaces[0m
[1.407s] [ 30%] [34m[1mGenerating C type support for eProsima Fast-RTPS[0m
[1.545s] [35m[1mConsolidate compiler generated dependencies of target turtlebot_control_msg__rosidl_typesupport_cpp[0m
[1.554s] [ 33%] [32mBuilding CXX object CMakeFiles/turtlebot_control_msg__rosidl_typesupport_cpp.dir/rosidl_typesupport_cpp/turtlebot_control/msg/keypoints__type_support.cpp.o[0m
[1.596s] [35m[1mConsolidate compiler generated dependencies of target turtlebot_control_msg__rosidl_typesupport_c[0m
[1.605s] [ 36%] [32mBuilding CXX object CMakeFiles/turtlebot_control_msg__rosidl_typesupport_c.dir/rosidl_typesupport_c/turtlebot_control/msg/keypoints__type_support.cpp.o[0m
[1.627s] [ 39%] [32m[1mLinking CXX shared library libturtlebot_control__rosidl_typesupport_c.so[0m
[1.660s] [ 39%] Built target turtlebot_control_msg__rosidl_typesupport_c
[1.671s] [35m[1mConsolidate compiler generated dependencies of target turtlebot_control_msg__rosidl_typesupport_fastrtps_cpp[0m
[1.682s] [35m[1mConsolidate compiler generated dependencies of target turtlebot_control_msg__rosidl_typesupport_introspection_cpp[0m
[1.685s] [ 42%] [32mBuilding CXX object CMakeFiles/turtlebot_control_msg__rosidl_typesupport_fastrtps_cpp.dir/rosidl_typesupport_fastrtps_cpp/turtlebot_control/msg/detail/dds_fastrtps/keypoints__type_support.cpp.o[0m
[1.693s] [ 45%] [32mBuilding CXX object CMakeFiles/turtlebot_control_msg__rosidl_typesupport_introspection_cpp.dir/rosidl_typesupport_introspection_cpp/turtlebot_control/msg/detail/keypoints__type_support.cpp.o[0m
[1.728s] [35m[1mConsolidate compiler generated dependencies of target turtlebot_control_msg__rosidl_typesupport_fastrtps_c[0m
[1.733s] [ 48%] [32m[1mLinking CXX shared library libturtlebot_control__rosidl_typesupport_cpp.so[0m
[1.737s] [ 51%] [32mBuilding CXX object CMakeFiles/turtlebot_control_msg__rosidl_typesupport_fastrtps_c.dir/rosidl_typesupport_fastrtps_c/turtlebot_control/msg/detail/keypoints__type_support_c.cpp.o[0m
[1.744s] [35m[1mConsolidate compiler generated dependencies of target turtlebot_control_msg__rosidl_typesupport_introspection_c[0m
[1.756s] [ 54%] [32mBuilding C object CMakeFiles/turtlebot_control_msg__rosidl_typesupport_introspection_c.dir/rosidl_typesupport_introspection_c/turtlebot_control/msg/detail/keypoints__type_support.c.o[0m
[1.761s] [ 54%] Built target turtlebot_control_msg__rosidl_typesupport_cpp
[1.768s] [35m[1mConsolidate compiler generated dependencies of target turtlebot_control[0m
[1.781s] [ 57%] [32mBuilding CXX object CMakeFiles/turtlebot_control.dir/src/turtlebot_control.cpp.o[0m
[1.826s] [ 60%] [32m[1mLinking C shared library libturtlebot_control__rosidl_typesupport_introspection_c.so[0m
[1.860s] [ 60%] Built target turtlebot_control_msg__rosidl_typesupport_introspection_c
[2.006s] [ 63%] [32m[1mLinking CXX shared library libturtlebot_control__rosidl_typesupport_fastrtps_c.so[0m
[2.058s] [ 63%] Built target turtlebot_control_msg__rosidl_typesupport_fastrtps_c
[2.063s] [ 66%] [32m[1mLinking CXX shared library libturtlebot_control__rosidl_typesupport_fastrtps_cpp.so[0m
[2.076s] [ 69%] [32m[1mLinking CXX shared library libturtlebot_control__rosidl_typesupport_introspection_cpp.so[0m
[2.125s] [ 69%] Built target turtlebot_control_msg__rosidl_typesupport_fastrtps_cpp
[2.135s] [ 69%] Built target turtlebot_control_msg__rosidl_typesupport_introspection_cpp
[2.150s] [ 69%] Built target turtlebot_control_msg
[2.168s] [ 72%] [34m[1mGenerating Python code for ROS interfaces[0m
[2.433s] [ 72%] Built target turtlebot_control_msg__py
[2.441s] [35m[1mConsolidate compiler generated dependencies of target turtlebot_control_msg__rosidl_generator_py[0m
[2.449s] [ 75%] [32mBuilding C object CMakeFiles/turtlebot_control_msg__rosidl_generator_py.dir/rosidl_generator_py/turtlebot_control/msg/_keypoints_s.c.o[0m
[2.558s] [ 78%] [32m[1mLinking C shared library rosidl_generator_py/turtlebot_control/libturtlebot_control_msg__rosidl_generator_py.so[0m
[2.583s] [ 78%] Built target turtlebot_control_msg__rosidl_generator_py
[2.590s] [35m[1mConsolidate compiler generated dependencies of target turtlebot_control__rosidl_typesupport_c__pyext[0m
[2.590s] [35m[1mConsolidate compiler generated dependencies of target turtlebot_control__rosidl_typesupport_introspection_c__pyext[0m
[2.590s] [35m[1mConsolidate compiler generated dependencies of target turtlebot_control__rosidl_typesupport_fastrtps_c__pyext[0m
[2.598s] [ 87%] [32mBuilding C object CMakeFiles/turtlebot_control__rosidl_typesupport_introspection_c__pyext.dir/rosidl_generator_py/turtlebot_control/_turtlebot_control_s.ep.rosidl_typesupport_introspection_c.c.o[0m
[2.598s] [ 87%] [32mBuilding C object CMakeFiles/turtlebot_control__rosidl_typesupport_c__pyext.dir/rosidl_generator_py/turtlebot_control/_turtlebot_control_s.ep.rosidl_typesupport_c.c.o[0m
[2.598s] [ 87%] [32mBuilding C object CMakeFiles/turtlebot_control__rosidl_typesupport_fastrtps_c__pyext.dir/rosidl_generator_py/turtlebot_control/_turtlebot_control_s.ep.rosidl_typesupport_fastrtps_c.c.o[0m
[2.658s] [ 90%] [32m[1mLinking C shared library rosidl_generator_py/turtlebot_control/turtlebot_control_s__rosidl_typesupport_introspection_c.cpython-310-x86_64-linux-gnu.so[0m
[2.659s] [ 93%] [32m[1mLinking C shared library rosidl_generator_py/turtlebot_control/turtlebot_control_s__rosidl_typesupport_c.cpython-310-x86_64-linux-gnu.so[0m
[2.659s] [ 96%] [32m[1mLinking C shared library rosidl_generator_py/turtlebot_control/turtlebot_control_s__rosidl_typesupport_fastrtps_c.cpython-310-x86_64-linux-gnu.so[0m
[2.681s] [ 96%] Built target turtlebot_control__rosidl_typesupport_c__pyext
[2.681s] [ 96%] Built target turtlebot_control__rosidl_typesupport_introspection_c__pyext
[2.681s] [ 96%] Built target turtlebot_control__rosidl_typesupport_fastrtps_c__pyext
[3.765s] [01m[K/home/megsindelar/Final_Project/raspberry_pi_ws/src/turtlebot_control/src/turtlebot_control.cpp:[m[K In member function â€˜[01m[Kvoid TurtlebotControl::timer_callback()[m[Kâ€™:
[3.765s] [01m[K/home/megsindelar/Final_Project/raspberry_pi_ws/src/turtlebot_control/src/turtlebot_control.cpp:86:51:[m[K [01;31m[Kerror: [m[Kâ€˜[01m[Kkeypoints1[m[Kâ€™ was not declared in this scope; did you mean â€˜[01m[Kkeypoints_1[m[Kâ€™?
[3.765s]    86 |                     detector->detect (prev_frame ,[01;31m[Kkeypoints1[m[K );
[3.765s]       |                                                   [01;31m[K^~~~~~~~~~[m[K
[3.765s]       |                                                   [32m[Kkeypoints_1[m[K
[3.770s] [01m[K/home/megsindelar/Final_Project/raspberry_pi_ws/src/turtlebot_control/src/turtlebot_control.cpp:87:54:[m[K [01;31m[Kerror: [m[Kâ€˜[01m[Kkeypoints2[m[Kâ€™ was not declared in this scope; did you mean â€˜[01m[Kkeypoints_2[m[Kâ€™?
[3.770s]    87 |                     detector->detect (current_frame ,[01;31m[Kkeypoints2[m[K );
[3.770s]       |                                                      [01;31m[K^~~~~~~~~~[m[K
[3.770s]       |                                                      [32m[Kkeypoints_2[m[K
[3.770s] [01m[K/home/megsindelar/Final_Project/raspberry_pi_ws/src/turtlebot_control/src/turtlebot_control.cpp:91:39:[m[K [01;35m[Kwarning: [m[Kcomparison of integer expressions of different signedness: â€˜[01m[Kint[m[Kâ€™ and â€˜[01m[Klong unsigned int[m[Kâ€™ [[01;35m[K]8;;https://gcc.gnu.org/onlinedocs/gcc/Warning-Options.html#index-Wsign-compare-Wsign-compare]8;;[m[K]
[3.770s]    91 |                     for (int i = 0; [01;35m[Ki < sizeof(keypoints_1)[m[K; i++){
[3.770s]       |                                     [01;35m[K~~^~~~~~~~~~~~~~~~~~~~~[m[K
[4.378s] gmake[2]: *** [CMakeFiles/turtlebot_control.dir/build.make:76: CMakeFiles/turtlebot_control.dir/src/turtlebot_control.cpp.o] Error 1
[4.378s] gmake[1]: *** [CMakeFiles/Makefile2:593: CMakeFiles/turtlebot_control.dir/all] Error 2
[4.379s] gmake: *** [Makefile:146: all] Error 2
[4.381s] Invoked command in '/home/megsindelar/Final_Project/raspberry_pi_ws/build/turtlebot_control' returned '2': CMAKE_PREFIX_PATH=${CMAKE_PREFIX_PATH}:/home/megsindelar/ME_495/Final_Proj/install/attack_of_the_franka:/home/megsindelar/ME_495/Final_Proj/install/moveit_testing:/opt/ros/humble /usr/bin/cmake --build /home/megsindelar/Final_Project/raspberry_pi_ws/build/turtlebot_control -- -j8 -l8
