[0.015s] Invoking command in '/home/megsindelar/Final_Project/ros_ws/build/img_transform': CMAKE_PREFIX_PATH=${CMAKE_PREFIX_PATH}:/home/megsindelar/ME_495/Final_Proj/install/attack_of_the_franka:/home/megsindelar/ME_495/Final_Proj/install/moveit_testing:/opt/ros/humble /usr/bin/cmake --build /home/megsindelar/Final_Project/ros_ws/build/img_transform -- -j8 -l8
[0.054s] [35m[1mConsolidate compiler generated dependencies of target img_transform[0m
[0.072s] [ 50%] [32mBuilding CXX object CMakeFiles/img_transform.dir/src/img_transform.cpp.o[0m
[2.987s] [01m[K/home/megsindelar/Final_Project/ros_ws/src/img_transform/src/img_transform.cpp:[m[K In member function â€˜[01m[Kvoid ImgTransform::timer_callback()[m[Kâ€™:
[2.987s] [01m[K/home/megsindelar/Final_Project/ros_ws/src/img_transform/src/img_transform.cpp:80:70:[m[K [01;31m[Kerror: [m[Kâ€˜[01m[KN[m[Kâ€™ was not declared in this scope
[2.987s]    80 |                 Eigen::Matrix<double, 3, Eigen::Dynamic> prev_pos(3, [01;31m[KN[m[K);
[2.987s]       |                                                                      [01;31m[K^[m[K
[2.989s] [01m[K/home/megsindelar/Final_Project/ros_ws/src/img_transform/src/img_transform.cpp:89:54:[m[K [01;31m[Kerror: [m[Kâ€˜[01m[Kclass Eigen::Matrix<double, 3, -1>[m[Kâ€™ has no member named â€˜[01m[Kat[m[Kâ€™; did you mean â€˜[01m[Kdata[m[Kâ€™?
[2.989s]    89 |                 t.transform.translation.x = prev_pos.[01;31m[Kat[m[K(0);
[2.989s]       |                                                      [01;31m[K^~[m[K
[2.989s]       |                                                      [32m[Kdata[m[K
[2.989s] [01m[K/home/megsindelar/Final_Project/ros_ws/src/img_transform/src/img_transform.cpp:90:54:[m[K [01;31m[Kerror: [m[Kâ€˜[01m[Kclass Eigen::Matrix<double, 3, -1>[m[Kâ€™ has no member named â€˜[01m[Kat[m[Kâ€™; did you mean â€˜[01m[Kdata[m[Kâ€™?
[2.989s]    90 |                 t.transform.translation.y = prev_pos.[01;31m[Kat[m[K(1);
[2.989s]       |                                                      [01;31m[K^~[m[K
[2.989s]       |                                                      [32m[Kdata[m[K
[2.995s] [01m[K/home/megsindelar/Final_Project/ros_ws/src/img_transform/src/img_transform.cpp:158:32:[m[K [01;35m[Kwarning: [m[Kcomparison of integer expressions of different signedness: â€˜[01m[Kint[m[Kâ€™ and â€˜[01m[Kstd::vector<cv::DMatch>::size_type[m[Kâ€™ {aka â€˜[01m[Klong unsigned int[m[Kâ€™} [[01;35m[K]8;;https://gcc.gnu.org/onlinedocs/gcc/Warning-Options.html#index-Wsign-compare-Wsign-compare]8;;[m[K]
[2.995s]   158 |                 for (int i=0; [01;35m[Ki<good_matches.size()[m[K; i++){
[2.995s]       |                               [01;35m[K~^~~~~~~~~~~~~~~~~~~~[m[K
[3.125s] [01m[K/home/megsindelar/Final_Project/ros_ws/src/img_transform/src/img_transform.cpp:301:45:[m[K [01;31m[Kerror: [m[Kconflicting declaration â€˜[01m[KEigen::Matrix<double, 3, 1> current_pos[m[Kâ€™
[3.125s]   301 |                 Eigen::Matrix<double, 3, 1> [01;31m[Kcurrent_pos[m[K = transformation.inverse()*prev_pos;
[3.125s]       |                                             [01;31m[K^~~~~~~~~~~[m[K
[3.126s] [01m[K/home/megsindelar/Final_Project/ros_ws/src/img_transform/src/img_transform.cpp:295:58:[m[K [01;36m[Knote: [m[Kprevious declaration as â€˜[01m[KEigen::Matrix<double, 3, -1> current_pos[m[Kâ€™
[3.126s]   295 |                 Eigen::Matrix<double, 3, Eigen::Dynamic> [01;36m[Kcurrent_pos[m[K(3, N);
[3.126s]       |                                                          [01;36m[K^~~~~~~~~~~[m[K
[3.137s] [01m[K/home/megsindelar/Final_Project/ros_ws/src/img_transform/src/img_transform.cpp:126:40:[m[K [01;35m[Kwarning: [m[Kunused variable â€˜[01m[Kmax_dist[m[Kâ€™ [[01;35m[K]8;;https://gcc.gnu.org/onlinedocs/gcc/Warning-Options.html#index-Wunused-variable-Wunused-variable]8;;[m[K]
[3.137s]   126 |                 double min_dist=10000, [01;35m[Kmax_dist[m[K=0;
[3.137s]       |                                        [01;35m[K^~~~~~~~[m[K
[4.342s] gmake[2]: *** [CMakeFiles/img_transform.dir/build.make:76: CMakeFiles/img_transform.dir/src/img_transform.cpp.o] Error 1
[4.342s] gmake[1]: *** [CMakeFiles/Makefile2:137: CMakeFiles/img_transform.dir/all] Error 2
[4.342s] gmake: *** [Makefile:146: all] Error 2
[4.346s] Invoked command in '/home/megsindelar/Final_Project/ros_ws/build/img_transform' returned '2': CMAKE_PREFIX_PATH=${CMAKE_PREFIX_PATH}:/home/megsindelar/ME_495/Final_Proj/install/attack_of_the_franka:/home/megsindelar/ME_495/Final_Proj/install/moveit_testing:/opt/ros/humble /usr/bin/cmake --build /home/megsindelar/Final_Project/ros_ws/build/img_transform -- -j8 -l8
