[0.014s] Invoking command in '/home/megsindelar/Final_Project/ros_ws/build/img_transform': CMAKE_PREFIX_PATH=${CMAKE_PREFIX_PATH}:/home/megsindelar/ME_495/Final_Proj/install/attack_of_the_franka:/home/megsindelar/ME_495/Final_Proj/install/moveit_testing:/opt/ros/humble /usr/bin/cmake --build /home/megsindelar/Final_Project/ros_ws/build/img_transform -- -j8 -l8
[0.057s] [35m[1mConsolidate compiler generated dependencies of target img_transform[0m
[0.075s] [ 50%] [32mBuilding CXX object CMakeFiles/img_transform.dir/src/img_transform.cpp.o[0m
[3.091s] [01m[K/home/megsindelar/Final_Project/ros_ws/src/img_transform/src/img_transform.cpp:331:9:[m[K [01;31m[Kerror: [m[Kâ€˜[01m[Ktf2[m[Kâ€™ does not name a type
[3.091s]   331 |         [01;31m[Ktf2[m[K::Quaternion q;
[3.091s]       |         [01;31m[K^~~[m[K
[3.134s] [01m[K/home/megsindelar/Final_Project/ros_ws/src/img_transform/src/img_transform.cpp:[m[K In member function â€˜[01m[Kvoid ImgTransform::timer_callback()[m[Kâ€™:
[3.135s] [01m[K/home/megsindelar/Final_Project/ros_ws/src/img_transform/src/img_transform.cpp:155:32:[m[K [01;35m[Kwarning: [m[Kcomparison of integer expressions of different signedness: â€˜[01m[Kint[m[Kâ€™ and â€˜[01m[Kstd::vector<cv::DMatch>::size_type[m[Kâ€™ {aka â€˜[01m[Klong unsigned int[m[Kâ€™} [[01;35m[K]8;;https://gcc.gnu.org/onlinedocs/gcc/Warning-Options.html#index-Wsign-compare-Wsign-compare]8;;[m[K]
[3.135s]   155 |                 for (int i=0; [01;35m[Ki<good_matches.size()[m[K; i++){
[3.135s]       |                               [01;35m[K~^~~~~~~~~~~~~~~~~~~~[m[K
[3.135s] [01m[K/home/megsindelar/Final_Project/ros_ws/src/img_transform/src/img_transform.cpp:178:38:[m[K [01;35m[Kwarning: [m[Kcomparison of integer expressions of different signedness: â€˜[01m[Ksize_t[m[Kâ€™ {aka â€˜[01m[Klong unsigned int[m[Kâ€™} and â€˜[01m[Kint[m[Kâ€™ [[01;35m[K]8;;https://gcc.gnu.org/onlinedocs/gcc/Warning-Options.html#index-Wsign-compare-Wsign-compare]8;;[m[K]
[3.135s]   178 |                 for (size_t i = 0; [01;35m[Ki < N[m[K; ++i) {
[3.135s]       |                                    [01;35m[K~~^~~[m[K
[3.207s] [01m[K/home/megsindelar/Final_Project/ros_ws/src/img_transform/src/img_transform.cpp:194:38:[m[K [01;35m[Kwarning: [m[Kcomparison of integer expressions of different signedness: â€˜[01m[Ksize_t[m[Kâ€™ {aka â€˜[01m[Klong unsigned int[m[Kâ€™} and â€˜[01m[Kint[m[Kâ€™ [[01;35m[K]8;;https://gcc.gnu.org/onlinedocs/gcc/Warning-Options.html#index-Wsign-compare-Wsign-compare]8;;[m[K]
[3.207s]   194 |                 for (size_t i = 0; [01;35m[Ki < N[m[K; ++i) {
[3.207s]       |                                    [01;35m[K~~^~~[m[K
[3.281s] [01m[K/home/megsindelar/Final_Project/ros_ws/src/img_transform/src/img_transform.cpp:292:54:[m[K [01;31m[Kerror: [m[Kredeclaration of â€˜[01m[Kgeometry_msgs::msg::TransformStamped t[m[Kâ€™
[3.281s]   292 |                 geometry_msgs::msg::TransformStamped [01;31m[Kt[m[K;
[3.281s]       |                                                      [01;31m[K^[m[K
[3.281s] [01m[K/home/megsindelar/Final_Project/ros_ws/src/img_transform/src/img_transform.cpp:81:54:[m[K [01;36m[Knote: [m[Kâ€˜[01m[Kgeometry_msgs::msg::TransformStamped t[m[Kâ€™ previously declared here
[3.282s]    81 |                 geometry_msgs::msg::TransformStamped [01;36m[Kt[m[K;
[3.282s]       |                                                      [01;36m[K^[m[K
[3.282s] [01m[K/home/megsindelar/Final_Project/ros_ws/src/img_transform/src/img_transform.cpp:297:67:[m[K [01;31m[Kerror: [m[Kno match for â€˜[01m[Koperator*[m[Kâ€™ (operand types are â€˜[01m[Kconst Eigen::Inverse<Eigen::Matrix<double, 3, 3> >[m[Kâ€™ and â€˜[01m[Kstd::vector<int>[m[Kâ€™)
[3.282s]   297 |               vector<int> current_pos = [32m[Ktransformation.inverse()[m[K[01;31m[K*[m[K[34m[Kprev_pos[m[K;
[3.282s]       |                                         [32m[K~~~~~~~~~~~~~~~~~~~~~~~~[m[K[01;31m[K^[m[K[34m[K~~~~~~~~[m[K
[3.282s]       |                                                               [32m[K|[m[K  [34m[K|[m[K
[3.282s]       |                                                               [32m[K|[m[K  [34m[Kstd::vector<int>[m[K
[3.283s]       |                                                               [32m[Kconst Eigen::Inverse<Eigen::Matrix<double, 3, 3> >[m[K
[3.283s] 
[3.284s] In file included from [01m[K/usr/include/eigen3/Eigen/Core:19[m[K,
[3.284s]                  from [01m[K/home/megsindelar/Final_Project/ros_ws/src/img_transform/src/img_transform.cpp:12[m[K:
[3.285s] [01m[K/usr/include/eigen3/Eigen/src/plugins/CommonCwiseBinaryOps.h:50:1:[m[K [01;36m[Knote: [m[Kcandidate: â€˜[01m[Ktemplate<class T> const Eigen::CwiseBinaryOp<Eigen::internal::scalar_product_op<typename Eigen::internal::traits<T>::Scalar, typename Eigen::internal::promote_scalar_arg<typename Eigen::internal::traits<T>::Scalar, T, Eigen::internal::has_ReturnType<Eigen::ScalarBinaryOpTraits<typename Eigen::internal::traits<T>::Scalar, T, Eigen::internal::scalar_product_op<typename Eigen::internal::traits<T>::Scalar, T> > >::value>::type>, const Derived, const typename Eigen::internal::plain_constant_type<Derived, typename Eigen::internal::promote_scalar_arg<typename Eigen::internal::traits<T>::Scalar, T, Eigen::internal::has_ReturnType<Eigen::ScalarBinaryOpTraits<typename Eigen::internal::traits<T>::Scalar, T, Eigen::internal::scalar_product_op<typename Eigen::internal::traits<T>::Scalar, T> > >::value>::type>::type> Eigen::MatrixBase<Derived>::operator*(const T&) const [with T = T; Derived = Eigen::Inverse<Eigen::Matrix<double, 3, 3> >][m[Kâ€™
[3.285s]    50 | [01;36m[KEIGEN_MAKE_SCALAR_BINARY_OP[m[K(operator*,product)
[3.285s]       | [01;36m[K^~~~~~~~~~~~~~~~~~~~~~~~~~~[m[K
[3.285s] [01m[K/usr/include/eigen3/Eigen/src/plugins/CommonCwiseBinaryOps.h:50:1:[m[K [01;36m[Knote: [m[K  template argument deduction/substitution failed:
[3.285s] /usr/include/eigen3/Eigen/src/plugins/CommonCwiseBinaryOps.h: In substitution of â€˜[01m[Ktemplate<class T> const Eigen::CwiseBinaryOp<Eigen::internal::scalar_product_op<double, typename Eigen::internal::promote_scalar_arg<double, T, Eigen::internal::has_ReturnType<Eigen::ScalarBinaryOpTraits<double, T, Eigen::internal::scalar_product_op<double, T> > >::value>::type>, const Eigen::Inverse<Eigen::Matrix<double, 3, 3> >, const typename Eigen::internal::plain_constant_type<Eigen::Inverse<Eigen::Matrix<double, 3, 3> >, typename Eigen::internal::promote_scalar_arg<double, T, Eigen::internal::has_ReturnType<Eigen::ScalarBinaryOpTraits<double, T, Eigen::internal::scalar_product_op<double, T> > >::value>::type>::type> Eigen::MatrixBase<Eigen::Inverse<Eigen::Matrix<double, 3, 3> > >::operator*<T>(const T&) const [with T = std::vector<int>][m[Kâ€™:
[3.285s] [01m[K/home/megsindelar/Final_Project/ros_ws/src/img_transform/src/img_transform.cpp:297:68:[m[K   required from here
[3.285s] [01m[K/usr/include/eigen3/Eigen/src/plugins/CommonCwiseBinaryOps.h:50:1:[m[K [01;31m[Kerror: [m[Kno type named â€˜[01m[Ktype[m[Kâ€™ in â€˜[01m[Kstruct Eigen::internal::promote_scalar_arg<double, std::vector<int>, false>[m[Kâ€™
[3.285s] In file included from [01m[K/usr/include/eigen3/Eigen/Core:322[m[K,
[3.285s]                  from [01m[K/home/megsindelar/Final_Project/ros_ws/src/img_transform/src/img_transform.cpp:12[m[K:
[3.285s] [01m[K/usr/include/eigen3/Eigen/src/Core/GeneralProduct.h:399:1:[m[K [01;36m[Knote: [m[Kcandidate: â€˜[01m[Ktemplate<class OtherDerived> const Eigen::Product<Derived, OtherDerived> Eigen::MatrixBase<Derived>::operator*(const Eigen::MatrixBase<OtherDerived>&) const [with OtherDerived = OtherDerived; Derived = Eigen::Inverse<Eigen::Matrix<double, 3, 3> >][m[Kâ€™
[3.286s]   399 | [01;36m[KMatrixBase<Derived>[m[K::operator*(const MatrixBase<OtherDerived> &other) const
[3.286s]       | [01;36m[K^~~~~~~~~~~~~~~~~~~[m[K
[3.286s] [01m[K/usr/include/eigen3/Eigen/src/Core/GeneralProduct.h:399:1:[m[K [01;36m[Knote: [m[K  template argument deduction/substitution failed:
[3.286s] [01m[K/home/megsindelar/Final_Project/ros_ws/src/img_transform/src/img_transform.cpp:297:68:[m[K [01;36m[Knote: [m[K  â€˜[01m[Kstd::vector<int>[m[Kâ€™ is not derived from â€˜[01m[Kconst Eigen::MatrixBase<Derived>[m[Kâ€™
[3.286s]   297 |               vector<int> current_pos = transformation.inverse()*[01;36m[Kprev_pos[m[K;
[3.286s]       |                                                                  [01;36m[K^~~~~~~~[m[K
[3.286s] 
[3.286s] In file included from [01m[K/usr/include/eigen3/Eigen/Core:273[m[K,
[3.286s]                  from [01m[K/home/megsindelar/Final_Project/ros_ws/src/img_transform/src/img_transform.cpp:12[m[K:
[3.286s] [01m[K/usr/include/eigen3/Eigen/src/Core/MatrixBase.h:185:5:[m[K [01;36m[Knote: [m[Kcandidate: â€˜[01m[Ktemplate<class DiagonalDerived> const Eigen::Product<Derived, OtherDerived, 1> Eigen::MatrixBase<Derived>::operator*(const Eigen::DiagonalBase<DiagonalDerived>&) const [with DiagonalDerived = DiagonalDerived; Derived = Eigen::Inverse<Eigen::Matrix<double, 3, 3> >][m[Kâ€™
[3.286s]   185 |     [01;36m[Koperator[m[K*(const DiagonalBase<DiagonalDerived> &diagonal) const;
[3.286s]       |     [01;36m[K^~~~~~~~[m[K
[3.287s] [01m[K/usr/include/eigen3/Eigen/src/Core/MatrixBase.h:185:5:[m[K [01;36m[Knote: [m[K  template argument deduction/substitution failed:
[3.287s] [01m[K/home/megsindelar/Final_Project/ros_ws/src/img_transform/src/img_transform.cpp:297:68:[m[K [01;36m[Knote: [m[K  â€˜[01m[Kstd::vector<int>[m[Kâ€™ is not derived from â€˜[01m[Kconst Eigen::DiagonalBase<T>[m[Kâ€™
[3.287s]   297 |               vector<int> current_pos = transformation.inverse()*[01;36m[Kprev_pos[m[K;
[3.287s]       |                                                                  [01;36m[K^~~~~~~~[m[K
[3.287s] 
[3.287s] In file included from [01m[K/usr/include/opencv4/opencv2/core/cvstd.inl.hpp:47[m[K,
[3.287s]                  from [01m[K/usr/include/opencv4/opencv2/core.hpp:3306[m[K,
[3.287s]                  from [01m[K/usr/include/opencv4/opencv2/core/core.hpp:48[m[K,
[3.287s]                  from [01m[K/opt/ros/humble/include/cv_bridge/cv_bridge/cv_bridge.h:43[m[K,
[3.287s]                  from [01m[K/home/megsindelar/Final_Project/ros_ws/src/img_transform/src/img_transform.cpp:4[m[K:
[3.287s] [01m[K/usr/include/c++/11/complex:392:5:[m[K [01;36m[Knote: [m[Kcandidate: â€˜[01m[Ktemplate<class _Tp> std::complex<_Tp> std::operator*(const std::complex<_Tp>&, const std::complex<_Tp>&)[m[Kâ€™
[3.287s]   392 |     [01;36m[Koperator[m[K*(const complex<_Tp>& __x, const complex<_Tp>& __y)
[3.287s]       |     [01;36m[K^~~~~~~~[m[K
[3.287s] [01m[K/usr/include/c++/11/complex:392:5:[m[K [01;36m[Knote: [m[K  template argument deduction/substitution failed:
[3.287s] [01m[K/home/megsindelar/Final_Project/ros_ws/src/img_transform/src/img_transform.cpp:297:68:[m[K [01;36m[Knote: [m[K  â€˜[01m[Kconst Eigen::Inverse<Eigen::Matrix<double, 3, 3> >[m[Kâ€™ is not derived from â€˜[01m[Kconst std::complex<_Tp>[m[Kâ€™
[3.287s]   297 |               vector<int> current_pos = transformation.inverse()*[01;36m[Kprev_pos[m[K;
[3.287s]       |                                                                  [01;36m[K^~~~~~~~[m[K
[3.287s] 
[3.287s] In file included from [01m[K/usr/include/opencv4/opencv2/core/cvstd.inl.hpp:47[m[K,
[3.288s]                  from [01m[K/usr/include/opencv4/opencv2/core.hpp:3306[m[K,
[3.288s]                  from [01m[K/usr/include/opencv4/opencv2/core/core.hpp:48[m[K,
[3.288s]                  from [01m[K/opt/ros/humble/include/cv_bridge/cv_bridge/cv_bridge.h:43[m[K,
[3.288s]                  from [01m[K/home/megsindelar/Final_Project/ros_ws/src/img_transform/src/img_transform.cpp:4[m[K:
[3.288s] [01m[K/usr/include/c++/11/complex:401:5:[m[K [01;36m[Knote: [m[Kcandidate: â€˜[01m[Ktemplate<class _Tp> std::complex<_Tp> std::operator*(const std::complex<_Tp>&, const _Tp&)[m[Kâ€™
[3.288s]   401 |     [01;36m[Koperator[m[K*(const complex<_Tp>& __x, const _Tp& __y)
[3.288s]       |     [01;36m[K^~~~~~~~[m[K
[3.288s] [01m[K/usr/include/c++/11/complex:401:5:[m[K [01;36m[Knote: [m[K  template argument deduction/substitution failed:
[3.288s] [01m[K/home/megsindelar/Final_Project/ros_ws/src/img_transform/src/img_transform.cpp:297:68:[m[K [01;36m[Knote: [m[K  â€˜[01m[Kconst Eigen::Inverse<Eigen::Matrix<double, 3, 3> >[m[Kâ€™ is not derived from â€˜[01m[Kconst std::complex<_Tp>[m[Kâ€™
[3.288s]   297 |               vector<int> current_pos = transformation.inverse()*[01;36m[Kprev_pos[m[K;
[3.288s]       |                                                                  [01;36m[K^~~~~~~~[m[K
[3.288s] 
[3.288s] In file included from [01m[K/usr/include/opencv4/opencv2/core/cvstd.inl.hpp:47[m[K,
[3.288s]                  from [01m[K/usr/include/opencv4/opencv2/core.hpp:3306[m[K,
[3.288s]                  from [01m[K/usr/include/opencv4/opencv2/core/core.hpp:48[m[K,
[3.288s]                  from [01m[K/opt/ros/humble/include/cv_bridge/cv_bridge/cv_bridge.h:43[m[K,
[3.288s]                  from [01m[K/home/megsindelar/Final_Project/ros_ws/src/img_transform/src/img_transform.cpp:4[m[K:
[3.288s] [01m[K/usr/include/c++/11/complex:410:5:[m[K [01;36m[Knote: [m[Kcandidate: â€˜[01m[Ktemplate<class _Tp> std::complex<_Tp> std::operator*(const _Tp&, const std::complex<_Tp>&)[m[Kâ€™
[3.288s]   410 |     [01;36m[Koperator[m[K*(const _Tp& __x, const complex<_Tp>& __y)
[3.288s]       |     [01;36m[K^~~~~~~~[m[K
[3.288s] [01m[K/usr/include/c++/11/complex:410:5:[m[K [01;36m[Knote: [m[K  template argument deduction/substitution failed:
[3.288s] [01m[K/home/megsindelar/Final_Project/ros_ws/src/img_transform/src/img_transform.cpp:297:68:[m[K [01;36m[Knote: [m[K  â€˜[01m[Kstd::vector<int>[m[Kâ€™ is not derived from â€˜[01m[Kconst std::complex<_Tp>[m[Kâ€™
[3.289s]   297 |               vector<int> current_pos = transformation.inverse()*[01;36m[Kprev_pos[m[K;
[3.289s]       |                                                                  [01;36m[K^~~~~~~~[m[K
[3.289s] 
[3.289s] In file included from [01m[K/usr/include/opencv4/opencv2/core.hpp:56[m[K,
[3.289s]                  from [01m[K/usr/include/opencv4/opencv2/core/core.hpp:48[m[K,
[3.289s]                  from [01m[K/opt/ros/humble/include/cv_bridge/cv_bridge/cv_bridge.h:43[m[K,
[3.289s]                  from [01m[K/home/megsindelar/Final_Project/ros_ws/src/img_transform/src/img_transform.cpp:4[m[K:
[3.289s] [01m[K/usr/include/opencv4/opencv2/core/matx.hpp:1246:17:[m[K [01;36m[Knote: [m[Kcandidate: â€˜[01m[Ktemplate<class _Tp, int m, int n> cv::Matx<_Tp, m, n> cv::operator*(const cv::Matx<_Tp, m, n>&, int)[m[Kâ€™
[3.289s]  1246 | Matx<_Tp, m, n> [01;36m[Koperator[m[K * (const Matx<_Tp, m, n>& a, int alpha)
[3.289s]       |                 [01;36m[K^~~~~~~~[m[K
[3.289s] [01m[K/usr/include/opencv4/opencv2/core/matx.hpp:1246:17:[m[K [01;36m[Knote: [m[K  template argument deduction/substitution failed:
[3.289s] [01m[K/home/megsindelar/Final_Project/ros_ws/src/img_transform/src/img_transform.cpp:297:68:[m[K [01;36m[Knote: [m[K  â€˜[01m[Kconst Eigen::Inverse<Eigen::Matrix<double, 3, 3> >[m[Kâ€™ is not derived from â€˜[01m[Kconst cv::Matx<_Tp, m, n>[m[Kâ€™
[3.289s]   297 |               vector<int> current_pos = transformation.inverse()*[01;36m[Kprev_pos[m[K;
[3.289s]       |                                                                  [01;36m[K^~~~~~~~[m[K
[3.289s] 
[3.289s] In file included from [01m[K/usr/include/opencv4/opencv2/core.hpp:56[m[K,
[3.289s]                  from [01m[K/usr/include/opencv4/opencv2/core/core.hpp:48[m[K,
[3.289s]                  from [01m[K/opt/ros/humble/include/cv_bridge/cv_bridge/cv_bridge.h:43[m[K,
[3.289s]                  from [01m[K/home/megsindelar/Final_Project/ros_ws/src/img_transform/src/img_transform.cpp:4[m[K:
[3.289s] [01m[K/usr/include/opencv4/opencv2/core/matx.hpp:1252:17:[m[K [01;36m[Knote: [m[Kcandidate: â€˜[01m[Ktemplate<class _Tp, int m, int n> cv::Matx<_Tp, m, n> cv::operator*(const cv::Matx<_Tp, m, n>&, float)[m[Kâ€™
[3.289s]  1252 | Matx<_Tp, m, n> [01;36m[Koperator[m[K * (const Matx<_Tp, m, n>& a, float alpha)
[3.289s]       |                 [01;36m[K^~~~~~~~[m[K
[3.289s] [01m[K/usr/include/opencv4/opencv2/core/matx.hpp:1252:17:[m[K [01;36m[Knote: [m[K  template argument deduction/substitution failed:
[3.290s] [01m[K/home/megsindelar/Final_Project/ros_ws/src/img_transform/src/img_transform.cpp:297:68:[m[K [01;36m[Knote: [m[K  â€˜[01m[Kconst Eigen::Inverse<Eigen::Matrix<double, 3, 3> >[m[Kâ€™ is not derived from â€˜[01m[Kconst cv::Matx<_Tp, m, n>[m[Kâ€™
[3.290s]   297 |               vector<int> current_pos = transformation.inverse()*[01;36m[Kprev_pos[m[K;
[3.290s]       |                                                                  [01;36m[K^~~~~~~~[m[K
[3.290s] 
[3.290s] In file included from [01m[K/usr/include/opencv4/opencv2/core.hpp:56[m[K,
[3.290s]                  from [01m[K/usr/include/opencv4/opencv2/core/core.hpp:48[m[K,
[3.290s]                  from [01m[K/opt/ros/humble/include/cv_bridge/cv_bridge/cv_bridge.h:43[m[K,
[3.290s]                  from [01m[K/home/megsindelar/Final_Project/ros_ws/src/img_transform/src/img_transform.cpp:4[m[K:
[3.290s] [01m[K/usr/include/opencv4/opencv2/core/matx.hpp:1258:17:[m[K [01;36m[Knote: [m[Kcandidate: â€˜[01m[Ktemplate<class _Tp, int m, int n> cv::Matx<_Tp, m, n> cv::operator*(const cv::Matx<_Tp, m, n>&, double)[m[Kâ€™
[3.290s]  1258 | Matx<_Tp, m, n> [01;36m[Koperator[m[K * (const Matx<_Tp, m, n>& a, double alpha)
[3.290s]       |                 [01;36m[K^~~~~~~~[m[K
[3.290s] [01m[K/usr/include/opencv4/opencv2/core/matx.hpp:1258:17:[m[K [01;36m[Knote: [m[K  template argument deduction/substitution failed:
[3.290s] [01m[K/home/megsindelar/Final_Project/ros_ws/src/img_transform/src/img_transform.cpp:297:68:[m[K [01;36m[Knote: [m[K  â€˜[01m[Kconst Eigen::Inverse<Eigen::Matrix<double, 3, 3> >[m[Kâ€™ is not derived from â€˜[01m[Kconst cv::Matx<_Tp, m, n>[m[Kâ€™
[3.290s]   297 |               vector<int> current_pos = transformation.inverse()*[01;36m[Kprev_pos[m[K;
[3.290s]       |                                                                  [01;36m[K^~~~~~~~[m[K
[3.290s] 
[3.290s] In file included from [01m[K/usr/include/opencv4/opencv2/core.hpp:56[m[K,
[3.290s]                  from [01m[K/usr/include/opencv4/opencv2/core/core.hpp:48[m[K,
[3.290s]                  from [01m[K/opt/ros/humble/include/cv_bridge/cv_bridge/cv_bridge.h:43[m[K,
[3.290s]                  from [01m[K/home/megsindelar/Final_Project/ros_ws/src/img_transform/src/img_transform.cpp:4[m[K:
[3.290s] [01m[K/usr/include/opencv4/opencv2/core/matx.hpp:1264:17:[m[K [01;36m[Knote: [m[Kcandidate: â€˜[01m[Ktemplate<class _Tp, int m, int n> cv::Matx<_Tp, m, n> cv::operator*(int, const cv::Matx<_Tp, m, n>&)[m[Kâ€™
[3.290s]  1264 | Matx<_Tp, m, n> [01;36m[Koperator[m[K * (int alpha, const Matx<_Tp, m, n>& a)
[3.290s]       |                 [01;36m[K^~~~~~~~[m[K
[3.291s] [01m[K/usr/include/opencv4/opencv2/core/matx.hpp:1264:17:[m[K [01;36m[Knote: [m[K  template argument deduction/substitution failed:
[3.291s] [01m[K/home/megsindelar/Final_Project/ros_ws/src/img_transform/src/img_transform.cpp:297:68:[m[K [01;36m[Knote: [m[K  â€˜[01m[Kstd::vector<int>[m[Kâ€™ is not derived from â€˜[01m[Kconst cv::Matx<_Tp, m, n>[m[Kâ€™
[3.291s]   297 |               vector<int> current_pos = transformation.inverse()*[01;36m[Kprev_pos[m[K;
[3.291s]       |                                                                  [01;36m[K^~~~~~~~[m[K
[3.291s] 
[3.291s] In file included from [01m[K/usr/include/opencv4/opencv2/core.hpp:56[m[K,
[3.291s]                  from [01m[K/usr/include/opencv4/opencv2/core/core.hpp:48[m[K,
[3.291s]                  from [01m[K/opt/ros/humble/include/cv_bridge/cv_bridge/cv_bridge.h:43[m[K,
[3.291s]                  from [01m[K/home/megsindelar/Final_Project/ros_ws/src/img_transform/src/img_transform.cpp:4[m[K:
[3.291s] [01m[K/usr/include/opencv4/opencv2/core/matx.hpp:1270:17:[m[K [01;36m[Knote: [m[Kcandidate: â€˜[01m[Ktemplate<class _Tp, int m, int n> cv::Matx<_Tp, m, n> cv::operator*(float, const cv::Matx<_Tp, m, n>&)[m[Kâ€™
[3.291s]  1270 | Matx<_Tp, m, n> [01;36m[Koperator[m[K * (float alpha, const Matx<_Tp, m, n>& a)
[3.291s]       |                 [01;36m[K^~~~~~~~[m[K
[3.291s] [01m[K/usr/include/opencv4/opencv2/core/matx.hpp:1270:17:[m[K [01;36m[Knote: [m[K  template argument deduction/substitution failed:
[3.291s] [01m[K/home/megsindelar/Final_Project/ros_ws/src/img_transform/src/img_transform.cpp:297:68:[m[K [01;36m[Knote: [m[K  â€˜[01m[Kstd::vector<int>[m[Kâ€™ is not derived from â€˜[01m[Kconst cv::Matx<_Tp, m, n>[m[Kâ€™
[3.291s]   297 |               vector<int> current_pos = transformation.inverse()*[01;36m[Kprev_pos[m[K;
[3.291s]       |                                                                  [01;36m[K^~~~~~~~[m[K
[3.291s] 
[3.291s] In file included from [01m[K/usr/include/opencv4/opencv2/core.hpp:56[m[K,
[3.291s]                  from [01m[K/usr/include/opencv4/opencv2/core/core.hpp:48[m[K,
[3.291s]                  from [01m[K/opt/ros/humble/include/cv_bridge/cv_bridge/cv_bridge.h:43[m[K,
[3.291s]                  from [01m[K/home/megsindelar/Final_Project/ros_ws/src/img_transform/src/img_transform.cpp:4[m[K:
[3.292s] [01m[K/usr/include/opencv4/opencv2/core/matx.hpp:1276:17:[m[K [01;36m[Knote: [m[Kcandidate: â€˜[01m[Ktemplate<class _Tp, int m, int n> cv::Matx<_Tp, m, n> cv::operator*(double, const cv::Matx<_Tp, m, n>&)[m[Kâ€™
[3.292s]  1276 | Matx<_Tp, m, n> [01;36m[Koperator[m[K * (double alpha, const Matx<_Tp, m, n>& a)
[3.292s]       |                 [01;36m[K^~~~~~~~[m[K
[3.292s] [01m[K/usr/include/opencv4/opencv2/core/matx.hpp:1276:17:[m[K [01;36m[Knote: [m[K  template argument deduction/substitution failed:
[3.292s] [01m[K/home/megsindelar/Final_Project/ros_ws/src/img_transform/src/img_transform.cpp:297:68:[m[K [01;36m[Knote: [m[K  â€˜[01m[Kstd::vector<int>[m[Kâ€™ is not derived from â€˜[01m[Kconst cv::Matx<_Tp, m, n>[m[Kâ€™
[3.292s]   297 |               vector<int> current_pos = transformation.inverse()*[01;36m[Kprev_pos[m[K;
[3.292s]       |                                                                  [01;36m[K^~~~~~~~[m[K
[3.292s] 
[3.292s] In file included from [01m[K/usr/include/opencv4/opencv2/core.hpp:56[m[K,
[3.292s]                  from [01m[K/usr/include/opencv4/opencv2/core/core.hpp:48[m[K,
[3.292s]                  from [01m[K/opt/ros/humble/include/cv_bridge/cv_bridge/cv_bridge.h:43[m[K,
[3.292s]                  from [01m[K/home/megsindelar/Final_Project/ros_ws/src/img_transform/src/img_transform.cpp:4[m[K:
[3.292s] [01m[K/usr/include/opencv4/opencv2/core/matx.hpp:1316:17:[m[K [01;36m[Knote: [m[Kcandidate: â€˜[01m[Ktemplate<class _Tp, int m, int n, int l> cv::Matx<_Tp, m, n> cv::operator*(const cv::Matx<_Tp, m, l>&, const cv::Matx<_Tp, l, n>&)[m[Kâ€™
[3.292s]  1316 | Matx<_Tp, m, n> [01;36m[Koperator[m[K * (const Matx<_Tp, m, l>& a, const Matx<_Tp, l, n>& b)
[3.292s]       |                 [01;36m[K^~~~~~~~[m[K
[3.292s] [01m[K/usr/include/opencv4/opencv2/core/matx.hpp:1316:17:[m[K [01;36m[Knote: [m[K  template argument deduction/substitution failed:
[3.292s] [01m[K/home/megsindelar/Final_Project/ros_ws/src/img_transform/src/img_transform.cpp:297:68:[m[K [01;36m[Knote: [m[K  â€˜[01m[Kconst Eigen::Inverse<Eigen::Matrix<double, 3, 3> >[m[Kâ€™ is not derived from â€˜[01m[Kconst cv::Matx<_Tp, m, l>[m[Kâ€™
[3.292s]   297 |               vector<int> current_pos = transformation.inverse()*[01;36m[Kprev_pos[m[K;
[3.292s]       |                                                                  [01;36m[K^~~~~~~~[m[K
[3.292s] 
[3.292s] In file included from [01m[K/usr/include/opencv4/opencv2/core.hpp:56[m[K,
[3.293s]                  from [01m[K/usr/include/opencv4/opencv2/core/core.hpp:48[m[K,
[3.293s]                  from [01m[K/opt/ros/humble/include/cv_bridge/cv_bridge/cv_bridge.h:43[m[K,
[3.293s]                  from [01m[K/home/megsindelar/Final_Project/ros_ws/src/img_transform/src/img_transform.cpp:4[m[K:
[3.293s] [01m[K/usr/include/opencv4/opencv2/core/matx.hpp:1322:13:[m[K [01;36m[Knote: [m[Kcandidate: â€˜[01m[Ktemplate<class _Tp, int m, int n> cv::Vec<_Tp, m> cv::operator*(const cv::Matx<_Tp, m, n>&, const cv::Vec<_Tp, n>&)[m[Kâ€™
[3.293s]  1322 | Vec<_Tp, m> [01;36m[Koperator[m[K * (const Matx<_Tp, m, n>& a, const Vec<_Tp, n>& b)
[3.293s]       |             [01;36m[K^~~~~~~~[m[K
[3.293s] [01m[K/usr/include/opencv4/opencv2/core/matx.hpp:1322:13:[m[K [01;36m[Knote: [m[K  template argument deduction/substitution failed:
[3.293s] [01m[K/home/megsindelar/Final_Project/ros_ws/src/img_transform/src/img_transform.cpp:297:68:[m[K [01;36m[Knote: [m[K  â€˜[01m[Kconst Eigen::Inverse<Eigen::Matrix<double, 3, 3> >[m[Kâ€™ is not derived from â€˜[01m[Kconst cv::Matx<_Tp, m, n>[m[Kâ€™
[3.293s]   297 |               vector<int> current_pos = transformation.inverse()*[01;36m[Kprev_pos[m[K;
[3.293s]       |                                                                  [01;36m[K^~~~~~~~[m[K
[3.293s] 
[3.293s] In file included from [01m[K/usr/include/opencv4/opencv2/core.hpp:56[m[K,
[3.293s]                  from [01m[K/usr/include/opencv4/opencv2/core/core.hpp:48[m[K,
[3.293s]                  from [01m[K/opt/ros/humble/include/cv_bridge/cv_bridge/cv_bridge.h:43[m[K,
[3.293s]                  from [01m[K/home/megsindelar/Final_Project/ros_ws/src/img_transform/src/img_transform.cpp:4[m[K:
[3.293s] [01m[K/usr/include/opencv4/opencv2/core/matx.hpp:1429:14:[m[K [01;36m[Knote: [m[Kcandidate: â€˜[01m[Ktemplate<class _Tp, int cn> cv::Vec<_Tp, m> cv::operator*(const cv::Vec<_Tp, m>&, int)[m[Kâ€™
[3.293s]  1429 | Vec<_Tp, cn> [01;36m[Koperator[m[K * (const Vec<_Tp, cn>& a, int alpha)
[3.293s]       |              [01;36m[K^~~~~~~~[m[K
[3.293s] [01m[K/usr/include/opencv4/opencv2/core/matx.hpp:1429:14:[m[K [01;36m[Knote: [m[K  template argument deduction/substitution failed:
[3.293s] [01m[K/home/megsindelar/Final_Project/ros_ws/src/img_transform/src/img_transform.cpp:297:68:[m[K [01;36m[Knote: [m[K  â€˜[01m[Kconst Eigen::Inverse<Eigen::Matrix<double, 3, 3> >[m[Kâ€™ is not derived from â€˜[01m[Kconst cv::Vec<_Tp, m>[m[Kâ€™
[3.293s]   297 |               vector<int> current_pos = transformation.inverse()*[01;36m[Kprev_pos[m[K;
[3.294s]       |                                                                  [01;36m[K^~~~~~~~[m[K
[3.294s] 
[3.294s] In file included from [01m[K/usr/include/opencv4/opencv2/core.hpp:56[m[K,
[3.294s]                  from [01m[K/usr/include/opencv4/opencv2/core/core.hpp:48[m[K,
[3.294s]                  from [01m[K/opt/ros/humble/include/cv_bridge/cv_bridge/cv_bridge.h:43[m[K,
[3.294s]                  from [01m[K/home/megsindelar/Final_Project/ros_ws/src/img_transform/src/img_transform.cpp:4[m[K:
[3.294s] [01m[K/usr/include/opencv4/opencv2/core/matx.hpp:1435:14:[m[K [01;36m[Knote: [m[Kcandidate: â€˜[01m[Ktemplate<class _Tp, int cn> cv::Vec<_Tp, m> cv::operator*(int, const cv::Vec<_Tp, m>&)[m[Kâ€™
[3.294s]  1435 | Vec<_Tp, cn> [01;36m[Koperator[m[K * (int alpha, const Vec<_Tp, cn>& a)
[3.294s]       |              [01;36m[K^~~~~~~~[m[K
[3.294s] [01m[K/usr/include/opencv4/opencv2/core/matx.hpp:1435:14:[m[K [01;36m[Knote: [m[K  template argument deduction/substitution failed:
[3.294s] [01m[K/home/megsindelar/Final_Project/ros_ws/src/img_transform/src/img_transform.cpp:297:68:[m[K [01;36m[Knote: [m[K  â€˜[01m[Kstd::vector<int>[m[Kâ€™ is not derived from â€˜[01m[Kconst cv::Vec<_Tp, m>[m[Kâ€™
[3.294s]   297 |               vector<int> current_pos = transformation.inverse()*[01;36m[Kprev_pos[m[K;
[3.294s]       |                                                                  [01;36m[K^~~~~~~~[m[K
[3.294s] 
[3.294s] In file included from [01m[K/usr/include/opencv4/opencv2/core.hpp:56[m[K,
[3.294s]                  from [01m[K/usr/include/opencv4/opencv2/core/core.hpp:48[m[K,
[3.294s]                  from [01m[K/opt/ros/humble/include/cv_bridge/cv_bridge/cv_bridge.h:43[m[K,
[3.294s]                  from [01m[K/home/megsindelar/Final_Project/ros_ws/src/img_transform/src/img_transform.cpp:4[m[K:
[3.294s] [01m[K/usr/include/opencv4/opencv2/core/matx.hpp:1441:14:[m[K [01;36m[Knote: [m[Kcandidate: â€˜[01m[Ktemplate<class _Tp, int cn> cv::Vec<_Tp, m> cv::operator*(const cv::Vec<_Tp, m>&, float)[m[Kâ€™
[3.294s]  1441 | Vec<_Tp, cn> [01;36m[Koperator[m[K * (const Vec<_Tp, cn>& a, float alpha)
[3.294s]       |              [01;36m[K^~~~~~~~[m[K
[3.294s] [01m[K/usr/include/opencv4/opencv2/core/matx.hpp:1441:14:[m[K [01;36m[Knote: [m[K  template argument deduction/substitution failed:
[3.295s] [01m[K/home/megsindelar/Final_Project/ros_ws/src/img_transform/src/img_transform.cpp:297:68:[m[K [01;36m[Knote: [m[K  â€˜[01m[Kconst Eigen::Inverse<Eigen::Matrix<double, 3, 3> >[m[Kâ€™ is not derived from â€˜[01m[Kconst cv::Vec<_Tp, m>[m[Kâ€™
[3.295s]   297 |               vector<int> current_pos = transformation.inverse()*[01;36m[Kprev_pos[m[K;
[3.295s]       |                                                                  [01;36m[K^~~~~~~~[m[K
[3.295s] 
[3.295s] In file included from [01m[K/usr/include/opencv4/opencv2/core.hpp:56[m[K,
[3.295s]                  from [01m[K/usr/include/opencv4/opencv2/core/core.hpp:48[m[K,
[3.295s]                  from [01m[K/opt/ros/humble/include/cv_bridge/cv_bridge/cv_bridge.h:43[m[K,
[3.295s]                  from [01m[K/home/megsindelar/Final_Project/ros_ws/src/img_transform/src/img_transform.cpp:4[m[K:
[3.295s] [01m[K/usr/include/opencv4/opencv2/core/matx.hpp:1447:14:[m[K [01;36m[Knote: [m[Kcandidate: â€˜[01m[Ktemplate<class _Tp, int cn> cv::Vec<_Tp, m> cv::operator*(float, const cv::Vec<_Tp, m>&)[m[Kâ€™
[3.295s]  1447 | Vec<_Tp, cn> [01;36m[Koperator[m[K * (float alpha, const Vec<_Tp, cn>& a)
[3.295s]       |              [01;36m[K^~~~~~~~[m[K
[3.295s] [01m[K/usr/include/opencv4/opencv2/core/matx.hpp:1447:14:[m[K [01;36m[Knote: [m[K  template argument deduction/substitution failed:
[3.295s] [01m[K/home/megsindelar/Final_Project/ros_ws/src/img_transform/src/img_transform.cpp:297:68:[m[K [01;36m[Knote: [m[K  â€˜[01m[Kstd::vector<int>[m[Kâ€™ is not derived from â€˜[01m[Kconst cv::Vec<_Tp, m>[m[Kâ€™
[3.295s]   297 |               vector<int> current_pos = transformation.inverse()*[01;36m[Kprev_pos[m[K;
[3.295s]       |                                                                  [01;36m[K^~~~~~~~[m[K
[3.295s] 
[3.295s] In file included from [01m[K/usr/include/opencv4/opencv2/core.hpp:56[m[K,
[3.295s]                  from [01m[K/usr/include/opencv4/opencv2/core/core.hpp:48[m[K,
[3.295s]                  from [01m[K/opt/ros/humble/include/cv_bridge/cv_bridge/cv_bridge.h:43[m[K,
[3.295s]                  from [01m[K/home/megsindelar/Final_Project/ros_ws/src/img_transform/src/img_transform.cpp:4[m[K:
[3.295s] [01m[K/usr/include/opencv4/opencv2/core/matx.hpp:1453:14:[m[K [01;36m[Knote: [m[Kcandidate: â€˜[01m[Ktemplate<class _Tp, int cn> cv::Vec<_Tp, m> cv::operator*(const cv::Vec<_Tp, m>&, double)[m[Kâ€™
[3.295s]  1453 | Vec<_Tp, cn> [01;36m[Koperator[m[K * (const Vec<_Tp, cn>& a, double alpha)
[3.295s]       |              [01;36m[K^~~~~~~~[m[K
[3.295s] [01m[K/usr/include/opencv4/opencv2/core/matx.hpp:1453:14:[m[K [01;36m[Knote: [m[K  template argument deduction/substitution failed:
[3.296s] [01m[K/home/megsindelar/Final_Project/ros_ws/src/img_transform/src/img_transform.cpp:297:68:[m[K [01;36m[Knote: [m[K  â€˜[01m[Kconst Eigen::Inverse<Eigen::Matrix<double, 3, 3> >[m[Kâ€™ is not derived from â€˜[01m[Kconst cv::Vec<_Tp, m>[m[Kâ€™
[3.296s]   297 |               vector<int> current_pos = transformation.inverse()*[01;36m[Kprev_pos[m[K;
[3.296s]       |                                                                  [01;36m[K^~~~~~~~[m[K
[3.296s] 
[3.296s] In file included from [01m[K/usr/include/opencv4/opencv2/core.hpp:56[m[K,
[3.296s]                  from [01m[K/usr/include/opencv4/opencv2/core/core.hpp:48[m[K,
[3.296s]                  from [01m[K/opt/ros/humble/include/cv_bridge/cv_bridge/cv_bridge.h:43[m[K,
[3.296s]                  from [01m[K/home/megsindelar/Final_Project/ros_ws/src/img_transform/src/img_transform.cpp:4[m[K:
[3.296s] [01m[K/usr/include/opencv4/opencv2/core/matx.hpp:1459:14:[m[K [01;36m[Knote: [m[Kcandidate: â€˜[01m[Ktemplate<class _Tp, int cn> cv::Vec<_Tp, m> cv::operator*(double, const cv::Vec<_Tp, m>&)[m[Kâ€™
[3.296s]  1459 | Vec<_Tp, cn> [01;36m[Koperator[m[K * (double alpha, const Vec<_Tp, cn>& a)
[3.296s]       |              [01;36m[K^~~~~~~~[m[K
[3.296s] [01m[K/usr/include/opencv4/opencv2/core/matx.hpp:1459:14:[m[K [01;36m[Knote: [m[K  template argument deduction/substitution failed:
[3.296s] [01m[K/home/megsindelar/Final_Project/ros_ws/src/img_transform/src/img_transform.cpp:297:68:[m[K [01;36m[Knote: [m[K  â€˜[01m[Kstd::vector<int>[m[Kâ€™ is not derived from â€˜[01m[Kconst cv::Vec<_Tp, m>[m[Kâ€™
[3.296s]   297 |               vector<int> current_pos = transformation.inverse()*[01;36m[Kprev_pos[m[K;
[3.296s]       |                                                                  [01;36m[K^~~~~~~~[m[K
[3.296s] 
[3.296s] In file included from [01m[K/usr/include/opencv4/opencv2/core.hpp:56[m[K,
[3.296s]                  from [01m[K/usr/include/opencv4/opencv2/core/core.hpp:48[m[K,
[3.296s]                  from [01m[K/opt/ros/humble/include/cv_bridge/cv_bridge/cv_bridge.h:43[m[K,
[3.296s]                  from [01m[K/home/megsindelar/Final_Project/ros_ws/src/img_transform/src/img_transform.cpp:4[m[K:
[3.297s] [01m[K/usr/include/opencv4/opencv2/core/matx.hpp:1490:43:[m[K [01;36m[Knote: [m[Kcandidate: â€˜[01m[Ktemplate<class _Tp> cv::Vec<_Tp, 4> cv::operator*(const cv::Vec<_Tp, 4>&, const cv::Vec<_Tp, 4>&)[m[Kâ€™
[3.297s]  1490 | template<typename _Tp> inline Vec<_Tp, 4> [01;36m[Koperator[m[K * (const Vec<_Tp, 4>& v1, const Vec<_Tp, 4>& v2)
[3.297s]       |                                           [01;36m[K^~~~~~~~[m[K
[3.297s] [01m[K/usr/include/opencv4/opencv2/core/matx.hpp:1490:43:[m[K [01;36m[Knote: [m[K  template argument deduction/substitution failed:
[3.297s] [01m[K/home/megsindelar/Final_Project/ros_ws/src/img_transform/src/img_transform.cpp:297:68:[m[K [01;36m[Knote: [m[K  â€˜[01m[Kconst Eigen::Inverse<Eigen::Matrix<double, 3, 3> >[m[Kâ€™ is not derived from â€˜[01m[Kconst cv::Vec<_Tp, 4>[m[Kâ€™
[3.297s]   297 |               vector<int> current_pos = transformation.inverse()*[01;36m[Kprev_pos[m[K;
[3.297s]       |                                                                  [01;36m[K^~~~~~~~[m[K
[3.297s] 
[3.297s] In file included from [01m[K/usr/include/opencv4/opencv2/core.hpp:57[m[K,
[3.297s]                  from [01m[K/usr/include/opencv4/opencv2/core/core.hpp:48[m[K,
[3.297s]                  from [01m[K/opt/ros/humble/include/cv_bridge/cv_bridge/cv_bridge.h:43[m[K,
[3.297s]                  from [01m[K/home/megsindelar/Final_Project/ros_ws/src/img_transform/src/img_transform.cpp:4[m[K:
[3.297s] [01m[K/usr/include/opencv4/opencv2/core/types.hpp:1073:14:[m[K [01;36m[Knote: [m[Kcandidate: â€˜[01m[Ktemplate<class _Tp> cv::Complex<_Tp> cv::operator*(const cv::Complex<_Tp>&, const cv::Complex<_Tp>&)[m[Kâ€™
[3.297s]  1073 | Complex<_Tp> [01;36m[Koperator[m[K * (const Complex<_Tp>& a, const Complex<_Tp>& b)
[3.297s]       |              [01;36m[K^~~~~~~~[m[K
[3.297s] [01m[K/usr/include/opencv4/opencv2/core/types.hpp:1073:14:[m[K [01;36m[Knote: [m[K  template argument deduction/substitution failed:
[3.297s] [01m[K/home/megsindelar/Final_Project/ros_ws/src/img_transform/src/img_transform.cpp:297:68:[m[K [01;36m[Knote: [m[K  â€˜[01m[Kconst Eigen::Inverse<Eigen::Matrix<double, 3, 3> >[m[Kâ€™ is not derived from â€˜[01m[Kconst cv::Complex<_Tp>[m[Kâ€™
[3.297s]   297 |               vector<int> current_pos = transformation.inverse()*[01;36m[Kprev_pos[m[K;
[3.297s]       |                                                                  [01;36m[K^~~~~~~~[m[K
[3.297s] 
[3.297s] In file included from [01m[K/usr/include/opencv4/opencv2/core.hpp:57[m[K,
[3.297s]                  from [01m[K/usr/include/opencv4/opencv2/core/core.hpp:48[m[K,
[3.297s]                  from [01m[K/opt/ros/humble/include/cv_bridge/cv_bridge/cv_bridge.h:43[m[K,
[3.297s]                  from [01m[K/home/megsindelar/Final_Project/ros_ws/src/img_transform/src/img_transform.cpp:4[m[K:
[3.297s] [01m[K/usr/include/opencv4/opencv2/core/types.hpp:1079:14:[m[K [01;36m[Knote: [m[Kcandidate: â€˜[01m[Ktemplate<class _Tp> cv::Complex<_Tp> cv::operator*(const cv::Complex<_Tp>&, _Tp)[m[Kâ€™
[3.297s]  1079 | Complex<_Tp> [01;36m[Koperator[m[K * (const Complex<_Tp>& a, _Tp b)
[3.298s]       |              [01;36m[K^~~~~~~~[m[K
[3.298s] [01m[K/usr/include/opencv4/opencv2/core/types.hpp:1079:14:[m[K [01;36m[Knote: [m[K  template argument deduction/substitution failed:
[3.298s] [01m[K/home/megsindelar/Final_Project/ros_ws/src/img_transform/src/img_transform.cpp:297:68:[m[K [01;36m[Knote: [m[K  â€˜[01m[Kconst Eigen::Inverse<Eigen::Matrix<double, 3, 3> >[m[Kâ€™ is not derived from â€˜[01m[Kconst cv::Complex<_Tp>[m[Kâ€™
[3.298s]   297 |               vector<int> current_pos = transformation.inverse()*[01;36m[Kprev_pos[m[K;
[3.298s]       |                                                                  [01;36m[K^~~~~~~~[m[K
[3.298s] 
[3.298s] In file included from [01m[K/usr/include/opencv4/opencv2/core.hpp:57[m[K,
[3.298s]                  from [01m[K/usr/include/opencv4/opencv2/core/core.hpp:48[m[K,
[3.298s]                  from [01m[K/opt/ros/humble/include/cv_bridge/cv_bridge/cv_bridge.h:43[m[K,
[3.298s]                  from [01m[K/home/megsindelar/Final_Project/ros_ws/src/img_transform/src/img_transform.cpp:4[m[K:
[3.298s] [01m[K/usr/include/opencv4/opencv2/core/types.hpp:1085:14:[m[K [01;36m[Knote: [m[Kcandidate: â€˜[01m[Ktemplate<class _Tp> cv::Complex<_Tp> cv::operator*(_Tp, const cv::Complex<_Tp>&)[m[Kâ€™
[3.298s]  1085 | Complex<_Tp> [01;36m[Koperator[m[K * (_Tp b, const Complex<_Tp>& a)
[3.298s]       |              [01;36m[K^~~~~~~~[m[K
[3.298s] [01m[K/usr/include/opencv4/opencv2/core/types.hpp:1085:14:[m[K [01;36m[Knote: [m[K  template argument deduction/substitution failed:
[3.298s] [01m[K/home/megsindelar/Final_Project/ros_ws/src/img_transform/src/img_transform.cpp:297:68:[m[K [01;36m[Knote: [m[K  â€˜[01m[Kstd::vector<int>[m[Kâ€™ is not derived from â€˜[01m[Kconst cv::Complex<_Tp>[m[Kâ€™
[3.298s]   297 |               vector<int> current_pos = transformation.inverse()*[01;36m[Kprev_pos[m[K;
[3.298s]       |                                                                  [01;36m[K^~~~~~~~[m[K
[3.298s] 
[3.298s] In file included from [01m[K/usr/include/opencv4/opencv2/core.hpp:57[m[K,
[3.298s]                  from [01m[K/usr/include/opencv4/opencv2/core/core.hpp:48[m[K,
[3.298s]                  from [01m[K/opt/ros/humble/include/cv_bridge/cv_bridge/cv_bridge.h:43[m[K,
[3.298s]                  from [01m[K/home/megsindelar/Final_Project/ros_ws/src/img_transform/src/img_transform.cpp:4[m[K:
[3.298s] [01m[K/usr/include/opencv4/opencv2/core/types.hpp:1351:13:[m[K [01;36m[Knote: [m[Kcandidate: â€˜[01m[Ktemplate<class _Tp> cv::Point_<_Tp> cv::operator*(const cv::Point_<_Tp>&, int)[m[Kâ€™
[3.298s]  1351 | Point_<_Tp> [01;36m[Koperator[m[K * (const Point_<_Tp>& a, int b)
[3.298s]       |             [01;36m[K^~~~~~~~[m[K
[3.299s] [01m[K/usr/include/opencv4/opencv2/core/types.hpp:1351:13:[m[K [01;36m[Knote: [m[K  template argument deduction/substitution failed:
[3.299s] [01m[K/home/megsindelar/Final_Project/ros_ws/src/img_transform/src/img_transform.cpp:297:68:[m[K [01;36m[Knote: [m[K  â€˜[01m[Kconst Eigen::Inverse<Eigen::Matrix<double, 3, 3> >[m[Kâ€™ is not derived from â€˜[01m[Kconst cv::Point_<_Tp>[m[Kâ€™
[3.299s]   297 |               vector<int> current_pos = transformation.inverse()*[01;36m[Kprev_pos[m[K;
[3.299s]       |                                                                  [01;36m[K^~~~~~~~[m[K
[3.299s] 
[3.299s] In file included from [01m[K/usr/include/opencv4/opencv2/core.hpp:57[m[K,
[3.299s]                  from [01m[K/usr/include/opencv4/opencv2/core/core.hpp:48[m[K,
[3.299s]                  from [01m[K/opt/ros/humble/include/cv_bridge/cv_bridge/cv_bridge.h:43[m[K,
[3.299s]                  from [01m[K/home/megsindelar/Final_Project/ros_ws/src/img_transform/src/img_transform.cpp:4[m[K:
[3.299s] [01m[K/usr/include/opencv4/opencv2/core/types.hpp:1357:13:[m[K [01;36m[Knote: [m[Kcandidate: â€˜[01m[Ktemplate<class _Tp> cv::Point_<_Tp> cv::operator*(int, const cv::Point_<_Tp>&)[m[Kâ€™
[3.299s]  1357 | Point_<_Tp> [01;36m[Koperator[m[K * (int a, const Point_<_Tp>& b)
[3.299s]       |             [01;36m[K^~~~~~~~[m[K
[3.299s] [01m[K/usr/include/opencv4/opencv2/core/types.hpp:1357:13:[m[K [01;36m[Knote: [m[K  template argument deduction/substitution failed:
[3.299s] [01m[K/home/megsindelar/Final_Project/ros_ws/src/img_transform/src/img_transform.cpp:297:68:[m[K [01;36m[Knote: [m[K  â€˜[01m[Kstd::vector<int>[m[Kâ€™ is not derived from â€˜[01m[Kconst cv::Point_<_Tp>[m[Kâ€™
[3.299s]   297 |               vector<int> current_pos = transformation.inverse()*[01;36m[Kprev_pos[m[K;
[3.299s]       |                                                                  [01;36m[K^~~~~~~~[m[K
[3.299s] 
[3.299s] In file included from [01m[K/usr/include/opencv4/opencv2/core.hpp:57[m[K,
[3.299s]                  from [01m[K/usr/include/opencv4/opencv2/core/core.hpp:48[m[K,
[3.299s]                  from [01m[K/opt/ros/humble/include/cv_bridge/cv_bridge/cv_bridge.h:43[m[K,
[3.299s]                  from [01m[K/home/megsindelar/Final_Project/ros_ws/src/img_transform/src/img_transform.cpp:4[m[K:
[3.299s] [01m[K/usr/include/opencv4/opencv2/core/types.hpp:1363:13:[m[K [01;36m[Knote: [m[Kcandidate: â€˜[01m[Ktemplate<class _Tp> cv::Point_<_Tp> cv::operator*(const cv::Point_<_Tp>&, float)[m[Kâ€™
[3.300s]  1363 | Point_<_Tp> [01;36m[Koperator[m[K * (const Point_<_Tp>& a, float b)
[3.300s]       |             [01;36m[K^~~~~~~~[m[K
[3.300s] [01m[K/usr/include/opencv4/opencv2/core/types.hpp:1363:13:[m[K [01;36m[Knote: [m[K  template argument deduction/substitution failed:
[3.300s] [01m[K/home/megsindelar/Final_Project/ros_ws/src/img_transform/src/img_transform.cpp:297:68:[m[K [01;36m[Knote: [m[K  â€˜[01m[Kconst Eigen::Inverse<Eigen::Matrix<double, 3, 3> >[m[Kâ€™ is not derived from â€˜[01m[Kconst cv::Point_<_Tp>[m[Kâ€™
[3.300s]   297 |               vector<int> current_pos = transformation.inverse()*[01;36m[Kprev_pos[m[K;
[3.300s]       |                                                                  [01;36m[K^~~~~~~~[m[K
[3.300s] 
[3.300s] In file included from [01m[K/usr/include/opencv4/opencv2/core.hpp:57[m[K,
[3.300s]                  from [01m[K/usr/include/opencv4/opencv2/core/core.hpp:48[m[K,
[3.300s]                  from [01m[K/opt/ros/humble/include/cv_bridge/cv_bridge/cv_bridge.h:43[m[K,
[3.300s]                  from [01m[K/home/megsindelar/Final_Project/ros_ws/src/img_transform/src/img_transform.cpp:4[m[K:
[3.300s] [01m[K/usr/include/opencv4/opencv2/core/types.hpp:1369:13:[m[K [01;36m[Knote: [m[Kcandidate: â€˜[01m[Ktemplate<class _Tp> cv::Point_<_Tp> cv::operator*(float, const cv::Point_<_Tp>&)[m[Kâ€™
[3.300s]  1369 | Point_<_Tp> [01;36m[Koperator[m[K * (float a, const Point_<_Tp>& b)
[3.300s]       |             [01;36m[K^~~~~~~~[m[K
[3.300s] [01m[K/usr/include/opencv4/opencv2/core/types.hpp:1369:13:[m[K [01;36m[Knote: [m[K  template argument deduction/substitution failed:
[3.300s] [01m[K/home/megsindelar/Final_Project/ros_ws/src/img_transform/src/img_transform.cpp:297:68:[m[K [01;36m[Knote: [m[K  â€˜[01m[Kstd::vector<int>[m[Kâ€™ is not derived from â€˜[01m[Kconst cv::Point_<_Tp>[m[Kâ€™
[3.300s]   297 |               vector<int> current_pos = transformation.inverse()*[01;36m[Kprev_pos[m[K;
[3.300s]       |                                                                  [01;36m[K^~~~~~~~[m[K
[3.300s] 
[3.300s] In file included from [01m[K/usr/include/opencv4/opencv2/core.hpp:57[m[K,
[3.300s]                  from [01m[K/usr/include/opencv4/opencv2/core/core.hpp:48[m[K,
[3.300s]                  from [01m[K/opt/ros/humble/include/cv_bridge/cv_bridge/cv_bridge.h:43[m[K,
[3.301s]                  from [01m[K/home/megsindelar/Final_Project/ros_ws/src/img_transform/src/img_transform.cpp:4[m[K:
[3.301s] [01m[K/usr/include/opencv4/opencv2/core/types.hpp:1375:13:[m[K [01;36m[Knote: [m[Kcandidate: â€˜[01m[Ktemplate<class _Tp> cv::Point_<_Tp> cv::operator*(const cv::Point_<_Tp>&, double)[m[Kâ€™
[3.301s]  1375 | Point_<_Tp> [01;36m[Koperator[m[K * (const Point_<_Tp>& a, double b)
[3.301s]       |             [01;36m[K^~~~~~~~[m[K
[3.301s] [01m[K/usr/include/opencv4/opencv2/core/types.hpp:1375:13:[m[K [01;36m[Knote: [m[K  template argument deduction/substitution failed:
[3.301s] [01m[K/home/megsindelar/Final_Project/ros_ws/src/img_transform/src/img_transform.cpp:297:68:[m[K [01;36m[Knote: [m[K  â€˜[01m[Kconst Eigen::Inverse<Eigen::Matrix<double, 3, 3> >[m[Kâ€™ is not derived from â€˜[01m[Kconst cv::Point_<_Tp>[m[Kâ€™
[3.301s]   297 |               vector<int> current_pos = transformation.inverse()*[01;36m[Kprev_pos[m[K;
[3.301s]       |                                                                  [01;36m[K^~~~~~~~[m[K
[3.301s] 
[3.301s] In file included from [01m[K/usr/include/opencv4/opencv2/core.hpp:57[m[K,
[3.301s]                  from [01m[K/usr/include/opencv4/opencv2/core/core.hpp:48[m[K,
[3.301s]                  from [01m[K/opt/ros/humble/include/cv_bridge/cv_bridge/cv_bridge.h:43[m[K,
[3.301s]                  from [01m[K/home/megsindelar/Final_Project/ros_ws/src/img_transform/src/img_transform.cpp:4[m[K:
[3.301s] [01m[K/usr/include/opencv4/opencv2/core/types.hpp:1381:13:[m[K [01;36m[Knote: [m[Kcandidate: â€˜[01m[Ktemplate<class _Tp> cv::Point_<_Tp> cv::operator*(double, const cv::Point_<_Tp>&)[m[Kâ€™
[3.301s]  1381 | Point_<_Tp> [01;36m[Koperator[m[K * (double a, const Point_<_Tp>& b)
[3.301s]       |             [01;36m[K^~~~~~~~[m[K
[3.301s] [01m[K/usr/include/opencv4/opencv2/core/types.hpp:1381:13:[m[K [01;36m[Knote: [m[K  template argument deduction/substitution failed:
[3.301s] [01m[K/home/megsindelar/Final_Project/ros_ws/src/img_transform/src/img_transform.cpp:297:68:[m[K [01;36m[Knote: [m[K  â€˜[01m[Kstd::vector<int>[m[Kâ€™ is not derived from â€˜[01m[Kconst cv::Point_<_Tp>[m[Kâ€™
[3.301s]   297 |               vector<int> current_pos = transformation.inverse()*[01;36m[Kprev_pos[m[K;
[3.301s]       |                                                                  [01;36m[K^~~~~~~~[m[K
[3.301s] 
[3.301s] In file included from [01m[K/usr/include/opencv4/opencv2/core.hpp:57[m[K,
[3.301s]                  from [01m[K/usr/include/opencv4/opencv2/core/core.hpp:48[m[K,
[3.301s]                  from [01m[K/opt/ros/humble/include/cv_bridge/cv_bridge/cv_bridge.h:43[m[K,
[3.302s]                  from [01m[K/home/megsindelar/Final_Project/ros_ws/src/img_transform/src/img_transform.cpp:4[m[K:
[3.302s] [01m[K/usr/include/opencv4/opencv2/core/types.hpp:1387:13:[m[K [01;36m[Knote: [m[Kcandidate: â€˜[01m[Ktemplate<class _Tp> cv::Point_<_Tp> cv::operator*(const cv::Matx<_Tp, 2, 2>&, const cv::Point_<_Tp>&)[m[Kâ€™
[3.302s]  1387 | Point_<_Tp> [01;36m[Koperator[m[K * (const Matx<_Tp, 2, 2>& a, const Point_<_Tp>& b)
[3.302s]       |             [01;36m[K^~~~~~~~[m[K
[3.302s] [01m[K/usr/include/opencv4/opencv2/core/types.hpp:1387:13:[m[K [01;36m[Knote: [m[K  template argument deduction/substitution failed:
[3.302s] [01m[K/home/megsindelar/Final_Project/ros_ws/src/img_transform/src/img_transform.cpp:297:68:[m[K [01;36m[Knote: [m[K  â€˜[01m[Kconst Eigen::Inverse<Eigen::Matrix<double, 3, 3> >[m[Kâ€™ is not derived from â€˜[01m[Kconst cv::Matx<_Tp, 2, 2>[m[Kâ€™
[3.302s]   297 |               vector<int> current_pos = transformation.inverse()*[01;36m[Kprev_pos[m[K;
[3.302s]       |                                                                  [01;36m[K^~~~~~~~[m[K
[3.302s] 
[3.302s] In file included from [01m[K/usr/include/opencv4/opencv2/core.hpp:57[m[K,
[3.302s]                  from [01m[K/usr/include/opencv4/opencv2/core/core.hpp:48[m[K,
[3.302s]                  from [01m[K/opt/ros/humble/include/cv_bridge/cv_bridge/cv_bridge.h:43[m[K,
[3.302s]                  from [01m[K/home/megsindelar/Final_Project/ros_ws/src/img_transform/src/img_transform.cpp:4[m[K:
[3.302s] [01m[K/usr/include/opencv4/opencv2/core/types.hpp:1394:14:[m[K [01;36m[Knote: [m[Kcandidate: â€˜[01m[Ktemplate<class _Tp> cv::Point3_<_Tp> cv::operator*(const cv::Matx<_Tp, 3, 3>&, const cv::Point_<_Tp>&)[m[Kâ€™
[3.302s]  1394 | Point3_<_Tp> [01;36m[Koperator[m[K * (const Matx<_Tp, 3, 3>& a, const Point_<_Tp>& b)
[3.302s]       |              [01;36m[K^~~~~~~~[m[K
[3.302s] [01m[K/usr/include/opencv4/opencv2/core/types.hpp:1394:14:[m[K [01;36m[Knote: [m[K  template argument deduction/substitution failed:
[3.302s] [01m[K/home/megsindelar/Final_Project/ros_ws/src/img_transform/src/img_transform.cpp:297:68:[m[K [01;36m[Knote: [m[K  â€˜[01m[Kconst Eigen::Inverse<Eigen::Matrix<double, 3, 3> >[m[Kâ€™ is not derived from â€˜[01m[Kconst cv::Matx<_Tp, 3, 3>[m[Kâ€™
[3.302s]   297 |               vector<int> current_pos = transformation.inverse()*[01;36m[Kprev_pos[m[K;
[3.302s]       |                                                                  [01;36m[K^~~~~~~~[m[K
[3.302s] 
[3.302s] In file included from [01m[K/usr/include/opencv4/opencv2/core.hpp:57[m[K,
[3.302s]                  from [01m[K/usr/include/opencv4/opencv2/core/core.hpp:48[m[K,
[3.302s]                  from [01m[K/opt/ros/humble/include/cv_bridge/cv_bridge/cv_bridge.h:43[m[K,
[3.302s]                  from [01m[K/home/megsindelar/Final_Project/ros_ws/src/img_transform/src/img_transform.cpp:4[m[K:
[3.303s] [01m[K/usr/include/opencv4/opencv2/core/types.hpp:1620:14:[m[K [01;36m[Knote: [m[Kcandidate: â€˜[01m[Ktemplate<class _Tp> cv::Point3_<_Tp> cv::operator*(const cv::Point3_<_Tp>&, int)[m[Kâ€™
[3.303s]  1620 | Point3_<_Tp> [01;36m[Koperator[m[K * (const Point3_<_Tp>& a, int b)
[3.303s]       |              [01;36m[K^~~~~~~~[m[K
[3.303s] [01m[K/usr/include/opencv4/opencv2/core/types.hpp:1620:14:[m[K [01;36m[Knote: [m[K  template argument deduction/substitution failed:
[3.303s] [01m[K/home/megsindelar/Final_Project/ros_ws/src/img_transform/src/img_transform.cpp:297:68:[m[K [01;36m[Knote: [m[K  â€˜[01m[Kconst Eigen::Inverse<Eigen::Matrix<double, 3, 3> >[m[Kâ€™ is not derived from â€˜[01m[Kconst cv::Point3_<_Tp>[m[Kâ€™
[3.303s]   297 |               vector<int> current_pos = transformation.inverse()*[01;36m[Kprev_pos[m[K;
[3.303s]       |                                                                  [01;36m[K^~~~~~~~[m[K
[3.303s] 
[3.303s] In file included from [01m[K/usr/include/opencv4/opencv2/core.hpp:57[m[K,
[3.303s]                  from [01m[K/usr/include/opencv4/opencv2/core/core.hpp:48[m[K,
[3.303s]                  from [01m[K/opt/ros/humble/include/cv_bridge/cv_bridge/cv_bridge.h:43[m[K,
[3.303s]                  from [01m[K/home/megsindelar/Final_Project/ros_ws/src/img_transform/src/img_transform.cpp:4[m[K:
[3.303s] [01m[K/usr/include/opencv4/opencv2/core/types.hpp:1626:14:[m[K [01;36m[Knote: [m[Kcandidate: â€˜[01m[Ktemplate<class _Tp> cv::Point3_<_Tp> cv::operator*(int, const cv::Point3_<_Tp>&)[m[Kâ€™
[3.303s]  1626 | Point3_<_Tp> [01;36m[Koperator[m[K * (int a, const Point3_<_Tp>& b)
[3.303s]       |              [01;36m[K^~~~~~~~[m[K
[3.303s] [01m[K/usr/include/opencv4/opencv2/core/types.hpp:1626:14:[m[K [01;36m[Knote: [m[K  template argument deduction/substitution failed:
[3.303s] [01m[K/home/megsindelar/Final_Project/ros_ws/src/img_transform/src/img_transform.cpp:297:68:[m[K [01;36m[Knote: [m[K  â€˜[01m[Kstd::vector<int>[m[Kâ€™ is not derived from â€˜[01m[Kconst cv::Point3_<_Tp>[m[Kâ€™
[3.303s]   297 |               vector<int> current_pos = transformation.inverse()*[01;36m[Kprev_pos[m[K;
[3.303s]       |                                                                  [01;36m[K^~~~~~~~[m[K
[3.303s] 
[3.303s] In file included from [01m[K/usr/include/opencv4/opencv2/core.hpp:57[m[K,
[3.303s]                  from [01m[K/usr/include/opencv4/opencv2/core/core.hpp:48[m[K,
[3.303s]                  from [01m[K/opt/ros/humble/include/cv_bridge/cv_bridge/cv_bridge.h:43[m[K,
[3.304s]                  from [01m[K/home/megsindelar/Final_Project/ros_ws/src/img_transform/src/img_transform.cpp:4[m[K:
[3.304s] [01m[K/usr/include/opencv4/opencv2/core/types.hpp:1632:14:[m[K [01;36m[Knote: [m[Kcandidate: â€˜[01m[Ktemplate<class _Tp> cv::Point3_<_Tp> cv::operator*(const cv::Point3_<_Tp>&, float)[m[Kâ€™
[3.304s]  1632 | Point3_<_Tp> [01;36m[Koperator[m[K * (const Point3_<_Tp>& a, float b)
[3.304s]       |              [01;36m[K^~~~~~~~[m[K
[3.304s] [01m[K/usr/include/opencv4/opencv2/core/types.hpp:1632:14:[m[K [01;36m[Knote: [m[K  template argument deduction/substitution failed:
[3.304s] [01m[K/home/megsindelar/Final_Project/ros_ws/src/img_transform/src/img_transform.cpp:297:68:[m[K [01;36m[Knote: [m[K  â€˜[01m[Kconst Eigen::Inverse<Eigen::Matrix<double, 3, 3> >[m[Kâ€™ is not derived from â€˜[01m[Kconst cv::Point3_<_Tp>[m[Kâ€™
[3.304s]   297 |               vector<int> current_pos = transformation.inverse()*[01;36m[Kprev_pos[m[K;
[3.304s]       |                                                                  [01;36m[K^~~~~~~~[m[K
[3.304s] 
[3.304s] In file included from [01m[K/usr/include/opencv4/opencv2/core.hpp:57[m[K,
[3.304s]                  from [01m[K/usr/include/opencv4/opencv2/core/core.hpp:48[m[K,
[3.304s]                  from [01m[K/opt/ros/humble/include/cv_bridge/cv_bridge/cv_bridge.h:43[m[K,
[3.304s]                  from [01m[K/home/megsindelar/Final_Project/ros_ws/src/img_transform/src/img_transform.cpp:4[m[K:
[3.304s] [01m[K/usr/include/opencv4/opencv2/core/types.hpp:1638:14:[m[K [01;36m[Knote: [m[Kcandidate: â€˜[01m[Ktemplate<class _Tp> cv::Point3_<_Tp> cv::operator*(float, const cv::Point3_<_Tp>&)[m[Kâ€™
[3.304s]  1638 | Point3_<_Tp> [01;36m[Koperator[m[K * (float a, const Point3_<_Tp>& b)
[3.304s]       |              [01;36m[K^~~~~~~~[m[K
[3.304s] [01m[K/usr/include/opencv4/opencv2/core/types.hpp:1638:14:[m[K [01;36m[Knote: [m[K  template argument deduction/substitution failed:
[3.304s] [01m[K/home/megsindelar/Final_Project/ros_ws/src/img_transform/src/img_transform.cpp:297:68:[m[K [01;36m[Knote: [m[K  â€˜[01m[Kstd::vector<int>[m[Kâ€™ is not derived from â€˜[01m[Kconst cv::Point3_<_Tp>[m[Kâ€™
[3.304s]   297 |               vector<int> current_pos = transformation.inverse()*[01;36m[Kprev_pos[m[K;
[3.304s]       |                                                                  [01;36m[K^~~~~~~~[m[K
[3.304s] 
[3.304s] In file included from [01m[K/usr/include/opencv4/opencv2/core.hpp:57[m[K,
[3.304s]                  from [01m[K/usr/include/opencv4/opencv2/core/core.hpp:48[m[K,
[3.305s]                  from [01m[K/opt/ros/humble/include/cv_bridge/cv_bridge/cv_bridge.h:43[m[K,
[3.305s]                  from [01m[K/home/megsindelar/Final_Project/ros_ws/src/img_transform/src/img_transform.cpp:4[m[K:
[3.305s] [01m[K/usr/include/opencv4/opencv2/core/types.hpp:1644:14:[m[K [01;36m[Knote: [m[Kcandidate: â€˜[01m[Ktemplate<class _Tp> cv::Point3_<_Tp> cv::operator*(const cv::Point3_<_Tp>&, double)[m[Kâ€™
[3.305s]  1644 | Point3_<_Tp> [01;36m[Koperator[m[K * (const Point3_<_Tp>& a, double b)
[3.305s]       |              [01;36m[K^~~~~~~~[m[K
[3.305s] [01m[K/usr/include/opencv4/opencv2/core/types.hpp:1644:14:[m[K [01;36m[Knote: [m[K  template argument deduction/substitution failed:
[3.305s] [01m[K/home/megsindelar/Final_Project/ros_ws/src/img_transform/src/img_transform.cpp:297:68:[m[K [01;36m[Knote: [m[K  â€˜[01m[Kconst Eigen::Inverse<Eigen::Matrix<double, 3, 3> >[m[Kâ€™ is not derived from â€˜[01m[Kconst cv::Point3_<_Tp>[m[Kâ€™
[3.305s]   297 |               vector<int> current_pos = transformation.inverse()*[01;36m[Kprev_pos[m[K;
[3.305s]       |                                                                  [01;36m[K^~~~~~~~[m[K
[3.305s] 
[3.305s] In file included from [01m[K/usr/include/opencv4/opencv2/core.hpp:57[m[K,
[3.305s]                  from [01m[K/usr/include/opencv4/opencv2/core/core.hpp:48[m[K,
[3.305s]                  from [01m[K/opt/ros/humble/include/cv_bridge/cv_bridge/cv_bridge.h:43[m[K,
[3.305s]                  from [01m[K/home/megsindelar/Final_Project/ros_ws/src/img_transform/src/img_transform.cpp:4[m[K:
[3.305s] [01m[K/usr/include/opencv4/opencv2/core/types.hpp:1650:14:[m[K [01;36m[Knote: [m[Kcandidate: â€˜[01m[Ktemplate<class _Tp> cv::Point3_<_Tp> cv::operator*(double, const cv::Point3_<_Tp>&)[m[Kâ€™
[3.305s]  1650 | Point3_<_Tp> [01;36m[Koperator[m[K * (double a, const Point3_<_Tp>& b)
[3.305s]       |              [01;36m[K^~~~~~~~[m[K
[3.305s] [01m[K/usr/include/opencv4/opencv2/core/types.hpp:1650:14:[m[K [01;36m[Knote: [m[K  template argument deduction/substitution failed:
[3.305s] [01m[K/home/megsindelar/Final_Project/ros_ws/src/img_transform/src/img_transform.cpp:297:68:[m[K [01;36m[Knote: [m[K  â€˜[01m[Kstd::vector<int>[m[Kâ€™ is not derived from â€˜[01m[Kconst cv::Point3_<_Tp>[m[Kâ€™
[3.305s]   297 |               vector<int> current_pos = transformation.inverse()*[01;36m[Kprev_pos[m[K;
[3.305s]       |                                                                  [01;36m[K^~~~~~~~[m[K
[3.305s] 
[3.305s] In file included from [01m[K/usr/include/opencv4/opencv2/core.hpp:57[m[K,
[3.305s]                  from [01m[K/usr/include/opencv4/opencv2/core/core.hpp:48[m[K,
[3.305s]                  from [01m[K/opt/ros/humble/include/cv_bridge/cv_bridge/cv_bridge.h:43[m[K,
[3.306s]                  from [01m[K/home/megsindelar/Final_Project/ros_ws/src/img_transform/src/img_transform.cpp:4[m[K:
[3.306s] [01m[K/usr/include/opencv4/opencv2/core/types.hpp:1656:14:[m[K [01;36m[Knote: [m[Kcandidate: â€˜[01m[Ktemplate<class _Tp> cv::Point3_<_Tp> cv::operator*(const cv::Matx<_Tp, 3, 3>&, const cv::Point3_<_Tp>&)[m[Kâ€™
[3.306s]  1656 | Point3_<_Tp> [01;36m[Koperator[m[K * (const Matx<_Tp, 3, 3>& a, const Point3_<_Tp>& b)
[3.306s]       |              [01;36m[K^~~~~~~~[m[K
[3.306s] [01m[K/usr/include/opencv4/opencv2/core/types.hpp:1656:14:[m[K [01;36m[Knote: [m[K  template argument deduction/substitution failed:
[3.306s] [01m[K/home/megsindelar/Final_Project/ros_ws/src/img_transform/src/img_transform.cpp:297:68:[m[K [01;36m[Knote: [m[K  â€˜[01m[Kconst Eigen::Inverse<Eigen::Matrix<double, 3, 3> >[m[Kâ€™ is not derived from â€˜[01m[Kconst cv::Matx<_Tp, 3, 3>[m[Kâ€™
[3.306s]   297 |               vector<int> current_pos = transformation.inverse()*[01;36m[Kprev_pos[m[K;
[3.306s]       |                                                                  [01;36m[K^~~~~~~~[m[K
[3.306s] 
[3.306s] In file included from [01m[K/usr/include/opencv4/opencv2/core.hpp:57[m[K,
[3.306s]                  from [01m[K/usr/include/opencv4/opencv2/core/core.hpp:48[m[K,
[3.306s]                  from [01m[K/opt/ros/humble/include/cv_bridge/cv_bridge/cv_bridge.h:43[m[K,
[3.306s]                  from [01m[K/home/megsindelar/Final_Project/ros_ws/src/img_transform/src/img_transform.cpp:4[m[K:
[3.306s] [01m[K/usr/include/opencv4/opencv2/core/types.hpp:1663:17:[m[K [01;36m[Knote: [m[Kcandidate: â€˜[01m[Ktemplate<class _Tp> cv::Matx<T2, 4, 1> cv::operator*(const cv::Matx<_Tp, 4, 4>&, const cv::Point3_<_Tp>&)[m[Kâ€™
[3.306s]  1663 | Matx<_Tp, 4, 1> [01;36m[Koperator[m[K * (const Matx<_Tp, 4, 4>& a, const Point3_<_Tp>& b)
[3.306s]       |                 [01;36m[K^~~~~~~~[m[K
[3.306s] [01m[K/usr/include/opencv4/opencv2/core/types.hpp:1663:17:[m[K [01;36m[Knote: [m[K  template argument deduction/substitution failed:
[3.306s] [01m[K/home/megsindelar/Final_Project/ros_ws/src/img_transform/src/img_transform.cpp:297:68:[m[K [01;36m[Knote: [m[K  â€˜[01m[Kconst Eigen::Inverse<Eigen::Matrix<double, 3, 3> >[m[Kâ€™ is not derived from â€˜[01m[Kconst cv::Matx<_Tp, 4, 4>[m[Kâ€™
[3.306s]   297 |               vector<int> current_pos = transformation.inverse()*[01;36m[Kprev_pos[m[K;
[3.306s]       |                                                                  [01;36m[K^~~~~~~~[m[K
[3.306s] 
[3.307s] In file included from [01m[K/usr/include/opencv4/opencv2/core.hpp:57[m[K,
[3.307s]                  from [01m[K/usr/include/opencv4/opencv2/core/core.hpp:48[m[K,
[3.307s]                  from [01m[K/opt/ros/humble/include/cv_bridge/cv_bridge/cv_bridge.h:43[m[K,
[3.307s]                  from [01m[K/home/megsindelar/Final_Project/ros_ws/src/img_transform/src/img_transform.cpp:4[m[K:
[3.307s] [01m[K/usr/include/opencv4/opencv2/core/types.hpp:1767:12:[m[K [01;36m[Knote: [m[Kcandidate: â€˜[01m[Ktemplate<class _Tp> cv::Size_<_Tp> cv::operator*(const cv::Size_<_Tp>&, _Tp)[m[Kâ€™
[3.307s]  1767 | Size_<_Tp> [01;36m[Koperator[m[K * (const Size_<_Tp>& a, _Tp b)
[3.307s]       |            [01;36m[K^~~~~~~~[m[K
[3.307s] [01m[K/usr/include/opencv4/opencv2/core/types.hpp:1767:12:[m[K [01;36m[Knote: [m[K  template argument deduction/substitution failed:
[3.307s] [01m[K/home/megsindelar/Final_Project/ros_ws/src/img_transform/src/img_transform.cpp:297:68:[m[K [01;36m[Knote: [m[K  â€˜[01m[Kconst Eigen::Inverse<Eigen::Matrix<double, 3, 3> >[m[Kâ€™ is not derived from â€˜[01m[Kconst cv::Size_<_Tp>[m[Kâ€™
[3.307s]   297 |               vector<int> current_pos = transformation.inverse()*[01;36m[Kprev_pos[m[K;
[3.307s]       |                                                                  [01;36m[K^~~~~~~~[m[K
[3.307s] 
[3.307s] In file included from [01m[K/usr/include/opencv4/opencv2/core.hpp:57[m[K,
[3.307s]                  from [01m[K/usr/include/opencv4/opencv2/core/core.hpp:48[m[K,
[3.307s]                  from [01m[K/opt/ros/humble/include/cv_bridge/cv_bridge/cv_bridge.h:43[m[K,
[3.307s]                  from [01m[K/home/megsindelar/Final_Project/ros_ws/src/img_transform/src/img_transform.cpp:4[m[K:
[3.307s] [01m[K/usr/include/opencv4/opencv2/core/types.hpp:2334:14:[m[K [01;36m[Knote: [m[Kcandidate: â€˜[01m[Ktemplate<class _Tp> cv::Scalar_<_Tp> cv::operator*(const cv::Scalar_<_Tp>&, _Tp)[m[Kâ€™
[3.307s]  2334 | Scalar_<_Tp> [01;36m[Koperator[m[K * (const Scalar_<_Tp>& a, _Tp alpha)
[3.307s]       |              [01;36m[K^~~~~~~~[m[K
[3.307s] [01m[K/usr/include/opencv4/opencv2/core/types.hpp:2334:14:[m[K [01;36m[Knote: [m[K  template argument deduction/substitution failed:
[3.307s] [01m[K/home/megsindelar/Final_Project/ros_ws/src/img_transform/src/img_transform.cpp:297:68:[m[K [01;36m[Knote: [m[K  â€˜[01m[Kconst Eigen::Inverse<Eigen::Matrix<double, 3, 3> >[m[Kâ€™ is not derived from â€˜[01m[Kconst cv::Scalar_<_Tp>[m[Kâ€™
[3.307s]   297 |               vector<int> current_pos = transformation.inverse()*[01;36m[Kprev_pos[m[K;
[3.307s]       |                                                                  [01;36m[K^~~~~~~~[m[K
[3.307s] 
[3.308s] In file included from [01m[K/usr/include/opencv4/opencv2/core.hpp:57[m[K,
[3.308s]                  from [01m[K/usr/include/opencv4/opencv2/core/core.hpp:48[m[K,
[3.308s]                  from [01m[K/opt/ros/humble/include/cv_bridge/cv_bridge/cv_bridge.h:43[m[K,
[3.308s]                  from [01m[K/home/megsindelar/Final_Project/ros_ws/src/img_transform/src/img_transform.cpp:4[m[K:
[3.308s] [01m[K/usr/include/opencv4/opencv2/core/types.hpp:2343:14:[m[K [01;36m[Knote: [m[Kcandidate: â€˜[01m[Ktemplate<class _Tp> cv::Scalar_<_Tp> cv::operator*(_Tp, const cv::Scalar_<_Tp>&)[m[Kâ€™
[3.308s]  2343 | Scalar_<_Tp> [01;36m[Koperator[m[K * (_Tp alpha, const Scalar_<_Tp>& a)
[3.308s]       |              [01;36m[K^~~~~~~~[m[K
[3.308s] [01m[K/usr/include/opencv4/opencv2/core/types.hpp:2343:14:[m[K [01;36m[Knote: [m[K  template argument deduction/substitution failed:
[3.308s] [01m[K/home/megsindelar/Final_Project/ros_ws/src/img_transform/src/img_transform.cpp:297:68:[m[K [01;36m[Knote: [m[K  â€˜[01m[Kstd::vector<int>[m[Kâ€™ is not derived from â€˜[01m[Kconst cv::Scalar_<_Tp>[m[Kâ€™
[3.308s]   297 |               vector<int> current_pos = transformation.inverse()*[01;36m[Kprev_pos[m[K;
[3.308s]       |                                                                  [01;36m[K^~~~~~~~[m[K
[3.308s] 
[3.308s] In file included from [01m[K/usr/include/opencv4/opencv2/core.hpp:57[m[K,
[3.308s]                  from [01m[K/usr/include/opencv4/opencv2/core/core.hpp:48[m[K,
[3.308s]                  from [01m[K/opt/ros/humble/include/cv_bridge/cv_bridge/cv_bridge.h:43[m[K,
[3.308s]                  from [01m[K/home/megsindelar/Final_Project/ros_ws/src/img_transform/src/img_transform.cpp:4[m[K:
[3.308s] [01m[K/usr/include/opencv4/opencv2/core/types.hpp:2359:14:[m[K [01;36m[Knote: [m[Kcandidate: â€˜[01m[Ktemplate<class _Tp> cv::Scalar_<_Tp> cv::operator*(const cv::Scalar_<_Tp>&, const cv::Scalar_<_Tp>&)[m[Kâ€™
[3.308s]  2359 | Scalar_<_Tp> [01;36m[Koperator[m[K * (const Scalar_<_Tp>& a, const Scalar_<_Tp>& b)
[3.308s]       |              [01;36m[K^~~~~~~~[m[K
[3.308s] [01m[K/usr/include/opencv4/opencv2/core/types.hpp:2359:14:[m[K [01;36m[Knote: [m[K  template argument deduction/substitution failed:
[3.308s] [01m[K/home/megsindelar/Final_Project/ros_ws/src/img_transform/src/img_transform.cpp:297:68:[m[K [01;36m[Knote: [m[K  â€˜[01m[Kconst Eigen::Inverse<Eigen::Matrix<double, 3, 3> >[m[Kâ€™ is not derived from â€˜[01m[Kconst cv::Scalar_<_Tp>[m[Kâ€™
[3.308s]   297 |               vector<int> current_pos = transformation.inverse()*[01;36m[Kprev_pos[m[K;
[3.308s]       |                                                                  [01;36m[K^~~~~~~~[m[K
[3.308s] 
[3.309s] In file included from [01m[K/usr/include/opencv4/opencv2/core.hpp:57[m[K,
[3.309s]                  from [01m[K/usr/include/opencv4/opencv2/core/core.hpp:48[m[K,
[3.309s]                  from [01m[K/opt/ros/humble/include/cv_bridge/cv_bridge/cv_bridge.h:43[m[K,
[3.309s]                  from [01m[K/home/megsindelar/Final_Project/ros_ws/src/img_transform/src/img_transform.cpp:4[m[K:
[3.309s] [01m[K/usr/include/opencv4/opencv2/core/types.hpp:2425:8:[m[K [01;36m[Knote: [m[Kcandidate: â€˜[01m[Ktemplate<class _Tp> cv::Scalar cv::operator*(const cv::Matx<_Tp, 4, 4>&, const Scalar&)[m[Kâ€™
[3.309s]  2425 | Scalar [01;36m[Koperator[m[K * (const Matx<_Tp, 4, 4>& a, const Scalar& b)
[3.309s]       |        [01;36m[K^~~~~~~~[m[K
[3.309s] [01m[K/usr/include/opencv4/opencv2/core/types.hpp:2425:8:[m[K [01;36m[Knote: [m[K  template argument deduction/substitution failed:
[3.309s] [01m[K/home/megsindelar/Final_Project/ros_ws/src/img_transform/src/img_transform.cpp:297:68:[m[K [01;36m[Knote: [m[K  â€˜[01m[Kconst Eigen::Inverse<Eigen::Matrix<double, 3, 3> >[m[Kâ€™ is not derived from â€˜[01m[Kconst cv::Matx<_Tp, 4, 4>[m[Kâ€™
[3.309s]   297 |               vector<int> current_pos = transformation.inverse()*[01;36m[Kprev_pos[m[K;
[3.309s]       |                                                                  [01;36m[K^~~~~~~~[m[K
[3.309s] 
[3.309s] In file included from [01m[K/usr/include/opencv4/opencv2/core.hpp:58[m[K,
[3.309s]                  from [01m[K/usr/include/opencv4/opencv2/core/core.hpp:48[m[K,
[3.309s]                  from [01m[K/opt/ros/humble/include/cv_bridge/cv_bridge/cv_bridge.h:43[m[K,
[3.309s]                  from [01m[K/home/megsindelar/Final_Project/ros_ws/src/img_transform/src/img_transform.cpp:4[m[K:
[3.309s] [01m[K/usr/include/opencv4/opencv2/core/mat.hpp:3635:9:[m[K [01;36m[Knote: [m[Kcandidate: â€˜[01m[Ktemplate<class _Tp, int m, int n> cv::MatExpr cv::operator*(const cv::Mat&, const cv::Matx<_Tp, m, n>&)[m[Kâ€™
[3.309s]  3635 | MatExpr [01;36m[Koperator[m[K * (const Mat& a, const Matx<_Tp, m, n>& b) { return a * Mat(b); }
[3.309s]       |         [01;36m[K^~~~~~~~[m[K
[3.309s] [01m[K/usr/include/opencv4/opencv2/core/mat.hpp:3635:9:[m[K [01;36m[Knote: [m[K  template argument deduction/substitution failed:
[3.309s] [01m[K/home/megsindelar/Final_Project/ros_ws/src/img_transform/src/img_transform.cpp:297:68:[m[K [01;36m[Knote: [m[K  â€˜[01m[Kstd::vector<int>[m[Kâ€™ is not derived from â€˜[01m[Kconst cv::Matx<_Tp, m, n>[m[Kâ€™
[3.309s]   297 |               vector<int> current_pos = transformation.inverse()*[01;36m[Kprev_pos[m[K;
[3.309s]       |                                                                  [01;36m[K^~~~~~~~[m[K
[3.309s] 
[3.310s] In file included from [01m[K/usr/include/opencv4/opencv2/core.hpp:58[m[K,
[3.310s]                  from [01m[K/usr/include/opencv4/opencv2/core/core.hpp:48[m[K,
[3.310s]                  from [01m[K/opt/ros/humble/include/cv_bridge/cv_bridge/cv_bridge.h:43[m[K,
[3.310s]                  from [01m[K/home/megsindelar/Final_Project/ros_ws/src/img_transform/src/img_transform.cpp:4[m[K:
[3.310s] [01m[K/usr/include/opencv4/opencv2/core/mat.hpp:3637:9:[m[K [01;36m[Knote: [m[Kcandidate: â€˜[01m[Ktemplate<class _Tp, int m, int n> cv::MatExpr cv::operator*(const cv::Matx<_Tp, m, n>&, const cv::Mat&)[m[Kâ€™
[3.310s]  3637 | MatExpr [01;36m[Koperator[m[K * (const Matx<_Tp, m, n>& a, const Mat& b) { return Mat(a) * b; }
[3.310s]       |         [01;36m[K^~~~~~~~[m[K
[3.310s] [01m[K/usr/include/opencv4/opencv2/core/mat.hpp:3637:9:[m[K [01;36m[Knote: [m[K  template argument deduction/substitution failed:
[3.310s] [01m[K/home/megsindelar/Final_Project/ros_ws/src/img_transform/src/img_transform.cpp:297:68:[m[K [01;36m[Knote: [m[K  â€˜[01m[Kconst Eigen::Inverse<Eigen::Matrix<double, 3, 3> >[m[Kâ€™ is not derived from â€˜[01m[Kconst cv::Matx<_Tp, m, n>[m[Kâ€™
[3.310s]   297 |               vector<int> current_pos = transformation.inverse()*[01;36m[Kprev_pos[m[K;
[3.310s]       |                                                                  [01;36m[K^~~~~~~~[m[K
[3.310s] 
[3.310s] In file included from [01m[K/usr/include/eigen3/Eigen/Core:19[m[K,
[3.310s]                  from [01m[K/home/megsindelar/Final_Project/ros_ws/src/img_transform/src/img_transform.cpp:12[m[K:
[3.310s] [01m[K/usr/include/eigen3/Eigen/src/plugins/CommonCwiseBinaryOps.h:50:1:[m[K [01;36m[Knote: [m[Kcandidate: â€˜[01m[Ktemplate<class T> const Eigen::CwiseBinaryOp<Eigen::internal::scalar_product_op<typename Eigen::internal::promote_scalar_arg<double, T, Eigen::internal::has_ReturnType<Eigen::ScalarBinaryOpTraits<T, double, Eigen::internal::scalar_product_op<T, double> > >::value>::type, double>, const typename Eigen::internal::plain_constant_type<Eigen::Matrix<double, 3, 3>, typename Eigen::internal::promote_scalar_arg<double, T, Eigen::internal::has_ReturnType<Eigen::ScalarBinaryOpTraits<T, double, Eigen::internal::scalar_product_op<T, double> > >::value>::type>::type, const Eigen::Matrix<double, 3, 3> > Eigen::operator*(const T&, const StorageBaseType&)[m[Kâ€™
[3.310s]    50 | [01;36m[KEIGEN_MAKE_SCALAR_BINARY_OP[m[K(operator*,product)
[3.310s]       | [01;36m[K^~~~~~~~~~~~~~~~~~~~~~~~~~~[m[K
[3.310s] [01m[K/usr/include/eigen3/Eigen/src/plugins/CommonCwiseBinaryOps.h:50:1:[m[K [01;36m[Knote: [m[K  template argument deduction/substitution failed:
[3.310s] [01m[K/home/megsindelar/Final_Project/ros_ws/src/img_transform/src/img_transform.cpp:297:68:[m[K [01;36m[Knote: [m[K  cannot convert â€˜[01m[Kprev_pos[m[Kâ€™ (type â€˜[01m[Kstd::vector<int>[m[Kâ€™) to type â€˜[01m[Kconst StorageBaseType&[m[Kâ€™ {aka â€˜[01m[Kconst Eigen::MatrixBase<Eigen::Matrix<double, 3, 3> >&[m[Kâ€™}
[3.310s]   297 |               vector<int> current_pos = transformation.inverse()*[01;36m[Kprev_pos[m[K;
[3.310s]       |                                                                  [01;36m[K^~~~~~~~[m[K
[3.310s] 
[3.310s] In file included from [01m[K/usr/include/eigen3/Eigen/Core:19[m[K,
[3.310s]                  from [01m[K/home/megsindelar/Final_Project/ros_ws/src/img_transform/src/img_transform.cpp:12[m[K:
[3.311s] [01m[K/usr/include/eigen3/Eigen/src/plugins/CommonCwiseBinaryOps.h:50:1:[m[K [01;36m[Knote: [m[Kcandidate: â€˜[01m[Ktemplate<class T> const Eigen::CwiseBinaryOp<Eigen::internal::scalar_product_op<typename Eigen::internal::promote_scalar_arg<double, T, Eigen::internal::has_ReturnType<Eigen::ScalarBinaryOpTraits<T, double, Eigen::internal::scalar_product_op<T, double> > >::value>::type, double>, const typename Eigen::internal::plain_constant_type<Eigen::Inverse<Eigen::Matrix<double, 3, 3> >, typename Eigen::internal::promote_scalar_arg<double, T, Eigen::internal::has_ReturnType<Eigen::ScalarBinaryOpTraits<T, double, Eigen::internal::scalar_product_op<T, double> > >::value>::type>::type, const Eigen::Inverse<Eigen::Matrix<double, 3, 3> > > Eigen::operator*(const T&, const StorageBaseType&)[m[Kâ€™
[3.311s]    50 | [01;36m[KEIGEN_MAKE_SCALAR_BINARY_OP[m[K(operator*,product)
[3.311s]       | [01;36m[K^~~~~~~~~~~~~~~~~~~~~~~~~~~[m[K
[3.311s] [01m[K/usr/include/eigen3/Eigen/src/plugins/CommonCwiseBinaryOps.h:50:1:[m[K [01;36m[Knote: [m[K  template argument deduction/substitution failed:
[3.311s] [01m[K/home/megsindelar/Final_Project/ros_ws/src/img_transform/src/img_transform.cpp:297:68:[m[K [01;36m[Knote: [m[K  cannot convert â€˜[01m[Kprev_pos[m[Kâ€™ (type â€˜[01m[Kstd::vector<int>[m[Kâ€™) to type â€˜[01m[Kconst StorageBaseType&[m[Kâ€™ {aka â€˜[01m[Kconst Eigen::MatrixBase<Eigen::Inverse<Eigen::Matrix<double, 3, 3> > >&[m[Kâ€™}
[3.311s]   297 |               vector<int> current_pos = transformation.inverse()*[01;36m[Kprev_pos[m[K;
[3.311s]       |                                                                  [01;36m[K^~~~~~~~[m[K
[3.311s] 
[3.311s] In file included from [01m[K/usr/include/eigen3/Eigen/Core:326[m[K,
[3.311s]                  from [01m[K/home/megsindelar/Final_Project/ros_ws/src/img_transform/src/img_transform.cpp:12[m[K:
[3.311s] [01m[K/usr/include/eigen3/Eigen/src/Core/PermutationMatrix.h:515:1:[m[K [01;36m[Knote: [m[Kcandidate: â€˜[01m[Ktemplate<class MatrixDerived, class PermutationDerived> const Eigen::Product<MatrixDerived, PermutationDerived, 2> Eigen::operator*(const Eigen::MatrixBase<Derived>&, const Eigen::PermutationBase<PermutationDerived>&)[m[Kâ€™
[3.311s]   515 | [01;36m[Koperator[m[K*(const MatrixBase<MatrixDerived> &matrix,
[3.311s]       | [01;36m[K^~~~~~~~[m[K
[3.311s] [01m[K/usr/include/eigen3/Eigen/src/Core/PermutationMatrix.h:515:1:[m[K [01;36m[Knote: [m[K  template argument deduction/substitution failed:
[3.311s] [01m[K/home/megsindelar/Final_Project/ros_ws/src/img_transform/src/img_transform.cpp:297:68:[m[K [01;36m[Knote: [m[K  â€˜[01m[Kstd::vector<int>[m[Kâ€™ is not derived from â€˜[01m[Kconst Eigen::PermutationBase<PermutationDerived>[m[Kâ€™
[3.311s]   297 |               vector<int> current_pos = transformation.inverse()*[01;36m[Kprev_pos[m[K;
[3.311s]       |                                                                  [01;36m[K^~~~~~~~[m[K
[3.311s] 
[3.311s] In file included from [01m[K/usr/include/eigen3/Eigen/Core:326[m[K,
[3.311s]                  from [01m[K/home/megsindelar/Final_Project/ros_ws/src/img_transform/src/img_transform.cpp:12[m[K:
[3.312s] [01m[K/usr/include/eigen3/Eigen/src/Core/PermutationMatrix.h:527:1:[m[K [01;36m[Knote: [m[Kcandidate: â€˜[01m[Ktemplate<class PermutationDerived, class MatrixDerived> const Eigen::Product<MatrixDerived, PermutationDerived, 2> Eigen::operator*(const Eigen::PermutationBase<PermutationDerived>&, const Eigen::MatrixBase<U>&)[m[Kâ€™
[3.312s]   527 | [01;36m[Koperator[m[K*(const PermutationBase<PermutationDerived> &permutation,
[3.312s]       | [01;36m[K^~~~~~~~[m[K
[3.312s] [01m[K/usr/include/eigen3/Eigen/src/Core/PermutationMatrix.h:527:1:[m[K [01;36m[Knote: [m[K  template argument deduction/substitution failed:
[3.312s] [01m[K/home/megsindelar/Final_Project/ros_ws/src/img_transform/src/img_transform.cpp:297:68:[m[K [01;36m[Knote: [m[K  â€˜[01m[Kconst Eigen::Inverse<Eigen::Matrix<double, 3, 3> >[m[Kâ€™ is not derived from â€˜[01m[Kconst Eigen::PermutationBase<PermutationDerived>[m[Kâ€™
[3.312s]   297 |               vector<int> current_pos = transformation.inverse()*[01;36m[Kprev_pos[m[K;
[3.312s]       |                                                                  [01;36m[K^~~~~~~~[m[K
[3.312s] 
[3.312s] In file included from [01m[K/usr/include/eigen3/Eigen/Core:327[m[K,
[3.312s]                  from [01m[K/home/megsindelar/Final_Project/ros_ws/src/img_transform/src/img_transform.cpp:12[m[K:
[3.312s] [01m[K/usr/include/eigen3/Eigen/src/Core/Transpositions.h:313:1:[m[K [01;36m[Knote: [m[Kcandidate: â€˜[01m[Ktemplate<class MatrixDerived, class TranspositionsDerived> const Eigen::Product<MatrixDerived, PermutationDerived, 2> Eigen::operator*(const Eigen::MatrixBase<Derived>&, const Eigen::TranspositionsBase<TranspositionsDerived>&)[m[Kâ€™
[3.312s]   313 | [01;36m[Koperator[m[K*(const MatrixBase<MatrixDerived> &matrix,
[3.312s]       | [01;36m[K^~~~~~~~[m[K
[3.312s] [01m[K/usr/include/eigen3/Eigen/src/Core/Transpositions.h:313:1:[m[K [01;36m[Knote: [m[K  template argument deduction/substitution failed:
[3.312s] [01m[K/home/megsindelar/Final_Project/ros_ws/src/img_transform/src/img_transform.cpp:297:68:[m[K [01;36m[Knote: [m[K  â€˜[01m[Kstd::vector<int>[m[Kâ€™ is not derived from â€˜[01m[Kconst Eigen::TranspositionsBase<TranspositionsDerived>[m[Kâ€™
[3.312s]   297 |               vector<int> current_pos = transformation.inverse()*[01;36m[Kprev_pos[m[K;
[3.312s]       |                                                                  [01;36m[K^~~~~~~~[m[K
[3.312s] 
[3.312s] In file included from [01m[K/usr/include/eigen3/Eigen/Core:327[m[K,
[3.312s]                  from [01m[K/home/megsindelar/Final_Project/ros_ws/src/img_transform/src/img_transform.cpp:12[m[K:
[3.312s] [01m[K/usr/include/eigen3/Eigen/src/Core/Transpositions.h:325:1:[m[K [01;36m[Knote: [m[Kcandidate: â€˜[01m[Ktemplate<class TranspositionsDerived, class MatrixDerived> const Eigen::Product<MatrixDerived, PermutationDerived, 2> Eigen::operator*(const Eigen::TranspositionsBase<TranspositionsDerived>&, const Eigen::MatrixBase<U>&)[m[Kâ€™
[3.312s]   325 | [01;36m[Koperator[m[K*(const TranspositionsBase<TranspositionsDerived> &transpositions,
[3.312s]       | [01;36m[K^~~~~~~~[m[K
[3.313s] [01m[K/usr/include/eigen3/Eigen/src/Core/Transpositions.h:325:1:[m[K [01;36m[Knote: [m[K  template argument deduction/substitution failed:
[3.313s] [01m[K/home/megsindelar/Final_Project/ros_ws/src/img_transform/src/img_transform.cpp:297:68:[m[K [01;36m[Knote: [m[K  â€˜[01m[Kconst Eigen::Inverse<Eigen::Matrix<double, 3, 3> >[m[Kâ€™ is not derived from â€˜[01m[Kconst Eigen::TranspositionsBase<TranspositionsDerived>[m[Kâ€™
[3.313s]   297 |               vector<int> current_pos = transformation.inverse()*[01;36m[Kprev_pos[m[K;
[3.313s]       |                                                                  [01;36m[K^~~~~~~~[m[K
[3.313s] 
[3.313s] In file included from [01m[K/usr/include/eigen3/Eigen/Householder:24[m[K,
[3.313s]                  from [01m[K/usr/include/eigen3/Eigen/QR:15[m[K,
[3.313s]                  from [01m[K/usr/include/eigen3/Eigen/SVD:11[m[K,
[3.313s]                  from [01m[K/usr/local/include/teaser/registration.h:16[m[K,
[3.313s]                  from [01m[K/home/megsindelar/Final_Project/ros_ws/src/img_transform/src/img_transform.cpp:15[m[K:
[3.313s] [01m[K/usr/include/eigen3/Eigen/src/Householder/HouseholderSequence.h:513:99:[m[K [01;36m[Knote: [m[Kcandidate: â€˜[01m[Ktemplate<class OtherDerived, class VectorsType, class CoeffsType, int Side> typename Eigen::internal::matrix_type_times_scalar_type<typename VectorsType::Scalar, OtherDerived>::Type Eigen::operator*(const Eigen::MatrixBase<Derived>&, const Eigen::HouseholderSequence<VectorsType, CoeffsType, Side>&)[m[Kâ€™
[3.313s]   513 | s_scalar_type<typename VectorsType::Scalar,OtherDerived>::Type [01;36m[Koperator[m[K*(const MatrixBase<OtherDerived>& other, const HouseholderSequence<VectorsType,CoeffsType,Side>& h)
[3.313s]       |                                                                [01;36m[K^~~~~~~~[m[K
[3.313s] 
[3.313s] [01m[K/usr/include/eigen3/Eigen/src/Householder/HouseholderSequence.h:513:99:[m[K [01;36m[Knote: [m[K  template argument deduction/substitution failed:
[3.313s] [01m[K/home/megsindelar/Final_Project/ros_ws/src/img_transform/src/img_transform.cpp:297:68:[m[K [01;36m[Knote: [m[K  â€˜[01m[Kstd::vector<int>[m[Kâ€™ is not derived from â€˜[01m[Kconst Eigen::HouseholderSequence<VectorsType, CoeffsType, Side>[m[Kâ€™
[3.313s]   297 |               vector<int> current_pos = transformation.inverse()*[01;36m[Kprev_pos[m[K;
[3.313s]       |                                                                  [01;36m[K^~~~~~~~[m[K
[3.313s] 
[3.313s] In file included from [01m[K/usr/include/eigen3/Eigen/Geometry:46[m[K,
[3.313s]                  from [01m[K/usr/local/include/teaser/registration.h:17[m[K,
[3.313s]                  from [01m[K/home/megsindelar/Final_Project/ros_ws/src/img_transform/src/img_transform.cpp:15[m[K:
[3.313s] [01m[K/usr/include/eigen3/Eigen/src/Geometry/Scaling.h:135:1:[m[K [01;36m[Knote: [m[Kcandidate: â€˜[01m[Ktemplate<class Derived, class Scalar> Eigen::CwiseBinaryOp<Eigen::internal::scalar_product_op<typename Eigen::internal::traits<T>::Scalar, Scalar>, const Derived, const typename Eigen::internal::plain_constant_type<Expr, Scalar>::type> Eigen::operator*(const Eigen::MatrixBase<Derived>&, const Eigen::UniformScaling<Scalar>&)[m[Kâ€™
[3.314s]   135 | [01;36m[Koperator[m[K*(const MatrixBase<Derived>& matrix, const UniformScaling<Scalar>& s)
[3.314s]       | [01;36m[K^~~~~~~~[m[K
[3.314s] [01m[K/usr/include/eigen3/Eigen/src/Geometry/Scaling.h:135:1:[m[K [01;36m[Knote: [m[K  template argument deduction/substitution failed:
[3.314s] [01m[K/home/megsindelar/Final_Project/ros_ws/src/img_transform/src/img_transform.cpp:297:68:[m[K [01;36m[Knote: [m[K  â€˜[01m[Kstd::vector<int>[m[Kâ€™ is not derived from â€˜[01m[Kconst Eigen::UniformScaling<Scalar>[m[Kâ€™
[3.314s]   297 |               vector<int> current_pos = transformation.inverse()*[01;36m[Kprev_pos[m[K;
[3.314s]       |                                                                  [01;36m[K^~~~~~~~[m[K
[3.314s] 
[3.314s] In file included from [01m[K/usr/include/opencv4/opencv2/core.hpp:58[m[K,
[3.314s]                  from [01m[K/usr/include/opencv4/opencv2/core/core.hpp:48[m[K,
[3.314s]                  from [01m[K/opt/ros/humble/include/cv_bridge/cv_bridge/cv_bridge.h:43[m[K,
[3.314s]                  from [01m[K/home/megsindelar/Final_Project/ros_ws/src/img_transform/src/img_transform.cpp:4[m[K:
[3.314s] [01m[K/usr/include/opencv4/opencv2/core/mat.hpp:3626:20:[m[K [01;36m[Knote: [m[Kcandidate: â€˜[01m[Kcv::MatExpr cv::operator*(const cv::Mat&, const cv::Mat&)[m[Kâ€™
[3.314s]  3626 | CV_EXPORTS MatExpr [01;36m[Koperator[m[K * (const Mat& a, const Mat& b);
[3.314s]       |                    [01;36m[K^~~~~~~~[m[K
[3.314s] [01m[K/usr/include/opencv4/opencv2/core/mat.hpp:3626:43:[m[K [01;36m[Knote: [m[K  no known conversion for argument 1 from â€˜[01m[Kconst Eigen::Inverse<Eigen::Matrix<double, 3, 3> >[m[Kâ€™ to â€˜[01m[Kconst cv::Mat&[m[Kâ€™
[3.314s]  3626 | CV_EXPORTS MatExpr operator * ([01;36m[Kconst Mat& a[m[K, const Mat& b);
[3.314s]       |                                [01;36m[K~~~~~~~~~~~^[m[K
[3.314s] [01m[K/usr/include/opencv4/opencv2/core/mat.hpp:3627:20:[m[K [01;36m[Knote: [m[Kcandidate: â€˜[01m[Kcv::MatExpr cv::operator*(const cv::Mat&, double)[m[Kâ€™
[3.314s]  3627 | CV_EXPORTS MatExpr [01;36m[Koperator[m[K * (const Mat& a, double s);
[3.314s]       |                    [01;36m[K^~~~~~~~[m[K
[3.314s] [01m[K/usr/include/opencv4/opencv2/core/mat.hpp:3627:43:[m[K [01;36m[Knote: [m[K  no known conversion for argument 1 from â€˜[01m[Kconst Eigen::Inverse<Eigen::Matrix<double, 3, 3> >[m[Kâ€™ to â€˜[01m[Kconst cv::Mat&[m[Kâ€™
[3.314s]  3627 | CV_EXPORTS MatExpr operator * ([01;36m[Kconst Mat& a[m[K, double s);
[3.314s]       |                                [01;36m[K~~~~~~~~~~~^[m[K
[3.314s] [01m[K/usr/include/opencv4/opencv2/core/mat.hpp:3628:20:[m[K [01;36m[Knote: [m[Kcandidate: â€˜[01m[Kcv::MatExpr cv::operator*(double, const cv::Mat&)[m[Kâ€™
[3.314s]  3628 | CV_EXPORTS MatExpr [01;36m[Koperator[m[K * (double s, const Mat& a);
[3.315s]       |                    [01;36m[K^~~~~~~~[m[K
[3.315s] [01m[K/usr/include/opencv4/opencv2/core/mat.hpp:3628:39:[m[K [01;36m[Knote: [m[K  no known conversion for argument 1 from â€˜[01m[Kconst Eigen::Inverse<Eigen::Matrix<double, 3, 3> >[m[Kâ€™ to â€˜[01m[Kdouble[m[Kâ€™
[3.315s]  3628 | CV_EXPORTS MatExpr operator * ([01;36m[Kdouble s[m[K, const Mat& a);
[3.315s]       |                                [01;36m[K~~~~~~~^[m[K
[3.315s] [01m[K/usr/include/opencv4/opencv2/core/mat.hpp:3629:20:[m[K [01;36m[Knote: [m[Kcandidate: â€˜[01m[Kcv::MatExpr cv::operator*(const cv::MatExpr&, const cv::Mat&)[m[Kâ€™
[3.315s]  3629 | CV_EXPORTS MatExpr [01;36m[Koperator[m[K * (const MatExpr& e, const Mat& m);
[3.315s]       |                    [01;36m[K^~~~~~~~[m[K
[3.315s] [01m[K/usr/include/opencv4/opencv2/core/mat.hpp:3629:47:[m[K [01;36m[Knote: [m[K  no known conversion for argument 1 from â€˜[01m[Kconst Eigen::Inverse<Eigen::Matrix<double, 3, 3> >[m[Kâ€™ to â€˜[01m[Kconst cv::MatExpr&[m[Kâ€™
[3.315s]  3629 | CV_EXPORTS MatExpr operator * ([01;36m[Kconst MatExpr& e[m[K, const Mat& m);
[3.315s]       |                                [01;36m[K~~~~~~~~~~~~~~~^[m[K
[3.315s] [01m[K/usr/include/opencv4/opencv2/core/mat.hpp:3630:20:[m[K [01;36m[Knote: [m[Kcandidate: â€˜[01m[Kcv::MatExpr cv::operator*(const cv::Mat&, const cv::MatExpr&)[m[Kâ€™
[3.315s]  3630 | CV_EXPORTS MatExpr [01;36m[Koperator[m[K * (const Mat& m, const MatExpr& e);
[3.315s]       |                    [01;36m[K^~~~~~~~[m[K
[3.315s] [01m[K/usr/include/opencv4/opencv2/core/mat.hpp:3630:43:[m[K [01;36m[Knote: [m[K  no known conversion for argument 1 from â€˜[01m[Kconst Eigen::Inverse<Eigen::Matrix<double, 3, 3> >[m[Kâ€™ to â€˜[01m[Kconst cv::Mat&[m[Kâ€™
[3.315s]  3630 | CV_EXPORTS MatExpr operator * ([01;36m[Kconst Mat& m[m[K, const MatExpr& e);
[3.315s]       |                                [01;36m[K~~~~~~~~~~~^[m[K
[3.315s] [01m[K/usr/include/opencv4/opencv2/core/mat.hpp:3631:20:[m[K [01;36m[Knote: [m[Kcandidate: â€˜[01m[Kcv::MatExpr cv::operator*(const cv::MatExpr&, double)[m[Kâ€™
[3.315s]  3631 | CV_EXPORTS MatExpr [01;36m[Koperator[m[K * (const MatExpr& e, double s);
[3.315s]       |                    [01;36m[K^~~~~~~~[m[K
[3.315s] [01m[K/usr/include/opencv4/opencv2/core/mat.hpp:3631:47:[m[K [01;36m[Knote: [m[K  no known conversion for argument 1 from â€˜[01m[Kconst Eigen::Inverse<Eigen::Matrix<double, 3, 3> >[m[Kâ€™ to â€˜[01m[Kconst cv::MatExpr&[m[Kâ€™
[3.315s]  3631 | CV_EXPORTS MatExpr operator * ([01;36m[Kconst MatExpr& e[m[K, double s);
[3.315s]       |                                [01;36m[K~~~~~~~~~~~~~~~^[m[K
[3.315s] [01m[K/usr/include/opencv4/opencv2/core/mat.hpp:3632:20:[m[K [01;36m[Knote: [m[Kcandidate: â€˜[01m[Kcv::MatExpr cv::operator*(double, const cv::MatExpr&)[m[Kâ€™
[3.316s]  3632 | CV_EXPORTS MatExpr [01;36m[Koperator[m[K * (double s, const MatExpr& e);
[3.316s]       |                    [01;36m[K^~~~~~~~[m[K
[3.316s] [01m[K/usr/include/opencv4/opencv2/core/mat.hpp:3632:39:[m[K [01;36m[Knote: [m[K  no known conversion for argument 1 from â€˜[01m[Kconst Eigen::Inverse<Eigen::Matrix<double, 3, 3> >[m[Kâ€™ to â€˜[01m[Kdouble[m[Kâ€™
[3.316s]  3632 | CV_EXPORTS MatExpr operator * ([01;36m[Kdouble s[m[K, const MatExpr& e);
[3.316s]       |                                [01;36m[K~~~~~~~^[m[K
[3.316s] [01m[K/usr/include/opencv4/opencv2/core/mat.hpp:3633:20:[m[K [01;36m[Knote: [m[Kcandidate: â€˜[01m[Kcv::MatExpr cv::operator*(const cv::MatExpr&, const cv::MatExpr&)[m[Kâ€™
[3.316s]  3633 | CV_EXPORTS MatExpr [01;36m[Koperator[m[K * (const MatExpr& e1, const MatExpr& e2);
[3.316s]       |                    [01;36m[K^~~~~~~~[m[K
[3.316s] [01m[K/usr/include/opencv4/opencv2/core/mat.hpp:3633:47:[m[K [01;36m[Knote: [m[K  no known conversion for argument 1 from â€˜[01m[Kconst Eigen::Inverse<Eigen::Matrix<double, 3, 3> >[m[Kâ€™ to â€˜[01m[Kconst cv::MatExpr&[m[Kâ€™
[3.316s]  3633 | CV_EXPORTS MatExpr operator * ([01;36m[Kconst MatExpr& e1[m[K, const MatExpr& e2);
[3.316s]       |                                [01;36m[K~~~~~~~~~~~~~~~^~[m[K
[3.316s] [01m[K/home/megsindelar/Final_Project/ros_ws/src/img_transform/src/img_transform.cpp:123:40:[m[K [01;35m[Kwarning: [m[Kunused variable â€˜[01m[Kmax_dist[m[Kâ€™ [[01;35m[K]8;;https://gcc.gnu.org/onlinedocs/gcc/Warning-Options.html#index-Wunused-variable-Wunused-variable]8;;[m[K]
[3.316s]   123 |                 double min_dist=10000, [01;35m[Kmax_dist[m[K=0;
[3.316s]       |                                        [01;35m[K^~~~~~~~[m[K
[4.503s] gmake[2]: *** [CMakeFiles/img_transform.dir/build.make:76: CMakeFiles/img_transform.dir/src/img_transform.cpp.o] Error 1
[4.503s] gmake[1]: *** [CMakeFiles/Makefile2:137: CMakeFiles/img_transform.dir/all] Error 2
[4.504s] gmake: *** [Makefile:146: all] Error 2
[4.507s] Invoked command in '/home/megsindelar/Final_Project/ros_ws/build/img_transform' returned '2': CMAKE_PREFIX_PATH=${CMAKE_PREFIX_PATH}:/home/megsindelar/ME_495/Final_Proj/install/attack_of_the_franka:/home/megsindelar/ME_495/Final_Proj/install/moveit_testing:/opt/ros/humble /usr/bin/cmake --build /home/megsindelar/Final_Project/ros_ws/build/img_transform -- -j8 -l8
