[0.016s] Invoking command in '/home/megsindelar/Final_Project/ros_ws/build/img_transform': CMAKE_PREFIX_PATH=${CMAKE_PREFIX_PATH}:/home/megsindelar/ME_495/Final_Proj/install/attack_of_the_franka:/home/megsindelar/ME_495/Final_Proj/install/moveit_testing:/opt/ros/humble /usr/bin/cmake --build /home/megsindelar/Final_Project/ros_ws/build/img_transform -- -j8 -l8
[0.053s] [35m[1mConsolidate compiler generated dependencies of target img_transform[0m
[0.070s] [ 50%] [32mBuilding CXX object CMakeFiles/img_transform.dir/src/img_transform.cpp.o[0m
[2.064s] [01m[K/home/megsindelar/Final_Project/ros_ws/src/img_transform/src/img_transform.cpp:[m[K In constructor â€˜[01m[KImgTransform::ImgTransform()[m[Kâ€™:
[2.064s] [01m[K/home/megsindelar/Final_Project/ros_ws/src/img_transform/src/img_transform.cpp:34:53:[m[K [01;31m[Kerror: [m[Kinvalid initialization of reference of type â€˜[01m[Kconst string&[m[Kâ€™ {aka â€˜[01m[Kconst std::__cxx11::basic_string<char>&[m[Kâ€™} from expression of type â€˜[01m[Krmw_qos_profile_t[m[Kâ€™ {aka â€˜[01m[Krmw_qos_profile_s[m[Kâ€™}
[2.064s]    34 |                 [01;31m[Krclcpp::QoS {10}.get_rmw_qos_profile()[m[K
[2.064s]       |                 [01;31m[K~~~~~~~~~~~~~~~~~~~~~~~~~~~~~~~~~~~~^~[m[K
[2.064s] In file included from [01m[K/home/megsindelar/Final_Project/ros_ws/src/img_transform/src/img_transform.cpp:5[m[K:
[2.064s] [01m[K/opt/ros/humble/include/image_transport/image_transport/image_transport.hpp:87:23:[m[K [01;36m[Knote: [m[Kin passing argument 4 of â€˜[01m[Kimage_transport::CameraSubscriber image_transport::create_camera_subscription(rclcpp::Node*, const string&, const Callback&, const string&, rmw_qos_profile_t)[m[Kâ€™
[2.064s]    87 |   [01;36m[Kconst std::string & transport[m[K,
[2.064s]       |   [01;36m[K~~~~~~~~~~~~~~~~~~~~^~~~~~~~~[m[K
[2.478s] gmake[2]: *** [CMakeFiles/img_transform.dir/build.make:76: CMakeFiles/img_transform.dir/src/img_transform.cpp.o] Error 1
[2.479s] gmake[1]: *** [CMakeFiles/Makefile2:137: CMakeFiles/img_transform.dir/all] Error 2
[2.479s] gmake: *** [Makefile:146: all] Error 2
[2.483s] Invoked command in '/home/megsindelar/Final_Project/ros_ws/build/img_transform' returned '2': CMAKE_PREFIX_PATH=${CMAKE_PREFIX_PATH}:/home/megsindelar/ME_495/Final_Proj/install/attack_of_the_franka:/home/megsindelar/ME_495/Final_Proj/install/moveit_testing:/opt/ros/humble /usr/bin/cmake --build /home/megsindelar/Final_Project/ros_ws/build/img_transform -- -j8 -l8
