[0.016s] Invoking command in '/home/megsindelar/Final_Project/ros_ws/build/img_transform': CMAKE_PREFIX_PATH=${CMAKE_PREFIX_PATH}:/home/megsindelar/ME_495/Final_Proj/install/attack_of_the_franka:/home/megsindelar/ME_495/Final_Proj/install/moveit_testing:/opt/ros/humble /usr/bin/cmake --build /home/megsindelar/Final_Project/ros_ws/build/img_transform -- -j8 -l8
[0.057s] [35m[1mConsolidate compiler generated dependencies of target img_transform[0m
[0.072s] [ 50%] [32mBuilding CXX object CMakeFiles/img_transform.dir/src/img_transform.cpp.o[0m
[2.009s] [01m[K/home/megsindelar/Final_Project/ros_ws/src/img_transform/src/img_transform.cpp:[m[K In member function â€˜[01m[Kvoid ImgTransform::image_callback(const ConstSharedPtr&, const ConstSharedPtr&)[m[Kâ€™:
[2.009s] [01m[K/home/megsindelar/Final_Project/ros_ws/src/img_transform/src/img_transform.cpp:73:13:[m[K [01;31m[Kerror: [m[Kâ€˜[01m[KMat[m[Kâ€™ was not declared in this scope; did you mean â€˜[01m[Kcv::Mat[m[Kâ€™?
[2.009s]    73 |             [01;31m[KMat[m[K img = cv_bridge::toCvCopy(*msg, msg->encoding)->image
[2.009s]       |             [01;31m[K^~~[m[K
[2.009s]       |             [32m[Kcv::Mat[m[K
[2.009s] In file included from [01m[K/usr/include/opencv4/opencv2/core.hpp:58[m[K,
[2.009s]                  from [01m[K/usr/include/opencv4/opencv2/core/core.hpp:48[m[K,
[2.009s]                  from [01m[K/opt/ros/humble/include/cv_bridge/cv_bridge/cv_bridge.h:43[m[K,
[2.009s]                  from [01m[K/home/megsindelar/Final_Project/ros_ws/src/img_transform/src/img_transform.cpp:4[m[K:
[2.009s] [01m[K/usr/include/opencv4/opencv2/core/mat.hpp:801:18:[m[K [01;36m[Knote: [m[Kâ€˜[01m[Kcv::Mat[m[Kâ€™ declared here
[2.009s]   801 | class CV_EXPORTS [01;36m[KMat[m[K
[2.010s]       |                  [01;36m[K^~~[m[K
[2.425s] gmake[2]: *** [CMakeFiles/img_transform.dir/build.make:76: CMakeFiles/img_transform.dir/src/img_transform.cpp.o] Error 1
[2.425s] gmake[1]: *** [CMakeFiles/Makefile2:137: CMakeFiles/img_transform.dir/all] Error 2
[2.426s] gmake: *** [Makefile:146: all] Error 2
[2.429s] Invoked command in '/home/megsindelar/Final_Project/ros_ws/build/img_transform' returned '2': CMAKE_PREFIX_PATH=${CMAKE_PREFIX_PATH}:/home/megsindelar/ME_495/Final_Proj/install/attack_of_the_franka:/home/megsindelar/ME_495/Final_Proj/install/moveit_testing:/opt/ros/humble /usr/bin/cmake --build /home/megsindelar/Final_Project/ros_ws/build/img_transform -- -j8 -l8
