[0.014s] Invoking command in '/home/megsindelar/Final_Project/raspberry_pi_ws/build/turtlebot_control': CMAKE_PREFIX_PATH=${CMAKE_PREFIX_PATH}:/home/megsindelar/ME_495/Final_Proj/install/attack_of_the_franka:/home/megsindelar/ME_495/Final_Proj/install/moveit_testing:/opt/ros/humble /usr/bin/cmake --build /home/megsindelar/Final_Project/raspberry_pi_ws/build/turtlebot_control -- -j8 -l8
[0.064s] [  3%] Built target turtlebot_control_msg__cpp
[0.065s] [ 12%] Built target turtlebot_control_msg__rosidl_generator_c
[0.075s] [ 15%] [32mBuilding CXX object CMakeFiles/turtlebot_control.dir/src/turtlebot_control.cpp.o[0m
[0.077s] [ 15%] Built target ament_cmake_python_copy_turtlebot_control
[0.080s] [35m[1mConsolidate compiler generated dependencies of target turtlebot_control_msg__rosidl_typesupport_c[0m
[0.080s] [35m[1mConsolidate compiler generated dependencies of target turtlebot_control_msg__rosidl_typesupport_introspection_c[0m
[0.080s] [35m[1mConsolidate compiler generated dependencies of target turtlebot_control_msg__rosidl_typesupport_fastrtps_c[0m
[0.096s] [ 24%] Built target turtlebot_control_msg__rosidl_typesupport_cpp
[0.096s] [ 36%] Built target turtlebot_control_msg__rosidl_typesupport_fastrtps_cpp
[0.096s] [ 45%] Built target turtlebot_control_msg__rosidl_typesupport_introspection_c
[0.096s] [ 51%] Built target turtlebot_control_msg__rosidl_typesupport_introspection_cpp
[0.097s] [ 60%] Built target turtlebot_control_msg__rosidl_typesupport_c
[0.099s] [ 69%] Built target turtlebot_control_msg__rosidl_typesupport_fastrtps_c
[0.121s] [ 69%] Built target turtlebot_control_msg
[0.143s] [ 72%] [34m[1mGenerating Python code for ROS interfaces[0m
[0.390s] running egg_info
[0.390s] writing turtlebot_control.egg-info/PKG-INFO
[0.391s] writing dependency_links to turtlebot_control.egg-info/dependency_links.txt
[0.391s] writing top-level names to turtlebot_control.egg-info/top_level.txt
[0.394s] reading manifest file 'turtlebot_control.egg-info/SOURCES.txt'
[0.394s] writing manifest file 'turtlebot_control.egg-info/SOURCES.txt'
[0.405s] [01m[K/home/megsindelar/Final_Project/raspberry_pi_ws/src/turtlebot_control/src/turtlebot_control.cpp:15:10:[m[K [01;31m[Kfatal error: [m[Kturtlebot_control/msg/keypoints.hpp: No such file or directory
[0.406s]    15 | #include [01;31m[K"turtlebot_control/msg/keypoints.hpp"[m[K
[0.406s]       |          [01;31m[K^~~~~~~~~~~~~~~~~~~~~~~~~~~~~~~~~~~~~[m[K
[0.406s] compilation terminated.
[0.410s] gmake[2]: *** [CMakeFiles/turtlebot_control.dir/build.make:76: CMakeFiles/turtlebot_control.dir/src/turtlebot_control.cpp.o] Error 1
[0.410s] gmake[1]: *** [CMakeFiles/Makefile2:592: CMakeFiles/turtlebot_control.dir/all] Error 2
[0.411s] gmake[1]: *** Waiting for unfinished jobs....
[0.420s] [ 72%] Built target ament_cmake_python_build_turtlebot_control_egg
[0.455s] [ 72%] Built target turtlebot_control_msg__py
[0.456s] gmake: *** [Makefile:146: all] Error 2
[0.458s] Invoked command in '/home/megsindelar/Final_Project/raspberry_pi_ws/build/turtlebot_control' returned '2': CMAKE_PREFIX_PATH=${CMAKE_PREFIX_PATH}:/home/megsindelar/ME_495/Final_Proj/install/attack_of_the_franka:/home/megsindelar/ME_495/Final_Proj/install/moveit_testing:/opt/ros/humble /usr/bin/cmake --build /home/megsindelar/Final_Project/raspberry_pi_ws/build/turtlebot_control -- -j8 -l8
