[0.015s] Invoking command in '/home/megsindelar/Final_Project/raspberry_pi_ws/build/turtlebot_control': CMAKE_PREFIX_PATH=${CMAKE_PREFIX_PATH}:/home/megsindelar/ME_495/Final_Proj/install/attack_of_the_franka:/home/megsindelar/ME_495/Final_Proj/install/moveit_testing:/opt/ros/humble /usr/bin/cmake --build /home/megsindelar/Final_Project/raspberry_pi_ws/build/turtlebot_control -- -j8 -l8
[0.035s] -- Found ament_cmake: 1.3.3 (/opt/ros/humble/share/ament_cmake/cmake)
[0.169s] -- Found rclcpp: 16.0.3 (/opt/ros/humble/share/rclcpp/cmake)
[0.193s] -- Found rosidl_generator_c: 3.1.4 (/opt/ros/humble/share/rosidl_generator_c/cmake)
[0.195s] -- Found rosidl_adapter: 3.1.4 (/opt/ros/humble/share/rosidl_adapter/cmake)
[0.199s] -- Found rosidl_generator_cpp: 3.1.4 (/opt/ros/humble/share/rosidl_generator_cpp/cmake)
[0.208s] -- Using all available rosidl_typesupport_c: rosidl_typesupport_fastrtps_c;rosidl_typesupport_introspection_c
[0.219s] -- Using all available rosidl_typesupport_cpp: rosidl_typesupport_fastrtps_cpp;rosidl_typesupport_introspection_cpp
[0.264s] -- Found rmw_implementation_cmake: 6.1.1 (/opt/ros/humble/share/rmw_implementation_cmake/cmake)
[0.264s] -- Found rmw_fastrtps_cpp: 6.2.2 (/opt/ros/humble/share/rmw_fastrtps_cpp/cmake)
[0.363s] -- Using RMW implementation 'rmw_fastrtps_cpp' as default
[0.477s] -- Found sensor_msgs: 4.2.3 (/opt/ros/humble/share/sensor_msgs/cmake)
[0.573s] -- Found cv_bridge: 3.2.1 (/opt/ros/humble/share/cv_bridge/cmake)
[0.583s] -- Found image_transport: 3.1.5 (/opt/ros/humble/share/image_transport/cmake)
[0.610s] -- Found rosidl_default_generators: 1.2.0 (/opt/ros/humble/share/rosidl_default_generators/cmake)
[0.831s] -- Found ament_cmake_ros: 0.10.0 (/opt/ros/humble/share/ament_cmake_ros/cmake)
[1.114s] -- Using all available rosidl_typesupport_c: rosidl_typesupport_fastrtps_c;rosidl_typesupport_introspection_c
[1.222s] -- Using all available rosidl_typesupport_cpp: rosidl_typesupport_fastrtps_cpp;rosidl_typesupport_introspection_cpp
[1.246s] -- Found python_cmake_module: 0.10.0 (/opt/ros/humble/share/python_cmake_module/cmake)
[1.270s] -- Using PYTHON_EXECUTABLE: /usr/bin/python3
[1.270s] -- Using PYTHON_INCLUDE_DIRS: /usr/include/python3.10
[1.270s] -- Using PYTHON_LIBRARIES: /usr/lib/x86_64-linux-gnu/libpython3.10.so
[1.281s] -- Found ament_lint_auto: 0.12.5 (/opt/ros/humble/share/ament_lint_auto/cmake)
[1.287s] -- Added test 'cppcheck' to perform static code analysis on C / C++ code
[1.287s] -- Configured cppcheck include dirs: 
[1.287s] -- Configured cppcheck exclude dirs and/or files: 
[1.288s] -- Added test 'lint_cmake' to check CMake code style
[1.289s] -- Added test 'uncrustify' to check C / C++ code style
[1.289s] -- Configured uncrustify additional arguments: 
[1.289s] -- Added test 'xmllint' to check XML markup files
[1.290s] -- Configuring done
[1.318s] -- Generating done
[1.320s] -- Build files have been written to: /home/megsindelar/Final_Project/raspberry_pi_ws/build/turtlebot_control
[1.346s] [  3%] [34m[1mGenerating C code for ROS interfaces[0m
[1.348s] [35m[1mConsolidate compiler generated dependencies of target turtlebot_control[0m
[1.357s] [  6%] [34m[1mGenerating C++ code for ROS interfaces[0m
[1.366s] [  6%] Built target ament_cmake_python_copy_turtlebot_control
[1.377s] [  9%] [32mBuilding CXX object CMakeFiles/turtlebot_control.dir/src/turtlebot_control.cpp.o[0m
[1.632s] [  9%] Built target turtlebot_control_msg__cpp
[1.644s] [ 12%] [34m[1mGenerating C++ introspection for ROS interfaces[0m
[1.646s] [ 15%] [34m[1mGenerating C++ type support dispatch for ROS interfaces[0m
[1.647s] [ 18%] [34m[1mGenerating C++ type support for eProsima Fast-RTPS[0m
[1.656s] [ 21%] [32mBuilding C object CMakeFiles/turtlebot_control_msg__rosidl_generator_c.dir/rosidl_generator_c/turtlebot_control/msg/detail/keypoints__functions.c.o[0m
[1.695s] running egg_info
[1.696s] creating turtlebot_control.egg-info
[1.696s] writing turtlebot_control.egg-info/PKG-INFO
[1.696s] writing dependency_links to turtlebot_control.egg-info/dependency_links.txt
[1.696s] writing top-level names to turtlebot_control.egg-info/top_level.txt
[1.697s] writing manifest file 'turtlebot_control.egg-info/SOURCES.txt'
[1.700s] reading manifest file 'turtlebot_control.egg-info/SOURCES.txt'
[1.700s] writing manifest file 'turtlebot_control.egg-info/SOURCES.txt'
[1.729s] [ 21%] Built target ament_cmake_python_build_turtlebot_control_egg
[1.746s] [ 24%] [32m[1mLinking C shared library libturtlebot_control__rosidl_generator_c.so[0m
[1.790s] [ 24%] Built target turtlebot_control_msg__rosidl_generator_c
[1.804s] [ 27%] [34m[1mGenerating C type support for eProsima Fast-RTPS[0m
[1.805s] [ 30%] [34m[1mGenerating C type support dispatch for ROS interfaces[0m
[1.806s] [ 33%] [34m[1mGenerating C introspection for ROS interfaces[0m
[1.964s] [ 36%] [32mBuilding CXX object CMakeFiles/turtlebot_control_msg__rosidl_typesupport_fastrtps_cpp.dir/rosidl_typesupport_fastrtps_cpp/turtlebot_control/msg/detail/dds_fastrtps/keypoints__type_support.cpp.o[0m
[1.969s] [ 39%] [32mBuilding CXX object CMakeFiles/turtlebot_control_msg__rosidl_typesupport_cpp.dir/rosidl_typesupport_cpp/turtlebot_control/msg/keypoints__type_support.cpp.o[0m
[2.100s] [ 42%] [32mBuilding CXX object CMakeFiles/turtlebot_control_msg__rosidl_typesupport_introspection_cpp.dir/rosidl_typesupport_introspection_cpp/turtlebot_control/msg/detail/keypoints__type_support.cpp.o[0m
[2.241s] [ 45%] [32mBuilding CXX object CMakeFiles/turtlebot_control_msg__rosidl_typesupport_c.dir/rosidl_typesupport_c/turtlebot_control/msg/keypoints__type_support.cpp.o[0m
[2.281s] [ 48%] [32mBuilding CXX object CMakeFiles/turtlebot_control_msg__rosidl_typesupport_fastrtps_c.dir/rosidl_typesupport_fastrtps_c/turtlebot_control/msg/detail/keypoints__type_support_c.cpp.o[0m
[2.284s] [ 51%] [32mBuilding C object CMakeFiles/turtlebot_control_msg__rosidl_typesupport_introspection_c.dir/rosidl_typesupport_introspection_c/turtlebot_control/msg/detail/keypoints__type_support.c.o[0m
[2.291s] [ 54%] [32m[1mLinking CXX shared library libturtlebot_control__rosidl_typesupport_c.so[0m
[2.336s] [ 57%] [32m[1mLinking CXX shared library libturtlebot_control__rosidl_typesupport_cpp.so[0m
[2.337s] [ 60%] [32m[1mLinking C shared library libturtlebot_control__rosidl_typesupport_introspection_c.so[0m
[2.364s] [ 60%] Built target turtlebot_control_msg__rosidl_typesupport_c
[2.389s] [ 60%] Built target turtlebot_control_msg__rosidl_typesupport_introspection_c
[2.405s] [ 60%] Built target turtlebot_control_msg__rosidl_typesupport_cpp
[2.519s] [ 63%] [32m[1mLinking CXX shared library libturtlebot_control__rosidl_typesupport_fastrtps_cpp.so[0m
[2.601s] [ 66%] Built target turtlebot_control_msg__rosidl_typesupport_fastrtps_cpp
[2.601s] [ 66%] [32m[1mLinking CXX shared library libturtlebot_control__rosidl_typesupport_introspection_cpp.so[0m
[2.644s] [ 66%] Built target turtlebot_control_msg__rosidl_typesupport_introspection_cpp
[2.657s] [ 69%] [32m[1mLinking CXX shared library libturtlebot_control__rosidl_typesupport_fastrtps_c.so[0m
[2.724s] [ 69%] Built target turtlebot_control_msg__rosidl_typesupport_fastrtps_c
[2.745s] [ 69%] Built target turtlebot_control_msg
[2.766s] [ 72%] [34m[1mGenerating Python code for ROS interfaces[0m
[3.028s] [ 72%] Built target turtlebot_control_msg__py
[3.049s] [ 75%] [32mBuilding C object CMakeFiles/turtlebot_control_msg__rosidl_generator_py.dir/rosidl_generator_py/turtlebot_control/msg/_keypoints_s.c.o[0m
[3.135s] [ 78%] [32m[1mLinking C shared library rosidl_generator_py/turtlebot_control/libturtlebot_control_msg__rosidl_generator_py.so[0m
[3.173s] [ 78%] Built target turtlebot_control_msg__rosidl_generator_py
[3.196s] [ 81%] [32mBuilding C object CMakeFiles/turtlebot_control__rosidl_typesupport_introspection_c__pyext.dir/rosidl_generator_py/turtlebot_control/_turtlebot_control_s.ep.rosidl_typesupport_introspection_c.c.o[0m
[3.198s] [ 84%] [32mBuilding C object CMakeFiles/turtlebot_control__rosidl_typesupport_fastrtps_c__pyext.dir/rosidl_generator_py/turtlebot_control/_turtlebot_control_s.ep.rosidl_typesupport_fastrtps_c.c.o[0m
[3.198s] [ 87%] [32mBuilding C object CMakeFiles/turtlebot_control__rosidl_typesupport_c__pyext.dir/rosidl_generator_py/turtlebot_control/_turtlebot_control_s.ep.rosidl_typesupport_c.c.o[0m
[3.293s] [ 90%] [32m[1mLinking C shared library rosidl_generator_py/turtlebot_control/turtlebot_control_s__rosidl_typesupport_introspection_c.cpython-310-x86_64-linux-gnu.so[0m
[3.297s] [ 93%] [32m[1mLinking C shared library rosidl_generator_py/turtlebot_control/turtlebot_control_s__rosidl_typesupport_c.cpython-310-x86_64-linux-gnu.so[0m
[3.297s] [ 96%] [32m[1mLinking C shared library rosidl_generator_py/turtlebot_control/turtlebot_control_s__rosidl_typesupport_fastrtps_c.cpython-310-x86_64-linux-gnu.so[0m
[3.327s] [ 96%] Built target turtlebot_control__rosidl_typesupport_introspection_c__pyext
[3.330s] [ 96%] Built target turtlebot_control__rosidl_typesupport_c__pyext
[3.331s] [ 96%] Built target turtlebot_control__rosidl_typesupport_fastrtps_c__pyext
[4.288s] [01m[K/home/megsindelar/Final_Project/raspberry_pi_ws/src/turtlebot_control/src/turtlebot_control.cpp:[m[K In member function â€˜[01m[Kvoid TurtlebotControl::timer_callback()[m[Kâ€™:
[4.288s] [01m[K/home/megsindelar/Final_Project/raspberry_pi_ws/src/turtlebot_control/src/turtlebot_control.cpp:80:21:[m[K [01;31m[Kerror: [m[Kexpected primary-expression before â€˜[01m[K)[m[Kâ€™ token
[4.288s]    80 |                 if ([01;31m[K)[m[K
[4.288s]       |                     [01;31m[K^[m[K
[4.303s] [01m[K/home/megsindelar/Final_Project/raspberry_pi_ws/src/turtlebot_control/src/turtlebot_control.cpp:81:17:[m[K [01;31m[Kerror: [m[Kâ€˜[01m[Kdetector[m[Kâ€™ was not declared in this scope
[4.303s]    81 |                 [01;31m[Kdetector[m[K->detect (prev_frame ,keypoints_1 );
[4.303s]       |                 [01;31m[K^~~~~~~~[m[K
[4.309s] [01m[K/home/megsindelar/Final_Project/raspberry_pi_ws/src/turtlebot_control/src/turtlebot_control.cpp:82:17:[m[K [01;31m[Kerror: [m[Kâ€˜[01m[Kdetector[m[Kâ€™ was not declared in this scope
[4.309s]    82 |                 [01;31m[Kdetector[m[K->detect (current_frame ,keypoints_2 );
[4.309s]       |                 [01;31m[K^~~~~~~~[m[K
[4.309s] [01m[K/home/megsindelar/Final_Project/raspberry_pi_ws/src/turtlebot_control/src/turtlebot_control.cpp:142:13:[m[K [01;31m[Kerror: [m[Kexpected â€˜[01m[K;[m[Kâ€™ before â€˜[01m[K}[m[Kâ€™ token
[4.309s]   142 |             [01;31m[K}[m[K
[4.310s]       |             [01;31m[K^[m[K
[4.737s] gmake[2]: *** [CMakeFiles/turtlebot_control.dir/build.make:76: CMakeFiles/turtlebot_control.dir/src/turtlebot_control.cpp.o] Error 1
[4.737s] gmake[1]: *** [CMakeFiles/Makefile2:592: CMakeFiles/turtlebot_control.dir/all] Error 2
[4.737s] gmake: *** [Makefile:146: all] Error 2
[4.740s] Invoked command in '/home/megsindelar/Final_Project/raspberry_pi_ws/build/turtlebot_control' returned '2': CMAKE_PREFIX_PATH=${CMAKE_PREFIX_PATH}:/home/megsindelar/ME_495/Final_Proj/install/attack_of_the_franka:/home/megsindelar/ME_495/Final_Proj/install/moveit_testing:/opt/ros/humble /usr/bin/cmake --build /home/megsindelar/Final_Project/raspberry_pi_ws/build/turtlebot_control -- -j8 -l8
