[0.015s] Invoking command in '/home/megsindelar/Final_Project/ros_ws/build/img_transform': CMAKE_PREFIX_PATH=${CMAKE_PREFIX_PATH}:/home/megsindelar/ME_495/Final_Proj/install/attack_of_the_franka:/home/megsindelar/ME_495/Final_Proj/install/moveit_testing:/opt/ros/humble /usr/bin/cmake --build /home/megsindelar/Final_Project/ros_ws/build/img_transform -- -j8 -l8
[0.053s] [35m[1mConsolidate compiler generated dependencies of target img_transform[0m
[0.070s] [ 50%] [32mBuilding CXX object CMakeFiles/img_transform.dir/src/img_transform.cpp.o[0m
[2.867s] [01m[K/home/megsindelar/Final_Project/ros_ws/src/img_transform/src/img_transform.cpp:[m[K In member function â€˜[01m[Kvoid ImgTransform::timer_callback()[m[Kâ€™:
[2.867s] [01m[K/home/megsindelar/Final_Project/ros_ws/src/img_transform/src/img_transform.cpp:124:28:[m[K [01;35m[Kwarning: [m[Kcomparison of integer expressions of different signedness: â€˜[01m[Kint[m[Kâ€™ and â€˜[01m[Kstd::vector<cv::DMatch>::size_type[m[Kâ€™ {aka â€˜[01m[Klong unsigned int[m[Kâ€™} [[01;35m[K]8;;https://gcc.gnu.org/onlinedocs/gcc/Warning-Options.html#index-Wsign-compare-Wsign-compare]8;;[m[K]
[2.867s]   124 |             for (int i=0; [01;35m[Ki<good_matches.size()[m[K; i++){
[2.867s]       |                           [01;35m[K~^~~~~~~~~~~~~~~~~~~~[m[K
[2.867s] [01m[K/home/megsindelar/Final_Project/ros_ws/src/img_transform/src/img_transform.cpp:147:34:[m[K [01;35m[Kwarning: [m[Kcomparison of integer expressions of different signedness: â€˜[01m[Ksize_t[m[Kâ€™ {aka â€˜[01m[Klong unsigned int[m[Kâ€™} and â€˜[01m[Kint[m[Kâ€™ [[01;35m[K]8;;https://gcc.gnu.org/onlinedocs/gcc/Warning-Options.html#index-Wsign-compare-Wsign-compare]8;;[m[K]
[2.867s]   147 |             for (size_t i = 0; [01;35m[Ki < N[m[K; ++i) {
[2.867s]       |                                [01;35m[K~~^~~[m[K
[2.929s] [01m[K/home/megsindelar/Final_Project/ros_ws/src/img_transform/src/img_transform.cpp:163:34:[m[K [01;35m[Kwarning: [m[Kcomparison of integer expressions of different signedness: â€˜[01m[Ksize_t[m[Kâ€™ {aka â€˜[01m[Klong unsigned int[m[Kâ€™} and â€˜[01m[Kint[m[Kâ€™ [[01;35m[K]8;;https://gcc.gnu.org/onlinedocs/gcc/Warning-Options.html#index-Wsign-compare-Wsign-compare]8;;[m[K]
[2.929s]   163 |             for (size_t i = 0; [01;35m[Ki < N[m[K; ++i) {
[2.930s]       |                                [01;35m[K~~^~~[m[K
[2.958s] [01m[K/home/megsindelar/Final_Project/ros_ws/src/img_transform/src/img_transform.cpp:197:45:[m[K [01;31m[Kerror: [m[Kâ€˜[01m[KgetAngularError[m[Kâ€™ was not declared in this scope
[2.959s]   197 |             std::cout << "Error (deg): " << [01;31m[KgetAngularError[m[K(T.topLeftCorner(3, 3), solution.rotation)
[2.959s]       |                                             [01;31m[K^~~~~~~~~~~~~~~[m[K
[3.029s] [01m[K/home/megsindelar/Final_Project/ros_ws/src/img_transform/src/img_transform.cpp:247:93:[m[K [01;31m[Kerror: [m[Kâ€˜[01m[Kbegin_total[m[Kâ€™ was not declared in this scope; did you mean â€˜[01m[Kend_total[m[Kâ€™?
[3.029s]   247 | d::chrono::duration_cast<std::chrono::nanoseconds>(end_total - [01;31m[Kbegin_total[m[K);
[3.029s]       |                                                                [01;31m[K^~~~~~~~~~~[m[K
[3.029s]       |                                                                [32m[Kend_total[m[K
[3.029s] [01m[K/home/megsindelar/Final_Project/ros_ws/src/img_transform/src/img_transform.cpp:92:36:[m[K [01;35m[Kwarning: [m[Kunused variable â€˜[01m[Kmax_dist[m[Kâ€™ [[01;35m[K]8;;https://gcc.gnu.org/onlinedocs/gcc/Warning-Options.html#index-Wunused-variable-Wunused-variable]8;;[m[K]
[3.029s]    92 |             double min_dist=10000, [01;35m[Kmax_dist[m[K=0;
[3.029s]       |                                    [01;35m[K^~~~~~~~[m[K
[3.923s] gmake[2]: *** [CMakeFiles/img_transform.dir/build.make:76: CMakeFiles/img_transform.dir/src/img_transform.cpp.o] Error 1
[3.923s] gmake[1]: *** [CMakeFiles/Makefile2:137: CMakeFiles/img_transform.dir/all] Error 2
[3.923s] gmake: *** [Makefile:146: all] Error 2
[3.927s] Invoked command in '/home/megsindelar/Final_Project/ros_ws/build/img_transform' returned '2': CMAKE_PREFIX_PATH=${CMAKE_PREFIX_PATH}:/home/megsindelar/ME_495/Final_Proj/install/attack_of_the_franka:/home/megsindelar/ME_495/Final_Proj/install/moveit_testing:/opt/ros/humble /usr/bin/cmake --build /home/megsindelar/Final_Project/ros_ws/build/img_transform -- -j8 -l8
