[  3%] Built target turtlebot_control_msg__cpp
[ 12%] Built target turtlebot_control_msg__rosidl_generator_c
[ 12%] Built target ament_cmake_python_copy_turtlebot_control
[ 21%] Built target turtlebot_control_msg__rosidl_typesupport_cpp
[ 30%] Built target turtlebot_control_msg__rosidl_typesupport_introspection_cpp
[ 39%] Built target turtlebot_control_msg__rosidl_typesupport_fastrtps_cpp
[ 48%] Built target turtlebot_control_msg__rosidl_typesupport_c
[ 57%] Built target turtlebot_control_msg__rosidl_typesupport_introspection_c
[ 66%] Built target turtlebot_control_msg__rosidl_typesupport_fastrtps_c
[35m[1mConsolidate compiler generated dependencies of target turtlebot_control[0m
[ 66%] Built target turtlebot_control_msg
[ 69%] [32mBuilding CXX object CMakeFiles/turtlebot_control.dir/src/turtlebot_control.cpp.o[0m
[ 72%] Built target turtlebot_control_msg__py
[ 78%] Built target turtlebot_control_msg__rosidl_generator_py
[ 84%] Built target turtlebot_control__rosidl_typesupport_introspection_c__pyext
[ 90%] Built target turtlebot_control__rosidl_typesupport_c__pyext
[ 96%] Built target turtlebot_control__rosidl_typesupport_fastrtps_c__pyext
running egg_info
writing turtlebot_control.egg-info/PKG-INFO
writing dependency_links to turtlebot_control.egg-info/dependency_links.txt
writing top-level names to turtlebot_control.egg-info/top_level.txt
reading manifest file 'turtlebot_control.egg-info/SOURCES.txt'
writing manifest file 'turtlebot_control.egg-info/SOURCES.txt'
[ 96%] Built target ament_cmake_python_build_turtlebot_control_egg
[01m[K/ros_ws/src/turtlebot_control/src/turtlebot_control.cpp:[m[K In member function â€˜[01m[Kvoid TurtlebotControl::timer_callback()[m[Kâ€™:
[01m[K/ros_ws/src/turtlebot_control/src/turtlebot_control.cpp:151:42:[m[K [01;31m[Kerror: [m[Kno matching function for call to â€˜[01m[Kimage_transport::Publisher::publish(std::__shared_ptr_access<sensor_msgs::msg::Image_<std::allocator<void> >, __gnu_cxx::_S_atomic, false, false>::element_type&, sensor_msgs::msg::CameraInfo&)[m[Kâ€™
  151 |                 [01;31m[Kpub_current_img_->publish(*(cv_bridge::CvImage(header, "bgr8", current_frame).toImageMsg()), cam_info_)[m[K;
      |                 [01;31m[K~~~~~~~~~~~~~~~~~~~~~~~~~^~~~~~~~~~~~~~~~~~~~~~~~~~~~~~~~~~~~~~~~~~~~~~~~~~~~~~~~~~~~~~~~~~~~~~~~~~~~~~[m[K
In file included from [01m[K/opt/ros/humble/include/image_transport/image_transport/image_transport.hpp:41[m[K,
                 from [01m[K/ros_ws/src/turtlebot_control/src/turtlebot_control.cpp:5[m[K:
[01m[K/opt/ros/humble/include/image_transport/image_transport/publisher.hpp:97:8:[m[K [01;36m[Knote: [m[Kcandidate: â€˜[01m[Kvoid image_transport::Publisher::publish(const Image&) const[m[Kâ€™
   97 |   void [01;36m[Kpublish[m[K(const sensor_msgs::msg::Image & message) const;
      |        [01;36m[K^~~~~~~[m[K
[01m[K/opt/ros/humble/include/image_transport/image_transport/publisher.hpp:97:8:[m[K [01;36m[Knote: [m[K  candidate expects 1 argument, 2 provided
[01m[K/opt/ros/humble/include/image_transport/image_transport/publisher.hpp:103:8:[m[K [01;36m[Knote: [m[Kcandidate: â€˜[01m[Kvoid image_transport::Publisher::publish(const ConstSharedPtr&) const[m[Kâ€™
  103 |   void [01;36m[Kpublish[m[K(const sensor_msgs::msg::Image::ConstSharedPtr & message) const;
      |        [01;36m[K^~~~~~~[m[K
[01m[K/opt/ros/humble/include/image_transport/image_transport/publisher.hpp:103:8:[m[K [01;36m[Knote: [m[K  candidate expects 1 argument, 2 provided
gmake[2]: *** [CMakeFiles/turtlebot_control.dir/build.make:76: CMakeFiles/turtlebot_control.dir/src/turtlebot_control.cpp.o] Error 1
gmake[1]: *** [CMakeFiles/Makefile2:593: CMakeFiles/turtlebot_control.dir/all] Error 2
gmake: *** [Makefile:146: all] Error 2
