[0.008s] Invoking command in '/ros_ws/aarch64_build/turtlebot_control': CMAKE_PREFIX_PATH=/opt/ros/humble /usr/bin/cmake --build /ros_ws/aarch64_build/turtlebot_control -- -j8 -l8
[0.043s] [  3%] Built target turtlebot_control_msg__cpp
[0.043s] [ 12%] Built target turtlebot_control_msg__rosidl_generator_c
[0.049s] [ 12%] Built target ament_cmake_python_copy_turtlebot_control
[0.060s] [ 21%] Built target turtlebot_control_msg__rosidl_typesupport_cpp
[0.060s] [ 30%] Built target turtlebot_control_msg__rosidl_typesupport_introspection_cpp
[0.060s] [ 39%] Built target turtlebot_control_msg__rosidl_typesupport_fastrtps_cpp
[0.065s] [ 48%] Built target turtlebot_control_msg__rosidl_typesupport_c
[0.065s] [ 57%] Built target turtlebot_control_msg__rosidl_typesupport_introspection_c
[0.068s] [ 66%] Built target turtlebot_control_msg__rosidl_typesupport_fastrtps_c
[0.069s] [35m[1mConsolidate compiler generated dependencies of target turtlebot_control[0m
[0.082s] [ 66%] Built target turtlebot_control_msg
[0.084s] [ 69%] [32mBuilding CXX object CMakeFiles/turtlebot_control.dir/src/turtlebot_control.cpp.o[0m
[0.095s] [ 72%] Built target turtlebot_control_msg__py
[0.109s] [ 78%] Built target turtlebot_control_msg__rosidl_generator_py
[0.125s] [ 84%] Built target turtlebot_control__rosidl_typesupport_introspection_c__pyext
[0.128s] [ 90%] Built target turtlebot_control__rosidl_typesupport_c__pyext
[0.129s] [ 96%] Built target turtlebot_control__rosidl_typesupport_fastrtps_c__pyext
[0.207s] running egg_info
[0.207s] writing turtlebot_control.egg-info/PKG-INFO
[0.207s] writing dependency_links to turtlebot_control.egg-info/dependency_links.txt
[0.208s] writing top-level names to turtlebot_control.egg-info/top_level.txt
[0.209s] reading manifest file 'turtlebot_control.egg-info/SOURCES.txt'
[0.210s] writing manifest file 'turtlebot_control.egg-info/SOURCES.txt'
[0.226s] [ 96%] Built target ament_cmake_python_build_turtlebot_control_egg
[2.741s] [01m[K/ros_ws/src/turtlebot_control/src/turtlebot_control.cpp:[m[K In member function â€˜[01m[Kvoid TurtlebotControl::timer_callback()[m[Kâ€™:
[2.741s] [01m[K/ros_ws/src/turtlebot_control/src/turtlebot_control.cpp:151:42:[m[K [01;31m[Kerror: [m[Kno matching function for call to â€˜[01m[Kimage_transport::Publisher::publish(std::__shared_ptr_access<sensor_msgs::msg::Image_<std::allocator<void> >, __gnu_cxx::_S_atomic, false, false>::element_type&, sensor_msgs::msg::CameraInfo&)[m[Kâ€™
[2.741s]   151 |                 [01;31m[Kpub_current_img_->publish(*(cv_bridge::CvImage(header, "bgr8", current_frame).toImageMsg()), cam_info_)[m[K;
[2.741s]       |                 [01;31m[K~~~~~~~~~~~~~~~~~~~~~~~~~^~~~~~~~~~~~~~~~~~~~~~~~~~~~~~~~~~~~~~~~~~~~~~~~~~~~~~~~~~~~~~~~~~~~~~~~~~~~~~[m[K
[2.741s] In file included from [01m[K/opt/ros/humble/include/image_transport/image_transport/image_transport.hpp:41[m[K,
[2.741s]                  from [01m[K/ros_ws/src/turtlebot_control/src/turtlebot_control.cpp:5[m[K:
[2.741s] [01m[K/opt/ros/humble/include/image_transport/image_transport/publisher.hpp:97:8:[m[K [01;36m[Knote: [m[Kcandidate: â€˜[01m[Kvoid image_transport::Publisher::publish(const Image&) const[m[Kâ€™
[2.741s]    97 |   void [01;36m[Kpublish[m[K(const sensor_msgs::msg::Image & message) const;
[2.741s]       |        [01;36m[K^~~~~~~[m[K
[2.741s] [01m[K/opt/ros/humble/include/image_transport/image_transport/publisher.hpp:97:8:[m[K [01;36m[Knote: [m[K  candidate expects 1 argument, 2 provided
[2.741s] [01m[K/opt/ros/humble/include/image_transport/image_transport/publisher.hpp:103:8:[m[K [01;36m[Knote: [m[Kcandidate: â€˜[01m[Kvoid image_transport::Publisher::publish(const ConstSharedPtr&) const[m[Kâ€™
[2.741s]   103 |   void [01;36m[Kpublish[m[K(const sensor_msgs::msg::Image::ConstSharedPtr & message) const;
[2.741s]       |        [01;36m[K^~~~~~~[m[K
[2.741s] [01m[K/opt/ros/humble/include/image_transport/image_transport/publisher.hpp:103:8:[m[K [01;36m[Knote: [m[K  candidate expects 1 argument, 2 provided
[3.437s] gmake[2]: *** [CMakeFiles/turtlebot_control.dir/build.make:76: CMakeFiles/turtlebot_control.dir/src/turtlebot_control.cpp.o] Error 1
[3.437s] gmake[1]: *** [CMakeFiles/Makefile2:593: CMakeFiles/turtlebot_control.dir/all] Error 2
[3.437s] gmake: *** [Makefile:146: all] Error 2
[3.439s] Invoked command in '/ros_ws/aarch64_build/turtlebot_control' returned '2': CMAKE_PREFIX_PATH=/opt/ros/humble /usr/bin/cmake --build /ros_ws/aarch64_build/turtlebot_control -- -j8 -l8
