[01m[K/ros_ws/src/turtlebot_control/src/turtlebot_control.cpp:[m[K In member function â€˜[01m[Kvoid TurtlebotControl::timer_callback()[m[Kâ€™:
[01m[K/ros_ws/src/turtlebot_control/src/turtlebot_control.cpp:60:38:[m[K [01;31m[Kerror: [m[Kâ€˜[01m[KCAP_PROP_FPS[m[Kâ€™ was not declared in this scope; did you mean â€˜[01m[Kcv::CAP_PROP_FPS[m[Kâ€™?
   60 |                 double fps = cap.get([01;31m[KCAP_PROP_FPS[m[K)
      |                                      [01;31m[K^~~~~~~~~~~~[m[K
      |                                      [32m[Kcv::CAP_PROP_FPS[m[K
In file included from [01m[K/usr/include/opencv4/opencv2/highgui.hpp:51[m[K,
                 from [01m[K/ros_ws/src/turtlebot_control/src/turtlebot_control.cpp:6[m[K:
[01m[K/usr/include/opencv4/opencv2/videoio.hpp:140:8:[m[K [01;36m[Knote: [m[Kâ€˜[01m[Kcv::CAP_PROP_FPS[m[Kâ€™ declared here
  140 |        [01;36m[KCAP_PROP_FPS[m[K            =5, //!< Frame rate.
      |        [01;36m[K^~~~~~~~~~~~[m[K
[01m[K/ros_ws/src/turtlebot_control/src/turtlebot_control.cpp:70:32:[m[K [01;31m[Kerror: [m[Kâ€˜[01m[Knum_frames[m[Kâ€™ was not declared in this scope
   70 |                 for(int i=0; i<[01;31m[Knum_frames[m[K; i++){
      |                                [01;31m[K^~~~~~~~~~[m[K
In file included from [01m[K/opt/ros/humble/include/rclcpp/rclcpp/logging.hpp:24[m[K,
                 from [01m[K/opt/ros/humble/include/rclcpp/rclcpp/client.hpp:40[m[K,
                 from [01m[K/opt/ros/humble/include/rclcpp/rclcpp/callback_group.hpp:24[m[K,
                 from [01m[K/opt/ros/humble/include/rclcpp/rclcpp/any_executable.hpp:20[m[K,
                 from [01m[K/opt/ros/humble/include/rclcpp/rclcpp/memory_strategy.hpp:25[m[K,
                 from [01m[K/opt/ros/humble/include/rclcpp/rclcpp/memory_strategies.hpp:18[m[K,
                 from [01m[K/opt/ros/humble/include/rclcpp/rclcpp/executor_options.hpp:20[m[K,
                 from [01m[K/opt/ros/humble/include/rclcpp/rclcpp/executor.hpp:37[m[K,
                 from [01m[K/opt/ros/humble/include/rclcpp/rclcpp/executors/multi_threaded_executor.hpp:25[m[K,
                 from [01m[K/opt/ros/humble/include/rclcpp/rclcpp/executors.hpp:21[m[K,
                 from [01m[K/opt/ros/humble/include/rclcpp/rclcpp/rclcpp.hpp:155[m[K,
                 from [01m[K/ros_ws/src/turtlebot_control/src/turtlebot_control.cpp:2[m[K:
[01m[K/ros_ws/src/turtlebot_control/src/turtlebot_control.cpp:77:80:[m[K [01;31m[Kerror: [m[Kâ€˜[01m[Kcount[m[Kâ€™ was not declared in this scope; did you mean â€˜[01m[Kstd::count[m[Kâ€™?
   77 | CPP_INFO(rclcpp::get_logger("message"), "Frequency: %ld\n", [01;31m[Kcount[m[K/elapsed.count());
      |                                                             [01;31m[K^~~~~[m[K

In file included from [01m[K/usr/aarch64-linux-gnu/include/c++/11/algorithm:74[m[K,
                 from [01m[K/opt/ros/humble/include/rclcpp/rclcpp/executor.hpp:18[m[K,
                 from [01m[K/opt/ros/humble/include/rclcpp/rclcpp/executors/multi_threaded_executor.hpp:25[m[K,
                 from [01m[K/opt/ros/humble/include/rclcpp/rclcpp/executors.hpp:21[m[K,
                 from [01m[K/opt/ros/humble/include/rclcpp/rclcpp/rclcpp.hpp:155[m[K,
                 from [01m[K/ros_ws/src/turtlebot_control/src/turtlebot_control.cpp:2[m[K:
[01m[K/usr/aarch64-linux-gnu/include/c++/11/pstl/glue_algorithm_defs.h:101:1:[m[K [01;36m[Knote: [m[Kâ€˜[01m[Kstd::count[m[Kâ€™ declared here
  101 | [01;36m[Kcount[m[K(_ExecutionPolicy&& __exec, _ForwardIterator __first, _ForwardIterator __last, const _Tp& __value);
      | [01;36m[K^~~~~[m[K
[01m[K/ros_ws/src/turtlebot_control/src/turtlebot_control.cpp:60:24:[m[K [01;35m[Kwarning: [m[Kunused variable â€˜[01m[Kfps[m[Kâ€™ [[01;35m[K-Wunused-variable[m[K]
   60 |                 double [01;35m[Kfps[m[K = cap.get(CAP_PROP_FPS)
      |                        [01;35m[K^~~[m[K
gmake[2]: *** [CMakeFiles/turtlebot_control.dir/build.make:76: CMakeFiles/turtlebot_control.dir/src/turtlebot_control.cpp.o] Error 1
gmake[1]: *** [CMakeFiles/Makefile2:137: CMakeFiles/turtlebot_control.dir/all] Error 2
gmake: *** [Makefile:146: all] Error 2
