[0.010s] Invoking command in '/ros_ws/aarch64_build/turtlebot_control': CMAKE_PREFIX_PATH=/opt/ros/humble /usr/bin/cmake --build /ros_ws/aarch64_build/turtlebot_control -- -j8 -l8
[0.040s] [35m[1mConsolidate compiler generated dependencies of target turtlebot_control[0m
[0.061s] [ 50%] [32mBuilding CXX object CMakeFiles/turtlebot_control.dir/src/turtlebot_control.cpp.o[0m
[2.118s] [01m[K/ros_ws/src/turtlebot_control/src/turtlebot_control.cpp:[m[K In member function â€˜[01m[Kvoid TurtlebotControl::timer_callback()[m[Kâ€™:
[2.118s] [01m[K/ros_ws/src/turtlebot_control/src/turtlebot_control.cpp:114:39:[m[K [01;31m[Kerror: [m[Kexpected primary-expression before â€˜[01m[K:[m[Kâ€™ token
[2.118s]   114 |                 if (num_frames == 120)[01;31m[K:[m[K
[2.118s]       |                                       [01;31m[K^[m[K
[2.118s] [01m[K/ros_ws/src/turtlebot_control/src/turtlebot_control.cpp:118:13:[m[K [01;31m[Kerror: [m[Kexpected â€˜[01m[K;[m[Kâ€™ before â€˜[01m[K}[m[Kâ€™ token
[2.118s]   118 |             [01;31m[K}[m[K
[2.118s]       |             [01;31m[K^[m[K
[2.118s] [01m[K/ros_ws/src/turtlebot_control/src/turtlebot_control.cpp:60:24:[m[K [01;35m[Kwarning: [m[Kunused variable â€˜[01m[Kfps[m[Kâ€™ [[01;35m[K-Wunused-variable[m[K]
[2.118s]    60 |                 double [01;35m[Kfps[m[K = cap.get(cv::CAP_PROP_FPS);
[2.118s]       |                        [01;35m[K^~~[m[K
[2.529s] gmake[2]: *** [CMakeFiles/turtlebot_control.dir/build.make:76: CMakeFiles/turtlebot_control.dir/src/turtlebot_control.cpp.o] Error 1
[2.529s] gmake[1]: *** [CMakeFiles/Makefile2:137: CMakeFiles/turtlebot_control.dir/all] Error 2
[2.529s] gmake: *** [Makefile:146: all] Error 2
[2.531s] Invoked command in '/ros_ws/aarch64_build/turtlebot_control' returned '2': CMAKE_PREFIX_PATH=/opt/ros/humble /usr/bin/cmake --build /ros_ws/aarch64_build/turtlebot_control -- -j8 -l8
