[0.015s] Invoking command in '/home/megsindelar/Final_Project/ros_ws/build/img_transform': CMAKE_PREFIX_PATH=${CMAKE_PREFIX_PATH}:/home/megsindelar/ME_495/Final_Proj/install/attack_of_the_franka:/home/megsindelar/ME_495/Final_Proj/install/moveit_testing:/opt/ros/humble /usr/bin/cmake --build /home/megsindelar/Final_Project/ros_ws/build/img_transform -- -j8 -l8
[0.058s] [35m[1mConsolidate compiler generated dependencies of target img_transform[0m
[0.085s] [ 50%] [32mBuilding CXX object CMakeFiles/img_transform.dir/src/img_transform.cpp.o[0m
[2.952s] [01m[K/home/megsindelar/Final_Project/ros_ws/src/img_transform/src/img_transform.cpp:282:21:[m[K [01;31m[Kerror: [m[Kâ€˜[01m[KFalse[m[Kâ€™ was not declared in this scope
[2.952s]   282 |         bool done = [01;31m[KFalse[m[K;
[2.952s]       |                     [01;31m[K^~~~~[m[K
[3.022s] [01m[K/home/megsindelar/Final_Project/ros_ws/src/img_transform/src/img_transform.cpp:[m[K In member function â€˜[01m[Kvoid ImgTransform::timer_callback()[m[Kâ€™:
[3.022s] [01m[K/home/megsindelar/Final_Project/ros_ws/src/img_transform/src/img_transform.cpp:130:32:[m[K [01;35m[Kwarning: [m[Kcomparison of integer expressions of different signedness: â€˜[01m[Kint[m[Kâ€™ and â€˜[01m[Kstd::vector<cv::DMatch>::size_type[m[Kâ€™ {aka â€˜[01m[Klong unsigned int[m[Kâ€™} [[01;35m[K]8;;https://gcc.gnu.org/onlinedocs/gcc/Warning-Options.html#index-Wsign-compare-Wsign-compare]8;;[m[K]
[3.022s]   130 |                 for (int i=0; [01;35m[Ki<good_matches.size()[m[K; i++){
[3.022s]       |                               [01;35m[K~^~~~~~~~~~~~~~~~~~~~[m[K
[3.022s] [01m[K/home/megsindelar/Final_Project/ros_ws/src/img_transform/src/img_transform.cpp:153:38:[m[K [01;35m[Kwarning: [m[Kcomparison of integer expressions of different signedness: â€˜[01m[Ksize_t[m[Kâ€™ {aka â€˜[01m[Klong unsigned int[m[Kâ€™} and â€˜[01m[Kint[m[Kâ€™ [[01;35m[K]8;;https://gcc.gnu.org/onlinedocs/gcc/Warning-Options.html#index-Wsign-compare-Wsign-compare]8;;[m[K]
[3.022s]   153 |                 for (size_t i = 0; [01;35m[Ki < N[m[K; ++i) {
[3.022s]       |                                    [01;35m[K~~^~~[m[K
[3.092s] [01m[K/home/megsindelar/Final_Project/ros_ws/src/img_transform/src/img_transform.cpp:169:38:[m[K [01;35m[Kwarning: [m[Kcomparison of integer expressions of different signedness: â€˜[01m[Ksize_t[m[Kâ€™ {aka â€˜[01m[Klong unsigned int[m[Kâ€™} and â€˜[01m[Kint[m[Kâ€™ [[01;35m[K]8;;https://gcc.gnu.org/onlinedocs/gcc/Warning-Options.html#index-Wsign-compare-Wsign-compare]8;;[m[K]
[3.092s]   169 |                 for (size_t i = 0; [01;35m[Ki < N[m[K; ++i) {
[3.092s]       |                                    [01;35m[K~~^~~[m[K
[3.179s] [01m[K/home/megsindelar/Final_Project/ros_ws/src/img_transform/src/img_transform.cpp:252:41:[m[K [01;31m[Kerror: [m[Kâ€˜[01m[Kimg_match[m[Kâ€™ was not declared in this scope
[3.179s]   252 |                 imshow ( "image match", [01;31m[Kimg_match[m[K );
[3.179s]       |                                         [01;31m[K^~~~~~~~~[m[K
[3.186s] [01m[K/home/megsindelar/Final_Project/ros_ws/src/img_transform/src/img_transform.cpp:259:24:[m[K [01;31m[Kerror: [m[Kâ€˜[01m[KTrue[m[Kâ€™ was not declared in this scope
[3.186s]   259 |                 done = [01;31m[KTrue[m[K
[3.186s]       |                        [01;31m[K^~~~[m[K
[3.195s] [01m[K/home/megsindelar/Final_Project/ros_ws/src/img_transform/src/img_transform.cpp:262:85:[m[K [01;31m[Kerror: [m[Kâ€˜[01m[Kend_total[m[Kâ€™ was not declared in this scope; did you mean â€˜[01m[Kbegin_total[m[Kâ€™?
[3.196s]   262 | elapsed = std::chrono::duration_cast<std::chrono::nanoseconds>([01;31m[Kend_total[m[K - begin_total);
[3.196s]       |                                                                [01;31m[K^~~~~~~~~[m[K
[3.196s]       |                                                                [32m[Kbegin_total[m[K
[3.196s] [01m[K/home/megsindelar/Final_Project/ros_ws/src/img_transform/src/img_transform.cpp:98:40:[m[K [01;35m[Kwarning: [m[Kunused variable â€˜[01m[Kmax_dist[m[Kâ€™ [[01;35m[K]8;;https://gcc.gnu.org/onlinedocs/gcc/Warning-Options.html#index-Wunused-variable-Wunused-variable]8;;[m[K]
[3.196s]    98 |                 double min_dist=10000, [01;35m[Kmax_dist[m[K=0;
[3.196s]       |                                        [01;35m[K^~~~~~~~[m[K
[4.207s] gmake[2]: *** [CMakeFiles/img_transform.dir/build.make:76: CMakeFiles/img_transform.dir/src/img_transform.cpp.o] Error 1
[4.208s] gmake[1]: *** [CMakeFiles/Makefile2:137: CMakeFiles/img_transform.dir/all] Error 2
[4.208s] gmake: *** [Makefile:146: all] Error 2
[4.210s] Invoked command in '/home/megsindelar/Final_Project/ros_ws/build/img_transform' returned '2': CMAKE_PREFIX_PATH=${CMAKE_PREFIX_PATH}:/home/megsindelar/ME_495/Final_Proj/install/attack_of_the_franka:/home/megsindelar/ME_495/Final_Proj/install/moveit_testing:/opt/ros/humble /usr/bin/cmake --build /home/megsindelar/Final_Project/ros_ws/build/img_transform -- -j8 -l8
