[0.013s] Invoking command in '/home/megsindelar/Final_Project/ros_ws/build/img_transform': CMAKE_PREFIX_PATH=${CMAKE_PREFIX_PATH}:/home/megsindelar/ME_495/Final_Proj/install/attack_of_the_franka:/home/megsindelar/ME_495/Final_Proj/install/moveit_testing:/opt/ros/humble /usr/bin/cmake --build /home/megsindelar/Final_Project/ros_ws/build/img_transform -- -j8 -l8
[0.044s] [35m[1mConsolidate compiler generated dependencies of target video_frequency[0m
[0.054s] [ 50%] Built target img_transform
[0.059s] [ 75%] [32mBuilding CXX object CMakeFiles/video_frequency.dir/src/video_frequency.cpp.o[0m
[2.518s] [01m[K/home/megsindelar/Final_Project/ros_ws/src/img_transform/src/video_frequency.cpp:85:9:[m[K [01;31m[Kerror: [m[Knon-static data member declared with placeholder â€˜[01m[Kauto[m[Kâ€™
[2.518s]    85 |         [01;31m[Kauto[m[K count = 0;
[2.518s]       |         [01;31m[K^~~~[m[K
[3.144s] gmake[2]: *** [CMakeFiles/video_frequency.dir/build.make:76: CMakeFiles/video_frequency.dir/src/video_frequency.cpp.o] Error 1
[3.145s] gmake[1]: *** [CMakeFiles/Makefile2:165: CMakeFiles/video_frequency.dir/all] Error 2
[3.145s] gmake: *** [Makefile:146: all] Error 2
[3.147s] Invoked command in '/home/megsindelar/Final_Project/ros_ws/build/img_transform' returned '2': CMAKE_PREFIX_PATH=${CMAKE_PREFIX_PATH}:/home/megsindelar/ME_495/Final_Proj/install/attack_of_the_franka:/home/megsindelar/ME_495/Final_Proj/install/moveit_testing:/opt/ros/humble /usr/bin/cmake --build /home/megsindelar/Final_Project/ros_ws/build/img_transform -- -j8 -l8
