[0.016s] Invoking command in '/home/megsindelar/Final_Project/ros_ws/build/img_transform': CMAKE_PREFIX_PATH=${CMAKE_PREFIX_PATH}:/home/megsindelar/ME_495/Final_Proj/install/attack_of_the_franka:/home/megsindelar/ME_495/Final_Proj/install/moveit_testing:/opt/ros/humble /usr/bin/cmake --build /home/megsindelar/Final_Project/ros_ws/build/img_transform -- -j8 -l8
[0.059s] [35m[1mConsolidate compiler generated dependencies of target img_transform[0m
[0.081s] [ 50%] [32mBuilding CXX object CMakeFiles/img_transform.dir/src/img_transform.cpp.o[0m
[2.971s] [01m[K/home/megsindelar/Final_Project/ros_ws/src/img_transform/src/img_transform.cpp:[m[K In member function â€˜[01m[Kvoid ImgTransform::timer_callback()[m[Kâ€™:
[2.971s] [01m[K/home/megsindelar/Final_Project/ros_ws/src/img_transform/src/img_transform.cpp:84:17:[m[K [01;31m[Kerror: [m[Kexpected â€˜[01m[K;[m[Kâ€™ before â€˜[01m[Kauto[m[Kâ€™
[2.971s]    84 |                 [01;31m[Kauto[m[K begin_total = std::chrono::high_resolution_clock::now();
[2.971s]       |                 [01;31m[K^~~~[m[K
[2.977s] [01m[K/home/megsindelar/Final_Project/ros_ws/src/img_transform/src/img_transform.cpp:140:32:[m[K [01;35m[Kwarning: [m[Kcomparison of integer expressions of different signedness: â€˜[01m[Kint[m[Kâ€™ and â€˜[01m[Kstd::vector<cv::DMatch>::size_type[m[Kâ€™ {aka â€˜[01m[Klong unsigned int[m[Kâ€™} [[01;35m[K]8;;https://gcc.gnu.org/onlinedocs/gcc/Warning-Options.html#index-Wsign-compare-Wsign-compare]8;;[m[K]
[2.977s]   140 |                 for (int i=0; [01;35m[Ki<good_matches.size()[m[K; i++){
[2.977s]       |                               [01;35m[K~^~~~~~~~~~~~~~~~~~~~[m[K
[2.977s] [01m[K/home/megsindelar/Final_Project/ros_ws/src/img_transform/src/img_transform.cpp:163:38:[m[K [01;35m[Kwarning: [m[Kcomparison of integer expressions of different signedness: â€˜[01m[Ksize_t[m[Kâ€™ {aka â€˜[01m[Klong unsigned int[m[Kâ€™} and â€˜[01m[Kint[m[Kâ€™ [[01;35m[K]8;;https://gcc.gnu.org/onlinedocs/gcc/Warning-Options.html#index-Wsign-compare-Wsign-compare]8;;[m[K]
[2.977s]   163 |                 for (size_t i = 0; [01;35m[Ki < N[m[K; ++i) {
[2.977s]       |                                    [01;35m[K~~^~~[m[K
[3.043s] [01m[K/home/megsindelar/Final_Project/ros_ws/src/img_transform/src/img_transform.cpp:179:38:[m[K [01;35m[Kwarning: [m[Kcomparison of integer expressions of different signedness: â€˜[01m[Ksize_t[m[Kâ€™ {aka â€˜[01m[Klong unsigned int[m[Kâ€™} and â€˜[01m[Kint[m[Kâ€™ [[01;35m[K]8;;https://gcc.gnu.org/onlinedocs/gcc/Warning-Options.html#index-Wsign-compare-Wsign-compare]8;;[m[K]
[3.043s]   179 |                 for (size_t i = 0; [01;35m[Ki < N[m[K; ++i) {
[3.043s]       |                                    [01;35m[K~~^~~[m[K
[3.117s] [01m[K/home/megsindelar/Final_Project/ros_ws/src/img_transform/src/img_transform.cpp:278:40:[m[K [01;31m[Kerror: [m[Kâ€˜[01m[Kclass Eigen::Matrix<double, 3, -1>[m[Kâ€™ has no member named â€˜[01m[Kat[m[Kâ€™; did you mean â€˜[01m[Kdata[m[Kâ€™?
[3.117s]   278 |                 prev_pos(0) = prev_pos.[01;31m[Kat[m[K(0)
[3.117s]       |                                        [01;31m[K^~[m[K
[3.117s]       |                                        [32m[Kdata[m[K
[3.128s] [01m[K/home/megsindelar/Final_Project/ros_ws/src/img_transform/src/img_transform.cpp:289:17:[m[K [01;31m[Kerror: [m[Kâ€˜[01m[Kcurrent_pos[m[Kâ€™ was not declared in this scope; did you mean â€˜[01m[Kcurrent_img[m[Kâ€™?
[3.128s]   289 |                 [01;31m[Kcurrent_pos[m[K = transformation.inverse()*prev_pos;
[3.128s]       |                 [01;31m[K^~~~~~~~~~~[m[K
[3.128s]       |                 [32m[Kcurrent_img[m[K
[3.139s] [01m[K/home/megsindelar/Final_Project/ros_ws/src/img_transform/src/img_transform.cpp:108:40:[m[K [01;35m[Kwarning: [m[Kunused variable â€˜[01m[Kmax_dist[m[Kâ€™ [[01;35m[K]8;;https://gcc.gnu.org/onlinedocs/gcc/Warning-Options.html#index-Wunused-variable-Wunused-variable]8;;[m[K]
[3.139s]   108 |                 double min_dist=10000, [01;35m[Kmax_dist[m[K=0;
[3.139s]       |                                        [01;35m[K^~~~~~~~[m[K
[4.373s] gmake[2]: *** [CMakeFiles/img_transform.dir/build.make:76: CMakeFiles/img_transform.dir/src/img_transform.cpp.o] Error 1
[4.373s] gmake[1]: *** [CMakeFiles/Makefile2:137: CMakeFiles/img_transform.dir/all] Error 2
[4.373s] gmake: *** [Makefile:146: all] Error 2
[4.376s] Invoked command in '/home/megsindelar/Final_Project/ros_ws/build/img_transform' returned '2': CMAKE_PREFIX_PATH=${CMAKE_PREFIX_PATH}:/home/megsindelar/ME_495/Final_Proj/install/attack_of_the_franka:/home/megsindelar/ME_495/Final_Proj/install/moveit_testing:/opt/ros/humble /usr/bin/cmake --build /home/megsindelar/Final_Project/ros_ws/build/img_transform -- -j8 -l8
