[0.009s] Invoking command in '/home/megsindelar/Final_Project/raspberry_pi_ws/build/turtlebot_control': CMAKE_PREFIX_PATH=${CMAKE_PREFIX_PATH}:/home/megsindelar/ME_495/Final_Proj/install/attack_of_the_franka:/home/megsindelar/ME_495/Final_Proj/install/moveit_testing:/opt/ros/humble /usr/bin/cmake --build /home/megsindelar/Final_Project/raspberry_pi_ws/build/turtlebot_control -- -j8 -l8
[0.044s] [ 12%] Built target turtlebot_control_msg__cpp
[0.044s] [ 12%] Built target turtlebot_control_msg__rosidl_generator_c
[0.051s] [ 12%] Built target ament_cmake_python_copy_turtlebot_control
[0.062s] [ 21%] Built target turtlebot_control_msg__rosidl_typesupport_fastrtps_c
[0.063s] [ 30%] Built target turtlebot_control_msg__rosidl_typesupport_c
[0.063s] [ 39%] Built target turtlebot_control_msg__rosidl_typesupport_cpp
[0.063s] [ 48%] Built target turtlebot_control_msg__rosidl_typesupport_introspection_c
[0.064s] [ 57%] Built target turtlebot_control_msg__rosidl_typesupport_fastrtps_cpp
[0.064s] [ 66%] Built target turtlebot_control_msg__rosidl_typesupport_introspection_cpp
[0.072s] [35m[1mConsolidate compiler generated dependencies of target turtlebot_control[0m
[0.078s] [ 66%] Built target turtlebot_control_msg
[0.085s] [ 69%] [32mBuilding CXX object CMakeFiles/turtlebot_control.dir/src/turtlebot_control.cpp.o[0m
[0.092s] [ 72%] Built target turtlebot_control_msg__py
[0.107s] [ 78%] Built target turtlebot_control_msg__rosidl_generator_py
[0.122s] [ 90%] Built target turtlebot_control__rosidl_typesupport_c__pyext
[0.122s] [ 90%] Built target turtlebot_control__rosidl_typesupport_introspection_c__pyext
[0.126s] [ 96%] Built target turtlebot_control__rosidl_typesupport_fastrtps_c__pyext
[0.237s] running egg_info
[0.237s] writing turtlebot_control.egg-info/PKG-INFO
[0.237s] writing dependency_links to turtlebot_control.egg-info/dependency_links.txt
[0.237s] writing top-level names to turtlebot_control.egg-info/top_level.txt
[0.239s] reading manifest file 'turtlebot_control.egg-info/SOURCES.txt'
[0.239s] writing manifest file 'turtlebot_control.egg-info/SOURCES.txt'
[0.256s] [ 96%] Built target ament_cmake_python_build_turtlebot_control_egg
[1.879s] [01m[K/home/megsindelar/Final_Project/raspberry_pi_ws/src/turtlebot_control/src/turtlebot_control.cpp:[m[K In member function â€˜[01m[Kvoid TurtlebotControl::timer_callback()[m[Kâ€™:
[1.880s] [01m[K/home/megsindelar/Final_Project/raspberry_pi_ws/src/turtlebot_control/src/turtlebot_control.cpp:84:21:[m[K [01;31m[Kerror: [m[Kâ€˜[01m[Kdetector[m[Kâ€™ was not declared in this scope
[1.880s]    84 |                     [01;31m[Kdetector[m[K->detect (prev_frame ,keypoints_1 );
[1.880s]       |                     [01;31m[K^~~~~~~~[m[K
[1.880s] [01m[K/home/megsindelar/Final_Project/raspberry_pi_ws/src/turtlebot_control/src/turtlebot_control.cpp:152:13:[m[K [01;31m[Kerror: [m[Kexpected â€˜[01m[K;[m[Kâ€™ before â€˜[01m[K}[m[Kâ€™ token
[1.880s]   152 |             [01;31m[K}[m[K
[1.880s]       |             [01;31m[K^[m[K
[2.412s] gmake[2]: *** [CMakeFiles/turtlebot_control.dir/build.make:76: CMakeFiles/turtlebot_control.dir/src/turtlebot_control.cpp.o] Error 1
[2.412s] gmake[1]: *** [CMakeFiles/Makefile2:593: CMakeFiles/turtlebot_control.dir/all] Error 2
[2.412s] gmake: *** [Makefile:146: all] Error 2
[2.413s] Invoked command in '/home/megsindelar/Final_Project/raspberry_pi_ws/build/turtlebot_control' returned '2': CMAKE_PREFIX_PATH=${CMAKE_PREFIX_PATH}:/home/megsindelar/ME_495/Final_Proj/install/attack_of_the_franka:/home/megsindelar/ME_495/Final_Proj/install/moveit_testing:/opt/ros/humble /usr/bin/cmake --build /home/megsindelar/Final_Project/raspberry_pi_ws/build/turtlebot_control -- -j8 -l8
