[01m[K/home/megsindelar/Final_Project/raspberry_pi_ws/src/turtlebot_control/src/turtlebot_control.cpp:[m[K In member function â€˜[01m[Kvoid TurtlebotControl::timer_callback()[m[Kâ€™:
[01m[K/home/megsindelar/Final_Project/raspberry_pi_ws/src/turtlebot_control/src/turtlebot_control.cpp:91:48:[m[K [01;31m[Kerror: [m[Kâ€˜[01m[Kkeypoints_1[m[Kâ€™ was not declared in this scope; did you mean â€˜[01m[Kkeypoints1[m[Kâ€™?
   91 |                     for (int i = 0; i < sizeof([01;31m[Kkeypoints_1[m[K); i++){
      |                                                [01;31m[K^~~~~~~~~~~[m[K
      |                                                [32m[Kkeypoints1[m[K
gmake[2]: *** [CMakeFiles/turtlebot_control.dir/build.make:76: CMakeFiles/turtlebot_control.dir/src/turtlebot_control.cpp.o] Error 1
gmake[1]: *** [CMakeFiles/Makefile2:593: CMakeFiles/turtlebot_control.dir/all] Error 2
gmake: *** [Makefile:146: all] Error 2
