[0.010s] Invoking command in '/home/megsindelar/Final_Project/raspberry_pi_ws/build/turtlebot_control': CMAKE_PREFIX_PATH=${CMAKE_PREFIX_PATH}:/home/megsindelar/ME_495/Final_Proj/install/attack_of_the_franka:/home/megsindelar/ME_495/Final_Proj/install/moveit_testing:/opt/ros/humble /usr/bin/cmake --build /home/megsindelar/Final_Project/raspberry_pi_ws/build/turtlebot_control -- -j8 -l8
[0.038s] [35m[1mConsolidate compiler generated dependencies of target turtlebot_control_msg__rosidl_generator_c[0m
[0.044s] [  3%] Built target turtlebot_control_msg__cpp
[0.045s] [ 12%] Built target turtlebot_control_msg__rosidl_generator_c
[0.052s] [ 12%] Built target ament_cmake_python_copy_turtlebot_control
[0.052s] [35m[1mConsolidate compiler generated dependencies of target turtlebot_control_msg__rosidl_typesupport_introspection_c[0m
[0.053s] [35m[1mConsolidate compiler generated dependencies of target turtlebot_control_msg__rosidl_typesupport_cpp[0m
[0.053s] [35m[1mConsolidate compiler generated dependencies of target turtlebot_control_msg__rosidl_typesupport_introspection_cpp[0m
[0.053s] [35m[1mConsolidate compiler generated dependencies of target turtlebot_control_msg__rosidl_typesupport_c[0m
[0.054s] [35m[1mConsolidate compiler generated dependencies of target turtlebot_control_msg__rosidl_typesupport_fastrtps_c[0m
[0.055s] [35m[1mConsolidate compiler generated dependencies of target turtlebot_control_msg__rosidl_typesupport_fastrtps_cpp[0m
[0.062s] [ 21%] Built target turtlebot_control_msg__rosidl_typesupport_introspection_c
[0.063s] [ 30%] Built target turtlebot_control_msg__rosidl_typesupport_c
[0.064s] [ 48%] Built target turtlebot_control_msg__rosidl_typesupport_introspection_cpp
[0.064s] [ 48%] Built target turtlebot_control_msg__rosidl_typesupport_cpp
[0.064s] [ 57%] Built target turtlebot_control_msg__rosidl_typesupport_fastrtps_cpp
[0.065s] [ 66%] Built target turtlebot_control_msg__rosidl_typesupport_fastrtps_c
[0.073s] [35m[1mConsolidate compiler generated dependencies of target turtlebot_control[0m
[0.079s] [ 66%] Built target turtlebot_control_msg
[0.085s] [ 69%] [32mBuilding CXX object CMakeFiles/turtlebot_control.dir/src/turtlebot_control.cpp.o[0m
[0.092s] [ 72%] Built target turtlebot_control_msg__py
[0.099s] [35m[1mConsolidate compiler generated dependencies of target turtlebot_control_msg__rosidl_generator_py[0m
[0.108s] [ 78%] Built target turtlebot_control_msg__rosidl_generator_py
[0.116s] [35m[1mConsolidate compiler generated dependencies of target turtlebot_control__rosidl_typesupport_introspection_c__pyext[0m
[0.116s] [35m[1mConsolidate compiler generated dependencies of target turtlebot_control__rosidl_typesupport_c__pyext[0m
[0.118s] [35m[1mConsolidate compiler generated dependencies of target turtlebot_control__rosidl_typesupport_fastrtps_c__pyext[0m
[0.124s] [ 84%] Built target turtlebot_control__rosidl_typesupport_introspection_c__pyext
[0.125s] [ 90%] Built target turtlebot_control__rosidl_typesupport_c__pyext
[0.129s] [ 96%] Built target turtlebot_control__rosidl_typesupport_fastrtps_c__pyext
[0.246s] running egg_info
[0.247s] writing turtlebot_control.egg-info/PKG-INFO
[0.247s] writing dependency_links to turtlebot_control.egg-info/dependency_links.txt
[0.247s] writing top-level names to turtlebot_control.egg-info/top_level.txt
[0.248s] reading manifest file 'turtlebot_control.egg-info/SOURCES.txt'
[0.249s] writing manifest file 'turtlebot_control.egg-info/SOURCES.txt'
[0.267s] [ 96%] Built target ament_cmake_python_build_turtlebot_control_egg
[1.892s] [01m[K/home/megsindelar/Final_Project/raspberry_pi_ws/src/turtlebot_control/src/turtlebot_control.cpp:[m[K In member function â€˜[01m[Kvoid TurtlebotControl::timer_callback()[m[Kâ€™:
[1.892s] [01m[K/home/megsindelar/Final_Project/raspberry_pi_ws/src/turtlebot_control/src/turtlebot_control.cpp:91:48:[m[K [01;31m[Kerror: [m[Kâ€˜[01m[Kkeypoints_1[m[Kâ€™ was not declared in this scope; did you mean â€˜[01m[Kkeypoints1[m[Kâ€™?
[1.892s]    91 |                     for (int i = 0; i < sizeof([01;31m[Kkeypoints_1[m[K); i++){
[1.892s]       |                                                [01;31m[K^~~~~~~~~~~[m[K
[1.892s]       |                                                [32m[Kkeypoints1[m[K
[2.486s] gmake[2]: *** [CMakeFiles/turtlebot_control.dir/build.make:76: CMakeFiles/turtlebot_control.dir/src/turtlebot_control.cpp.o] Error 1
[2.486s] gmake[1]: *** [CMakeFiles/Makefile2:593: CMakeFiles/turtlebot_control.dir/all] Error 2
[2.486s] gmake: *** [Makefile:146: all] Error 2
[2.487s] Invoked command in '/home/megsindelar/Final_Project/raspberry_pi_ws/build/turtlebot_control' returned '2': CMAKE_PREFIX_PATH=${CMAKE_PREFIX_PATH}:/home/megsindelar/ME_495/Final_Proj/install/attack_of_the_franka:/home/megsindelar/ME_495/Final_Proj/install/moveit_testing:/opt/ros/humble /usr/bin/cmake --build /home/megsindelar/Final_Project/raspberry_pi_ws/build/turtlebot_control -- -j8 -l8
