[0.017s] Invoking command in '/home/megsindelar/Final_Project/raspberry_pi_ws/build/turtlebot_control': CMAKE_PREFIX_PATH=${CMAKE_PREFIX_PATH}:/home/megsindelar/ME_495/Final_Proj/install/attack_of_the_franka:/home/megsindelar/ME_495/Final_Proj/install/moveit_testing:/opt/ros/humble /usr/bin/cmake --build /home/megsindelar/Final_Project/raspberry_pi_ws/build/turtlebot_control -- -j8 -l8
[0.043s] -- Found ament_cmake: 1.3.3 (/opt/ros/humble/share/ament_cmake/cmake)
[0.204s] -- Found rclcpp: 16.0.3 (/opt/ros/humble/share/rclcpp/cmake)
[0.233s] -- Found rosidl_generator_c: 3.1.4 (/opt/ros/humble/share/rosidl_generator_c/cmake)
[0.235s] -- Found rosidl_adapter: 3.1.4 (/opt/ros/humble/share/rosidl_adapter/cmake)
[0.241s] -- Found rosidl_generator_cpp: 3.1.4 (/opt/ros/humble/share/rosidl_generator_cpp/cmake)
[0.251s] -- Using all available rosidl_typesupport_c: rosidl_typesupport_fastrtps_c;rosidl_typesupport_introspection_c
[0.265s] -- Using all available rosidl_typesupport_cpp: rosidl_typesupport_fastrtps_cpp;rosidl_typesupport_introspection_cpp
[0.318s] -- Found rmw_implementation_cmake: 6.1.1 (/opt/ros/humble/share/rmw_implementation_cmake/cmake)
[0.319s] -- Found rmw_fastrtps_cpp: 6.2.2 (/opt/ros/humble/share/rmw_fastrtps_cpp/cmake)
[0.442s] -- Using RMW implementation 'rmw_fastrtps_cpp' as default
[0.583s] -- Found sensor_msgs: 4.2.3 (/opt/ros/humble/share/sensor_msgs/cmake)
[0.707s] -- Found cv_bridge: 3.2.1 (/opt/ros/humble/share/cv_bridge/cmake)
[0.714s] -- Found image_transport: 3.1.5 (/opt/ros/humble/share/image_transport/cmake)
[0.749s] -- Found rosidl_default_generators: 1.2.0 (/opt/ros/humble/share/rosidl_default_generators/cmake)
[1.020s] -- Found ament_cmake_ros: 0.10.0 (/opt/ros/humble/share/ament_cmake_ros/cmake)
[1.322s] -- Using all available rosidl_typesupport_c: rosidl_typesupport_fastrtps_c;rosidl_typesupport_introspection_c
[1.450s] -- Using all available rosidl_typesupport_cpp: rosidl_typesupport_fastrtps_cpp;rosidl_typesupport_introspection_cpp
[1.473s] -- Found python_cmake_module: 0.10.0 (/opt/ros/humble/share/python_cmake_module/cmake)
[1.497s] -- Using PYTHON_EXECUTABLE: /usr/bin/python3
[1.497s] -- Using PYTHON_INCLUDE_DIRS: /usr/include/python3.10
[1.497s] -- Using PYTHON_LIBRARIES: /usr/lib/x86_64-linux-gnu/libpython3.10.so
[1.509s] -- Found ament_lint_auto: 0.12.5 (/opt/ros/humble/share/ament_lint_auto/cmake)
[1.516s] -- Added test 'cppcheck' to perform static code analysis on C / C++ code
[1.516s] -- Configured cppcheck include dirs: 
[1.516s] -- Configured cppcheck exclude dirs and/or files: 
[1.516s] -- Added test 'lint_cmake' to check CMake code style
[1.517s] -- Added test 'uncrustify' to check C / C++ code style
[1.517s] -- Configured uncrustify additional arguments: 
[1.518s] -- Added test 'xmllint' to check XML markup files
[1.519s] -- Configuring done
[1.551s] -- Generating done
[1.554s] -- Build files have been written to: /home/megsindelar/Final_Project/raspberry_pi_ws/build/turtlebot_control
[1.585s] [35m[1mConsolidate compiler generated dependencies of target turtlebot_control_msg__rosidl_generator_c[0m
[1.591s] [35m[1mConsolidate compiler generated dependencies of target turtlebot_control[0m
[1.597s] [  3%] [32mBuilding C object CMakeFiles/turtlebot_control_msg__rosidl_generator_c.dir/rosidl_generator_c/turtlebot_control/msg/detail/keypoints__functions.c.o[0m
[1.599s] [  6%] Built target turtlebot_control_msg__cpp
[1.607s] [  6%] Built target ament_cmake_python_copy_turtlebot_control
[1.613s] [35m[1mConsolidate compiler generated dependencies of target turtlebot_control_msg__rosidl_typesupport_cpp[0m
[1.614s] [35m[1mConsolidate compiler generated dependencies of target turtlebot_control_msg__rosidl_typesupport_introspection_cpp[0m
[1.614s] [35m[1mConsolidate compiler generated dependencies of target turtlebot_control_msg__rosidl_typesupport_fastrtps_cpp[0m
[1.615s] [  9%] [32mBuilding CXX object CMakeFiles/turtlebot_control.dir/src/turtlebot_control.cpp.o[0m
[1.629s] [ 12%] [32mBuilding CXX object CMakeFiles/turtlebot_control_msg__rosidl_typesupport_cpp.dir/rosidl_typesupport_cpp/turtlebot_control/msg/keypoints__type_support.cpp.o[0m
[1.630s] [ 15%] [32mBuilding CXX object CMakeFiles/turtlebot_control_msg__rosidl_typesupport_introspection_cpp.dir/rosidl_typesupport_introspection_cpp/turtlebot_control/msg/detail/keypoints__type_support.cpp.o[0m
[1.635s] [ 18%] [32mBuilding CXX object CMakeFiles/turtlebot_control_msg__rosidl_typesupport_fastrtps_cpp.dir/rosidl_typesupport_fastrtps_cpp/turtlebot_control/msg/detail/dds_fastrtps/keypoints__type_support.cpp.o[0m
[1.675s] [ 21%] [32m[1mLinking C shared library libturtlebot_control_msg__rosidl_generator_c.so[0m
[1.733s] [ 24%] Built target turtlebot_control_msg__rosidl_generator_c
[1.751s] [35m[1mConsolidate compiler generated dependencies of target turtlebot_control_msg__rosidl_typesupport_c[0m
[1.752s] [35m[1mConsolidate compiler generated dependencies of target turtlebot_control_msg__rosidl_typesupport_introspection_c[0m
[1.752s] [35m[1mConsolidate compiler generated dependencies of target turtlebot_control_msg__rosidl_typesupport_fastrtps_c[0m
[1.770s] [ 27%] [32mBuilding C object CMakeFiles/turtlebot_control_msg__rosidl_typesupport_introspection_c.dir/rosidl_typesupport_introspection_c/turtlebot_control/msg/detail/keypoints__type_support.c.o[0m
[1.770s] [ 30%] [32mBuilding CXX object CMakeFiles/turtlebot_control_msg__rosidl_typesupport_c.dir/rosidl_typesupport_c/turtlebot_control/msg/keypoints__type_support.cpp.o[0m
[1.774s] [ 33%] [32mBuilding CXX object CMakeFiles/turtlebot_control_msg__rosidl_typesupport_fastrtps_c.dir/rosidl_typesupport_fastrtps_c/turtlebot_control/msg/detail/keypoints__type_support_c.cpp.o[0m
[1.822s] [ 36%] [32m[1mLinking CXX shared library libturtlebot_control_msg__rosidl_typesupport_c.so[0m
[1.835s] [ 39%] [32m[1mLinking C shared library libturtlebot_control_msg__rosidl_typesupport_introspection_c.so[0m
[1.901s] [ 42%] Built target turtlebot_control_msg__rosidl_typesupport_c
[1.906s] [ 45%] Built target turtlebot_control_msg__rosidl_typesupport_introspection_c
[2.030s] running egg_info
[2.031s] writing turtlebot_control.egg-info/PKG-INFO
[2.032s] writing dependency_links to turtlebot_control.egg-info/dependency_links.txt
[2.032s] writing top-level names to turtlebot_control.egg-info/top_level.txt
[2.036s] reading manifest file 'turtlebot_control.egg-info/SOURCES.txt'
[2.037s] writing manifest file 'turtlebot_control.egg-info/SOURCES.txt'
[2.072s] [ 45%] Built target ament_cmake_python_build_turtlebot_control_egg
[2.080s] [01m[K/home/megsindelar/Final_Project/raspberry_pi_ws/src/turtlebot_control/src/turtlebot_control.cpp:15:10:[m[K [01;31m[Kfatal error: [m[Kturtlebot_control/msg/keypoints.hpp: No such file or directory
[2.080s]    15 | #include [01;31m[K"turtlebot_control/msg/keypoints.hpp"[m[K
[2.080s]       |          [01;31m[K^~~~~~~~~~~~~~~~~~~~~~~~~~~~~~~~~~~~~[m[K
[2.080s] compilation terminated.
[2.085s] gmake[2]: *** [CMakeFiles/turtlebot_control.dir/build.make:76: CMakeFiles/turtlebot_control.dir/src/turtlebot_control.cpp.o] Error 1
[2.085s] gmake[1]: *** [CMakeFiles/Makefile2:592: CMakeFiles/turtlebot_control.dir/all] Error 2
[2.085s] gmake[1]: *** Waiting for unfinished jobs....
[2.087s] [ 48%] [32m[1mLinking CXX shared library libturtlebot_control_msg__rosidl_typesupport_cpp.so[0m
[2.141s] [ 51%] Built target turtlebot_control_msg__rosidl_typesupport_cpp
[2.248s] [ 54%] [32m[1mLinking CXX shared library libturtlebot_control_msg__rosidl_typesupport_introspection_cpp.so[0m
[2.287s] [ 57%] [32m[1mLinking CXX shared library libturtlebot_control_msg__rosidl_typesupport_fastrtps_cpp.so[0m
[2.293s] [ 60%] [32m[1mLinking CXX shared library libturtlebot_control_msg__rosidl_typesupport_fastrtps_c.so[0m
[2.333s] [ 63%] Built target turtlebot_control_msg__rosidl_typesupport_introspection_cpp
[2.373s] [ 66%] Built target turtlebot_control_msg__rosidl_typesupport_fastrtps_cpp
[2.376s] [ 69%] Built target turtlebot_control_msg__rosidl_typesupport_fastrtps_c
[2.377s] gmake: *** [Makefile:146: all] Error 2
[2.379s] Invoked command in '/home/megsindelar/Final_Project/raspberry_pi_ws/build/turtlebot_control' returned '2': CMAKE_PREFIX_PATH=${CMAKE_PREFIX_PATH}:/home/megsindelar/ME_495/Final_Proj/install/attack_of_the_franka:/home/megsindelar/ME_495/Final_Proj/install/moveit_testing:/opt/ros/humble /usr/bin/cmake --build /home/megsindelar/Final_Project/raspberry_pi_ws/build/turtlebot_control -- -j8 -l8
