[0.012s] Invoking command in '/home/megsindelar/Final_Project/ros_ws/build/img_transform': CMAKE_PREFIX_PATH=${CMAKE_PREFIX_PATH}:/home/megsindelar/ME_495/Final_Proj/install/attack_of_the_franka:/home/megsindelar/ME_495/Final_Proj/install/moveit_testing:/opt/ros/humble /usr/bin/cmake --build /home/megsindelar/Final_Project/ros_ws/build/img_transform -- -j8 -l8
[0.038s] [35m[1mConsolidate compiler generated dependencies of target img_transform[0m
[0.050s] [ 50%] [32mBuilding CXX object CMakeFiles/img_transform.dir/src/img_transform.cpp.o[0m
[1.655s] [01m[K/home/megsindelar/Final_Project/ros_ws/src/active_slam/src/img_transform.cpp:[m[K In constructor â€˜[01m[KImgTransform::ImgTransform()[m[Kâ€™:
[1.655s] [01m[K/home/megsindelar/Final_Project/ros_ws/src/active_slam/src/img_transform.cpp:37:9:[m[K [01;31m[Kerror: [m[Kexpected â€˜[01m[K;[m[Kâ€™ before â€˜[01m[Kdeclare_parameter[m[Kâ€™
[1.655s]    37 |         [01;31m[Kdeclare_parameter[m[K("rate", 200);
[1.655s]       |         [01;31m[K^~~~~~~~~~~~~~~~~[m[K
[1.663s] [01m[K/home/megsindelar/Final_Project/ros_ws/src/active_slam/src/img_transform.cpp:[m[K In member function â€˜[01m[Kvoid ImgTransform::timer_callback()[m[Kâ€™:
[1.663s] [01m[K/home/megsindelar/Final_Project/ros_ws/src/active_slam/src/img_transform.cpp:51:37:[m[K [01;31m[Kerror: [m[Kâ€˜[01m[Kimread[m[Kâ€™ was not declared in this scope; did you mean â€˜[01m[Kcv::imread[m[Kâ€™?
[1.663s]    51 |             cv::Mat current_frame = [01;31m[Kimread[m[K("include/image.jpg")
[1.663s]       |                                     [01;31m[K^~~~~~[m[K
[1.663s]       |                                     [32m[Kcv::imread[m[K
[1.663s] In file included from [01m[K/usr/include/opencv4/opencv2/highgui.hpp:48[m[K,
[1.663s]                  from [01m[K/home/megsindelar/Final_Project/ros_ws/src/active_slam/src/img_transform.cpp:5[m[K:
[1.663s] [01m[K/usr/include/opencv4/opencv2/imgcodecs.hpp:206:18:[m[K [01;36m[Knote: [m[Kâ€˜[01m[Kcv::imread[m[Kâ€™ declared here
[1.663s]   206 | CV_EXPORTS_W Mat [01;36m[Kimread[m[K( const String& filename, int flags = IMREAD_COLOR );
[1.663s]       |                  [01;36m[K^~~~~~[m[K
[1.666s] [01m[K/home/megsindelar/Final_Project/ros_ws/src/active_slam/src/img_transform.cpp:[m[K In member function â€˜[01m[Kvoid ImgTransform::img_callback(const ConstSharedPtr&, const ConstSharedPtr&)[m[Kâ€™:
[1.666s] [01m[K/home/megsindelar/Final_Project/ros_ws/src/active_slam/src/img_transform.cpp:62:23:[m[K [01;31m[Kerror: [m[Kno matching function for call to â€˜[01m[Kimshow(cv::Mat&)[m[Kâ€™
[1.666s]    62 |             [01;31m[Kcv::imshow(cv_bridge::toCvCopy(*msg, msg->encoding)->image)[m[K;
[1.666s]       |             [01;31m[K~~~~~~~~~~^~~~~~~~~~~~~~~~~~~~~~~~~~~~~~~~~~~~~~~~~~~~~~~~~[m[K
[1.666s] In file included from [01m[K/home/megsindelar/Final_Project/ros_ws/src/active_slam/src/img_transform.cpp:5[m[K:
[1.666s] [01m[K/usr/include/opencv4/opencv2/highgui.hpp:416:19:[m[K [01;36m[Knote: [m[Kcandidate: â€˜[01m[Kvoid cv::imshow(const String&, cv::InputArray)[m[Kâ€™
[1.666s]   416 | CV_EXPORTS_W void [01;36m[Kimshow[m[K(const String& winname, InputArray mat);
[1.666s]       |                   [01;36m[K^~~~~~[m[K
[1.666s] [01m[K/usr/include/opencv4/opencv2/highgui.hpp:416:19:[m[K [01;36m[Knote: [m[K  candidate expects 2 arguments, 1 provided
[1.666s] [01m[K/usr/include/opencv4/opencv2/highgui.hpp:651:17:[m[K [01;36m[Knote: [m[Kcandidate: â€˜[01m[Kvoid cv::imshow(const String&, const cv::ogl::Texture2D&)[m[Kâ€™
[1.666s]   651 | CV_EXPORTS void [01;36m[Kimshow[m[K(const String& winname, const ogl::Texture2D& tex);
[1.667s]       |                 [01;36m[K^~~~~~[m[K
[1.667s] [01m[K/usr/include/opencv4/opencv2/highgui.hpp:651:17:[m[K [01;36m[Knote: [m[K  candidate expects 2 arguments, 1 provided
[2.020s] gmake[2]: *** [CMakeFiles/img_transform.dir/build.make:76: CMakeFiles/img_transform.dir/src/img_transform.cpp.o] Error 1
[2.020s] gmake[1]: *** [CMakeFiles/Makefile2:137: CMakeFiles/img_transform.dir/all] Error 2
[2.021s] gmake: *** [Makefile:146: all] Error 2
[2.022s] Invoked command in '/home/megsindelar/Final_Project/ros_ws/build/img_transform' returned '2': CMAKE_PREFIX_PATH=${CMAKE_PREFIX_PATH}:/home/megsindelar/ME_495/Final_Proj/install/attack_of_the_franka:/home/megsindelar/ME_495/Final_Proj/install/moveit_testing:/opt/ros/humble /usr/bin/cmake --build /home/megsindelar/Final_Project/ros_ws/build/img_transform -- -j8 -l8
