[0.014s] Invoking command in '/home/megsindelar/Final_Project/ros_ws/build/img_transform': CMAKE_PREFIX_PATH=${CMAKE_PREFIX_PATH}:/home/megsindelar/ME_495/Final_Proj/install/attack_of_the_franka:/home/megsindelar/ME_495/Final_Proj/install/moveit_testing:/opt/ros/humble /usr/bin/cmake --build /home/megsindelar/Final_Project/ros_ws/build/img_transform -- -j8 -l8
[0.054s] [35m[1mConsolidate compiler generated dependencies of target img_transform[0m
[0.071s] [ 50%] [32mBuilding CXX object CMakeFiles/img_transform.dir/src/img_transform.cpp.o[0m
[2.794s] [01m[K/home/megsindelar/Final_Project/ros_ws/src/img_transform/src/img_transform.cpp:335:34:[m[K [01;31m[Kerror: [m[Kâ€˜[01m[KStaticTransformBroadcaster[m[Kâ€™ is not a member of â€˜[01m[Ktf2_ros[m[Kâ€™; did you mean â€˜[01m[KTransformBroadcaster[m[Kâ€™?
[2.794s]   335 |         std::shared_ptr<tf2_ros::[01;31m[KStaticTransformBroadcaster[m[K> tf_static_broadcaster_;
[2.794s]       |                                  [01;31m[K^~~~~~~~~~~~~~~~~~~~~~~~~~[m[K
[2.794s]       |                                  [32m[KTransformBroadcaster[m[K
[2.794s] [01m[K/home/megsindelar/Final_Project/ros_ws/src/img_transform/src/img_transform.cpp:335:60:[m[K [01;31m[Kerror: [m[Ktemplate argument 1 is invalid
[2.794s]   335 |        std::shared_ptr<tf2_ros::StaticTransformBroadcaster[01;31m[K>[m[K tf_static_broadcaster_;
[2.794s]       |                                                           [01;31m[K^[m[K
[2.794s] 
[2.803s] [01m[K/home/megsindelar/Final_Project/ros_ws/src/img_transform/src/img_transform.cpp:[m[K In constructor â€˜[01m[KImgTransform::ImgTransform()[m[Kâ€™:
[2.803s] [01m[K/home/megsindelar/Final_Project/ros_ws/src/img_transform/src/img_transform.cpp:64:60:[m[K [01;31m[Kerror: [m[Kâ€˜[01m[KStaticTransformBroadcaster[m[Kâ€™ is not a member of â€˜[01m[Ktf2_ros[m[Kâ€™; did you mean â€˜[01m[KTransformBroadcaster[m[Kâ€™?
[2.803s]    64 |        tf_static_broadcaster_ = std::make_shared<tf2_ros::[01;31m[KStaticTransformBroadcaster[m[K>(*this);
[2.803s]       |                                                           [01;31m[K^~~~~~~~~~~~~~~~~~~~~~~~~~[m[K
[2.803s]       |                                                           [32m[KTransformBroadcaster[m[K
[2.803s] [01m[K/home/megsindelar/Final_Project/ros_ws/src/img_transform/src/img_transform.cpp:64:87:[m[K [01;31m[Kerror: [m[Kno matching function for call to â€˜[01m[Kmake_shared<<expression error> >(ImgTransform&)[m[Kâ€™
[2.803s]    64 | ster_ = [01;31m[Kstd::make_shared<tf2_ros::StaticTransformBroadcaster>(*this)[m[K;
[2.803s]       |         [01;31m[K~~~~~~~~~~~~~~~~~~~~~~~~~~~~~~~~~~~~~~~~~~~~~~~~~~~~~^~~~~~~[m[K
[2.803s] 
[2.803s] In file included from [01m[K/usr/include/c++/11/memory:77[m[K,
[2.803s]                  from [01m[K/opt/ros/humble/include/rclcpp/rclcpp/rclcpp.hpp:153[m[K,
[2.803s]                  from [01m[K/home/megsindelar/Final_Project/ros_ws/src/img_transform/src/img_transform.cpp:2[m[K:
[2.803s] [01m[K/usr/include/c++/11/bits/shared_ptr.h:875:5:[m[K [01;36m[Knote: [m[Kcandidate: â€˜[01m[Ktemplate<class _Tp, class ... _Args> std::shared_ptr<_Tp> std::make_shared(_Args&& ...)[m[Kâ€™
[2.803s]   875 |     [01;36m[Kmake_shared[m[K(_Args&&... __args)
[2.803s]       |     [01;36m[K^~~~~~~~~~~[m[K
[2.803s] [01m[K/usr/include/c++/11/bits/shared_ptr.h:875:5:[m[K [01;36m[Knote: [m[K  template argument deduction/substitution failed:
[2.803s] [01m[K/home/megsindelar/Final_Project/ros_ws/src/img_transform/src/img_transform.cpp:64:87:[m[K [01;31m[Kerror: [m[Ktemplate argument 1 is invalid
[2.803s]    64 | ster_ = [01;31m[Kstd::make_shared<tf2_ros::StaticTransformBroadcaster>(*this)[m[K;
[2.804s]       |         [01;31m[K~~~~~~~~~~~~~~~~~~~~~~~~~~~~~~~~~~~~~~~~~~~~~~~~~~~~~^~~~~~~[m[K
[2.804s] 
[2.839s] [01m[K/home/megsindelar/Final_Project/ros_ws/src/img_transform/src/img_transform.cpp:[m[K In member function â€˜[01m[Kvoid ImgTransform::timer_callback()[m[Kâ€™:
[2.840s] [01m[K/home/megsindelar/Final_Project/ros_ws/src/img_transform/src/img_transform.cpp:160:32:[m[K [01;35m[Kwarning: [m[Kcomparison of integer expressions of different signedness: â€˜[01m[Kint[m[Kâ€™ and â€˜[01m[Kstd::vector<cv::DMatch>::size_type[m[Kâ€™ {aka â€˜[01m[Klong unsigned int[m[Kâ€™} [[01;35m[K]8;;https://gcc.gnu.org/onlinedocs/gcc/Warning-Options.html#index-Wsign-compare-Wsign-compare]8;;[m[K]
[2.840s]   160 |                 for (int i=0; [01;35m[Ki<good_matches.size()[m[K; i++){
[2.840s]       |                               [01;35m[K~^~~~~~~~~~~~~~~~~~~~[m[K
[2.840s] [01m[K/home/megsindelar/Final_Project/ros_ws/src/img_transform/src/img_transform.cpp:183:38:[m[K [01;35m[Kwarning: [m[Kcomparison of integer expressions of different signedness: â€˜[01m[Ksize_t[m[Kâ€™ {aka â€˜[01m[Klong unsigned int[m[Kâ€™} and â€˜[01m[Kint[m[Kâ€™ [[01;35m[K]8;;https://gcc.gnu.org/onlinedocs/gcc/Warning-Options.html#index-Wsign-compare-Wsign-compare]8;;[m[K]
[2.840s]   183 |                 for (size_t i = 0; [01;35m[Ki < N[m[K; ++i) {
[2.840s]       |                                    [01;35m[K~~^~~[m[K
[2.901s] [01m[K/home/megsindelar/Final_Project/ros_ws/src/img_transform/src/img_transform.cpp:199:38:[m[K [01;35m[Kwarning: [m[Kcomparison of integer expressions of different signedness: â€˜[01m[Ksize_t[m[Kâ€™ {aka â€˜[01m[Klong unsigned int[m[Kâ€™} and â€˜[01m[Kint[m[Kâ€™ [[01;35m[K]8;;https://gcc.gnu.org/onlinedocs/gcc/Warning-Options.html#index-Wsign-compare-Wsign-compare]8;;[m[K]
[2.909s]   199 |                 for (size_t i = 0; [01;35m[Ki < N[m[K; ++i) {
[2.909s]       |                                    [01;35m[K~~^~~[m[K
[2.983s] [01m[K/home/megsindelar/Final_Project/ros_ws/src/img_transform/src/img_transform.cpp:319:39:[m[K [01;31m[Kerror: [m[Kbase operand of â€˜[01m[K->[m[Kâ€™ is not a pointer
[2.984s]   319 |                 tf_static_broadcaster_[01;31m[K->[m[KsendTransform(t);
[2.984s]       |                                       [01;31m[K^~[m[K
[2.984s] [01m[K/home/megsindelar/Final_Project/ros_ws/src/img_transform/src/img_transform.cpp:128:40:[m[K [01;35m[Kwarning: [m[Kunused variable â€˜[01m[Kmax_dist[m[Kâ€™ [[01;35m[K]8;;https://gcc.gnu.org/onlinedocs/gcc/Warning-Options.html#index-Wunused-variable-Wunused-variable]8;;[m[K]
[2.984s]   128 |                 double min_dist=10000, [01;35m[Kmax_dist[m[K=0;
[2.984s]       |                                        [01;35m[K^~~~~~~~[m[K
[4.007s] gmake[2]: *** [CMakeFiles/img_transform.dir/build.make:76: CMakeFiles/img_transform.dir/src/img_transform.cpp.o] Error 1
[4.007s] gmake[1]: *** [CMakeFiles/Makefile2:137: CMakeFiles/img_transform.dir/all] Error 2
[4.008s] gmake: *** [Makefile:146: all] Error 2
[4.010s] Invoked command in '/home/megsindelar/Final_Project/ros_ws/build/img_transform' returned '2': CMAKE_PREFIX_PATH=${CMAKE_PREFIX_PATH}:/home/megsindelar/ME_495/Final_Proj/install/attack_of_the_franka:/home/megsindelar/ME_495/Final_Proj/install/moveit_testing:/opt/ros/humble /usr/bin/cmake --build /home/megsindelar/Final_Project/ros_ws/build/img_transform -- -j8 -l8
