[0.015s] Invoking command in '/home/megsindelar/Final_Project/ros_ws/build/img_transform': CMAKE_PREFIX_PATH=${CMAKE_PREFIX_PATH}:/home/megsindelar/ME_495/Final_Proj/install/attack_of_the_franka:/home/megsindelar/ME_495/Final_Proj/install/moveit_testing:/opt/ros/humble /usr/bin/cmake --build /home/megsindelar/Final_Project/ros_ws/build/img_transform -- -j8 -l8
[0.053s] [35m[1mConsolidate compiler generated dependencies of target img_transform[0m
[0.075s] [ 50%] [32mBuilding CXX object CMakeFiles/img_transform.dir/src/img_transform.cpp.o[0m
[2.001s] [01m[K/home/megsindelar/Final_Project/ros_ws/src/img_transform/src/img_transform.cpp:[m[K In member function â€˜[01m[Kvoid ImgTransform::timer_callback()[m[Kâ€™:
[2.001s] [01m[K/home/megsindelar/Final_Project/ros_ws/src/img_transform/src/img_transform.cpp:49:25:[m[K [01;31m[Kerror: [m[Kâ€˜[01m[KKeyPoint[m[Kâ€™ was not declared in this scope; did you mean â€˜[01m[Kcv::KeyPoint[m[Kâ€™?
[2.001s]    49 |             std::vector<[01;31m[KKeyPoint[m[K> keypoints_1, keypoints_2;
[2.001s]       |                         [01;31m[K^~~~~~~~[m[K
[2.001s]       |                         [32m[Kcv::KeyPoint[m[K
[2.001s] In file included from [01m[K/usr/include/opencv4/opencv2/core.hpp:57[m[K,
[2.001s]                  from [01m[K/usr/include/opencv4/opencv2/core/core.hpp:48[m[K,
[2.001s]                  from [01m[K/opt/ros/humble/include/cv_bridge/cv_bridge/cv_bridge.h:43[m[K,
[2.001s]                  from [01m[K/home/megsindelar/Final_Project/ros_ws/src/img_transform/src/img_transform.cpp:4[m[K:
[2.002s] [01m[K/usr/include/opencv4/opencv2/core/types.hpp:727:27:[m[K [01;36m[Knote: [m[Kâ€˜[01m[Kcv::KeyPoint[m[Kâ€™ declared here
[2.002s]   727 | class CV_EXPORTS_W_SIMPLE [01;36m[KKeyPoint[m[K
[2.002s]       |                           [01;36m[K^~~~~~~~[m[K
[2.002s] [01m[K/home/megsindelar/Final_Project/ros_ws/src/img_transform/src/img_transform.cpp:49:33:[m[K [01;31m[Kerror: [m[Ktemplate argument 1 is invalid
[2.002s]    49 |             std::vector<KeyPoint[01;31m[K>[m[K keypoints_1, keypoints_2;
[2.002s]       |                                 [01;31m[K^[m[K
[2.002s] [01m[K/home/megsindelar/Final_Project/ros_ws/src/img_transform/src/img_transform.cpp:49:33:[m[K [01;31m[Kerror: [m[Ktemplate argument 2 is invalid
[2.002s] [01m[K/home/megsindelar/Final_Project/ros_ws/src/img_transform/src/img_transform.cpp:50:13:[m[K [01;31m[Kerror: [m[Kâ€˜[01m[KMat[m[Kâ€™ was not declared in this scope; did you mean â€˜[01m[Kcv::Mat[m[Kâ€™?
[2.002s]    50 |             [01;31m[KMat[m[K descriptors_1, descriptors_2;
[2.002s]       |             [01;31m[K^~~[m[K
[2.002s]       |             [32m[Kcv::Mat[m[K
[2.002s] In file included from [01m[K/usr/include/opencv4/opencv2/core.hpp:58[m[K,
[2.002s]                  from [01m[K/usr/include/opencv4/opencv2/core/core.hpp:48[m[K,
[2.002s]                  from [01m[K/opt/ros/humble/include/cv_bridge/cv_bridge/cv_bridge.h:43[m[K,
[2.002s]                  from [01m[K/home/megsindelar/Final_Project/ros_ws/src/img_transform/src/img_transform.cpp:4[m[K:
[2.002s] [01m[K/usr/include/opencv4/opencv2/core/mat.hpp:801:18:[m[K [01;36m[Knote: [m[Kâ€˜[01m[Kcv::Mat[m[Kâ€™ declared here
[2.003s]   801 | class CV_EXPORTS [01;36m[KMat[m[K
[2.003s]       |                  [01;36m[K^~~[m[K
[2.003s] [01m[K/home/megsindelar/Final_Project/ros_ws/src/img_transform/src/img_transform.cpp:51:13:[m[K [01;31m[Kerror: [m[Kâ€˜[01m[KPtr[m[Kâ€™ was not declared in this scope; did you mean â€˜[01m[Kcv::Ptr[m[Kâ€™?
[2.003s]    51 |             [01;31m[KPtr[m[K<FeatureDetector> detector = ORB::create();
[2.003s]       |             [01;31m[K^~~[m[K
[2.003s]       |             [32m[Kcv::Ptr[m[K
[2.003s] In file included from [01m[K/usr/include/opencv4/opencv2/core/cvstd.hpp:81[m[K,
[2.003s]                  from [01m[K/usr/include/opencv4/opencv2/core/base.hpp:58[m[K,
[2.003s]                  from [01m[K/usr/include/opencv4/opencv2/core.hpp:53[m[K,
[2.003s]                  from [01m[K/usr/include/opencv4/opencv2/core/core.hpp:48[m[K,
[2.003s]                  from [01m[K/opt/ros/humble/include/cv_bridge/cv_bridge/cv_bridge.h:43[m[K,
[2.003s]                  from [01m[K/home/megsindelar/Final_Project/ros_ws/src/img_transform/src/img_transform.cpp:4[m[K:
[2.003s] [01m[K/usr/include/opencv4/opencv2/core/cvstd_wrapper.hpp:73:8:[m[K [01;36m[Knote: [m[Kâ€˜[01m[Kcv::Ptr[m[Kâ€™ declared here
[2.003s]    73 | struct [01;36m[KPtr[m[K : public std::shared_ptr<T>
[2.003s]       |        [01;36m[K^~~[m[K
[2.012s] [01m[K/home/megsindelar/Final_Project/ros_ws/src/img_transform/src/img_transform.cpp:51:17:[m[K [01;31m[Kerror: [m[Kâ€˜[01m[KFeatureDetector[m[Kâ€™ was not declared in this scope
[2.012s]    51 |             Ptr<[01;31m[KFeatureDetector[m[K> detector = ORB::create();
[2.012s]       |                 [01;31m[K^~~~~~~~~~~~~~~[m[K
[2.018s] [01m[K/home/megsindelar/Final_Project/ros_ws/src/img_transform/src/img_transform.cpp:51:34:[m[K [01;31m[Kerror: [m[Kâ€˜[01m[Kdetector[m[Kâ€™ was not declared in this scope
[2.018s]    51 |             Ptr<FeatureDetector> [01;31m[Kdetector[m[K = ORB::create();
[2.018s]       |                                  [01;31m[K^~~~~~~~[m[K
[2.018s] [01m[K/home/megsindelar/Final_Project/ros_ws/src/img_transform/src/img_transform.cpp:51:45:[m[K [01;31m[Kerror: [m[Kâ€˜[01m[KORB[m[Kâ€™ has not been declared
[2.018s]    51 |             Ptr<FeatureDetector> detector = [01;31m[KORB[m[K::create();
[2.018s]       |                                             [01;31m[K^~~[m[K
[2.029s] [01m[K/home/megsindelar/Final_Project/ros_ws/src/img_transform/src/img_transform.cpp:52:17:[m[K [01;31m[Kerror: [m[Kâ€˜[01m[KDescriptorExtractor[m[Kâ€™ was not declared in this scope
[2.029s]    52 |             Ptr<[01;31m[KDescriptorExtractor[m[K> descriptor = ORB::create();
[2.029s]       |                 [01;31m[K^~~~~~~~~~~~~~~~~~~[m[K
[2.036s] [01m[K/home/megsindelar/Final_Project/ros_ws/src/img_transform/src/img_transform.cpp:52:38:[m[K [01;31m[Kerror: [m[Kâ€˜[01m[Kdescriptor[m[Kâ€™ was not declared in this scope
[2.036s]    52 |             Ptr<DescriptorExtractor> [01;31m[Kdescriptor[m[K = ORB::create();
[2.036s]       |                                      [01;31m[K^~~~~~~~~~[m[K
[2.036s] [01m[K/home/megsindelar/Final_Project/ros_ws/src/img_transform/src/img_transform.cpp:52:51:[m[K [01;31m[Kerror: [m[Kâ€˜[01m[KORB[m[Kâ€™ has not been declared
[2.036s]    52 |             Ptr<DescriptorExtractor> descriptor = [01;31m[KORB[m[K::create();
[2.036s]       |                                                   [01;31m[K^~~[m[K
[2.047s] [01m[K/home/megsindelar/Final_Project/ros_ws/src/img_transform/src/img_transform.cpp:54:17:[m[K [01;31m[Kerror: [m[Kâ€˜[01m[KDescriptorMatcher[m[Kâ€™ was not declared in this scope
[2.047s]    54 |             Ptr<[01;31m[KDescriptorMatcher[m[K> matcher  = DescriptorMatcher::create ( "BruteForce-Hamming" );
[2.047s]       |                 [01;31m[K^~~~~~~~~~~~~~~~~[m[K
[2.053s] [01m[K/home/megsindelar/Final_Project/ros_ws/src/img_transform/src/img_transform.cpp:54:36:[m[K [01;31m[Kerror: [m[Kâ€˜[01m[Kmatcher[m[Kâ€™ was not declared in this scope
[2.053s]    54 |             Ptr<DescriptorMatcher> [01;31m[Kmatcher[m[K  = DescriptorMatcher::create ( "BruteForce-Hamming" );
[2.053s]       |                                    [01;31m[K^~~~~~~[m[K
[2.053s] [01m[K/home/megsindelar/Final_Project/ros_ws/src/img_transform/src/img_transform.cpp:54:47:[m[K [01;31m[Kerror: [m[Kâ€˜[01m[KDescriptorMatcher[m[Kâ€™ is not a class, namespace, or enumeration
[2.053s]    54 |             Ptr<DescriptorMatcher> matcher  = [01;31m[KDescriptorMatcher[m[K::create ( "BruteForce-Hamming" );
[2.053s]       |                                               [01;31m[K^~~~~~~~~~~~~~~~~[m[K
[2.061s] [01m[K/home/megsindelar/Final_Project/ros_ws/src/img_transform/src/img_transform.cpp:59:58:[m[K [01;31m[Kerror: [m[Kâ€˜[01m[Kdescriptors_1[m[Kâ€™ was not declared in this scope
[2.061s]    59 |             descriptor->compute ( prev_img, keypoints_1, [01;31m[Kdescriptors_1[m[K );
[2.061s]       |                                                          [01;31m[K^~~~~~~~~~~~~[m[K
[2.069s] [01m[K/home/megsindelar/Final_Project/ros_ws/src/img_transform/src/img_transform.cpp:60:61:[m[K [01;31m[Kerror: [m[Kâ€˜[01m[Kdescriptors_2[m[Kâ€™ was not declared in this scope
[2.069s]    60 |             descriptor->compute ( current_img, keypoints_2, [01;31m[Kdescriptors_2[m[K );
[2.069s]       |                                                             [01;31m[K^~~~~~~~~~~~~[m[K
[2.069s] [01m[K/home/megsindelar/Final_Project/ros_ws/src/img_transform/src/img_transform.cpp:62:17:[m[K [01;31m[Kerror: [m[Kexpected â€˜[01m[K;[m[Kâ€™ before â€˜[01m[Koutimg1[m[Kâ€™
[2.069s]    62 |             Mat [01;31m[Koutimg1[m[K;
[2.069s]       |                 [01;31m[K^~~~~~~[m[K
[2.075s] [01m[K/home/megsindelar/Final_Project/ros_ws/src/img_transform/src/img_transform.cpp:63:51:[m[K [01;31m[Kerror: [m[Kâ€˜[01m[Koutimg1[m[Kâ€™ was not declared in this scope
[2.075s]    63 |             drawKeypoints( prev_img, keypoints_1, [01;31m[Koutimg1[m[K, Scalar::all(-1), DrawMatchesFlags::DEFAULT );
[2.075s]       |                                                   [01;31m[K^~~~~~~[m[K
[2.075s] [01m[K/home/megsindelar/Final_Project/ros_ws/src/img_transform/src/img_transform.cpp:63:60:[m[K [01;31m[Kerror: [m[Kâ€˜[01m[KScalar[m[Kâ€™ has not been declared
[2.075s]    63 |             drawKeypoints( prev_img, keypoints_1, outimg1, [01;31m[KScalar[m[K::all(-1), DrawMatchesFlags::DEFAULT );
[2.075s]       |                                                            [01;31m[K^~~~~~[m[K
[2.076s] [01m[K/home/megsindelar/Final_Project/ros_ws/src/img_transform/src/img_transform.cpp:63:77:[m[K [01;31m[Kerror: [m[Kâ€˜[01m[KDrawMatchesFlags[m[Kâ€™ has not been declared
[2.076s]    63 | rawKeypoints( prev_img, keypoints_1, outimg1, Scalar::all(-1), [01;31m[KDrawMatchesFlags[m[K::DEFAULT );
[2.076s]       |                                                                [01;31m[K^~~~~~~~~~~~~~~~[m[K
[2.076s] 
[2.083s] [01m[K/home/megsindelar/Final_Project/ros_ws/src/img_transform/src/img_transform.cpp:63:13:[m[K [01;31m[Kerror: [m[Kâ€˜[01m[KdrawKeypoints[m[Kâ€™ was not declared in this scope
[2.083s]    63 |             [01;31m[KdrawKeypoints[m[K( prev_img, keypoints_1, outimg1, Scalar::all(-1), DrawMatchesFlags::DEFAULT );
[2.083s]       |             [01;31m[K^~~~~~~~~~~~~[m[K
[2.083s] [01m[K/home/megsindelar/Final_Project/ros_ws/src/img_transform/src/img_transform.cpp:64:17:[m[K [01;31m[Kerror: [m[Kexpected â€˜[01m[K;[m[Kâ€™ before â€˜[01m[Koutimg2[m[Kâ€™
[2.084s]    64 |             Mat [01;31m[Koutimg2[m[K;
[2.084s]       |                 [01;31m[K^~~~~~~[m[K
[2.089s] [01m[K/home/megsindelar/Final_Project/ros_ws/src/img_transform/src/img_transform.cpp:65:54:[m[K [01;31m[Kerror: [m[Kâ€˜[01m[Koutimg2[m[Kâ€™ was not declared in this scope
[2.089s]    65 |             drawKeypoints( current_img, keypoints_2, [01;31m[Koutimg2[m[K, Scalar::all(-1), DrawMatchesFlags::DEFAULT );
[2.089s]       |                                                      [01;31m[K^~~~~~~[m[K
[2.089s] [01m[K/home/megsindelar/Final_Project/ros_ws/src/img_transform/src/img_transform.cpp:65:63:[m[K [01;31m[Kerror: [m[Kâ€˜[01m[KScalar[m[Kâ€™ has not been declared
[2.089s]    65 |             drawKeypoints( current_img, keypoints_2, outimg2, [01;31m[KScalar[m[K::all(-1), DrawMatchesFlags::DEFAULT );
[2.090s]       |                                                               [01;31m[K^~~~~~[m[K
[2.090s] [01m[K/home/megsindelar/Final_Project/ros_ws/src/img_transform/src/img_transform.cpp:65:80:[m[K [01;31m[Kerror: [m[Kâ€˜[01m[KDrawMatchesFlags[m[Kâ€™ has not been declared
[2.090s]    65 | Keypoints( current_img, keypoints_2, outimg2, Scalar::all(-1), [01;31m[KDrawMatchesFlags[m[K::DEFAULT );
[2.090s]       |                                                                [01;31m[K^~~~~~~~~~~~~~~~[m[K
[2.090s] 
[2.090s] [01m[K/home/megsindelar/Final_Project/ros_ws/src/img_transform/src/img_transform.cpp:66:17:[m[K [01;31m[Kerror: [m[Kexpected â€˜[01m[K;[m[Kâ€™ before â€˜[01m[Koutimg3[m[Kâ€™
[2.090s]    66 |             Mat [01;31m[Koutimg3[m[K;
[2.090s]       |                 [01;31m[K^~~~~~~[m[K
[2.095s] [01m[K/home/megsindelar/Final_Project/ros_ws/src/img_transform/src/img_transform.cpp:67:51:[m[K [01;31m[Kerror: [m[Kâ€˜[01m[Koutimg3[m[Kâ€™ was not declared in this scope
[2.095s]    67 |             drawKeypoints( prev_img, keypoints_2, [01;31m[Koutimg3[m[K, Scalar::all(-1), DrawMatchesFlags::DEFAULT );
[2.095s]       |                                                   [01;31m[K^~~~~~~[m[K
[2.095s] [01m[K/home/megsindelar/Final_Project/ros_ws/src/img_transform/src/img_transform.cpp:67:60:[m[K [01;31m[Kerror: [m[Kâ€˜[01m[KScalar[m[Kâ€™ has not been declared
[2.096s]    67 |             drawKeypoints( prev_img, keypoints_2, outimg3, [01;31m[KScalar[m[K::all(-1), DrawMatchesFlags::DEFAULT );
[2.096s]       |                                                            [01;31m[K^~~~~~[m[K
[2.096s] [01m[K/home/megsindelar/Final_Project/ros_ws/src/img_transform/src/img_transform.cpp:67:77:[m[K [01;31m[Kerror: [m[Kâ€˜[01m[KDrawMatchesFlags[m[Kâ€™ has not been declared
[2.096s]    67 | rawKeypoints( prev_img, keypoints_2, outimg3, Scalar::all(-1), [01;31m[KDrawMatchesFlags[m[K::DEFAULT );
[2.096s]       |                                                                [01;31m[K^~~~~~~~~~~~~~~~[m[K
[2.096s] 
[2.096s] [01m[K/home/megsindelar/Final_Project/ros_ws/src/img_transform/src/img_transform.cpp:69:13:[m[K [01;31m[Kerror: [m[Kâ€˜[01m[Kvector[m[Kâ€™ was not declared in this scope
[2.096s]    69 |             [01;31m[Kvector[m[K<DMatch> matches;
[2.097s]       |             [01;31m[K^~~~~~[m[K
[2.097s] [01m[K/home/megsindelar/Final_Project/ros_ws/src/img_transform/src/img_transform.cpp:69:13:[m[K [01;36m[Knote: [m[Ksuggested alternatives:
[2.097s] In file included from [01m[K/usr/include/c++/11/vector:67[m[K,
[2.097s]                  from [01m[K/usr/include/c++/11/functional:62[m[K,
[2.097s]                  from [01m[K/usr/include/c++/11/pstl/glue_algorithm_defs.h:13[m[K,
[2.097s]                  from [01m[K/usr/include/c++/11/algorithm:74[m[K,
[2.097s]                  from [01m[K/opt/ros/humble/include/rclcpp/rclcpp/executor.hpp:18[m[K,
[2.097s]                  from [01m[K/opt/ros/humble/include/rclcpp/rclcpp/executors/multi_threaded_executor.hpp:25[m[K,
[2.097s]                  from [01m[K/opt/ros/humble/include/rclcpp/rclcpp/executors.hpp:21[m[K,
[2.097s]                  from [01m[K/opt/ros/humble/include/rclcpp/rclcpp/rclcpp.hpp:155[m[K,
[2.097s]                  from [01m[K/home/megsindelar/Final_Project/ros_ws/src/img_transform/src/img_transform.cpp:2[m[K:
[2.097s] [01m[K/usr/include/c++/11/bits/stl_vector.h:389:11:[m[K [01;36m[Knote: [m[K  â€˜[01m[Kstd::vector[m[Kâ€™
[2.097s]   389 |     class [01;36m[Kvector[m[K : protected _Vector_base<_Tp, _Alloc>
[2.097s]       |           [01;36m[K^~~~~~[m[K
[2.097s] In file included from [01m[K/usr/include/c++/11/functional:62[m[K,
[2.097s]                  from [01m[K/usr/include/c++/11/pstl/glue_algorithm_defs.h:13[m[K,
[2.098s]                  from [01m[K/usr/include/c++/11/algorithm:74[m[K,
[2.098s]                  from [01m[K/opt/ros/humble/include/rclcpp/rclcpp/executor.hpp:18[m[K,
[2.098s]                  from [01m[K/opt/ros/humble/include/rclcpp/rclcpp/executors/multi_threaded_executor.hpp:25[m[K,
[2.098s]                  from [01m[K/opt/ros/humble/include/rclcpp/rclcpp/executors.hpp:21[m[K,
[2.098s]                  from [01m[K/opt/ros/humble/include/rclcpp/rclcpp/rclcpp.hpp:155[m[K,
[2.098s]                  from [01m[K/home/megsindelar/Final_Project/ros_ws/src/img_transform/src/img_transform.cpp:2[m[K:
[2.098s] [01m[K/usr/include/c++/11/vector:86:13:[m[K [01;36m[Knote: [m[K  â€˜[01m[Kstd::pmr::vector[m[Kâ€™
[2.098s]    86 |       using [01;36m[Kvector[m[K = std::vector<_Tp, polymorphic_allocator<_Tp>>;
[2.098s]       |             [01;36m[K^~~~~~[m[K
[2.098s] [01m[K/home/megsindelar/Final_Project/ros_ws/src/img_transform/src/img_transform.cpp:69:20:[m[K [01;31m[Kerror: [m[Kâ€˜[01m[KDMatch[m[Kâ€™ was not declared in this scope; did you mean â€˜[01m[Kcv::DMatch[m[Kâ€™?
[2.098s]    69 |             vector<[01;31m[KDMatch[m[K> matches;
[2.098s]       |                    [01;31m[K^~~~~~[m[K
[2.098s]       |                    [32m[Kcv::DMatch[m[K
[2.098s] In file included from [01m[K/usr/include/opencv4/opencv2/core.hpp:57[m[K,
[2.098s]                  from [01m[K/usr/include/opencv4/opencv2/core/core.hpp:48[m[K,
[2.098s]                  from [01m[K/opt/ros/humble/include/cv_bridge/cv_bridge/cv_bridge.h:43[m[K,
[2.098s]                  from [01m[K/home/megsindelar/Final_Project/ros_ws/src/img_transform/src/img_transform.cpp:4[m[K:
[2.099s] [01m[K/usr/include/opencv4/opencv2/core/types.hpp:824:27:[m[K [01;36m[Knote: [m[Kâ€˜[01m[Kcv::DMatch[m[Kâ€™ declared here
[2.099s]   824 | class CV_EXPORTS_W_SIMPLE [01;36m[KDMatch[m[K
[2.099s]       |                           [01;36m[K^~~~~~[m[K
[2.103s] [01m[K/home/megsindelar/Final_Project/ros_ws/src/img_transform/src/img_transform.cpp:69:28:[m[K [01;31m[Kerror: [m[Kâ€˜[01m[Kmatches[m[Kâ€™ was not declared in this scope
[2.103s]    69 |             vector<DMatch> [01;31m[Kmatches[m[K;
[2.103s]       |                            [01;31m[K^~~~~~~[m[K
[2.103s] [01m[K/home/megsindelar/Final_Project/ros_ws/src/img_transform/src/img_transform.cpp:76:33:[m[K [01;31m[Kerror: [m[Ktemplate argument 2 is invalid
[2.104s]    76 |             std::vector< DMatch [01;31m[K>[m[K good_matches;
[2.104s]       |                                 [01;31m[K^[m[K
[2.104s] [01m[K/home/megsindelar/Final_Project/ros_ws/src/img_transform/src/img_transform.cpp:79:45:[m[K [01;31m[Kerror: [m[Kâ€˜[01m[Kmin[m[Kâ€™ was not declared in this scope
[2.104s]    79 |                 if ( matches[i].distance <= [01;31m[Kmin[m[K ( 2*min_dist, 30.0 ) )
[2.104s]       |                                             [01;31m[K^~~[m[K
[2.104s] [01m[K/home/megsindelar/Final_Project/ros_ws/src/img_transform/src/img_transform.cpp:79:45:[m[K [01;36m[Knote: [m[Ksuggested alternatives:
[2.104s] In file included from [01m[K/usr/include/c++/11/algorithm:62[m[K,
[2.104s]                  from [01m[K/opt/ros/humble/include/rclcpp/rclcpp/executor.hpp:18[m[K,
[2.104s]                  from [01m[K/opt/ros/humble/include/rclcpp/rclcpp/executors/multi_threaded_executor.hpp:25[m[K,
[2.104s]                  from [01m[K/opt/ros/humble/include/rclcpp/rclcpp/executors.hpp:21[m[K,
[2.105s]                  from [01m[K/opt/ros/humble/include/rclcpp/rclcpp/rclcpp.hpp:155[m[K,
[2.105s]                  from [01m[K/home/megsindelar/Final_Project/ros_ws/src/img_transform/src/img_transform.cpp:2[m[K:
[2.105s] [01m[K/usr/include/c++/11/bits/stl_algo.h:3455:5:[m[K [01;36m[Knote: [m[K  â€˜[01m[Kstd::min[m[Kâ€™
[2.105s]  3455 |     [01;36m[Kmin[m[K(initializer_list<_Tp> __l, _Compare __comp)
[2.105s]       |     [01;36m[K^~~[m[K
[2.105s] In file included from [01m[K/usr/include/opencv4/opencv2/core/core.hpp:48[m[K,
[2.106s]                  from [01m[K/opt/ros/humble/include/cv_bridge/cv_bridge/cv_bridge.h:43[m[K,
[2.106s]                  from [01m[K/home/megsindelar/Final_Project/ros_ws/src/img_transform/src/img_transform.cpp:4[m[K:
[2.106s] [01m[K/usr/include/opencv4/opencv2/core.hpp:1446:17:[m[K [01;36m[Knote: [m[K  â€˜[01m[Kcv::min[m[Kâ€™
[2.106s]  1446 | CV_EXPORTS void [01;36m[Kmin[m[K(const UMat& src1, const UMat& src2, UMat& dst);
[2.106s]       |                 [01;36m[K^~~[m[K
[2.106s] [01m[K/home/megsindelar/Final_Project/ros_ws/src/img_transform/src/img_transform.cpp:81:34:[m[K [01;31m[Kerror: [m[Krequest for member â€˜[01m[Kpush_back[m[Kâ€™ in â€˜[01m[Kgood_matches[m[Kâ€™, which is of non-class type â€˜[01m[Kint[m[Kâ€™
[2.106s]    81 |                     good_matches.[01;31m[Kpush_back[m[K ( matches[i] );
[2.106s]       |                                  [01;31m[K^~~~~~~~~[m[K
[2.106s] [01m[K/home/megsindelar/Final_Project/ros_ws/src/img_transform/src/img_transform.cpp:85:61:[m[K [01;31m[Kerror: [m[Krequest for member â€˜[01m[Ksize[m[Kâ€™ in â€˜[01m[Kgood_matches[m[Kâ€™, which is of non-class type â€˜[01m[Kint[m[Kâ€™
[2.106s]    85 |             std::cout << "num of matches: " << good_matches.[01;31m[Ksize[m[K() << std::endl;
[2.106s]       |                                                             [01;31m[K^~~~[m[K
[2.106s] [01m[K/home/megsindelar/Final_Project/ros_ws/src/img_transform/src/img_transform.cpp:104:42:[m[K [01;31m[Kerror: [m[Krequest for member â€˜[01m[Ksize[m[Kâ€™ in â€˜[01m[Kgood_matches[m[Kâ€™, which is of non-class type â€˜[01m[Kint[m[Kâ€™
[2.107s]   104 |             for (int i=0; i<good_matches.[01;31m[Ksize[m[K(); i++){
[2.107s]       |                                          [01;31m[K^~~~[m[K
[2.107s] [01m[K/home/megsindelar/Final_Project/ros_ws/src/img_transform/src/img_transform.cpp:105:52:[m[K [01;31m[Kerror: [m[Krequest for member â€˜[01m[Kat[m[Kâ€™ in â€˜[01m[Kkeypoints_1[m[Kâ€™, which is of non-class type â€˜[01m[Kint[m[Kâ€™
[2.107s]   105 |                 float k1_xw = (1/f_1)*(keypoints_1.[01;31m[Kat[m[K(good_matches[i].queryIdx).pt.x - p_1*z);
[2.107s]       |                                                    [01;31m[K^~[m[K
[2.107s] [01m[K/home/megsindelar/Final_Project/ros_ws/src/img_transform/src/img_transform.cpp:105:67:[m[K [01;31m[Kerror: [m[Kinvalid types â€˜[01m[Kint[int][m[Kâ€™ for array subscript
[2.107s]   105 |              float k1_xw = (1/f_1)*(keypoints_1.at(good_matches[01;31m[K[[m[Ki].queryIdx).pt.x - p_1*z);
[2.107s]       |                                                                [01;31m[K^[m[K
[2.107s] 
[2.107s] [01m[K/home/megsindelar/Final_Project/ros_ws/src/img_transform/src/img_transform.cpp:106:52:[m[K [01;31m[Kerror: [m[Krequest for member â€˜[01m[Kat[m[Kâ€™ in â€˜[01m[Kkeypoints_1[m[Kâ€™, which is of non-class type â€˜[01m[Kint[m[Kâ€™
[2.107s]   106 |                 float k1_yw = (1/f_2)*(keypoints_1.[01;31m[Kat[m[K(good_matches[i].queryIdx).pt.y - p_2*z);
[2.107s]       |                                                    [01;31m[K^~[m[K
[2.107s] [01m[K/home/megsindelar/Final_Project/ros_ws/src/img_transform/src/img_transform.cpp:106:67:[m[K [01;31m[Kerror: [m[Kinvalid types â€˜[01m[Kint[int][m[Kâ€™ for array subscript
[2.107s]   106 |              float k1_yw = (1/f_2)*(keypoints_1.at(good_matches[01;31m[K[[m[Ki].queryIdx).pt.y - p_2*z);
[2.108s]       |                                                                [01;31m[K^[m[K
[2.108s] 
[2.108s] [01m[K/home/megsindelar/Final_Project/ros_ws/src/img_transform/src/img_transform.cpp:107:52:[m[K [01;31m[Kerror: [m[Krequest for member â€˜[01m[Kat[m[Kâ€™ in â€˜[01m[Kkeypoints_2[m[Kâ€™, which is of non-class type â€˜[01m[Kint[m[Kâ€™
[2.108s]   107 |                 float k2_xw = (1/f_1)*(keypoints_2.[01;31m[Kat[m[K(good_matches[i].trainIdx).pt.x - p_1*z);
[2.108s]       |                                                    [01;31m[K^~[m[K
[2.108s] [01m[K/home/megsindelar/Final_Project/ros_ws/src/img_transform/src/img_transform.cpp:107:67:[m[K [01;31m[Kerror: [m[Kinvalid types â€˜[01m[Kint[int][m[Kâ€™ for array subscript
[2.108s]   107 |              float k2_xw = (1/f_1)*(keypoints_2.at(good_matches[01;31m[K[[m[Ki].trainIdx).pt.x - p_1*z);
[2.108s]       |                                                                [01;31m[K^[m[K
[2.108s] 
[2.108s] [01m[K/home/megsindelar/Final_Project/ros_ws/src/img_transform/src/img_transform.cpp:108:52:[m[K [01;31m[Kerror: [m[Krequest for member â€˜[01m[Kat[m[Kâ€™ in â€˜[01m[Kkeypoints_2[m[Kâ€™, which is of non-class type â€˜[01m[Kint[m[Kâ€™
[2.108s]   108 |                 float k2_yw = (1/f_2)*(keypoints_2.[01;31m[Kat[m[K(good_matches[i].trainIdx).pt.y - p_2*z);
[2.108s]       |                                                    [01;31m[K^~[m[K
[2.108s] [01m[K/home/megsindelar/Final_Project/ros_ws/src/img_transform/src/img_transform.cpp:108:67:[m[K [01;31m[Kerror: [m[Kinvalid types â€˜[01m[Kint[int][m[Kâ€™ for array subscript
[2.109s]   108 |              float k2_yw = (1/f_2)*(keypoints_2.at(good_matches[01;31m[K[[m[Ki].trainIdx).pt.y - p_2*z);
[2.109s]       |                                                                [01;31m[K^[m[K
[2.109s] 
[2.109s] [01m[K/home/megsindelar/Final_Project/ros_ws/src/img_transform/src/img_transform.cpp:113:47:[m[K [01;31m[Kerror: [m[Krequest for member â€˜[01m[Kat[m[Kâ€™ in â€˜[01m[Kkeypoints_1[m[Kâ€™, which is of non-class type â€˜[01m[Kint[m[Kâ€™
[2.109s]   113 |                 key1_xp.push_back(keypoints_1.[01;31m[Kat[m[K(good_matches[i].queryIdx).pt.x);
[2.109s]       |                                               [01;31m[K^~[m[K
[2.109s] [01m[K/home/megsindelar/Final_Project/ros_ws/src/img_transform/src/img_transform.cpp:113:62:[m[K [01;31m[Kerror: [m[Kinvalid types â€˜[01m[Kint[int][m[Kâ€™ for array subscript
[2.109s]   113 |                 key1_xp.push_back(keypoints_1.at(good_matches[01;31m[K[[m[Ki].queryIdx).pt.x);
[2.109s]       |                                                              [01;31m[K^[m[K
[2.109s] [01m[K/home/megsindelar/Final_Project/ros_ws/src/img_transform/src/img_transform.cpp:114:47:[m[K [01;31m[Kerror: [m[Krequest for member â€˜[01m[Kat[m[Kâ€™ in â€˜[01m[Kkeypoints_1[m[Kâ€™, which is of non-class type â€˜[01m[Kint[m[Kâ€™
[2.109s]   114 |                 key1_yp.push_back(keypoints_1.[01;31m[Kat[m[K(good_matches[i].queryIdx).pt.y);
[2.109s]       |                                               [01;31m[K^~[m[K
[2.109s] [01m[K/home/megsindelar/Final_Project/ros_ws/src/img_transform/src/img_transform.cpp:114:62:[m[K [01;31m[Kerror: [m[Kinvalid types â€˜[01m[Kint[int][m[Kâ€™ for array subscript
[2.109s]   114 |                 key1_yp.push_back(keypoints_1.at(good_matches[01;31m[K[[m[Ki].queryIdx).pt.y);
[2.110s]       |                                                              [01;31m[K^[m[K
[2.110s] [01m[K/home/megsindelar/Final_Project/ros_ws/src/img_transform/src/img_transform.cpp:118:47:[m[K [01;31m[Kerror: [m[Krequest for member â€˜[01m[Kat[m[Kâ€™ in â€˜[01m[Kkeypoints_2[m[Kâ€™, which is of non-class type â€˜[01m[Kint[m[Kâ€™
[2.110s]   118 |                 key2_xp.push_back(keypoints_2.[01;31m[Kat[m[K(good_matches[i].trainIdx).pt.x);
[2.110s]       |                                               [01;31m[K^~[m[K
[2.110s] [01m[K/home/megsindelar/Final_Project/ros_ws/src/img_transform/src/img_transform.cpp:118:62:[m[K [01;31m[Kerror: [m[Kinvalid types â€˜[01m[Kint[int][m[Kâ€™ for array subscript
[2.110s]   118 |                 key2_xp.push_back(keypoints_2.at(good_matches[01;31m[K[[m[Ki].trainIdx).pt.x);
[2.110s]       |                                                              [01;31m[K^[m[K
[2.110s] [01m[K/home/megsindelar/Final_Project/ros_ws/src/img_transform/src/img_transform.cpp:119:47:[m[K [01;31m[Kerror: [m[Krequest for member â€˜[01m[Kat[m[Kâ€™ in â€˜[01m[Kkeypoints_2[m[Kâ€™, which is of non-class type â€˜[01m[Kint[m[Kâ€™
[2.110s]   119 |                 key2_yp.push_back(keypoints_2.[01;31m[Kat[m[K(good_matches[i].trainIdx).pt.y);
[2.110s]       |                                               [01;31m[K^~[m[K
[2.110s] [01m[K/home/megsindelar/Final_Project/ros_ws/src/img_transform/src/img_transform.cpp:119:62:[m[K [01;31m[Kerror: [m[Kinvalid types â€˜[01m[Kint[int][m[Kâ€™ for array subscript
[2.110s]   119 |                 key2_yp.push_back(keypoints_2.at(good_matches[01;31m[K[[m[Ki].trainIdx).pt.y);
[2.110s]       |                                                              [01;31m[K^[m[K
[2.110s] [01m[K/home/megsindelar/Final_Project/ros_ws/src/img_transform/src/img_transform.cpp:123:34:[m[K [01;31m[Kerror: [m[Krequest for member â€˜[01m[Ksize[m[Kâ€™ in â€˜[01m[Kgood_matches[m[Kâ€™, which is of non-class type â€˜[01m[Kint[m[Kâ€™
[2.110s]   123 |             int N = good_matches.[01;31m[Ksize[m[K();
[2.110s]       |                                  [01;31m[K^~~~[m[K
[2.110s] [01m[K/home/megsindelar/Final_Project/ros_ws/src/img_transform/src/img_transform.cpp:126:13:[m[K [01;31m[Kerror: [m[Kâ€˜[01m[KEigen[m[Kâ€™ has not been declared
[2.111s]   126 |             [01;31m[KEigen[m[K::Matrix<double, 3, Eigen::Dynamic> src(3, N);
[2.111s]       |             [01;31m[K^~~~~[m[K
[2.111s] [01m[K/home/megsindelar/Final_Project/ros_ws/src/img_transform/src/img_transform.cpp:126:27:[m[K [01;31m[Kerror: [m[Kexpected primary-expression before â€˜[01m[Kdouble[m[Kâ€™
[2.111s]   126 |             Eigen::Matrix<[01;31m[Kdouble[m[K, 3, Eigen::Dynamic> src(3, N);
[2.111s]       |                           [01;31m[K^~~~~~[m[K
[2.111s] [01m[K/home/megsindelar/Final_Project/ros_ws/src/img_transform/src/img_transform.cpp:127:34:[m[K [01;35m[Kwarning: [m[Kcomparison of integer expressions of different signedness: â€˜[01m[Ksize_t[m[Kâ€™ {aka â€˜[01m[Klong unsigned int[m[Kâ€™} and â€˜[01m[Kint[m[Kâ€™ [[01;35m[K]8;;https://gcc.gnu.org/onlinedocs/gcc/Warning-Options.html#index-Wsign-compare-Wsign-compare]8;;[m[K]
[2.111s]   127 |             for (size_t i = 0; [01;35m[Ki < N[m[K; ++i) {
[2.111s]       |                                [01;35m[K~~^~~[m[K
[2.112s] [01m[K/home/megsindelar/Final_Project/ros_ws/src/img_transform/src/img_transform.cpp:129:17:[m[K [01;31m[Kerror: [m[Kâ€˜[01m[Ksrc[m[Kâ€™ was not declared in this scope
[2.112s]   129 |                 [01;31m[Ksrc[m[K.col(i) << key1_xw.at(i), key1_yw.at(i), key1_zw.at(i);
[2.112s]       |                 [01;31m[K^~~[m[K
[2.112s] [01m[K/home/megsindelar/Final_Project/ros_ws/src/img_transform/src/img_transform.cpp:134:13:[m[K [01;31m[Kerror: [m[Kâ€˜[01m[KEigen[m[Kâ€™ has not been declared
[2.113s]   134 |             [01;31m[KEigen[m[K::Matrix<double, 4, Eigen::Dynamic> src_h;
[2.113s]       |             [01;31m[K^~~~~[m[K
[2.113s] [01m[K/home/megsindelar/Final_Project/ros_ws/src/img_transform/src/img_transform.cpp:134:27:[m[K [01;31m[Kerror: [m[Kexpected primary-expression before â€˜[01m[Kdouble[m[Kâ€™
[2.113s]   134 |             Eigen::Matrix<[01;31m[Kdouble[m[K, 4, Eigen::Dynamic> src_h;
[2.113s]       |                           [01;31m[K^~~~~~[m[K
[2.117s] [01m[K/home/megsindelar/Final_Project/ros_ws/src/img_transform/src/img_transform.cpp:135:13:[m[K [01;31m[Kerror: [m[Kâ€˜[01m[Ksrc_h[m[Kâ€™ was not declared in this scope
[2.118s]   135 |             [01;31m[Ksrc_h[m[K.resize(4, src.cols());
[2.118s]       |             [01;31m[K^~~~~[m[K
[2.122s] [01m[K/home/megsindelar/Final_Project/ros_ws/src/img_transform/src/img_transform.cpp:135:29:[m[K [01;31m[Kerror: [m[Kâ€˜[01m[Ksrc[m[Kâ€™ was not declared in this scope
[2.122s]   135 |             src_h.resize(4, [01;31m[Ksrc[m[K.cols());
[2.122s]       |                             [01;31m[K^~~[m[K
[2.122s] [01m[K/home/megsindelar/Final_Project/ros_ws/src/img_transform/src/img_transform.cpp:137:35:[m[K [01;31m[Kerror: [m[Kâ€˜[01m[KEigen[m[Kâ€™ has not been declared
[2.122s]   137 |             src_h.bottomRows(1) = [01;31m[KEigen[m[K::Matrix<double, 1, Eigen::Dynamic>::Ones(N);
[2.122s]       |                                   [01;31m[K^~~~~[m[K
[2.122s] [01m[K/home/megsindelar/Final_Project/ros_ws/src/img_transform/src/img_transform.cpp:137:49:[m[K [01;31m[Kerror: [m[Kexpected primary-expression before â€˜[01m[Kdouble[m[Kâ€™
[2.123s]   137 |             src_h.bottomRows(1) = Eigen::Matrix<[01;31m[Kdouble[m[K, 1, Eigen::Dynamic>::Ones(N);
[2.123s]       |                                                 [01;31m[K^~~~~~[m[K
[2.123s] [01m[K/home/megsindelar/Final_Project/ros_ws/src/img_transform/src/img_transform.cpp:140:13:[m[K [01;31m[Kerror: [m[Kâ€˜[01m[KEigen[m[Kâ€™ has not been declared
[2.123s]   140 |             [01;31m[KEigen[m[K::Matrix4d T;
[2.123s]       |             [01;31m[K^~~~~[m[K
[2.123s] [01m[K/home/megsindelar/Final_Project/ros_ws/src/img_transform/src/img_transform.cpp:142:13:[m[K [01;31m[Kerror: [m[Kâ€˜[01m[KEigen[m[Kâ€™ has not been declared
[2.123s]   142 |             [01;31m[KEigen[m[K::Matrix<double, 3, Eigen::Dynamic> tgt(3, N);
[2.123s]       |             [01;31m[K^~~~~[m[K
[2.123s] [01m[K/home/megsindelar/Final_Project/ros_ws/src/img_transform/src/img_transform.cpp:142:27:[m[K [01;31m[Kerror: [m[Kexpected primary-expression before â€˜[01m[Kdouble[m[Kâ€™
[2.123s]   142 |             Eigen::Matrix<[01;31m[Kdouble[m[K, 3, Eigen::Dynamic> tgt(3, N);
[2.123s]       |                           [01;31m[K^~~~~~[m[K
[2.123s] [01m[K/home/megsindelar/Final_Project/ros_ws/src/img_transform/src/img_transform.cpp:143:34:[m[K [01;35m[Kwarning: [m[Kcomparison of integer expressions of different signedness: â€˜[01m[Ksize_t[m[Kâ€™ {aka â€˜[01m[Klong unsigned int[m[Kâ€™} and â€˜[01m[Kint[m[Kâ€™ [[01;35m[K]8;;https://gcc.gnu.org/onlinedocs/gcc/Warning-Options.html#index-Wsign-compare-Wsign-compare]8;;[m[K]
[2.123s]   143 |             for (size_t i = 0; [01;35m[Ki < N[m[K; ++i) {
[2.123s]       |                                [01;35m[K~~^~~[m[K
[2.126s] [01m[K/home/megsindelar/Final_Project/ros_ws/src/img_transform/src/img_transform.cpp:145:17:[m[K [01;31m[Kerror: [m[Kâ€˜[01m[Ktgt[m[Kâ€™ was not declared in this scope
[2.127s]   145 |                 [01;31m[Ktgt[m[K.col(i) << key2_xw.at(i), key2_yw.at(i), key2_zw.at(i);
[2.127s]       |                 [01;31m[K^~~[m[K
[2.127s] [01m[K/home/megsindelar/Final_Project/ros_ws/src/img_transform/src/img_transform.cpp:151:13:[m[K [01;31m[Kerror: [m[Kâ€˜[01m[Kteaser[m[Kâ€™ has not been declared
[2.127s]   151 |             [01;31m[Kteaser[m[K::RobustRegistrationSolver::Params params;
[2.127s]       |             [01;31m[K^~~~~~[m[K
[2.132s] [01m[K/home/megsindelar/Final_Project/ros_ws/src/img_transform/src/img_transform.cpp:152:13:[m[K [01;31m[Kerror: [m[Kâ€˜[01m[Kparams[m[Kâ€™ was not declared in this scope
[2.132s]   152 |             [01;31m[Kparams[m[K.noise_bound = NOISE_BOUND;
[2.132s]       |             [01;31m[K^~~~~~[m[K
[2.141s] [01m[K/home/megsindelar/Final_Project/ros_ws/src/img_transform/src/img_transform.cpp:152:34:[m[K [01;31m[Kerror: [m[Kâ€˜[01m[KNOISE_BOUND[m[Kâ€™ was not declared in this scope
[2.141s]   152 |             params.noise_bound = [01;31m[KNOISE_BOUND[m[K;
[2.141s]       |                                  [01;31m[K^~~~~~~~~~~[m[K
[2.142s] [01m[K/home/megsindelar/Final_Project/ros_ws/src/img_transform/src/img_transform.cpp:158:17:[m[K [01;31m[Kerror: [m[Kâ€˜[01m[Kteaser[m[Kâ€™ has not been declared
[2.142s]   158 |                 [01;31m[Kteaser[m[K::RobustRegistrationSolver::ROTATION_ESTIMATION_ALGORITHM::GNC_TLS;
[2.142s]       |                 [01;31m[K^~~~~~[m[K
[2.142s] [01m[K/home/megsindelar/Final_Project/ros_ws/src/img_transform/src/img_transform.cpp:162:13:[m[K [01;31m[Kerror: [m[Kâ€˜[01m[Kteaser[m[Kâ€™ has not been declared
[2.142s]   162 |             [01;31m[Kteaser[m[K::RobustRegistrationSolver solver(params);
[2.142s]       |             [01;31m[K^~~~~~[m[K
[2.147s] [01m[K/home/megsindelar/Final_Project/ros_ws/src/img_transform/src/img_transform.cpp:164:13:[m[K [01;31m[Kerror: [m[Kâ€˜[01m[Ksolver[m[Kâ€™ was not declared in this scope
[2.147s]   164 |             [01;31m[Ksolver[m[K.solve(src, tgt);
[2.147s]       |             [01;31m[K^~~~~~[m[K
[2.152s] [01m[K/home/megsindelar/Final_Project/ros_ws/src/img_transform/src/img_transform.cpp:164:31:[m[K [01;31m[Kerror: [m[Kâ€˜[01m[Ktgt[m[Kâ€™ was not declared in this scope
[2.152s]   164 |             solver.solve(src, [01;31m[Ktgt[m[K);
[2.152s]       |                               [01;31m[K^~~[m[K
[2.157s] [01m[K/home/megsindelar/Final_Project/ros_ws/src/img_transform/src/img_transform.cpp:174:26:[m[K [01;31m[Kerror: [m[Kâ€˜[01m[KT[m[Kâ€™ was not declared in this scope
[2.157s]   174 |             std::cout << [01;31m[KT[m[K.topLeftCorner(3, 3) << std::endl;
[2.157s]       |                          [01;31m[K^[m[K
[2.165s] [01m[K/home/megsindelar/Final_Project/ros_ws/src/img_transform/src/img_transform.cpp:177:45:[m[K [01;31m[Kerror: [m[Kâ€˜[01m[KgetAngularError[m[Kâ€™ was not declared in this scope
[2.165s]   177 |             std::cout << "Error (deg): " << [01;31m[KgetAngularError[m[K(T.topLeftCorner(3, 3), solution.rotation)
[2.166s]       |                                             [01;31m[K^~~~~~~~~~~~~~~[m[K
[2.174s] [01m[K/home/megsindelar/Final_Project/ros_ws/src/img_transform/src/img_transform.cpp:187:52:[m[K [01;31m[Kerror: [m[Kâ€˜[01m[KN_OUTLIERS[m[Kâ€™ was not declared in this scope
[2.174s]   187 |             std::cout << "Number of outliers: " << [01;31m[KN_OUTLIERS[m[K << std::endl;
[2.174s]       |                                                    [01;31m[K^~~~~~~~~~[m[K
[2.175s] [01m[K/home/megsindelar/Final_Project/ros_ws/src/img_transform/src/img_transform.cpp:196:13:[m[K [01;31m[Kerror: [m[Kâ€˜[01m[KEigen[m[Kâ€™ has not been declared
[2.175s]   196 |             [01;31m[KEigen[m[K::Matrix<double, 3, Eigen::Dynamic> keypnts(3, N);
[2.176s]       |             [01;31m[K^~~~~[m[K
[2.176s] [01m[K/home/megsindelar/Final_Project/ros_ws/src/img_transform/src/img_transform.cpp:196:27:[m[K [01;31m[Kerror: [m[Kexpected primary-expression before â€˜[01m[Kdouble[m[Kâ€™
[2.176s]   196 |             Eigen::Matrix<[01;31m[Kdouble[m[K, 3, Eigen::Dynamic> keypnts(3, N);
[2.176s]       |                           [01;31m[K^~~~~~[m[K
[2.176s] [01m[K/home/megsindelar/Final_Project/ros_ws/src/img_transform/src/img_transform.cpp:197:13:[m[K [01;31m[Kerror: [m[Kâ€˜[01m[KEigen[m[Kâ€™ has not been declared
[2.176s]   197 |             [01;31m[KEigen[m[K::Matrix<double, 3, Eigen::Dynamic> keypnts2(3, N);
[2.176s]       |             [01;31m[K^~~~~[m[K
[2.176s] [01m[K/home/megsindelar/Final_Project/ros_ws/src/img_transform/src/img_transform.cpp:197:27:[m[K [01;31m[Kerror: [m[Kexpected primary-expression before â€˜[01m[Kdouble[m[Kâ€™
[2.176s]   197 |             Eigen::Matrix<[01;31m[Kdouble[m[K, 3, Eigen::Dynamic> keypnts2(3, N);
[2.176s]       |                           [01;31m[K^~~~~~[m[K
[2.181s] [01m[K/home/megsindelar/Final_Project/ros_ws/src/img_transform/src/img_transform.cpp:200:17:[m[K [01;31m[Kerror: [m[Kâ€˜[01m[Kkeypnts[m[Kâ€™ was not declared in this scope; did you mean â€˜[01m[Kkey_t[m[Kâ€™?
[2.181s]   200 |                 [01;31m[Kkeypnts[m[K.col(i) << key1_xw.at(i), key1_yw.at(i), key1_zw.at(i);
[2.181s]       |                 [01;31m[K^~~~~~~[m[K
[2.181s]       |                 [32m[Kkey_t[m[K
[2.187s] [01m[K/home/megsindelar/Final_Project/ros_ws/src/img_transform/src/img_transform.cpp:201:17:[m[K [01;31m[Kerror: [m[Kâ€˜[01m[Kkeypnts2[m[Kâ€™ was not declared in this scope; did you mean â€˜[01m[Kkeypoints_2[m[Kâ€™?
[2.187s]   201 |                 [01;31m[Kkeypnts2[m[K.col(i) << key2_xw.at(i), key2_yw.at(i), key2_zw.at(i);
[2.187s]       |                 [01;31m[K^~~~~~~~[m[K
[2.187s]       |                 [32m[Kkeypoints_2[m[K
[2.187s] [01m[K/home/megsindelar/Final_Project/ros_ws/src/img_transform/src/img_transform.cpp:203:13:[m[K [01;31m[Kerror: [m[Kâ€˜[01m[KEigen[m[Kâ€™ has not been declared
[2.188s]   203 |             [01;31m[KEigen[m[K::Matrix<double, 3, 3> transformation;
[2.188s]       |             [01;31m[K^~~~~[m[K
[2.188s] [01m[K/home/megsindelar/Final_Project/ros_ws/src/img_transform/src/img_transform.cpp:203:27:[m[K [01;31m[Kerror: [m[Kexpected primary-expression before â€˜[01m[Kdouble[m[Kâ€™
[2.188s]   203 |             Eigen::Matrix<[01;31m[Kdouble[m[K, 3, 3> transformation;
[2.188s]       |                           [01;31m[K^~~~~~[m[K
[2.196s] [01m[K/home/megsindelar/Final_Project/ros_ws/src/img_transform/src/img_transform.cpp:205:17:[m[K [01;31m[Kerror: [m[Kâ€˜[01m[Ktransformation[m[Kâ€™ was not declared in this scope
[2.196s]   205 |                 [01;31m[Ktransformation[m[K.row(i) << solution.rotation(i,0), solution.rotation(i,1), solution.translation(i);
[2.196s]       |                 [01;31m[K^~~~~~~~~~~~~~[m[K
[2.204s] [01m[K/home/megsindelar/Final_Project/ros_ws/src/img_transform/src/img_transform.cpp:207:13:[m[K [01;31m[Kerror: [m[Kâ€˜[01m[Ktransformation[m[Kâ€™ was not declared in this scope
[2.205s]   207 |             [01;31m[Ktransformation[m[K.row(2) << solution.rotation(2,0), solution.rotation(2,1), solution.rotation(2,2);
[2.205s]       |             [01;31m[K^~~~~~~~~~~~~~[m[K
[2.205s] [01m[K/home/megsindelar/Final_Project/ros_ws/src/img_transform/src/img_transform.cpp:210:33:[m[K [01;31m[Kerror: [m[Ktemplate argument 2 is invalid
[2.205s]   210 |             std::vector<KeyPoint[01;31m[K>[m[K key_trans_2 = keypoints_2;
[2.205s]       |                                 [01;31m[K^[m[K
[2.205s] [01m[K/home/megsindelar/Final_Project/ros_ws/src/img_transform/src/img_transform.cpp:211:33:[m[K [01;31m[Kerror: [m[Ktemplate argument 2 is invalid
[2.205s]   211 |             std::vector<KeyPoint[01;31m[K>[m[K key_trans_1 = keypoints_1;
[2.205s]       |                                 [01;31m[K^[m[K
[2.205s] [01m[K/home/megsindelar/Final_Project/ros_ws/src/img_transform/src/img_transform.cpp:213:17:[m[K [01;31m[Kerror: [m[Kâ€˜[01m[KEigen[m[Kâ€™ has not been declared
[2.205s]   213 |                 [01;31m[KEigen[m[K::Matrix<double, 3, 1> new_2 = transformation.inverse()*keypnts.col(i);
[2.205s]       |                 [01;31m[K^~~~~[m[K
[2.205s] [01m[K/home/megsindelar/Final_Project/ros_ws/src/img_transform/src/img_transform.cpp:213:31:[m[K [01;31m[Kerror: [m[Kexpected primary-expression before â€˜[01m[Kdouble[m[Kâ€™
[2.205s]   213 |                 Eigen::Matrix<[01;31m[Kdouble[m[K, 3, 1> new_2 = transformation.inverse()*keypnts.col(i);
[2.205s]       |                               [01;31m[K^~~~~~[m[K
[2.206s] [01m[K/home/megsindelar/Final_Project/ros_ws/src/img_transform/src/img_transform.cpp:214:17:[m[K [01;31m[Kerror: [m[Kâ€˜[01m[KEigen[m[Kâ€™ has not been declared
[2.206s]   214 |                 [01;31m[KEigen[m[K::Matrix<double, 3, 1> new_1 = transformation*keypnts2.col(i);
[2.206s]       |                 [01;31m[K^~~~~[m[K
[2.206s] [01m[K/home/megsindelar/Final_Project/ros_ws/src/img_transform/src/img_transform.cpp:214:31:[m[K [01;31m[Kerror: [m[Kexpected primary-expression before â€˜[01m[Kdouble[m[Kâ€™
[2.206s]   214 |                 Eigen::Matrix<[01;31m[Kdouble[m[K, 3, 1> new_1 = transformation*keypnts2.col(i);
[2.206s]       |                               [01;31m[K^~~~~~[m[K
[2.206s] [01m[K/home/megsindelar/Final_Project/ros_ws/src/img_transform/src/img_transform.cpp:215:29:[m[K [01;31m[Kerror: [m[Krequest for member â€˜[01m[Kat[m[Kâ€™ in â€˜[01m[Kkey_trans_2[m[Kâ€™, which is of non-class type â€˜[01m[Kint[m[Kâ€™
[2.206s]   215 |                 key_trans_2.[01;31m[Kat[m[K(i).pt.x = new_2(0);
[2.206s]       |                             [01;31m[K^~[m[K
[2.210s] [01m[K/home/megsindelar/Final_Project/ros_ws/src/img_transform/src/img_transform.cpp:215:42:[m[K [01;31m[Kerror: [m[Kâ€˜[01m[Knew_2[m[Kâ€™ was not declared in this scope
[2.210s]   215 |                 key_trans_2.at(i).pt.x = [01;31m[Knew_2[m[K(0);
[2.210s]       |                                          [01;31m[K^~~~~[m[K
[2.210s] [01m[K/home/megsindelar/Final_Project/ros_ws/src/img_transform/src/img_transform.cpp:216:29:[m[K [01;31m[Kerror: [m[Krequest for member â€˜[01m[Kat[m[Kâ€™ in â€˜[01m[Kkey_trans_2[m[Kâ€™, which is of non-class type â€˜[01m[Kint[m[Kâ€™
[2.210s]   216 |                 key_trans_2.[01;31m[Kat[m[K(i).pt.y = new_2(1);
[2.210s]       |                             [01;31m[K^~[m[K
[2.210s] [01m[K/home/megsindelar/Final_Project/ros_ws/src/img_transform/src/img_transform.cpp:217:29:[m[K [01;31m[Kerror: [m[Krequest for member â€˜[01m[Kat[m[Kâ€™ in â€˜[01m[Kkey_trans_1[m[Kâ€™, which is of non-class type â€˜[01m[Kint[m[Kâ€™
[2.210s]   217 |                 key_trans_1.[01;31m[Kat[m[K(i).pt.x = new_1(0);
[2.210s]       |                             [01;31m[K^~[m[K
[2.215s] [01m[K/home/megsindelar/Final_Project/ros_ws/src/img_transform/src/img_transform.cpp:217:42:[m[K [01;31m[Kerror: [m[Kâ€˜[01m[Knew_1[m[Kâ€™ was not declared in this scope
[2.215s]   217 |                 key_trans_1.at(i).pt.x = [01;31m[Knew_1[m[K(0);
[2.215s]       |                                          [01;31m[K^~~~~[m[K
[2.215s] [01m[K/home/megsindelar/Final_Project/ros_ws/src/img_transform/src/img_transform.cpp:218:29:[m[K [01;31m[Kerror: [m[Krequest for member â€˜[01m[Kat[m[Kâ€™ in â€˜[01m[Kkey_trans_1[m[Kâ€™, which is of non-class type â€˜[01m[Kint[m[Kâ€™
[2.215s]   218 |                 key_trans_1.[01;31m[Kat[m[K(i).pt.y = new_1(1);
[2.215s]       |                             [01;31m[K^~[m[K
[2.215s] [01m[K/home/megsindelar/Final_Project/ros_ws/src/img_transform/src/img_transform.cpp:221:17:[m[K [01;31m[Kerror: [m[Kexpected â€˜[01m[K;[m[Kâ€™ before â€˜[01m[Koutimg_test_2[m[Kâ€™
[2.215s]   221 |             Mat [01;31m[Koutimg_test_2[m[K;
[2.215s]       |                 [01;31m[K^~~~~~~~~~~~~[m[K
[2.222s] [01m[K/home/megsindelar/Final_Project/ros_ws/src/img_transform/src/img_transform.cpp:222:55:[m[K [01;31m[Kerror: [m[Kâ€˜[01m[Koutimg_test_2[m[Kâ€™ was not declared in this scope
[2.223s]   222 |             drawKeypoints ( current_img, key_trans_2, [01;31m[Koutimg_test_2[m[K);
[2.223s]       |                                                       [01;31m[K^~~~~~~~~~~~~[m[K
[2.223s] [01m[K/home/megsindelar/Final_Project/ros_ws/src/img_transform/src/img_transform.cpp:223:17:[m[K [01;31m[Kerror: [m[Kexpected â€˜[01m[K;[m[Kâ€™ before â€˜[01m[Koutimg_test_1[m[Kâ€™
[2.223s]   223 |             Mat [01;31m[Koutimg_test_1[m[K;
[2.223s]       |                 [01;31m[K^~~~~~~~~~~~~[m[K
[2.230s] [01m[K/home/megsindelar/Final_Project/ros_ws/src/img_transform/src/img_transform.cpp:224:55:[m[K [01;31m[Kerror: [m[Kâ€˜[01m[Koutimg_test_1[m[Kâ€™ was not declared in this scope
[2.231s]   224 |             drawKeypoints ( current_img, key_trans_2, [01;31m[Koutimg_test_1[m[K);
[2.231s]       |                                                       [01;31m[K^~~~~~~~~~~~~[m[K
[2.238s] [01m[K/home/megsindelar/Final_Project/ros_ws/src/img_transform/src/img_transform.cpp:227:93:[m[K [01;31m[Kerror: [m[Kâ€˜[01m[Kbegin_total[m[Kâ€™ was not declared in this scope; did you mean â€˜[01m[Kend_total[m[Kâ€™?
[2.238s]   227 | d::chrono::duration_cast<std::chrono::nanoseconds>(end_total - [01;31m[Kbegin_total[m[K);
[2.239s]       |                                                                [01;31m[K^~~~~~~~~~~[m[K
[2.239s]       |                                                                [32m[Kend_total[m[K
[2.239s] [01m[K/home/megsindelar/Final_Project/ros_ws/src/img_transform/src/img_transform.cpp:72:36:[m[K [01;35m[Kwarning: [m[Kunused variable â€˜[01m[Kmax_dist[m[Kâ€™ [[01;35m[K]8;;https://gcc.gnu.org/onlinedocs/gcc/Warning-Options.html#index-Wunused-variable-Wunused-variable]8;;[m[K]
[2.239s]    72 |             double min_dist=10000, [01;35m[Kmax_dist[m[K=0;
[2.239s]       |                                    [01;35m[K^~~~~~~~[m[K
[2.670s] gmake[2]: *** [CMakeFiles/img_transform.dir/build.make:76: CMakeFiles/img_transform.dir/src/img_transform.cpp.o] Error 1
[2.670s] gmake[1]: *** [CMakeFiles/Makefile2:137: CMakeFiles/img_transform.dir/all] Error 2
[2.670s] gmake: *** [Makefile:146: all] Error 2
[2.673s] Invoked command in '/home/megsindelar/Final_Project/ros_ws/build/img_transform' returned '2': CMAKE_PREFIX_PATH=${CMAKE_PREFIX_PATH}:/home/megsindelar/ME_495/Final_Proj/install/attack_of_the_franka:/home/megsindelar/ME_495/Final_Proj/install/moveit_testing:/opt/ros/humble /usr/bin/cmake --build /home/megsindelar/Final_Project/ros_ws/build/img_transform -- -j8 -l8
