[01m[K/home/megsindelar/Final_Project/ros_ws/src/img_transform/src/img_transform.cpp:[m[K In member function â€˜[01m[Kvoid ImgTransform::timer_callback()[m[Kâ€™:
[01m[K/home/megsindelar/Final_Project/ros_ws/src/img_transform/src/img_transform.cpp:118:28:[m[K [01;35m[Kwarning: [m[Kcomparison of integer expressions of different signedness: â€˜[01m[Kint[m[Kâ€™ and â€˜[01m[Kstd::vector<cv::DMatch>::size_type[m[Kâ€™ {aka â€˜[01m[Klong unsigned int[m[Kâ€™} [[01;35m[K]8;;https://gcc.gnu.org/onlinedocs/gcc/Warning-Options.html#index-Wsign-compare-Wsign-compare]8;;[m[K]
  118 |             for (int i=0; [01;35m[Ki<good_matches.size()[m[K; i++){
      |                           [01;35m[K~^~~~~~~~~~~~~~~~~~~~[m[K
[01m[K/home/megsindelar/Final_Project/ros_ws/src/img_transform/src/img_transform.cpp:141:34:[m[K [01;35m[Kwarning: [m[Kcomparison of integer expressions of different signedness: â€˜[01m[Ksize_t[m[Kâ€™ {aka â€˜[01m[Klong unsigned int[m[Kâ€™} and â€˜[01m[Kint[m[Kâ€™ [[01;35m[K]8;;https://gcc.gnu.org/onlinedocs/gcc/Warning-Options.html#index-Wsign-compare-Wsign-compare]8;;[m[K]
  141 |             for (size_t i = 0; [01;35m[Ki < N[m[K; ++i) {
      |                                [01;35m[K~~^~~[m[K
[01m[K/home/megsindelar/Final_Project/ros_ws/src/img_transform/src/img_transform.cpp:157:34:[m[K [01;35m[Kwarning: [m[Kcomparison of integer expressions of different signedness: â€˜[01m[Ksize_t[m[Kâ€™ {aka â€˜[01m[Klong unsigned int[m[Kâ€™} and â€˜[01m[Kint[m[Kâ€™ [[01;35m[K]8;;https://gcc.gnu.org/onlinedocs/gcc/Warning-Options.html#index-Wsign-compare-Wsign-compare]8;;[m[K]
  157 |             for (size_t i = 0; [01;35m[Ki < N[m[K; ++i) {
      |                                [01;35m[K~~^~~[m[K
[01m[K/home/megsindelar/Final_Project/ros_ws/src/img_transform/src/img_transform.cpp:166:34:[m[K [01;31m[Kerror: [m[Kâ€˜[01m[KNOISE_BOUND[m[Kâ€™ was not declared in this scope
  166 |             params.noise_bound = [01;31m[KNOISE_BOUND[m[K;
      |                                  [01;31m[K^~~~~~~~~~~[m[K
[01m[K/home/megsindelar/Final_Project/ros_ws/src/img_transform/src/img_transform.cpp:191:45:[m[K [01;31m[Kerror: [m[Kâ€˜[01m[KgetAngularError[m[Kâ€™ was not declared in this scope
  191 |             std::cout << "Error (deg): " << [01;31m[KgetAngularError[m[K(T.topLeftCorner(3, 3), solution.rotation)
      |                                             [01;31m[K^~~~~~~~~~~~~~~[m[K
[01m[K/home/megsindelar/Final_Project/ros_ws/src/img_transform/src/img_transform.cpp:201:52:[m[K [01;31m[Kerror: [m[Kâ€˜[01m[KN_OUTLIERS[m[Kâ€™ was not declared in this scope
  201 |             std::cout << "Number of outliers: " << [01;31m[KN_OUTLIERS[m[K << std::endl;
      |                                                    [01;31m[K^~~~~~~~~~[m[K
[01m[K/home/megsindelar/Final_Project/ros_ws/src/img_transform/src/img_transform.cpp:241:93:[m[K [01;31m[Kerror: [m[Kâ€˜[01m[Kbegin_total[m[Kâ€™ was not declared in this scope; did you mean â€˜[01m[Kend_total[m[Kâ€™?
  241 | d::chrono::duration_cast<std::chrono::nanoseconds>(end_total - [01;31m[Kbegin_total[m[K);
      |                                                                [01;31m[K^~~~~~~~~~~[m[K
      |                                                                [32m[Kend_total[m[K
[01m[K/home/megsindelar/Final_Project/ros_ws/src/img_transform/src/img_transform.cpp:86:36:[m[K [01;35m[Kwarning: [m[Kunused variable â€˜[01m[Kmax_dist[m[Kâ€™ [[01;35m[K]8;;https://gcc.gnu.org/onlinedocs/gcc/Warning-Options.html#index-Wunused-variable-Wunused-variable]8;;[m[K]
   86 |             double min_dist=10000, [01;35m[Kmax_dist[m[K=0;
      |                                    [01;35m[K^~~~~~~~[m[K
gmake[2]: *** [CMakeFiles/img_transform.dir/build.make:76: CMakeFiles/img_transform.dir/src/img_transform.cpp.o] Error 1
gmake[1]: *** [CMakeFiles/Makefile2:137: CMakeFiles/img_transform.dir/all] Error 2
gmake: *** [Makefile:146: all] Error 2
