[0.016s] Invoking command in '/home/megsindelar/Final_Project/ros_ws/build/img_transform': CMAKE_PREFIX_PATH=${CMAKE_PREFIX_PATH}:/home/megsindelar/ME_495/Final_Proj/install/attack_of_the_franka:/home/megsindelar/ME_495/Final_Proj/install/moveit_testing:/opt/ros/humble /usr/bin/cmake --build /home/megsindelar/Final_Project/ros_ws/build/img_transform -- -j8 -l8
[0.039s] -- Found ament_cmake: 1.3.3 (/opt/ros/humble/share/ament_cmake/cmake)
[0.174s] -- Found rclcpp: 16.0.3 (/opt/ros/humble/share/rclcpp/cmake)
[0.197s] -- Found rosidl_generator_c: 3.1.4 (/opt/ros/humble/share/rosidl_generator_c/cmake)
[0.199s] -- Found rosidl_adapter: 3.1.4 (/opt/ros/humble/share/rosidl_adapter/cmake)
[0.203s] -- Found rosidl_generator_cpp: 3.1.4 (/opt/ros/humble/share/rosidl_generator_cpp/cmake)
[0.211s] -- Using all available rosidl_typesupport_c: rosidl_typesupport_fastrtps_c;rosidl_typesupport_introspection_c
[0.223s] -- Using all available rosidl_typesupport_cpp: rosidl_typesupport_fastrtps_cpp;rosidl_typesupport_introspection_cpp
[0.266s] -- Found rmw_implementation_cmake: 6.1.1 (/opt/ros/humble/share/rmw_implementation_cmake/cmake)
[0.268s] -- Found rmw_fastrtps_cpp: 6.2.2 (/opt/ros/humble/share/rmw_fastrtps_cpp/cmake)
[0.365s] -- Using RMW implementation 'rmw_fastrtps_cpp' as default
[0.481s] -- Found sensor_msgs: 4.2.3 (/opt/ros/humble/share/sensor_msgs/cmake)
[0.577s] -- Found cv_bridge: 3.2.1 (/opt/ros/humble/share/cv_bridge/cmake)
[0.582s] -- Found image_transport: 3.1.5 (/opt/ros/humble/share/image_transport/cmake)
[0.614s] -- Found PythonLibs: /usr/lib/x86_64-linux-gnu/libpython3.10.so (found version "3.10.6") 
[1.019s] -- Found Python3: /usr/bin/python3.10 (found version "3.10.6") found components: Interpreter Development NumPy Development.Module Development.Embed 
[1.021s] -- Found PythonLibs: /usr/lib/x86_64-linux-gnu/libpython3.10.so (found suitable version "3.10.6", minimum required is "3.0") 
[1.346s] -- Found ament_lint_auto: 0.12.5 (/opt/ros/humble/share/ament_lint_auto/cmake)
[1.412s] -- Added test 'cppcheck' to perform static code analysis on C / C++ code
[1.412s] -- Configured cppcheck include dirs: 
[1.412s] -- Configured cppcheck exclude dirs and/or files: 
[1.412s] -- Added test 'lint_cmake' to check CMake code style
[1.413s] -- Added test 'uncrustify' to check C / C++ code style
[1.413s] -- Configured uncrustify additional arguments: 
[1.413s] -- Added test 'xmllint' to check XML markup files
[1.414s] -- Configuring done
[1.425s] -- Generating done
[1.427s] -- Build files have been written to: /home/megsindelar/Final_Project/ros_ws/build/img_transform
[1.452s] [35m[1mConsolidate compiler generated dependencies of target img_transform[0m
[1.468s] [ 50%] [32mBuilding CXX object CMakeFiles/img_transform.dir/src/img_transform.cpp.o[0m
[4.318s] [01m[K/home/megsindelar/Final_Project/ros_ws/src/img_transform/src/img_transform.cpp:[m[K In member function â€˜[01m[Kvoid ImgTransform::timer_callback()[m[Kâ€™:
[4.318s] [01m[K/home/megsindelar/Final_Project/ros_ws/src/img_transform/src/img_transform.cpp:118:28:[m[K [01;35m[Kwarning: [m[Kcomparison of integer expressions of different signedness: â€˜[01m[Kint[m[Kâ€™ and â€˜[01m[Kstd::vector<cv::DMatch>::size_type[m[Kâ€™ {aka â€˜[01m[Klong unsigned int[m[Kâ€™} [[01;35m[K]8;;https://gcc.gnu.org/onlinedocs/gcc/Warning-Options.html#index-Wsign-compare-Wsign-compare]8;;[m[K]
[4.318s]   118 |             for (int i=0; [01;35m[Ki<good_matches.size()[m[K; i++){
[4.318s]       |                           [01;35m[K~^~~~~~~~~~~~~~~~~~~~[m[K
[4.318s] [01m[K/home/megsindelar/Final_Project/ros_ws/src/img_transform/src/img_transform.cpp:141:34:[m[K [01;35m[Kwarning: [m[Kcomparison of integer expressions of different signedness: â€˜[01m[Ksize_t[m[Kâ€™ {aka â€˜[01m[Klong unsigned int[m[Kâ€™} and â€˜[01m[Kint[m[Kâ€™ [[01;35m[K]8;;https://gcc.gnu.org/onlinedocs/gcc/Warning-Options.html#index-Wsign-compare-Wsign-compare]8;;[m[K]
[4.318s]   141 |             for (size_t i = 0; [01;35m[Ki < N[m[K; ++i) {
[4.318s]       |                                [01;35m[K~~^~~[m[K
[4.385s] [01m[K/home/megsindelar/Final_Project/ros_ws/src/img_transform/src/img_transform.cpp:157:34:[m[K [01;35m[Kwarning: [m[Kcomparison of integer expressions of different signedness: â€˜[01m[Ksize_t[m[Kâ€™ {aka â€˜[01m[Klong unsigned int[m[Kâ€™} and â€˜[01m[Kint[m[Kâ€™ [[01;35m[K]8;;https://gcc.gnu.org/onlinedocs/gcc/Warning-Options.html#index-Wsign-compare-Wsign-compare]8;;[m[K]
[4.385s]   157 |             for (size_t i = 0; [01;35m[Ki < N[m[K; ++i) {
[4.385s]       |                                [01;35m[K~~^~~[m[K
[4.400s] [01m[K/home/megsindelar/Final_Project/ros_ws/src/img_transform/src/img_transform.cpp:166:34:[m[K [01;31m[Kerror: [m[Kâ€˜[01m[KNOISE_BOUND[m[Kâ€™ was not declared in this scope
[4.400s]   166 |             params.noise_bound = [01;31m[KNOISE_BOUND[m[K;
[4.400s]       |                                  [01;31m[K^~~~~~~~~~~[m[K
[4.430s] [01m[K/home/megsindelar/Final_Project/ros_ws/src/img_transform/src/img_transform.cpp:191:45:[m[K [01;31m[Kerror: [m[Kâ€˜[01m[KgetAngularError[m[Kâ€™ was not declared in this scope
[4.430s]   191 |             std::cout << "Error (deg): " << [01;31m[KgetAngularError[m[K(T.topLeftCorner(3, 3), solution.rotation)
[4.430s]       |                                             [01;31m[K^~~~~~~~~~~~~~~[m[K
[4.454s] [01m[K/home/megsindelar/Final_Project/ros_ws/src/img_transform/src/img_transform.cpp:201:52:[m[K [01;31m[Kerror: [m[Kâ€˜[01m[KN_OUTLIERS[m[Kâ€™ was not declared in this scope
[4.455s]   201 |             std::cout << "Number of outliers: " << [01;31m[KN_OUTLIERS[m[K << std::endl;
[4.455s]       |                                                    [01;31m[K^~~~~~~~~~[m[K
[4.515s] [01m[K/home/megsindelar/Final_Project/ros_ws/src/img_transform/src/img_transform.cpp:241:93:[m[K [01;31m[Kerror: [m[Kâ€˜[01m[Kbegin_total[m[Kâ€™ was not declared in this scope; did you mean â€˜[01m[Kend_total[m[Kâ€™?
[4.515s]   241 | d::chrono::duration_cast<std::chrono::nanoseconds>(end_total - [01;31m[Kbegin_total[m[K);
[4.515s]       |                                                                [01;31m[K^~~~~~~~~~~[m[K
[4.516s]       |                                                                [32m[Kend_total[m[K
[4.516s] [01m[K/home/megsindelar/Final_Project/ros_ws/src/img_transform/src/img_transform.cpp:86:36:[m[K [01;35m[Kwarning: [m[Kunused variable â€˜[01m[Kmax_dist[m[Kâ€™ [[01;35m[K]8;;https://gcc.gnu.org/onlinedocs/gcc/Warning-Options.html#index-Wunused-variable-Wunused-variable]8;;[m[K]
[4.516s]    86 |             double min_dist=10000, [01;35m[Kmax_dist[m[K=0;
[4.516s]       |                                    [01;35m[K^~~~~~~~[m[K
[5.436s] gmake[2]: *** [CMakeFiles/img_transform.dir/build.make:76: CMakeFiles/img_transform.dir/src/img_transform.cpp.o] Error 1
[5.437s] gmake[1]: *** [CMakeFiles/Makefile2:137: CMakeFiles/img_transform.dir/all] Error 2
[5.437s] gmake: *** [Makefile:146: all] Error 2
[5.440s] Invoked command in '/home/megsindelar/Final_Project/ros_ws/build/img_transform' returned '2': CMAKE_PREFIX_PATH=${CMAKE_PREFIX_PATH}:/home/megsindelar/ME_495/Final_Proj/install/attack_of_the_franka:/home/megsindelar/ME_495/Final_Proj/install/moveit_testing:/opt/ros/humble /usr/bin/cmake --build /home/megsindelar/Final_Project/ros_ws/build/img_transform -- -j8 -l8
