[0.016s] Invoking command in '/home/megsindelar/Final_Project/raspberry_pi_ws/build/turtlebot_control': CMAKE_PREFIX_PATH=${CMAKE_PREFIX_PATH}:/home/megsindelar/ME_495/Final_Proj/install/attack_of_the_franka:/home/megsindelar/ME_495/Final_Proj/install/moveit_testing:/opt/ros/humble /usr/bin/cmake --build /home/megsindelar/Final_Project/raspberry_pi_ws/build/turtlebot_control -- -j8 -l8
[0.038s] -- Found ament_cmake: 1.3.3 (/opt/ros/humble/share/ament_cmake/cmake)
[0.178s] -- Found rclcpp: 16.0.3 (/opt/ros/humble/share/rclcpp/cmake)
[0.200s] -- Found rosidl_generator_c: 3.1.4 (/opt/ros/humble/share/rosidl_generator_c/cmake)
[0.202s] -- Found rosidl_adapter: 3.1.4 (/opt/ros/humble/share/rosidl_adapter/cmake)
[0.207s] -- Found rosidl_generator_cpp: 3.1.4 (/opt/ros/humble/share/rosidl_generator_cpp/cmake)
[0.215s] -- Using all available rosidl_typesupport_c: rosidl_typesupport_fastrtps_c;rosidl_typesupport_introspection_c
[0.227s] -- Using all available rosidl_typesupport_cpp: rosidl_typesupport_fastrtps_cpp;rosidl_typesupport_introspection_cpp
[0.271s] -- Found rmw_implementation_cmake: 6.1.1 (/opt/ros/humble/share/rmw_implementation_cmake/cmake)
[0.272s] -- Found rmw_fastrtps_cpp: 6.2.2 (/opt/ros/humble/share/rmw_fastrtps_cpp/cmake)
[0.373s] -- Using RMW implementation 'rmw_fastrtps_cpp' as default
[0.492s] -- Found sensor_msgs: 4.2.3 (/opt/ros/humble/share/sensor_msgs/cmake)
[0.595s] -- Found cv_bridge: 3.2.1 (/opt/ros/humble/share/cv_bridge/cmake)
[0.601s] -- Found image_transport: 3.1.5 (/opt/ros/humble/share/image_transport/cmake)
[0.629s] -- Found rosidl_default_generators: 1.2.0 (/opt/ros/humble/share/rosidl_default_generators/cmake)
[0.858s] -- Found ament_cmake_ros: 0.10.0 (/opt/ros/humble/share/ament_cmake_ros/cmake)
[1.146s] -- Using all available rosidl_typesupport_c: rosidl_typesupport_fastrtps_c;rosidl_typesupport_introspection_c
[1.258s] -- Using all available rosidl_typesupport_cpp: rosidl_typesupport_fastrtps_cpp;rosidl_typesupport_introspection_cpp
[1.283s] -- Found python_cmake_module: 0.10.0 (/opt/ros/humble/share/python_cmake_module/cmake)
[1.307s] -- Using PYTHON_EXECUTABLE: /usr/bin/python3
[1.307s] -- Using PYTHON_INCLUDE_DIRS: /usr/include/python3.10
[1.307s] -- Using PYTHON_LIBRARIES: /usr/lib/x86_64-linux-gnu/libpython3.10.so
[1.318s] -- Found ament_lint_auto: 0.12.5 (/opt/ros/humble/share/ament_lint_auto/cmake)
[1.324s] -- Added test 'cppcheck' to perform static code analysis on C / C++ code
[1.325s] -- Configured cppcheck include dirs: 
[1.325s] -- Configured cppcheck exclude dirs and/or files: 
[1.325s] -- Added test 'lint_cmake' to check CMake code style
[1.326s] -- Added test 'uncrustify' to check C / C++ code style
[1.326s] -- Configured uncrustify additional arguments: 
[1.326s] -- Added test 'xmllint' to check XML markup files
[1.328s] -- Configuring done
[1.357s] -- Generating done
[1.360s] -- Build files have been written to: /home/megsindelar/Final_Project/raspberry_pi_ws/build/turtlebot_control
[1.390s] [35m[1mConsolidate compiler generated dependencies of target turtlebot_control_msg__rosidl_generator_c[0m
[1.391s] [35m[1mConsolidate compiler generated dependencies of target turtlebot_control[0m
[1.400s] [  3%] Built target turtlebot_control_msg__cpp
[1.401s] [  6%] [32mBuilding C object CMakeFiles/turtlebot_control_msg__rosidl_generator_c.dir/rosidl_generator_c/turtlebot_control/msg/detail/keypoints__functions.c.o[0m
[1.411s] [  6%] Built target ament_cmake_python_copy_turtlebot_control
[1.412s] [35m[1mConsolidate compiler generated dependencies of target turtlebot_control_msg__rosidl_typesupport_introspection_cpp[0m
[1.414s] [  9%] [32mBuilding CXX object CMakeFiles/turtlebot_control.dir/src/turtlebot_control.cpp.o[0m
[1.415s] [35m[1mConsolidate compiler generated dependencies of target turtlebot_control_msg__rosidl_typesupport_fastrtps_cpp[0m
[1.415s] [35m[1mConsolidate compiler generated dependencies of target turtlebot_control_msg__rosidl_typesupport_cpp[0m
[1.427s] [ 12%] [32mBuilding CXX object CMakeFiles/turtlebot_control_msg__rosidl_typesupport_introspection_cpp.dir/rosidl_typesupport_introspection_cpp/turtlebot_control/msg/detail/keypoints__type_support.cpp.o[0m
[1.434s] [ 18%] [32mBuilding CXX object CMakeFiles/turtlebot_control_msg__rosidl_typesupport_fastrtps_cpp.dir/rosidl_typesupport_fastrtps_cpp/turtlebot_control/msg/detail/dds_fastrtps/keypoints__type_support.cpp.o[0m
[1.434s] [ 18%] [32mBuilding CXX object CMakeFiles/turtlebot_control_msg__rosidl_typesupport_cpp.dir/rosidl_typesupport_cpp/turtlebot_control/msg/keypoints__type_support.cpp.o[0m
[1.479s] [ 21%] [32m[1mLinking C shared library libturtlebot_control__rosidl_generator_c.so[0m
[1.539s] [ 24%] Built target turtlebot_control_msg__rosidl_generator_c
[1.558s] [35m[1mConsolidate compiler generated dependencies of target turtlebot_control_msg__rosidl_typesupport_c[0m
[1.558s] [35m[1mConsolidate compiler generated dependencies of target turtlebot_control_msg__rosidl_typesupport_introspection_c[0m
[1.558s] [35m[1mConsolidate compiler generated dependencies of target turtlebot_control_msg__rosidl_typesupport_fastrtps_c[0m
[1.577s] [ 27%] [32mBuilding C object CMakeFiles/turtlebot_control_msg__rosidl_typesupport_introspection_c.dir/rosidl_typesupport_introspection_c/turtlebot_control/msg/detail/keypoints__type_support.c.o[0m
[1.577s] [ 30%] [32mBuilding CXX object CMakeFiles/turtlebot_control_msg__rosidl_typesupport_c.dir/rosidl_typesupport_c/turtlebot_control/msg/keypoints__type_support.cpp.o[0m
[1.581s] [ 33%] [32mBuilding CXX object CMakeFiles/turtlebot_control_msg__rosidl_typesupport_fastrtps_c.dir/rosidl_typesupport_fastrtps_c/turtlebot_control/msg/detail/keypoints__type_support_c.cpp.o[0m
[1.634s] [ 36%] [32m[1mLinking CXX shared library libturtlebot_control__rosidl_typesupport_c.so[0m
[1.646s] [ 39%] [32m[1mLinking C shared library libturtlebot_control__rosidl_typesupport_introspection_c.so[0m
[1.701s] [ 42%] Built target turtlebot_control_msg__rosidl_typesupport_introspection_c
[1.718s] [ 45%] Built target turtlebot_control_msg__rosidl_typesupport_c
[1.891s] [01m[K/home/megsindelar/Final_Project/raspberry_pi_ws/src/turtlebot_control/src/turtlebot_control.cpp:15:10:[m[K [01;31m[Kfatal error: [m[Kturtlebot_control/msg/keypoints.hpp: No such file or directory
[1.891s]    15 | #include [01;31m[K"turtlebot_control/msg/keypoints.hpp"[m[K
[1.891s]       |          [01;31m[K^~~~~~~~~~~~~~~~~~~~~~~~~~~~~~~~~~~~~[m[K
[1.892s] compilation terminated.
[1.895s] [ 48%] [32m[1mLinking CXX shared library libturtlebot_control__rosidl_typesupport_cpp.so[0m
[1.897s] gmake[2]: *** [CMakeFiles/turtlebot_control.dir/build.make:76: CMakeFiles/turtlebot_control.dir/src/turtlebot_control.cpp.o] Error 1
[1.897s] gmake[1]: *** [CMakeFiles/Makefile2:592: CMakeFiles/turtlebot_control.dir/all] Error 2
[1.898s] gmake[1]: *** Waiting for unfinished jobs....
[1.900s] running egg_info
[1.901s] writing turtlebot_control.egg-info/PKG-INFO
[1.902s] writing dependency_links to turtlebot_control.egg-info/dependency_links.txt
[1.902s] writing top-level names to turtlebot_control.egg-info/top_level.txt
[1.907s] reading manifest file 'turtlebot_control.egg-info/SOURCES.txt'
[1.908s] writing manifest file 'turtlebot_control.egg-info/SOURCES.txt'
[1.938s] [ 51%] [32m[1mLinking CXX shared library libturtlebot_control__rosidl_typesupport_introspection_cpp.so[0m
[1.945s] [ 54%] Built target turtlebot_control_msg__rosidl_typesupport_cpp
[1.948s] [ 54%] Built target ament_cmake_python_build_turtlebot_control_egg
[2.019s] [ 57%] Built target turtlebot_control_msg__rosidl_typesupport_introspection_cpp
[2.072s] [ 60%] [32m[1mLinking CXX shared library libturtlebot_control__rosidl_typesupport_fastrtps_cpp.so[0m
[2.076s] [ 63%] [32m[1mLinking CXX shared library libturtlebot_control__rosidl_typesupport_fastrtps_c.so[0m
[2.146s] [ 66%] Built target turtlebot_control_msg__rosidl_typesupport_fastrtps_cpp
[2.149s] [ 69%] Built target turtlebot_control_msg__rosidl_typesupport_fastrtps_c
[2.150s] gmake: *** [Makefile:146: all] Error 2
[2.152s] Invoked command in '/home/megsindelar/Final_Project/raspberry_pi_ws/build/turtlebot_control' returned '2': CMAKE_PREFIX_PATH=${CMAKE_PREFIX_PATH}:/home/megsindelar/ME_495/Final_Proj/install/attack_of_the_franka:/home/megsindelar/ME_495/Final_Proj/install/moveit_testing:/opt/ros/humble /usr/bin/cmake --build /home/megsindelar/Final_Project/raspberry_pi_ws/build/turtlebot_control -- -j8 -l8
