[0.016s] Invoking command in '/home/megsindelar/Final_Project/ros_ws/build/img_transform': CMAKE_PREFIX_PATH=${CMAKE_PREFIX_PATH}:/home/megsindelar/ME_495/Final_Proj/install/attack_of_the_franka:/home/megsindelar/ME_495/Final_Proj/install/moveit_testing:/opt/ros/humble /usr/bin/cmake --build /home/megsindelar/Final_Project/ros_ws/build/img_transform -- -j8 -l8
[0.062s] [35m[1mConsolidate compiler generated dependencies of target img_transform[0m
[0.079s] [ 50%] [32mBuilding CXX object CMakeFiles/img_transform.dir/src/img_transform.cpp.o[0m
[2.874s] [01m[K/home/megsindelar/Final_Project/ros_ws/src/img_transform/src/img_transform.cpp:[m[K In member function â€˜[01m[Kvoid ImgTransform::timer_callback()[m[Kâ€™:
[2.874s] [01m[K/home/megsindelar/Final_Project/ros_ws/src/img_transform/src/img_transform.cpp:140:32:[m[K [01;35m[Kwarning: [m[Kcomparison of integer expressions of different signedness: â€˜[01m[Kint[m[Kâ€™ and â€˜[01m[Kstd::vector<cv::DMatch>::size_type[m[Kâ€™ {aka â€˜[01m[Klong unsigned int[m[Kâ€™} [[01;35m[K]8;;https://gcc.gnu.org/onlinedocs/gcc/Warning-Options.html#index-Wsign-compare-Wsign-compare]8;;[m[K]
[2.874s]   140 |                 for (int i=0; [01;35m[Ki<good_matches.size()[m[K; i++){
[2.874s]       |                               [01;35m[K~^~~~~~~~~~~~~~~~~~~~[m[K
[2.874s] [01m[K/home/megsindelar/Final_Project/ros_ws/src/img_transform/src/img_transform.cpp:163:38:[m[K [01;35m[Kwarning: [m[Kcomparison of integer expressions of different signedness: â€˜[01m[Ksize_t[m[Kâ€™ {aka â€˜[01m[Klong unsigned int[m[Kâ€™} and â€˜[01m[Kint[m[Kâ€™ [[01;35m[K]8;;https://gcc.gnu.org/onlinedocs/gcc/Warning-Options.html#index-Wsign-compare-Wsign-compare]8;;[m[K]
[2.874s]   163 |                 for (size_t i = 0; [01;35m[Ki < N[m[K; ++i) {
[2.874s]       |                                    [01;35m[K~~^~~[m[K
[2.936s] [01m[K/home/megsindelar/Final_Project/ros_ws/src/img_transform/src/img_transform.cpp:179:38:[m[K [01;35m[Kwarning: [m[Kcomparison of integer expressions of different signedness: â€˜[01m[Ksize_t[m[Kâ€™ {aka â€˜[01m[Klong unsigned int[m[Kâ€™} and â€˜[01m[Kint[m[Kâ€™ [[01;35m[K]8;;https://gcc.gnu.org/onlinedocs/gcc/Warning-Options.html#index-Wsign-compare-Wsign-compare]8;;[m[K]
[2.937s]   179 |                 for (size_t i = 0; [01;35m[Ki < N[m[K; ++i) {
[2.937s]       |                                    [01;35m[K~~^~~[m[K
[2.980s] In file included from [01m[K/opt/ros/humble/include/rclcpp/rclcpp/logging.hpp:24[m[K,
[2.980s]                  from [01m[K/opt/ros/humble/include/rclcpp/rclcpp/client.hpp:40[m[K,
[2.980s]                  from [01m[K/opt/ros/humble/include/rclcpp/rclcpp/callback_group.hpp:24[m[K,
[2.980s]                  from [01m[K/opt/ros/humble/include/rclcpp/rclcpp/any_executable.hpp:20[m[K,
[2.980s]                  from [01m[K/opt/ros/humble/include/rclcpp/rclcpp/memory_strategy.hpp:25[m[K,
[2.980s]                  from [01m[K/opt/ros/humble/include/rclcpp/rclcpp/memory_strategies.hpp:18[m[K,
[2.980s]                  from [01m[K/opt/ros/humble/include/rclcpp/rclcpp/executor_options.hpp:20[m[K,
[2.980s]                  from [01m[K/opt/ros/humble/include/rclcpp/rclcpp/executor.hpp:37[m[K,
[2.980s]                  from [01m[K/opt/ros/humble/include/rclcpp/rclcpp/executors/multi_threaded_executor.hpp:25[m[K,
[2.980s]                  from [01m[K/opt/ros/humble/include/rclcpp/rclcpp/executors.hpp:21[m[K,
[2.980s]                  from [01m[K/opt/ros/humble/include/rclcpp/rclcpp/rclcpp.hpp:155[m[K,
[2.980s]                  from [01m[K/home/megsindelar/Final_Project/ros_ws/src/img_transform/src/img_transform.cpp:2[m[K:
[2.980s] [01m[K/home/megsindelar/Final_Project/ros_ws/src/img_transform/src/img_transform.cpp:273:117:[m[K [01;31m[Kerror: [m[Kâ€˜[01m[Kclass Eigen::Matrix<double, 3, 3>[m[Kâ€™ has no member named â€˜[01m[Kat[m[Kâ€™; did you mean â€˜[01m[Kdata[m[Kâ€™?
[2.980s]   273 | ssage"), "Transformation: [%f] [%f] [%f]", transformation.[01;31m[Kat[m[K(i,0),transformation.at(i,1), transformation.at(i,2));
[2.980s]       |                                                           [01;31m[K^~[m[K
[2.980s] 
[2.981s] [01m[K/home/megsindelar/Final_Project/ros_ws/src/img_transform/src/img_transform.cpp:273:140:[m[K [01;31m[Kerror: [m[Kâ€˜[01m[Kclass Eigen::Matrix<double, 3, 3>[m[Kâ€™ has no member named â€˜[01m[Kat[m[Kâ€™; did you mean â€˜[01m[Kdata[m[Kâ€™?
[2.981s]   273 | n: [%f] [%f] [%f]", transformation.at(i,0),transformation.[01;31m[Kat[m[K(i,1), transformation.at(i,2));
[2.981s]       |                                                           [01;31m[K^~[m[K
[2.981s] 
[2.981s] [01m[K/home/megsindelar/Final_Project/ros_ws/src/img_transform/src/img_transform.cpp:273:164:[m[K [01;31m[Kerror: [m[Kâ€˜[01m[Kclass Eigen::Matrix<double, 3, 3>[m[Kâ€™ has no member named â€˜[01m[Kat[m[Kâ€™; did you mean â€˜[01m[Kdata[m[Kâ€™?
[2.981s]   273 | ansformation.at(i,0),transformation.at(i,1), transformation.[01;31m[Kat[m[K(i,2));
[2.981s]       |                                                             [01;31m[K^~[m[K
[2.981s] 
[3.003s] [01m[K/home/megsindelar/Final_Project/ros_ws/src/img_transform/src/img_transform.cpp:108:40:[m[K [01;35m[Kwarning: [m[Kunused variable â€˜[01m[Kmax_dist[m[Kâ€™ [[01;35m[K]8;;https://gcc.gnu.org/onlinedocs/gcc/Warning-Options.html#index-Wunused-variable-Wunused-variable]8;;[m[K]
[3.003s]   108 |                 double min_dist=10000, [01;35m[Kmax_dist[m[K=0;
[3.003s]       |                                        [01;35m[K^~~~~~~~[m[K
[4.171s] gmake[2]: *** [CMakeFiles/img_transform.dir/build.make:76: CMakeFiles/img_transform.dir/src/img_transform.cpp.o] Error 1
[4.171s] gmake[1]: *** [CMakeFiles/Makefile2:137: CMakeFiles/img_transform.dir/all] Error 2
[4.172s] gmake: *** [Makefile:146: all] Error 2
[4.175s] Invoked command in '/home/megsindelar/Final_Project/ros_ws/build/img_transform' returned '2': CMAKE_PREFIX_PATH=${CMAKE_PREFIX_PATH}:/home/megsindelar/ME_495/Final_Proj/install/attack_of_the_franka:/home/megsindelar/ME_495/Final_Proj/install/moveit_testing:/opt/ros/humble /usr/bin/cmake --build /home/megsindelar/Final_Project/ros_ws/build/img_transform -- -j8 -l8
