[01m[K/home/megsindelar/Final_Project/ros_ws/src/img_transform/src/img_transform.cpp:[m[K In member function â€˜[01m[Kvoid ImgTransform::timer_callback()[m[Kâ€™:
[01m[K/home/megsindelar/Final_Project/ros_ws/src/img_transform/src/img_transform.cpp:51:36:[m[K [01;31m[Kerror: [m[Kâ€˜[01m[Kament_index_cpp[m[Kâ€™ has not been declared
   51 |             std::string pkg_path = [01;31m[Kament_index_cpp[m[K::get_package_share_directory("img_transform")
      |                                    [01;31m[K^~~~~~~~~~~~~~~[m[K
[01m[K/home/megsindelar/Final_Project/ros_ws/src/img_transform/src/img_transform.cpp:59:76:[m[K [01;31m[Kerror: [m[Kâ€˜[01m[Kcurrent_frame[m[Kâ€™ was not declared in this scope
   59 | ub_current_img_->publish(*(cv_bridge::CvImage(header, "bgr8", [01;31m[Kcurrent_frame[m[K).toImageMsg()), cam_info_);
      |                                                               [01;31m[K^~~~~~~~~~~~~[m[K

gmake[2]: *** [CMakeFiles/img_transform.dir/build.make:76: CMakeFiles/img_transform.dir/src/img_transform.cpp.o] Error 1
gmake[1]: *** [CMakeFiles/Makefile2:137: CMakeFiles/img_transform.dir/all] Error 2
gmake: *** [Makefile:146: all] Error 2
