In file included from [01m[K/home/megsindelar/Final_Project/ros_ws/src/img_transform/src/img_transform.cpp:17[m[K:
[01m[K/home/megsindelar/Final_Project/ros_ws/build/img_transform/_deps/matplotlib-src/matplotlibcpp.h:14:10:[m[K [01;31m[Kfatal error: [m[KPython.h: No such file or directory
   14 | #include [01;31m[K<Python.h>[m[K
      |          [01;31m[K^~~~~~~~~~[m[K
compilation terminated.
gmake[2]: *** [CMakeFiles/img_transform.dir/build.make:76: CMakeFiles/img_transform.dir/src/img_transform.cpp.o] Error 1
gmake[1]: *** [CMakeFiles/Makefile2:137: CMakeFiles/img_transform.dir/all] Error 2
gmake: *** [Makefile:146: all] Error 2
