[  6%] Built target turtlebot_control_msg__cpp
[ 12%] Built target turtlebot_control_msg__rosidl_generator_c
[ 12%] Built target ament_cmake_python_copy_turtlebot_control
[ 21%] Built target turtlebot_control_msg__rosidl_typesupport_introspection_c
[ 30%] Built target turtlebot_control_msg__rosidl_typesupport_cpp
[ 45%] Built target turtlebot_control_msg__rosidl_typesupport_fastrtps_c
[ 48%] Built target turtlebot_control_msg__rosidl_typesupport_c
[ 57%] Built target turtlebot_control_msg__rosidl_typesupport_fastrtps_cpp
[ 66%] Built target turtlebot_control_msg__rosidl_typesupport_introspection_cpp
[35m[1mConsolidate compiler generated dependencies of target turtlebot_control[0m
[ 66%] Built target turtlebot_control_msg
[ 69%] [32mBuilding CXX object CMakeFiles/turtlebot_control.dir/src/turtlebot_control.cpp.o[0m
[ 72%] Built target turtlebot_control_msg__py
[ 78%] Built target turtlebot_control_msg__rosidl_generator_py
[ 84%] Built target turtlebot_control__rosidl_typesupport_introspection_c__pyext
[ 90%] Built target turtlebot_control__rosidl_typesupport_c__pyext
[ 96%] Built target turtlebot_control__rosidl_typesupport_fastrtps_c__pyext
running egg_info
writing turtlebot_control.egg-info/PKG-INFO
writing dependency_links to turtlebot_control.egg-info/dependency_links.txt
writing top-level names to turtlebot_control.egg-info/top_level.txt
reading manifest file 'turtlebot_control.egg-info/SOURCES.txt'
writing manifest file 'turtlebot_control.egg-info/SOURCES.txt'
[ 96%] Built target ament_cmake_python_build_turtlebot_control_egg
[01m[K/home/megsindelar/Final_Project/raspberry_pi_ws/src/turtlebot_control/src/turtlebot_control.cpp:[m[K In member function â€˜[01m[Kvoid TurtlebotControl::timer_callback()[m[Kâ€™:
[01m[K/home/megsindelar/Final_Project/raspberry_pi_ws/src/turtlebot_control/src/turtlebot_control.cpp:90:40:[m[K [01;31m[Kerror: [m[Kâ€˜[01m[KKeypoints[m[Kâ€™ is not a member of â€˜[01m[Kturtlebot_control[m[Kâ€™; did you mean â€˜[01m[Kturtlebot_control::msg::Keypoints[m[Kâ€™?
   90 |                     turtlebot_control::[01;31m[KKeypoints[m[K keypoints;
      |                                        [01;31m[K^~~~~~~~~[m[K
In file included from [01m[K/home/megsindelar/Final_Project/raspberry_pi_ws/build/turtlebot_control/rosidl_generator_cpp/turtlebot_control/msg/keypoints.hpp:7[m[K,
                 from [01m[K/home/megsindelar/Final_Project/raspberry_pi_ws/src/turtlebot_control/src/turtlebot_control.cpp:16[m[K:
[01m[K/home/megsindelar/Final_Project/raspberry_pi_ws/build/turtlebot_control/rosidl_generator_cpp/turtlebot_control/msg/detail/keypoints__struct.hpp:126:7:[m[K [01;36m[Knote: [m[Kâ€˜[01m[Kturtlebot_control::msg::Keypoints[m[Kâ€™ declared here
  126 | using [01;36m[KKeypoints[m[K =
      |       [01;36m[K^~~~~~~~~[m[K
[01m[K/home/megsindelar/Final_Project/raspberry_pi_ws/src/turtlebot_control/src/turtlebot_control.cpp:91:21:[m[K [01;31m[Kerror: [m[Kâ€˜[01m[Kkeypoints[m[Kâ€™ was not declared in this scope; did you mean â€˜[01m[Kkeypoints_2[m[Kâ€™?
   91 |                     [01;31m[Kkeypoints[m[K.keypoints_1 = keypoints_1;
      |                     [01;31m[K^~~~~~~~~[m[K
      |                     [32m[Kkeypoints_2[m[K
gmake[2]: *** [CMakeFiles/turtlebot_control.dir/build.make:76: CMakeFiles/turtlebot_control.dir/src/turtlebot_control.cpp.o] Error 1
gmake[1]: *** [CMakeFiles/Makefile2:593: CMakeFiles/turtlebot_control.dir/all] Error 2
gmake: *** [Makefile:146: all] Error 2
