[0.009s] Invoking command in '/home/megsindelar/Final_Project/raspberry_pi_ws/build/turtlebot_control': CMAKE_PREFIX_PATH=${CMAKE_PREFIX_PATH}:/home/megsindelar/ME_495/Final_Proj/install/attack_of_the_franka:/home/megsindelar/ME_495/Final_Proj/install/moveit_testing:/opt/ros/humble /usr/bin/cmake --build /home/megsindelar/Final_Project/raspberry_pi_ws/build/turtlebot_control -- -j8 -l8
[0.045s] [  6%] Built target turtlebot_control_msg__cpp
[0.045s] [ 12%] Built target turtlebot_control_msg__rosidl_generator_c
[0.054s] [ 12%] Built target ament_cmake_python_copy_turtlebot_control
[0.064s] [ 21%] Built target turtlebot_control_msg__rosidl_typesupport_introspection_c
[0.064s] [ 30%] Built target turtlebot_control_msg__rosidl_typesupport_cpp
[0.065s] [ 45%] Built target turtlebot_control_msg__rosidl_typesupport_fastrtps_c
[0.065s] [ 48%] Built target turtlebot_control_msg__rosidl_typesupport_c
[0.065s] [ 57%] Built target turtlebot_control_msg__rosidl_typesupport_fastrtps_cpp
[0.066s] [ 66%] Built target turtlebot_control_msg__rosidl_typesupport_introspection_cpp
[0.074s] [35m[1mConsolidate compiler generated dependencies of target turtlebot_control[0m
[0.080s] [ 66%] Built target turtlebot_control_msg
[0.087s] [ 69%] [32mBuilding CXX object CMakeFiles/turtlebot_control.dir/src/turtlebot_control.cpp.o[0m
[0.094s] [ 72%] Built target turtlebot_control_msg__py
[0.109s] [ 78%] Built target turtlebot_control_msg__rosidl_generator_py
[0.125s] [ 84%] Built target turtlebot_control__rosidl_typesupport_introspection_c__pyext
[0.127s] [ 90%] Built target turtlebot_control__rosidl_typesupport_c__pyext
[0.129s] [ 96%] Built target turtlebot_control__rosidl_typesupport_fastrtps_c__pyext
[0.249s] running egg_info
[0.249s] writing turtlebot_control.egg-info/PKG-INFO
[0.250s] writing dependency_links to turtlebot_control.egg-info/dependency_links.txt
[0.250s] writing top-level names to turtlebot_control.egg-info/top_level.txt
[0.251s] reading manifest file 'turtlebot_control.egg-info/SOURCES.txt'
[0.252s] writing manifest file 'turtlebot_control.egg-info/SOURCES.txt'
[0.270s] [ 96%] Built target ament_cmake_python_build_turtlebot_control_egg
[1.923s] [01m[K/home/megsindelar/Final_Project/raspberry_pi_ws/src/turtlebot_control/src/turtlebot_control.cpp:[m[K In member function â€˜[01m[Kvoid TurtlebotControl::timer_callback()[m[Kâ€™:
[1.923s] [01m[K/home/megsindelar/Final_Project/raspberry_pi_ws/src/turtlebot_control/src/turtlebot_control.cpp:90:40:[m[K [01;31m[Kerror: [m[Kâ€˜[01m[KKeypoints[m[Kâ€™ is not a member of â€˜[01m[Kturtlebot_control[m[Kâ€™; did you mean â€˜[01m[Kturtlebot_control::msg::Keypoints[m[Kâ€™?
[1.923s]    90 |                     turtlebot_control::[01;31m[KKeypoints[m[K keypoints;
[1.923s]       |                                        [01;31m[K^~~~~~~~~[m[K
[1.923s] In file included from [01m[K/home/megsindelar/Final_Project/raspberry_pi_ws/build/turtlebot_control/rosidl_generator_cpp/turtlebot_control/msg/keypoints.hpp:7[m[K,
[1.923s]                  from [01m[K/home/megsindelar/Final_Project/raspberry_pi_ws/src/turtlebot_control/src/turtlebot_control.cpp:16[m[K:
[1.923s] [01m[K/home/megsindelar/Final_Project/raspberry_pi_ws/build/turtlebot_control/rosidl_generator_cpp/turtlebot_control/msg/detail/keypoints__struct.hpp:126:7:[m[K [01;36m[Knote: [m[Kâ€˜[01m[Kturtlebot_control::msg::Keypoints[m[Kâ€™ declared here
[1.923s]   126 | using [01;36m[KKeypoints[m[K =
[1.923s]       |       [01;36m[K^~~~~~~~~[m[K
[1.928s] [01m[K/home/megsindelar/Final_Project/raspberry_pi_ws/src/turtlebot_control/src/turtlebot_control.cpp:91:21:[m[K [01;31m[Kerror: [m[Kâ€˜[01m[Kkeypoints[m[Kâ€™ was not declared in this scope; did you mean â€˜[01m[Kkeypoints_2[m[Kâ€™?
[1.928s]    91 |                     [01;31m[Kkeypoints[m[K.keypoints_1 = keypoints_1;
[1.928s]       |                     [01;31m[K^~~~~~~~~[m[K
[1.928s]       |                     [32m[Kkeypoints_2[m[K
[2.457s] gmake[2]: *** [CMakeFiles/turtlebot_control.dir/build.make:76: CMakeFiles/turtlebot_control.dir/src/turtlebot_control.cpp.o] Error 1
[2.457s] gmake[1]: *** [CMakeFiles/Makefile2:593: CMakeFiles/turtlebot_control.dir/all] Error 2
[2.457s] gmake: *** [Makefile:146: all] Error 2
[2.459s] Invoked command in '/home/megsindelar/Final_Project/raspberry_pi_ws/build/turtlebot_control' returned '2': CMAKE_PREFIX_PATH=${CMAKE_PREFIX_PATH}:/home/megsindelar/ME_495/Final_Proj/install/attack_of_the_franka:/home/megsindelar/ME_495/Final_Proj/install/moveit_testing:/opt/ros/humble /usr/bin/cmake --build /home/megsindelar/Final_Project/raspberry_pi_ws/build/turtlebot_control -- -j8 -l8
