[01m[K/home/megsindelar/Final_Project/ros_ws/src/active_slam/src/img_transform.cpp:69:2:[m[K [01;31m[Kerror: [m[Kexpected â€˜[01m[K;[m[Kâ€™ after class definition
   69 | }
      |  [01;31m[K^[m[K
      |  [32m[K;[m[K
[01m[K/home/megsindelar/Final_Project/ros_ws/src/active_slam/src/img_transform.cpp:[m[K In constructor â€˜[01m[KImgTransform::ImgTransform()[m[Kâ€™:
[01m[K/home/megsindelar/Final_Project/ros_ws/src/active_slam/src/img_transform.cpp:25:9:[m[K [01;31m[Kerror: [m[Kâ€˜[01m[Ksub_current_image[m[Kâ€™ was not declared in this scope; did you mean â€˜[01m[Ksub_current_img_[m[Kâ€™?
   25 |         [01;31m[Ksub_current_image[m[K = std::make_shared<image_transport::CameraSubscriber>(
      |         [01;31m[K^~~~~~~~~~~~~~~~~[m[K
      |         [32m[Ksub_current_img_[m[K
[01m[K/home/megsindelar/Final_Project/ros_ws/src/active_slam/src/img_transform.cpp:29:28:[m[K [01;31m[Kerror: [m[Kâ€˜[01m[KImgSubscriber[m[Kâ€™ has not been declared
   29 |                 std::bind(&[01;31m[KImgSubscriber[m[K::img_callback, this, std::placeholders::_1, std::placeholders::_2),
      |                            [01;31m[K^~~~~~~~~~~~~[m[K
[01m[K/home/megsindelar/Final_Project/ros_ws/src/active_slam/src/img_transform.cpp:40:22:[m[K [01;31m[Kerror: [m[Kâ€˜[01m[KNuSim[m[Kâ€™ has not been declared
   40 |           std::bind(&[01;31m[KNuSim[m[K::timer_callback, this));
      |                      [01;31m[K^~~~~[m[K
[01m[K/home/megsindelar/Final_Project/ros_ws/src/active_slam/src/img_transform.cpp:[m[K In member function â€˜[01m[Kvoid ImgTransform::timer_callback()[m[Kâ€™:
[01m[K/home/megsindelar/Final_Project/ros_ws/src/active_slam/src/img_transform.cpp:50:37:[m[K [01;31m[Kerror: [m[Kâ€˜[01m[Kimread[m[Kâ€™ was not declared in this scope; did you mean â€˜[01m[Kread[m[Kâ€™?
   50 |             cv::Mat current_frame = [01;31m[Kimread[m[K("include/image.jpg")
      |                                     [01;31m[K^~~~~~[m[K
      |                                     [32m[Kread[m[K
[01m[K/home/megsindelar/Final_Project/ros_ws/src/active_slam/src/img_transform.cpp:[m[K In member function â€˜[01m[Kvoid ImgTransform::img_callback(const ConstSharedPtr&, const ConstSharedPtr&)[m[Kâ€™:
[01m[K/home/megsindelar/Final_Project/ros_ws/src/active_slam/src/img_transform.cpp:61:17:[m[K [01;31m[Kerror: [m[Kâ€˜[01m[Kimshow[m[Kâ€™ is not a member of â€˜[01m[Kcv[m[Kâ€™
   61 |             cv::[01;31m[Kimshow[m[K(cv_bridge::toCvCopy(*msg, msg->encoding)->image);
      |                 [01;31m[K^~~~~~[m[K
[01m[K/home/megsindelar/Final_Project/ros_ws/src/active_slam/src/img_transform.cpp:62:17:[m[K [01;31m[Kerror: [m[Kâ€˜[01m[KwaitKey[m[Kâ€™ is not a member of â€˜[01m[Kcv[m[Kâ€™; did you mean â€˜[01m[Kwrite[m[Kâ€™?
   62 |             cv::[01;31m[KwaitKey[m[K(1);
      |                 [01;31m[K^~~~~~~[m[K
      |                 [32m[Kwrite[m[K
gmake[2]: *** [CMakeFiles/img_transform.dir/build.make:76: CMakeFiles/img_transform.dir/src/img_transform.cpp.o] Error 1
gmake[1]: *** [CMakeFiles/Makefile2:137: CMakeFiles/img_transform.dir/all] Error 2
gmake: *** [Makefile:146: all] Error 2
