-- The C compiler identification is GNU 11.3.0
-- The CXX compiler identification is GNU 11.3.0
-- Detecting C compiler ABI info
-- Detecting C compiler ABI info - done
-- Check for working C compiler: /usr/bin/cc - skipped
-- Detecting C compile features
-- Detecting C compile features - done
-- Detecting CXX compiler ABI info
-- Detecting CXX compiler ABI info - done
-- Check for working CXX compiler: /usr/bin/c++ - skipped
-- Detecting CXX compile features
-- Detecting CXX compile features - done
-- Found ament_cmake: 1.3.3 (/opt/ros/humble/share/ament_cmake/cmake)
-- Found Python3: /usr/bin/python3.10 (found version "3.10.6") found components: Interpreter 
-- Found rclcpp: 16.0.3 (/opt/ros/humble/share/rclcpp/cmake)
-- Found rosidl_generator_c: 3.1.4 (/opt/ros/humble/share/rosidl_generator_c/cmake)
-- Found rosidl_adapter: 3.1.4 (/opt/ros/humble/share/rosidl_adapter/cmake)
-- Found rosidl_generator_cpp: 3.1.4 (/opt/ros/humble/share/rosidl_generator_cpp/cmake)
-- Using all available rosidl_typesupport_c: rosidl_typesupport_fastrtps_c;rosidl_typesupport_introspection_c
-- Using all available rosidl_typesupport_cpp: rosidl_typesupport_fastrtps_cpp;rosidl_typesupport_introspection_cpp
-- Found rmw_implementation_cmake: 6.1.1 (/opt/ros/humble/share/rmw_implementation_cmake/cmake)
-- Found rmw_fastrtps_cpp: 6.2.2 (/opt/ros/humble/share/rmw_fastrtps_cpp/cmake)
-- Found OpenSSL: /usr/lib/x86_64-linux-gnu/libcrypto.so (found version "3.0.2")  
-- Found FastRTPS: /opt/ros/humble/include  
-- Using RMW implementation 'rmw_fastrtps_cpp' as default
-- Looking for pthread.h
-- Looking for pthread.h - found
-- Performing Test CMAKE_HAVE_LIBC_PTHREAD
-- Performing Test CMAKE_HAVE_LIBC_PTHREAD - Success
-- Found Threads: TRUE  
-- Found sensor_msgs: 4.2.3 (/opt/ros/humble/share/sensor_msgs/cmake)
-- Found OpenCV: /usr (found version "4.5.4") 
-- Found cv_bridge: 3.2.1 (/opt/ros/humble/share/cv_bridge/cmake)
-- Found image_transport: 3.1.5 (/opt/ros/humble/share/image_transport/cmake)
-- Found ament_lint_auto: 0.12.5 (/opt/ros/humble/share/ament_lint_auto/cmake)
-- Added test 'cppcheck' to perform static code analysis on C / C++ code
-- Configured cppcheck include dirs: 
-- Configured cppcheck exclude dirs and/or files: 
-- Added test 'lint_cmake' to check CMake code style
-- Added test 'uncrustify' to check C / C++ code style
-- Configured uncrustify additional arguments: 
-- Added test 'xmllint' to check XML markup files
-- Configuring done
-- Generating done
-- Build files have been written to: /home/megsindelar/Final_Project/ros_ws/build/img_transform
[ 50%] [32mBuilding CXX object CMakeFiles/img_transform.dir/src/img_transform.cpp.o[0m
[01m[K/home/megsindelar/Final_Project/ros_ws/src/active_slam/src/img_transform.cpp:69:2:[m[K [01;31m[Kerror: [m[Kexpected â€˜[01m[K;[m[Kâ€™ after class definition
   69 | }
      |  [01;31m[K^[m[K
      |  [32m[K;[m[K
[01m[K/home/megsindelar/Final_Project/ros_ws/src/active_slam/src/img_transform.cpp:[m[K In constructor â€˜[01m[KImgTransform::ImgTransform()[m[Kâ€™:
[01m[K/home/megsindelar/Final_Project/ros_ws/src/active_slam/src/img_transform.cpp:25:9:[m[K [01;31m[Kerror: [m[Kâ€˜[01m[Ksub_current_image[m[Kâ€™ was not declared in this scope; did you mean â€˜[01m[Ksub_current_img_[m[Kâ€™?
   25 |         [01;31m[Ksub_current_image[m[K = std::make_shared<image_transport::CameraSubscriber>(
      |         [01;31m[K^~~~~~~~~~~~~~~~~[m[K
      |         [32m[Ksub_current_img_[m[K
[01m[K/home/megsindelar/Final_Project/ros_ws/src/active_slam/src/img_transform.cpp:29:28:[m[K [01;31m[Kerror: [m[Kâ€˜[01m[KImgSubscriber[m[Kâ€™ has not been declared
   29 |                 std::bind(&[01;31m[KImgSubscriber[m[K::img_callback, this, std::placeholders::_1, std::placeholders::_2),
      |                            [01;31m[K^~~~~~~~~~~~~[m[K
[01m[K/home/megsindelar/Final_Project/ros_ws/src/active_slam/src/img_transform.cpp:40:22:[m[K [01;31m[Kerror: [m[Kâ€˜[01m[KNuSim[m[Kâ€™ has not been declared
   40 |           std::bind(&[01;31m[KNuSim[m[K::timer_callback, this));
      |                      [01;31m[K^~~~~[m[K
[01m[K/home/megsindelar/Final_Project/ros_ws/src/active_slam/src/img_transform.cpp:[m[K In member function â€˜[01m[Kvoid ImgTransform::timer_callback()[m[Kâ€™:
[01m[K/home/megsindelar/Final_Project/ros_ws/src/active_slam/src/img_transform.cpp:50:37:[m[K [01;31m[Kerror: [m[Kâ€˜[01m[Kimread[m[Kâ€™ was not declared in this scope; did you mean â€˜[01m[Kread[m[Kâ€™?
   50 |             cv::Mat current_frame = [01;31m[Kimread[m[K("include/image.jpg")
      |                                     [01;31m[K^~~~~~[m[K
      |                                     [32m[Kread[m[K
[01m[K/home/megsindelar/Final_Project/ros_ws/src/active_slam/src/img_transform.cpp:[m[K In member function â€˜[01m[Kvoid ImgTransform::img_callback(const ConstSharedPtr&, const ConstSharedPtr&)[m[Kâ€™:
[01m[K/home/megsindelar/Final_Project/ros_ws/src/active_slam/src/img_transform.cpp:61:17:[m[K [01;31m[Kerror: [m[Kâ€˜[01m[Kimshow[m[Kâ€™ is not a member of â€˜[01m[Kcv[m[Kâ€™
   61 |             cv::[01;31m[Kimshow[m[K(cv_bridge::toCvCopy(*msg, msg->encoding)->image);
      |                 [01;31m[K^~~~~~[m[K
[01m[K/home/megsindelar/Final_Project/ros_ws/src/active_slam/src/img_transform.cpp:62:17:[m[K [01;31m[Kerror: [m[Kâ€˜[01m[KwaitKey[m[Kâ€™ is not a member of â€˜[01m[Kcv[m[Kâ€™; did you mean â€˜[01m[Kwrite[m[Kâ€™?
   62 |             cv::[01;31m[KwaitKey[m[K(1);
      |                 [01;31m[K^~~~~~~[m[K
      |                 [32m[Kwrite[m[K
gmake[2]: *** [CMakeFiles/img_transform.dir/build.make:76: CMakeFiles/img_transform.dir/src/img_transform.cpp.o] Error 1
gmake[1]: *** [CMakeFiles/Makefile2:137: CMakeFiles/img_transform.dir/all] Error 2
gmake: *** [Makefile:146: all] Error 2
