[0.011s] Invoking command in '/home/megsindelar/Final_Project/ros_ws/build/img_transform': CMAKE_PREFIX_PATH=${CMAKE_PREFIX_PATH}:/home/megsindelar/ME_495/Final_Proj/install/attack_of_the_franka:/home/megsindelar/ME_495/Final_Proj/install/moveit_testing:/opt/ros/humble /usr/bin/cmake /home/megsindelar/Final_Project/ros_ws/src/active_slam -DCMAKE_INSTALL_PREFIX=/home/megsindelar/Final_Project/ros_ws/install/img_transform
[0.059s] -- The C compiler identification is GNU 11.3.0
[0.109s] -- The CXX compiler identification is GNU 11.3.0
[0.116s] -- Detecting C compiler ABI info
[0.168s] -- Detecting C compiler ABI info - done
[0.173s] -- Check for working C compiler: /usr/bin/cc - skipped
[0.173s] -- Detecting C compile features
[0.174s] -- Detecting C compile features - done
[0.176s] -- Detecting CXX compiler ABI info
[0.233s] -- Detecting CXX compiler ABI info - done
[0.238s] -- Check for working CXX compiler: /usr/bin/c++ - skipped
[0.238s] -- Detecting CXX compile features
[0.238s] -- Detecting CXX compile features - done
[0.243s] -- Found ament_cmake: 1.3.3 (/opt/ros/humble/share/ament_cmake/cmake)
[0.380s] -- Found Python3: /usr/bin/python3.10 (found version "3.10.6") found components: Interpreter 
[0.454s] -- Found rclcpp: 16.0.3 (/opt/ros/humble/share/rclcpp/cmake)
[0.496s] -- Found rosidl_generator_c: 3.1.4 (/opt/ros/humble/share/rosidl_generator_c/cmake)
[0.501s] -- Found rosidl_adapter: 3.1.4 (/opt/ros/humble/share/rosidl_adapter/cmake)
[0.509s] -- Found rosidl_generator_cpp: 3.1.4 (/opt/ros/humble/share/rosidl_generator_cpp/cmake)
[0.522s] -- Using all available rosidl_typesupport_c: rosidl_typesupport_fastrtps_c;rosidl_typesupport_introspection_c
[0.539s] -- Using all available rosidl_typesupport_cpp: rosidl_typesupport_fastrtps_cpp;rosidl_typesupport_introspection_cpp
[0.600s] -- Found rmw_implementation_cmake: 6.1.1 (/opt/ros/humble/share/rmw_implementation_cmake/cmake)
[0.603s] -- Found rmw_fastrtps_cpp: 6.2.2 (/opt/ros/humble/share/rmw_fastrtps_cpp/cmake)
[0.680s] -- Found OpenSSL: /usr/lib/x86_64-linux-gnu/libcrypto.so (found version "3.0.2")  
[0.699s] -- Found FastRTPS: /opt/ros/humble/include  
[0.734s] -- Using RMW implementation 'rmw_fastrtps_cpp' as default
[0.744s] -- Looking for pthread.h
[0.793s] -- Looking for pthread.h - found
[0.794s] -- Performing Test CMAKE_HAVE_LIBC_PTHREAD
[0.856s] -- Performing Test CMAKE_HAVE_LIBC_PTHREAD - Success
[0.857s] -- Found Threads: TRUE  
[0.970s] -- Found sensor_msgs: 4.2.3 (/opt/ros/humble/share/sensor_msgs/cmake)
[1.068s] -- Found OpenCV: /usr (found version "4.5.4") 
[1.070s] -- Found cv_bridge: 3.2.1 (/opt/ros/humble/share/cv_bridge/cmake)
[1.077s] -- Found image_transport: 3.1.5 (/opt/ros/humble/share/image_transport/cmake)
[1.117s] -- Found ament_lint_auto: 0.12.5 (/opt/ros/humble/share/ament_lint_auto/cmake)
[1.177s] -- Added test 'cppcheck' to perform static code analysis on C / C++ code
[1.177s] -- Configured cppcheck include dirs: 
[1.177s] -- Configured cppcheck exclude dirs and/or files: 
[1.177s] -- Added test 'lint_cmake' to check CMake code style
[1.178s] -- Added test 'uncrustify' to check C / C++ code style
[1.178s] -- Configured uncrustify additional arguments: 
[1.179s] -- Added test 'xmllint' to check XML markup files
[1.180s] -- Configuring done
[1.186s] -- Generating done
[1.187s] -- Build files have been written to: /home/megsindelar/Final_Project/ros_ws/build/img_transform
[1.193s] Invoked command in '/home/megsindelar/Final_Project/ros_ws/build/img_transform' returned '0': CMAKE_PREFIX_PATH=${CMAKE_PREFIX_PATH}:/home/megsindelar/ME_495/Final_Proj/install/attack_of_the_franka:/home/megsindelar/ME_495/Final_Proj/install/moveit_testing:/opt/ros/humble /usr/bin/cmake /home/megsindelar/Final_Project/ros_ws/src/active_slam -DCMAKE_INSTALL_PREFIX=/home/megsindelar/Final_Project/ros_ws/install/img_transform
[1.194s] Invoking command in '/home/megsindelar/Final_Project/ros_ws/build/img_transform': CMAKE_PREFIX_PATH=${CMAKE_PREFIX_PATH}:/home/megsindelar/ME_495/Final_Proj/install/attack_of_the_franka:/home/megsindelar/ME_495/Final_Proj/install/moveit_testing:/opt/ros/humble /usr/bin/cmake --build /home/megsindelar/Final_Project/ros_ws/build/img_transform -- -j8 -l8
[1.228s] [ 50%] [32mBuilding CXX object CMakeFiles/img_transform.dir/src/img_transform.cpp.o[0m
[2.943s] [01m[K/home/megsindelar/Final_Project/ros_ws/src/active_slam/src/img_transform.cpp:69:2:[m[K [01;31m[Kerror: [m[Kexpected â€˜[01m[K;[m[Kâ€™ after class definition
[2.943s]    69 | }
[2.943s]       |  [01;31m[K^[m[K
[2.943s]       |  [32m[K;[m[K
[2.949s] [01m[K/home/megsindelar/Final_Project/ros_ws/src/active_slam/src/img_transform.cpp:[m[K In constructor â€˜[01m[KImgTransform::ImgTransform()[m[Kâ€™:
[2.949s] [01m[K/home/megsindelar/Final_Project/ros_ws/src/active_slam/src/img_transform.cpp:25:9:[m[K [01;31m[Kerror: [m[Kâ€˜[01m[Ksub_current_image[m[Kâ€™ was not declared in this scope; did you mean â€˜[01m[Ksub_current_img_[m[Kâ€™?
[2.949s]    25 |         [01;31m[Ksub_current_image[m[K = std::make_shared<image_transport::CameraSubscriber>(
[2.949s]       |         [01;31m[K^~~~~~~~~~~~~~~~~[m[K
[2.949s]       |         [32m[Ksub_current_img_[m[K
[2.949s] [01m[K/home/megsindelar/Final_Project/ros_ws/src/active_slam/src/img_transform.cpp:29:28:[m[K [01;31m[Kerror: [m[Kâ€˜[01m[KImgSubscriber[m[Kâ€™ has not been declared
[2.950s]    29 |                 std::bind(&[01;31m[KImgSubscriber[m[K::img_callback, this, std::placeholders::_1, std::placeholders::_2),
[2.950s]       |                            [01;31m[K^~~~~~~~~~~~~[m[K
[2.950s] [01m[K/home/megsindelar/Final_Project/ros_ws/src/active_slam/src/img_transform.cpp:40:22:[m[K [01;31m[Kerror: [m[Kâ€˜[01m[KNuSim[m[Kâ€™ has not been declared
[2.950s]    40 |           std::bind(&[01;31m[KNuSim[m[K::timer_callback, this));
[2.950s]       |                      [01;31m[K^~~~~[m[K
[2.955s] [01m[K/home/megsindelar/Final_Project/ros_ws/src/active_slam/src/img_transform.cpp:[m[K In member function â€˜[01m[Kvoid ImgTransform::timer_callback()[m[Kâ€™:
[2.955s] [01m[K/home/megsindelar/Final_Project/ros_ws/src/active_slam/src/img_transform.cpp:50:37:[m[K [01;31m[Kerror: [m[Kâ€˜[01m[Kimread[m[Kâ€™ was not declared in this scope; did you mean â€˜[01m[Kread[m[Kâ€™?
[2.955s]    50 |             cv::Mat current_frame = [01;31m[Kimread[m[K("include/image.jpg")
[2.956s]       |                                     [01;31m[K^~~~~~[m[K
[2.956s]       |                                     [32m[Kread[m[K
[2.956s] [01m[K/home/megsindelar/Final_Project/ros_ws/src/active_slam/src/img_transform.cpp:[m[K In member function â€˜[01m[Kvoid ImgTransform::img_callback(const ConstSharedPtr&, const ConstSharedPtr&)[m[Kâ€™:
[2.956s] [01m[K/home/megsindelar/Final_Project/ros_ws/src/active_slam/src/img_transform.cpp:61:17:[m[K [01;31m[Kerror: [m[Kâ€˜[01m[Kimshow[m[Kâ€™ is not a member of â€˜[01m[Kcv[m[Kâ€™
[2.956s]    61 |             cv::[01;31m[Kimshow[m[K(cv_bridge::toCvCopy(*msg, msg->encoding)->image);
[2.956s]       |                 [01;31m[K^~~~~~[m[K
[2.960s] [01m[K/home/megsindelar/Final_Project/ros_ws/src/active_slam/src/img_transform.cpp:62:17:[m[K [01;31m[Kerror: [m[Kâ€˜[01m[KwaitKey[m[Kâ€™ is not a member of â€˜[01m[Kcv[m[Kâ€™; did you mean â€˜[01m[Kwrite[m[Kâ€™?
[2.960s]    62 |             cv::[01;31m[KwaitKey[m[K(1);
[2.960s]       |                 [01;31m[K^~~~~~~[m[K
[2.961s]       |                 [32m[Kwrite[m[K
[3.305s] gmake[2]: *** [CMakeFiles/img_transform.dir/build.make:76: CMakeFiles/img_transform.dir/src/img_transform.cpp.o] Error 1
[3.305s] gmake[1]: *** [CMakeFiles/Makefile2:137: CMakeFiles/img_transform.dir/all] Error 2
[3.305s] gmake: *** [Makefile:146: all] Error 2
[3.307s] Invoked command in '/home/megsindelar/Final_Project/ros_ws/build/img_transform' returned '2': CMAKE_PREFIX_PATH=${CMAKE_PREFIX_PATH}:/home/megsindelar/ME_495/Final_Proj/install/attack_of_the_franka:/home/megsindelar/ME_495/Final_Proj/install/moveit_testing:/opt/ros/humble /usr/bin/cmake --build /home/megsindelar/Final_Project/ros_ws/build/img_transform -- -j8 -l8
