[0.010s] Invoking command in '/home/megsindelar/Final_Project/ros_ws/build/img_transform': CMAKE_PREFIX_PATH=${CMAKE_PREFIX_PATH}:/home/megsindelar/ME_495/Final_Proj/install/attack_of_the_franka:/home/megsindelar/ME_495/Final_Proj/install/moveit_testing:/opt/ros/humble /usr/bin/cmake --build /home/megsindelar/Final_Project/ros_ws/build/img_transform -- -j8 -l8
[0.039s] [35m[1mConsolidate compiler generated dependencies of target video_frequency[0m
[0.040s] [35m[1mConsolidate compiler generated dependencies of target img_transform[0m
[0.054s] [ 25%] [32mBuilding CXX object CMakeFiles/video_frequency.dir/src/video_frequency.cpp.o[0m
[0.054s] [ 75%] Built target img_transform
[2.503s] [01m[K/home/megsindelar/Final_Project/ros_ws/src/img_transform/src/video_frequency.cpp:85:9:[m[K [01;31m[Kerror: [m[Knon-static data member declared with placeholder â€˜[01m[Kauto[m[Kâ€™
[2.503s]    85 |         [01;31m[Kauto[m[K count = 0;
[2.503s]       |         [01;31m[K^~~~[m[K
[2.504s] [01m[K/home/megsindelar/Final_Project/ros_ws/src/img_transform/src/video_frequency.cpp:[m[K In constructor â€˜[01m[KVideoFreq::VideoFreq()[m[Kâ€™:
[2.504s] [01m[K/home/megsindelar/Final_Project/ros_ws/src/img_transform/src/video_frequency.cpp:42:28:[m[K [01;31m[Kerror: [m[Kâ€˜[01m[KImgTransform[m[Kâ€™ has not been declared
[2.504s]    42 |                 std::bind(&[01;31m[KImgTransform[m[K::image_callback, this, std::placeholders::_1, std::placeholders::_2),
[2.504s]       |                            [01;31m[K^~~~~~~~~~~~[m[K
[2.505s] [01m[K/home/megsindelar/Final_Project/ros_ws/src/img_transform/src/video_frequency.cpp:53:22:[m[K [01;31m[Kerror: [m[Kâ€˜[01m[KImgTransform[m[Kâ€™ has not been declared
[2.505s]    53 |           std::bind(&[01;31m[KImgTransform[m[K::timer_callback, this));
[2.505s]       |                      [01;31m[K^~~~~~~~~~~~[m[K
[3.085s] gmake[2]: *** [CMakeFiles/video_frequency.dir/build.make:76: CMakeFiles/video_frequency.dir/src/video_frequency.cpp.o] Error 1
[3.085s] gmake[1]: *** [CMakeFiles/Makefile2:165: CMakeFiles/video_frequency.dir/all] Error 2
[3.085s] gmake: *** [Makefile:146: all] Error 2
[3.086s] Invoked command in '/home/megsindelar/Final_Project/ros_ws/build/img_transform' returned '2': CMAKE_PREFIX_PATH=${CMAKE_PREFIX_PATH}:/home/megsindelar/ME_495/Final_Proj/install/attack_of_the_franka:/home/megsindelar/ME_495/Final_Proj/install/moveit_testing:/opt/ros/humble /usr/bin/cmake --build /home/megsindelar/Final_Project/ros_ws/build/img_transform -- -j8 -l8
