[01m[K/home/megsindelar/Final_Project/ros_ws/src/img_transform/src/img_transform.cpp:17:10:[m[K [01;31m[Kfatal error: [m[Kmatplotlibcpp.h: No such file or directory
   17 | #include [01;31m[K"matplotlibcpp.h"[m[K
      |          [01;31m[K^~~~~~~~~~~~~~~~~[m[K
compilation terminated.
gmake[2]: *** [CMakeFiles/img_transform.dir/build.make:76: CMakeFiles/img_transform.dir/src/img_transform.cpp.o] Error 1
gmake[1]: *** [CMakeFiles/Makefile2:137: CMakeFiles/img_transform.dir/all] Error 2
gmake: *** [Makefile:146: all] Error 2
