[0.016s] Invoking command in '/home/megsindelar/Final_Project/ros_ws/build/img_transform': CMAKE_PREFIX_PATH=${CMAKE_PREFIX_PATH}:/home/megsindelar/ME_495/Final_Proj/install/attack_of_the_franka:/home/megsindelar/ME_495/Final_Proj/install/moveit_testing:/opt/ros/humble /usr/bin/cmake --build /home/megsindelar/Final_Project/ros_ws/build/img_transform -- -j8 -l8
[0.057s] [35m[1mConsolidate compiler generated dependencies of target img_transform[0m
[0.075s] [ 50%] [32mBuilding CXX object CMakeFiles/img_transform.dir/src/img_transform.cpp.o[0m
[2.907s] [01m[K/home/megsindelar/Final_Project/ros_ws/src/img_transform/src/img_transform.cpp:[m[K In member function â€˜[01m[Kvoid ImgTransform::timer_callback()[m[Kâ€™:
[2.907s] [01m[K/home/megsindelar/Final_Project/ros_ws/src/img_transform/src/img_transform.cpp:80:17:[m[K [01;31m[Kerror: [m[Kâ€˜[01m[Kprev_pos[m[Kâ€™ was not declared in this scope
[2.907s]    80 |                 [01;31m[Kprev_pos[m[K = [1,1]
[2.907s]       |                 [01;31m[K^~~~~~~~[m[K
[2.907s] [01m[K/home/megsindelar/Final_Project/ros_ws/src/img_transform/src/img_transform.cpp:80:29:[m[K [01;31m[Kerror: [m[Kexpected identifier before numeric constant
[2.907s]    80 |                 prev_pos = [[01;31m[K1[m[K,1]
[2.907s]       |                             [01;31m[K^[m[K
[2.907s] [01m[K/home/megsindelar/Final_Project/ros_ws/src/img_transform/src/img_transform.cpp:80:30:[m[K [01;31m[Kerror: [m[Kexpected â€˜[01m[K][m[Kâ€™ before â€˜[01m[K,[m[Kâ€™ token
[2.908s]    80 |                 prev_pos = [1[01;31m[K,[m[K1]
[2.908s]       |                              [01;31m[K^[m[K
[2.908s] [01m[K/home/megsindelar/Final_Project/ros_ws/src/img_transform/src/img_transform.cpp:[m[K In lambda function:
[2.908s] [01m[K/home/megsindelar/Final_Project/ros_ws/src/img_transform/src/img_transform.cpp:80:30:[m[K [01;31m[Kerror: [m[Kexpected â€˜[01m[K{[m[Kâ€™ before â€˜[01m[K,[m[Kâ€™ token
[2.913s] [01m[K/home/megsindelar/Final_Project/ros_ws/src/img_transform/src/img_transform.cpp:[m[K In member function â€˜[01m[Kvoid ImgTransform::timer_callback()[m[Kâ€™:
[2.913s] [01m[K/home/megsindelar/Final_Project/ros_ws/src/img_transform/src/img_transform.cpp:82:17:[m[K [01;31m[Kerror: [m[Kâ€˜[01m[Kt[m[Kâ€™ was not declared in this scope; did you mean â€˜[01m[Ktm[m[Kâ€™?
[2.914s]    82 |                 [01;31m[Kt[m[K.header.stamp = this->get_clock()->now();
[2.914s]       |                 [01;31m[K^[m[K
[2.914s]       |                 [32m[Ktm[m[K
[2.914s] [01m[K/home/megsindelar/Final_Project/ros_ws/src/img_transform/src/img_transform.cpp:89:17:[m[K [01;31m[Kerror: [m[Kâ€˜[01m[Ktf2[m[Kâ€™ has not been declared
[2.914s]    89 |                 [01;31m[Ktf2[m[K::Quaternion q;
[2.914s]       |                 [01;31m[K^~~[m[K
[2.920s] [01m[K/home/megsindelar/Final_Project/ros_ws/src/img_transform/src/img_transform.cpp:90:17:[m[K [01;31m[Kerror: [m[Kâ€˜[01m[Kq[m[Kâ€™ was not declared in this scope
[2.920s]    90 |                 [01;31m[Kq[m[K.setRPY(0, 0, theta);
[2.920s]       |                 [01;31m[K^[m[K
[2.926s] [01m[K/home/megsindelar/Final_Project/ros_ws/src/img_transform/src/img_transform.cpp:90:32:[m[K [01;31m[Kerror: [m[Kâ€˜[01m[Ktheta[m[Kâ€™ was not declared in this scope
[2.926s]    90 |                 q.setRPY(0, 0, [01;31m[Ktheta[m[K);
[2.926s]       |                                [01;31m[K^~~~~[m[K
[2.926s] [01m[K/home/megsindelar/Final_Project/ros_ws/src/img_transform/src/img_transform.cpp:91:65:[m[K [01;31m[Kerror: [m[Kâ€˜[01m[Ktf2[m[Kâ€™ has not been declared
[2.926s]    91 |                geometry_msgs::msg::Quaternion msg_quaternion = [01;31m[Ktf2[m[K::toMsg(q);
[2.927s]       |                                                                [01;31m[K^~~[m[K
[2.927s] 
[2.932s] [01m[K/home/megsindelar/Final_Project/ros_ws/src/img_transform/src/img_transform.cpp:155:32:[m[K [01;35m[Kwarning: [m[Kcomparison of integer expressions of different signedness: â€˜[01m[Kint[m[Kâ€™ and â€˜[01m[Kstd::vector<cv::DMatch>::size_type[m[Kâ€™ {aka â€˜[01m[Klong unsigned int[m[Kâ€™} [[01;35m[K]8;;https://gcc.gnu.org/onlinedocs/gcc/Warning-Options.html#index-Wsign-compare-Wsign-compare]8;;[m[K]
[2.933s]   155 |                 for (int i=0; [01;35m[Ki<good_matches.size()[m[K; i++){
[2.933s]       |                               [01;35m[K~^~~~~~~~~~~~~~~~~~~~[m[K
[2.933s] [01m[K/home/megsindelar/Final_Project/ros_ws/src/img_transform/src/img_transform.cpp:178:38:[m[K [01;35m[Kwarning: [m[Kcomparison of integer expressions of different signedness: â€˜[01m[Ksize_t[m[Kâ€™ {aka â€˜[01m[Klong unsigned int[m[Kâ€™} and â€˜[01m[Kint[m[Kâ€™ [[01;35m[K]8;;https://gcc.gnu.org/onlinedocs/gcc/Warning-Options.html#index-Wsign-compare-Wsign-compare]8;;[m[K]
[2.933s]   178 |                 for (size_t i = 0; [01;35m[Ki < N[m[K; ++i) {
[2.933s]       |                                    [01;35m[K~~^~~[m[K
[2.998s] [01m[K/home/megsindelar/Final_Project/ros_ws/src/img_transform/src/img_transform.cpp:194:38:[m[K [01;35m[Kwarning: [m[Kcomparison of integer expressions of different signedness: â€˜[01m[Ksize_t[m[Kâ€™ {aka â€˜[01m[Klong unsigned int[m[Kâ€™} and â€˜[01m[Kint[m[Kâ€™ [[01;35m[K]8;;https://gcc.gnu.org/onlinedocs/gcc/Warning-Options.html#index-Wsign-compare-Wsign-compare]8;;[m[K]
[2.998s]   194 |                 for (size_t i = 0; [01;35m[Ki < N[m[K; ++i) {
[2.998s]       |                                    [01;35m[K~~^~~[m[K
[3.082s] [01m[K/home/megsindelar/Final_Project/ros_ws/src/img_transform/src/img_transform.cpp:297:17:[m[K [01;31m[Kerror: [m[Kâ€˜[01m[Kcurrent_pos[m[Kâ€™ was not declared in this scope; did you mean â€˜[01m[Kcurrent_img[m[Kâ€™?
[3.082s]   297 |                 [01;31m[Kcurrent_pos[m[K = transformation.inverse()*prev_pos
[3.082s]       |                 [01;31m[K^~~~~~~~~~~[m[K
[3.082s]       |                 [32m[Kcurrent_img[m[K
[3.082s] [01m[K/home/megsindelar/Final_Project/ros_ws/src/img_transform/src/img_transform.cpp:302:17:[m[K [01;31m[Kerror: [m[Kâ€˜[01m[Ktf2[m[Kâ€™ has not been declared
[3.082s]   302 |                 [01;31m[Ktf2[m[K::Quaternion q;
[3.082s]       |                 [01;31m[K^~~[m[K
[3.082s] [01m[K/home/megsindelar/Final_Project/ros_ws/src/img_transform/src/img_transform.cpp:304:48:[m[K [01;31m[Kerror: [m[Kredeclaration of â€˜[01m[Kgeometry_msgs::msg::Quaternion msg_quaternion[m[Kâ€™
[3.083s]   304 |                 geometry_msgs::msg::Quaternion [01;31m[Kmsg_quaternion[m[K = tf2::toMsg(q);
[3.083s]       |                                                [01;31m[K^~~~~~~~~~~~~~[m[K
[3.083s] [01m[K/home/megsindelar/Final_Project/ros_ws/src/img_transform/src/img_transform.cpp:91:48:[m[K [01;36m[Knote: [m[Kâ€˜[01m[Kgeometry_msgs::msg::Quaternion msg_quaternion[m[Kâ€™ previously declared here
[3.083s]    91 |                 geometry_msgs::msg::Quaternion [01;36m[Kmsg_quaternion[m[K = tf2::toMsg(q);
[3.083s]       |                                                [01;36m[K^~~~~~~~~~~~~~[m[K
[3.083s] [01m[K/home/megsindelar/Final_Project/ros_ws/src/img_transform/src/img_transform.cpp:304:65:[m[K [01;31m[Kerror: [m[Kâ€˜[01m[Ktf2[m[Kâ€™ has not been declared
[3.083s]   304 |                geometry_msgs::msg::Quaternion msg_quaternion = [01;31m[Ktf2[m[K::toMsg(q);
[3.083s]       |                                                                [01;31m[K^~~[m[K
[3.083s] 
[3.083s] [01m[K/home/megsindelar/Final_Project/ros_ws/src/img_transform/src/img_transform.cpp:123:40:[m[K [01;35m[Kwarning: [m[Kunused variable â€˜[01m[Kmax_dist[m[Kâ€™ [[01;35m[K]8;;https://gcc.gnu.org/onlinedocs/gcc/Warning-Options.html#index-Wunused-variable-Wunused-variable]8;;[m[K]
[3.083s]   123 |                 double min_dist=10000, [01;35m[Kmax_dist[m[K=0;
[3.083s]       |                                        [01;35m[K^~~~~~~~[m[K
[4.262s] gmake[2]: *** [CMakeFiles/img_transform.dir/build.make:76: CMakeFiles/img_transform.dir/src/img_transform.cpp.o] Error 1
[4.262s] gmake[1]: *** [CMakeFiles/Makefile2:137: CMakeFiles/img_transform.dir/all] Error 2
[4.263s] gmake: *** [Makefile:146: all] Error 2
[4.265s] Invoked command in '/home/megsindelar/Final_Project/ros_ws/build/img_transform' returned '2': CMAKE_PREFIX_PATH=${CMAKE_PREFIX_PATH}:/home/megsindelar/ME_495/Final_Proj/install/attack_of_the_franka:/home/megsindelar/ME_495/Final_Proj/install/moveit_testing:/opt/ros/humble /usr/bin/cmake --build /home/megsindelar/Final_Project/ros_ws/build/img_transform -- -j8 -l8
