[0.008s] Invoking command in '/ros_ws/aarch64_build/turtlebot_control': CMAKE_PREFIX_PATH=/opt/ros/humble /usr/bin/cmake --build /ros_ws/aarch64_build/turtlebot_control -- -j8 -l8
[0.045s] [  3%] Built target turtlebot_control_msg__cpp
[0.045s] [ 12%] Built target turtlebot_control_msg__rosidl_generator_c
[0.053s] [ 12%] Built target ament_cmake_python_copy_turtlebot_control
[0.063s] [ 21%] Built target turtlebot_control_msg__rosidl_typesupport_introspection_c
[0.065s] [ 30%] Built target turtlebot_control_msg__rosidl_typesupport_cpp
[0.065s] [ 45%] Built target turtlebot_control_msg__rosidl_typesupport_introspection_cpp
[0.065s] [ 48%] Built target turtlebot_control_msg__rosidl_typesupport_fastrtps_c
[0.066s] [ 57%] Built target turtlebot_control_msg__rosidl_typesupport_fastrtps_cpp
[0.066s] [ 66%] Built target turtlebot_control_msg__rosidl_typesupport_c
[0.075s] [35m[1mConsolidate compiler generated dependencies of target turtlebot_control[0m
[0.080s] [ 66%] Built target turtlebot_control_msg
[0.091s] [ 69%] [32mBuilding CXX object CMakeFiles/turtlebot_control.dir/src/turtlebot_control.cpp.o[0m
[0.094s] [ 72%] Built target turtlebot_control_msg__py
[0.110s] [ 78%] Built target turtlebot_control_msg__rosidl_generator_py
[0.127s] [ 84%] Built target turtlebot_control__rosidl_typesupport_fastrtps_c__pyext
[0.129s] [ 90%] Built target turtlebot_control__rosidl_typesupport_c__pyext
[0.129s] [ 96%] Built target turtlebot_control__rosidl_typesupport_introspection_c__pyext
[0.219s] running egg_info
[0.220s] writing turtlebot_control.egg-info/PKG-INFO
[0.220s] writing dependency_links to turtlebot_control.egg-info/dependency_links.txt
[0.220s] writing top-level names to turtlebot_control.egg-info/top_level.txt
[0.222s] reading manifest file 'turtlebot_control.egg-info/SOURCES.txt'
[0.222s] writing manifest file 'turtlebot_control.egg-info/SOURCES.txt'
[0.241s] [ 96%] Built target ament_cmake_python_build_turtlebot_control_egg
[2.886s] [01m[K/ros_ws/src/turtlebot_control/src/turtlebot_control.cpp:[m[K In member function â€˜[01m[Kvoid TurtlebotControl::timer_callback()[m[Kâ€™:
[2.886s] [01m[K/ros_ws/src/turtlebot_control/src/turtlebot_control.cpp:154:109:[m[K [01;31m[Kerror: [m[Kconversion from â€˜[01m[Ksensor_msgs::msg::Image_<std::allocator<void> >::SharedPtr[m[Kâ€™ {aka â€˜[01m[Kstd::shared_ptr<sensor_msgs::msg::Image_<std::allocator<void> > >[m[Kâ€™} to non-scalar type â€˜[01m[Kcv_bridge::CvImage[m[Kâ€™ requested
[2.886s]   154 | ridge::CvImage img_bridge = [01;31m[Kcv_bridge::CvImage(header, "bgr8", current_frame).toImageMsg()[m[K;
[2.886s]       |                             [01;31m[K~~~~~~~~~~~~~~~~~~~~~~~~~~~~~~~~~~~~~~~~~~~~~~~~~~~~~~~~~~~~^~[m[K
[2.886s] 
[2.886s] [01m[K/ros_ws/src/turtlebot_control/src/turtlebot_control.cpp:156:17:[m[K [01;31m[Kerror: [m[Kexpected â€˜[01m[K;[m[Kâ€™ before â€˜[01m[Kpub_current_img_[m[Kâ€™
[2.886s]   156 |                 [01;31m[Kpub_current_img_[m[K->publish(*img_msg);
[2.886s]       |                 [01;31m[K^~~~~~~~~~~~~~~~[m[K
[3.627s] gmake[2]: *** [CMakeFiles/turtlebot_control.dir/build.make:76: CMakeFiles/turtlebot_control.dir/src/turtlebot_control.cpp.o] Error 1
[3.627s] gmake[1]: *** [CMakeFiles/Makefile2:593: CMakeFiles/turtlebot_control.dir/all] Error 2
[3.627s] gmake: *** [Makefile:146: all] Error 2
[3.628s] Invoked command in '/ros_ws/aarch64_build/turtlebot_control' returned '2': CMAKE_PREFIX_PATH=/opt/ros/humble /usr/bin/cmake --build /ros_ws/aarch64_build/turtlebot_control -- -j8 -l8
