[0.019s] Invoking command in '/home/megsindelar/Final_Project/raspberry_pi_ws/build/turtlebot_control': CMAKE_PREFIX_PATH=${CMAKE_PREFIX_PATH}:/home/megsindelar/ME_495/Final_Proj/install/attack_of_the_franka:/home/megsindelar/ME_495/Final_Proj/install/moveit_testing:/opt/ros/humble /usr/bin/cmake --build /home/megsindelar/Final_Project/raspberry_pi_ws/build/turtlebot_control -- -j8 -l8
[0.043s] -- Found ament_cmake: 1.3.3 (/opt/ros/humble/share/ament_cmake/cmake)
[0.177s] -- Found rclcpp: 16.0.3 (/opt/ros/humble/share/rclcpp/cmake)
[0.203s] -- Found rosidl_generator_c: 3.1.4 (/opt/ros/humble/share/rosidl_generator_c/cmake)
[0.206s] -- Found rosidl_adapter: 3.1.4 (/opt/ros/humble/share/rosidl_adapter/cmake)
[0.211s] -- Found rosidl_generator_cpp: 3.1.4 (/opt/ros/humble/share/rosidl_generator_cpp/cmake)
[0.221s] -- Using all available rosidl_typesupport_c: rosidl_typesupport_fastrtps_c;rosidl_typesupport_introspection_c
[0.234s] -- Using all available rosidl_typesupport_cpp: rosidl_typesupport_fastrtps_cpp;rosidl_typesupport_introspection_cpp
[0.300s] -- Found rmw_implementation_cmake: 6.1.1 (/opt/ros/humble/share/rmw_implementation_cmake/cmake)
[0.301s] -- Found rmw_fastrtps_cpp: 6.2.2 (/opt/ros/humble/share/rmw_fastrtps_cpp/cmake)
[0.452s] -- Using RMW implementation 'rmw_fastrtps_cpp' as default
[0.591s] -- Found sensor_msgs: 4.2.3 (/opt/ros/humble/share/sensor_msgs/cmake)
[0.707s] -- Found cv_bridge: 3.2.1 (/opt/ros/humble/share/cv_bridge/cmake)
[0.714s] -- Found image_transport: 3.1.5 (/opt/ros/humble/share/image_transport/cmake)
[0.746s] -- Found rosidl_default_generators: 1.2.0 (/opt/ros/humble/share/rosidl_default_generators/cmake)
[1.025s] -- Found ament_cmake_ros: 0.10.0 (/opt/ros/humble/share/ament_cmake_ros/cmake)
[1.314s] -- Using all available rosidl_typesupport_c: rosidl_typesupport_fastrtps_c;rosidl_typesupport_introspection_c
[1.453s] -- Using all available rosidl_typesupport_cpp: rosidl_typesupport_fastrtps_cpp;rosidl_typesupport_introspection_cpp
[1.481s] -- Found python_cmake_module: 0.10.0 (/opt/ros/humble/share/python_cmake_module/cmake)
[1.511s] -- Using PYTHON_EXECUTABLE: /usr/bin/python3
[1.511s] -- Using PYTHON_INCLUDE_DIRS: /usr/include/python3.10
[1.511s] -- Using PYTHON_LIBRARIES: /usr/lib/x86_64-linux-gnu/libpython3.10.so
[1.525s] -- Found ament_lint_auto: 0.12.5 (/opt/ros/humble/share/ament_lint_auto/cmake)
[1.532s] -- Added test 'cppcheck' to perform static code analysis on C / C++ code
[1.533s] -- Configured cppcheck include dirs: 
[1.533s] -- Configured cppcheck exclude dirs and/or files: 
[1.533s] -- Added test 'lint_cmake' to check CMake code style
[1.535s] -- Added test 'uncrustify' to check C / C++ code style
[1.535s] -- Configured uncrustify additional arguments: 
[1.535s] -- Added test 'xmllint' to check XML markup files
[1.537s] -- Configuring done
[1.567s] -- Generating done
[1.571s] -- Build files have been written to: /home/megsindelar/Final_Project/raspberry_pi_ws/build/turtlebot_control
[1.601s] [  3%] [34m[1mGenerating C code for ROS interfaces[0m
[1.603s] [35m[1mConsolidate compiler generated dependencies of target turtlebot_control[0m
[1.613s] [  6%] [34m[1mGenerating C++ code for ROS interfaces[0m
[1.625s] [  6%] Built target ament_cmake_python_copy_turtlebot_control
[1.625s] [  9%] [32mBuilding CXX object CMakeFiles/turtlebot_control.dir/src/turtlebot_control.cpp.o[0m
[1.910s] [35m[1mConsolidate compiler generated dependencies of target turtlebot_control_msg__rosidl_generator_c[0m
[1.916s] [  9%] Built target turtlebot_control_msg__cpp
[1.922s] [ 12%] [32mBuilding C object CMakeFiles/turtlebot_control_msg__rosidl_generator_c.dir/rosidl_generator_c/turtlebot_control/msg/detail/keypoints__functions.c.o[0m
[1.927s] [ 15%] [34m[1mGenerating C++ type support dispatch for ROS interfaces[0m
[1.932s] [ 21%] [34m[1mGenerating C++ type support for eProsima Fast-RTPS[0m
[1.932s] [ 21%] [34m[1mGenerating C++ introspection for ROS interfaces[0m
[1.974s] [ 24%] [32m[1mLinking C shared library libturtlebot_control__rosidl_generator_c.so[0m
[1.986s] [01m[K/home/megsindelar/Final_Project/raspberry_pi_ws/src/turtlebot_control/src/turtlebot_control.cpp:15:10:[m[K [01;31m[Kfatal error: [m[Kturtlebot_control/msg/keypoints.hpp: No such file or directory
[1.987s]    15 | #include [01;31m[K"turtlebot_control/msg/keypoints.hpp"[m[K
[1.987s]       |          [01;31m[K^~~~~~~~~~~~~~~~~~~~~~~~~~~~~~~~~~~~~[m[K
[1.987s] compilation terminated.
[1.992s] gmake[2]: *** [CMakeFiles/turtlebot_control.dir/build.make:76: CMakeFiles/turtlebot_control.dir/src/turtlebot_control.cpp.o] Error 1
[1.992s] gmake[1]: *** [CMakeFiles/Makefile2:592: CMakeFiles/turtlebot_control.dir/all] Error 2
[1.992s] gmake[1]: *** Waiting for unfinished jobs....
[1.995s] running egg_info
[1.996s] writing turtlebot_control.egg-info/PKG-INFO
[1.997s] writing dependency_links to turtlebot_control.egg-info/dependency_links.txt
[1.997s] writing top-level names to turtlebot_control.egg-info/top_level.txt
[2.002s] reading manifest file 'turtlebot_control.egg-info/SOURCES.txt'
[2.002s] writing manifest file 'turtlebot_control.egg-info/SOURCES.txt'
[2.013s] [ 24%] Built target turtlebot_control_msg__rosidl_generator_c
[2.038s] [ 24%] Built target ament_cmake_python_build_turtlebot_control_egg
[2.195s] [35m[1mConsolidate compiler generated dependencies of target turtlebot_control_msg__rosidl_typesupport_cpp[0m
[2.208s] [ 27%] [32mBuilding CXX object CMakeFiles/turtlebot_control_msg__rosidl_typesupport_cpp.dir/rosidl_typesupport_cpp/turtlebot_control/msg/keypoints__type_support.cpp.o[0m
[2.210s] [35m[1mConsolidate compiler generated dependencies of target turtlebot_control_msg__rosidl_typesupport_introspection_cpp[0m
[2.223s] [ 30%] [32mBuilding CXX object CMakeFiles/turtlebot_control_msg__rosidl_typesupport_introspection_cpp.dir/rosidl_typesupport_introspection_cpp/turtlebot_control/msg/detail/keypoints__type_support.cpp.o[0m
[2.223s] [35m[1mConsolidate compiler generated dependencies of target turtlebot_control_msg__rosidl_typesupport_fastrtps_cpp[0m
[2.237s] [ 33%] [32mBuilding CXX object CMakeFiles/turtlebot_control_msg__rosidl_typesupport_fastrtps_cpp.dir/rosidl_typesupport_fastrtps_cpp/turtlebot_control/msg/detail/dds_fastrtps/keypoints__type_support.cpp.o[0m
[2.471s] [ 36%] [32m[1mLinking CXX shared library libturtlebot_control__rosidl_typesupport_cpp.so[0m
[2.516s] [ 36%] Built target turtlebot_control_msg__rosidl_typesupport_cpp
[2.628s] [ 39%] [32m[1mLinking CXX shared library libturtlebot_control__rosidl_typesupport_introspection_cpp.so[0m
[2.658s] [ 42%] [32m[1mLinking CXX shared library libturtlebot_control__rosidl_typesupport_fastrtps_cpp.so[0m
[2.697s] [ 42%] Built target turtlebot_control_msg__rosidl_typesupport_introspection_cpp
[2.722s] [ 42%] Built target turtlebot_control_msg__rosidl_typesupport_fastrtps_cpp
[2.723s] gmake: *** [Makefile:146: all] Error 2
[2.725s] Invoked command in '/home/megsindelar/Final_Project/raspberry_pi_ws/build/turtlebot_control' returned '2': CMAKE_PREFIX_PATH=${CMAKE_PREFIX_PATH}:/home/megsindelar/ME_495/Final_Proj/install/attack_of_the_franka:/home/megsindelar/ME_495/Final_Proj/install/moveit_testing:/opt/ros/humble /usr/bin/cmake --build /home/megsindelar/Final_Project/raspberry_pi_ws/build/turtlebot_control -- -j8 -l8
