[01m[K/ros_ws/src/turtlebot_control/src/turtlebot_control.cpp:[m[K In member function â€˜[01m[Kvoid TurtlebotControl::timer_callback()[m[Kâ€™:
[01m[K/ros_ws/src/turtlebot_control/src/turtlebot_control.cpp:154:109:[m[K [01;31m[Kerror: [m[Kconversion from â€˜[01m[Ksensor_msgs::msg::Image_<std::allocator<void> >::SharedPtr[m[Kâ€™ {aka â€˜[01m[Kstd::shared_ptr<sensor_msgs::msg::Image_<std::allocator<void> > >[m[Kâ€™} to non-scalar type â€˜[01m[Kcv_bridge::CvImage[m[Kâ€™ requested
  154 | ridge::CvImage img_bridge = [01;31m[Kcv_bridge::CvImage(header, "bgr8", current_frame).toImageMsg()[m[K;
      |                             [01;31m[K~~~~~~~~~~~~~~~~~~~~~~~~~~~~~~~~~~~~~~~~~~~~~~~~~~~~~~~~~~~~^~[m[K

[01m[K/ros_ws/src/turtlebot_control/src/turtlebot_control.cpp:155:28:[m[K [01;31m[Kerror: [m[Kâ€˜[01m[Kclass cv_bridge::CvImage[m[Kâ€™ has no member named â€˜[01m[KtoCompressedImage[m[Kâ€™; did you mean â€˜[01m[KtoCompressedImageMsg[m[Kâ€™?
  155 |                 img_bridge.[01;31m[KtoCompressedImage[m[K(img_msg)
      |                            [01;31m[K^~~~~~~~~~~~~~~~~[m[K
      |                            [32m[KtoCompressedImageMsg[m[K
gmake[2]: *** [CMakeFiles/turtlebot_control.dir/build.make:76: CMakeFiles/turtlebot_control.dir/src/turtlebot_control.cpp.o] Error 1
gmake[1]: *** [CMakeFiles/Makefile2:593: CMakeFiles/turtlebot_control.dir/all] Error 2
gmake: *** [Makefile:146: all] Error 2
