[01m[K/home/megsindelar/Final_Project/raspberry_pi_ws/src/turtlebot_control/src/turtlebot_control.cpp:[m[K In member function â€˜[01m[Kvoid TurtlebotControl::timer_callback()[m[Kâ€™:
[01m[K/home/megsindelar/Final_Project/raspberry_pi_ws/src/turtlebot_control/src/turtlebot_control.cpp:84:25:[m[K [01;31m[Kerror: [m[Kâ€˜[01m[KFeatureDetector[m[Kâ€™ was not declared in this scope
   84 |                     Ptr<[01;31m[KFeatureDetector[m[K> detector = ORB::create();
      |                         [01;31m[K^~~~~~~~~~~~~~~[m[K
[01m[K/home/megsindelar/Final_Project/raspberry_pi_ws/src/turtlebot_control/src/turtlebot_control.cpp:84:40:[m[K [01;31m[Kerror: [m[Ktemplate argument 1 is invalid
   84 |                     Ptr<FeatureDetector[01;31m[K>[m[K detector = ORB::create();
      |                                        [01;31m[K^[m[K
[01m[K/home/megsindelar/Final_Project/raspberry_pi_ws/src/turtlebot_control/src/turtlebot_control.cpp:84:53:[m[K [01;31m[Kerror: [m[Kâ€˜[01m[KORB[m[Kâ€™ has not been declared
   84 |                     Ptr<FeatureDetector> detector = [01;31m[KORB[m[K::create();
      |                                                     [01;31m[K^~~[m[K
[01m[K/home/megsindelar/Final_Project/raspberry_pi_ws/src/turtlebot_control/src/turtlebot_control.cpp:85:29:[m[K [01;31m[Kerror: [m[Kbase operand of â€˜[01m[K->[m[Kâ€™ is not a pointer
   85 |                     detector[01;31m[K->[m[Kdetect (prev_frame ,keypoints_1 );
      |                             [01;31m[K^~[m[K
[01m[K/home/megsindelar/Final_Project/raspberry_pi_ws/src/turtlebot_control/src/turtlebot_control.cpp:86:29:[m[K [01;31m[Kerror: [m[Kbase operand of â€˜[01m[K->[m[Kâ€™ is not a pointer
   86 |                     detector[01;31m[K->[m[Kdetect (current_frame ,keypoints_2 );
      |                             [01;31m[K^~[m[K
[01m[K/home/megsindelar/Final_Project/raspberry_pi_ws/src/turtlebot_control/src/turtlebot_control.cpp:153:13:[m[K [01;31m[Kerror: [m[Kexpected â€˜[01m[K;[m[Kâ€™ before â€˜[01m[K}[m[Kâ€™ token
  153 |             [01;31m[K}[m[K
      |             [01;31m[K^[m[K
gmake[2]: *** [CMakeFiles/turtlebot_control.dir/build.make:76: CMakeFiles/turtlebot_control.dir/src/turtlebot_control.cpp.o] Error 1
gmake[1]: *** [CMakeFiles/Makefile2:593: CMakeFiles/turtlebot_control.dir/all] Error 2
gmake: *** [Makefile:146: all] Error 2
