[0.010s] Invoking command in '/home/megsindelar/Final_Project/raspberry_pi_ws/build/turtlebot_control': CMAKE_PREFIX_PATH=${CMAKE_PREFIX_PATH}:/home/megsindelar/ME_495/Final_Proj/install/attack_of_the_franka:/home/megsindelar/ME_495/Final_Proj/install/moveit_testing:/opt/ros/humble /usr/bin/cmake --build /home/megsindelar/Final_Project/raspberry_pi_ws/build/turtlebot_control -- -j8 -l8
[0.044s] [  3%] Built target turtlebot_control_msg__cpp
[0.044s] [ 12%] Built target turtlebot_control_msg__rosidl_generator_c
[0.052s] [ 12%] Built target ament_cmake_python_copy_turtlebot_control
[0.060s] [ 21%] Built target turtlebot_control_msg__rosidl_typesupport_c
[0.061s] [ 30%] Built target turtlebot_control_msg__rosidl_typesupport_cpp
[0.062s] [ 39%] Built target turtlebot_control_msg__rosidl_typesupport_introspection_c
[0.063s] [ 48%] Built target turtlebot_control_msg__rosidl_typesupport_fastrtps_cpp
[0.064s] [ 57%] Built target turtlebot_control_msg__rosidl_typesupport_introspection_cpp
[0.068s] [ 66%] Built target turtlebot_control_msg__rosidl_typesupport_fastrtps_c
[0.071s] [35m[1mConsolidate compiler generated dependencies of target turtlebot_control[0m
[0.082s] [ 66%] Built target turtlebot_control_msg
[0.083s] [ 69%] [32mBuilding CXX object CMakeFiles/turtlebot_control.dir/src/turtlebot_control.cpp.o[0m
[0.096s] [ 72%] Built target turtlebot_control_msg__py
[0.111s] [ 78%] Built target turtlebot_control_msg__rosidl_generator_py
[0.126s] [ 90%] Built target turtlebot_control__rosidl_typesupport_introspection_c__pyext
[0.126s] [ 90%] Built target turtlebot_control__rosidl_typesupport_c__pyext
[0.131s] [ 96%] Built target turtlebot_control__rosidl_typesupport_fastrtps_c__pyext
[0.241s] running egg_info
[0.241s] writing turtlebot_control.egg-info/PKG-INFO
[0.241s] writing dependency_links to turtlebot_control.egg-info/dependency_links.txt
[0.241s] writing top-level names to turtlebot_control.egg-info/top_level.txt
[0.243s] reading manifest file 'turtlebot_control.egg-info/SOURCES.txt'
[0.243s] writing manifest file 'turtlebot_control.egg-info/SOURCES.txt'
[0.261s] [ 96%] Built target ament_cmake_python_build_turtlebot_control_egg
[1.934s] [01m[K/home/megsindelar/Final_Project/raspberry_pi_ws/src/turtlebot_control/src/turtlebot_control.cpp:[m[K In member function â€˜[01m[Kvoid TurtlebotControl::timer_callback()[m[Kâ€™:
[1.934s] [01m[K/home/megsindelar/Final_Project/raspberry_pi_ws/src/turtlebot_control/src/turtlebot_control.cpp:84:25:[m[K [01;31m[Kerror: [m[Kâ€˜[01m[KFeatureDetector[m[Kâ€™ was not declared in this scope
[1.934s]    84 |                     Ptr<[01;31m[KFeatureDetector[m[K> detector = ORB::create();
[1.934s]       |                         [01;31m[K^~~~~~~~~~~~~~~[m[K
[1.934s] [01m[K/home/megsindelar/Final_Project/raspberry_pi_ws/src/turtlebot_control/src/turtlebot_control.cpp:84:40:[m[K [01;31m[Kerror: [m[Ktemplate argument 1 is invalid
[1.934s]    84 |                     Ptr<FeatureDetector[01;31m[K>[m[K detector = ORB::create();
[1.934s]       |                                        [01;31m[K^[m[K
[1.934s] [01m[K/home/megsindelar/Final_Project/raspberry_pi_ws/src/turtlebot_control/src/turtlebot_control.cpp:84:53:[m[K [01;31m[Kerror: [m[Kâ€˜[01m[KORB[m[Kâ€™ has not been declared
[1.934s]    84 |                     Ptr<FeatureDetector> detector = [01;31m[KORB[m[K::create();
[1.934s]       |                                                     [01;31m[K^~~[m[K
[1.934s] [01m[K/home/megsindelar/Final_Project/raspberry_pi_ws/src/turtlebot_control/src/turtlebot_control.cpp:85:29:[m[K [01;31m[Kerror: [m[Kbase operand of â€˜[01m[K->[m[Kâ€™ is not a pointer
[1.934s]    85 |                     detector[01;31m[K->[m[Kdetect (prev_frame ,keypoints_1 );
[1.934s]       |                             [01;31m[K^~[m[K
[1.934s] [01m[K/home/megsindelar/Final_Project/raspberry_pi_ws/src/turtlebot_control/src/turtlebot_control.cpp:86:29:[m[K [01;31m[Kerror: [m[Kbase operand of â€˜[01m[K->[m[Kâ€™ is not a pointer
[1.934s]    86 |                     detector[01;31m[K->[m[Kdetect (current_frame ,keypoints_2 );
[1.934s]       |                             [01;31m[K^~[m[K
[1.934s] [01m[K/home/megsindelar/Final_Project/raspberry_pi_ws/src/turtlebot_control/src/turtlebot_control.cpp:153:13:[m[K [01;31m[Kerror: [m[Kexpected â€˜[01m[K;[m[Kâ€™ before â€˜[01m[K}[m[Kâ€™ token
[1.934s]   153 |             [01;31m[K}[m[K
[1.934s]       |             [01;31m[K^[m[K
[2.503s] gmake[2]: *** [CMakeFiles/turtlebot_control.dir/build.make:76: CMakeFiles/turtlebot_control.dir/src/turtlebot_control.cpp.o] Error 1
[2.503s] gmake[1]: *** [CMakeFiles/Makefile2:593: CMakeFiles/turtlebot_control.dir/all] Error 2
[2.503s] gmake: *** [Makefile:146: all] Error 2
[2.505s] Invoked command in '/home/megsindelar/Final_Project/raspberry_pi_ws/build/turtlebot_control' returned '2': CMAKE_PREFIX_PATH=${CMAKE_PREFIX_PATH}:/home/megsindelar/ME_495/Final_Proj/install/attack_of_the_franka:/home/megsindelar/ME_495/Final_Proj/install/moveit_testing:/opt/ros/humble /usr/bin/cmake --build /home/megsindelar/Final_Project/raspberry_pi_ws/build/turtlebot_control -- -j8 -l8
