[0.015s] Invoking command in '/home/megsindelar/Final_Project/raspberry_pi_ws/build/turtlebot_control': CMAKE_PREFIX_PATH=${CMAKE_PREFIX_PATH}:/home/megsindelar/ME_495/Final_Proj/install/attack_of_the_franka:/home/megsindelar/ME_495/Final_Proj/install/moveit_testing:/opt/ros/humble /usr/bin/cmake --build /home/megsindelar/Final_Project/raspberry_pi_ws/build/turtlebot_control -- -j8 -l8
[0.062s] [35m[1mConsolidate compiler generated dependencies of target turtlebot_control_msg__rosidl_generator_c[0m
[0.073s] [  3%] Built target turtlebot_control_msg__cpp
[0.074s] [ 12%] Built target turtlebot_control_msg__rosidl_generator_c
[0.087s] [ 15%] [32mBuilding CXX object CMakeFiles/turtlebot_control.dir/src/turtlebot_control.cpp.o[0m
[0.088s] [ 15%] Built target ament_cmake_python_copy_turtlebot_control
[0.090s] [35m[1mConsolidate compiler generated dependencies of target turtlebot_control_msg__rosidl_typesupport_introspection_cpp[0m
[0.090s] [35m[1mConsolidate compiler generated dependencies of target turtlebot_control_msg__rosidl_typesupport_cpp[0m
[0.091s] [ 18%] [34m[1mGenerating C type support for eProsima Fast-RTPS[0m
[0.091s] [ 21%] [34m[1mGenerating C introspection for ROS interfaces[0m
[0.093s] [35m[1mConsolidate compiler generated dependencies of target turtlebot_control_msg__rosidl_typesupport_fastrtps_cpp[0m
[0.102s] [ 24%] [34m[1mGenerating C type support dispatch for ROS interfaces[0m
[0.111s] [ 33%] Built target turtlebot_control_msg__rosidl_typesupport_introspection_cpp
[0.116s] [ 42%] Built target turtlebot_control_msg__rosidl_typesupport_cpp
[0.119s] [ 51%] Built target turtlebot_control_msg__rosidl_typesupport_fastrtps_cpp
[0.391s] [35m[1mConsolidate compiler generated dependencies of target turtlebot_control_msg__rosidl_typesupport_introspection_c[0m
[0.403s] [ 54%] [32mBuilding C object CMakeFiles/turtlebot_control_msg__rosidl_typesupport_introspection_c.dir/rosidl_typesupport_introspection_c/turtlebot_control/msg/detail/keypoints__type_support.c.o[0m
[0.409s] [35m[1mConsolidate compiler generated dependencies of target turtlebot_control_msg__rosidl_typesupport_c[0m
[0.421s] [ 57%] [32mBuilding CXX object CMakeFiles/turtlebot_control_msg__rosidl_typesupport_c.dir/rosidl_typesupport_c/turtlebot_control/msg/keypoints__type_support.cpp.o[0m
[0.445s] [ 60%] [32m[1mLinking C shared library libturtlebot_control__rosidl_typesupport_introspection_c.so[0m
[0.450s] running egg_info
[0.451s] writing turtlebot_control.egg-info/PKG-INFO
[0.452s] writing dependency_links to turtlebot_control.egg-info/dependency_links.txt
[0.452s] writing top-level names to turtlebot_control.egg-info/top_level.txt
[0.454s] [ 63%] [32m[1mLinking CXX shared library libturtlebot_control__rosidl_typesupport_c.so[0m
[0.455s] reading manifest file 'turtlebot_control.egg-info/SOURCES.txt'
[0.455s] writing manifest file 'turtlebot_control.egg-info/SOURCES.txt'
[0.480s] [ 63%] Built target turtlebot_control_msg__rosidl_typesupport_introspection_c
[0.480s] [35m[1mConsolidate compiler generated dependencies of target turtlebot_control_msg__rosidl_typesupport_fastrtps_c[0m
[0.484s] [ 63%] Built target ament_cmake_python_build_turtlebot_control_egg
[0.495s] [ 66%] [32mBuilding CXX object CMakeFiles/turtlebot_control_msg__rosidl_typesupport_fastrtps_c.dir/rosidl_typesupport_fastrtps_c/turtlebot_control/msg/detail/keypoints__type_support_c.cpp.o[0m
[0.502s] [ 66%] Built target turtlebot_control_msg__rosidl_typesupport_c
[0.583s] [01m[K/home/megsindelar/Final_Project/raspberry_pi_ws/src/turtlebot_control/src/turtlebot_control.cpp:15:10:[m[K [01;31m[Kfatal error: [m[Kturtlebot_control/msg/keypoints.h: No such file or directory
[0.584s]    15 | #include [01;31m[K"turtlebot_control/msg/keypoints.h"[m[K
[0.584s]       |          [01;31m[K^~~~~~~~~~~~~~~~~~~~~~~~~~~~~~~~~~~[m[K
[0.584s] compilation terminated.
[0.588s] gmake[2]: *** [CMakeFiles/turtlebot_control.dir/build.make:76: CMakeFiles/turtlebot_control.dir/src/turtlebot_control.cpp.o] Error 1
[0.588s] gmake[1]: *** [CMakeFiles/Makefile2:592: CMakeFiles/turtlebot_control.dir/all] Error 2
[0.589s] gmake[1]: *** Waiting for unfinished jobs....
[0.750s] [ 69%] [32m[1mLinking CXX shared library libturtlebot_control__rosidl_typesupport_fastrtps_c.so[0m
[0.810s] [ 69%] Built target turtlebot_control_msg__rosidl_typesupport_fastrtps_c
[0.811s] gmake: *** [Makefile:146: all] Error 2
[0.814s] Invoked command in '/home/megsindelar/Final_Project/raspberry_pi_ws/build/turtlebot_control' returned '2': CMAKE_PREFIX_PATH=${CMAKE_PREFIX_PATH}:/home/megsindelar/ME_495/Final_Proj/install/attack_of_the_franka:/home/megsindelar/ME_495/Final_Proj/install/moveit_testing:/opt/ros/humble /usr/bin/cmake --build /home/megsindelar/Final_Project/raspberry_pi_ws/build/turtlebot_control -- -j8 -l8
