[  3%] Built target turtlebot_control_msg__cpp
[ 12%] Built target turtlebot_control_msg__rosidl_generator_c
[ 12%] Built target ament_cmake_python_copy_turtlebot_control
[ 21%] Built target turtlebot_control_msg__rosidl_typesupport_cpp
[ 30%] Built target turtlebot_control_msg__rosidl_typesupport_introspection_c
[ 39%] Built target turtlebot_control_msg__rosidl_typesupport_c
[ 48%] Built target turtlebot_control_msg__rosidl_typesupport_fastrtps_cpp
[ 57%] Built target turtlebot_control_msg__rosidl_typesupport_introspection_cpp
[ 66%] Built target turtlebot_control_msg__rosidl_typesupport_fastrtps_c
[35m[1mConsolidate compiler generated dependencies of target turtlebot_control[0m
[ 69%] [32mBuilding CXX object CMakeFiles/turtlebot_control.dir/src/turtlebot_control.cpp.o[0m
[ 69%] Built target turtlebot_control_msg
[ 72%] Built target turtlebot_control_msg__py
[ 78%] Built target turtlebot_control_msg__rosidl_generator_py
[ 84%] Built target turtlebot_control__rosidl_typesupport_c__pyext
[ 90%] Built target turtlebot_control__rosidl_typesupport_introspection_c__pyext
[ 96%] Built target turtlebot_control__rosidl_typesupport_fastrtps_c__pyext
running egg_info
writing turtlebot_control.egg-info/PKG-INFO
writing dependency_links to turtlebot_control.egg-info/dependency_links.txt
writing top-level names to turtlebot_control.egg-info/top_level.txt
reading manifest file 'turtlebot_control.egg-info/SOURCES.txt'
writing manifest file 'turtlebot_control.egg-info/SOURCES.txt'
[ 96%] Built target ament_cmake_python_build_turtlebot_control_egg
[01m[K/home/megsindelar/Final_Project/raspberry_pi_ws/src/turtlebot_control/src/turtlebot_control.cpp:[m[K In member function â€˜[01m[Kvoid TurtlebotControl::timer_callback()[m[Kâ€™:
[01m[K/home/megsindelar/Final_Project/raspberry_pi_ws/src/turtlebot_control/src/turtlebot_control.cpp:91:25:[m[K [01;31m[Kerror: [m[Kexpected â€˜[01m[K([m[Kâ€™ before â€˜[01m[Ki[m[Kâ€™
   91 |                     for [01;31m[Ki[m[K in range(len(keypoints_1)){
      |                         [01;31m[K^[m[K
[01m[K/home/megsindelar/Final_Project/raspberry_pi_ws/src/turtlebot_control/src/turtlebot_control.cpp:91:25:[m[K [01;31m[Kerror: [m[Kâ€˜[01m[Ki[m[Kâ€™ was not declared in this scope
[01m[K/home/megsindelar/Final_Project/raspberry_pi_ws/src/turtlebot_control/src/turtlebot_control.cpp:95:44:[m[K [01;31m[Kerror: [m[Kcould not convert â€˜[01m[K((std::__shared_ptr_access<rclcpp::Publisher<turtlebot_control::msg::Keypoints_<std::allocator<void> > >, __gnu_cxx::_S_atomic, false, false>*)(&((TurtlebotControl*)this)->TurtlebotControl::pub_keypoints_))->std::__shared_ptr_access<rclcpp::Publisher<turtlebot_control::msg::Keypoints_<std::allocator<void> > >, __gnu_cxx::_S_atomic, false, false>::operator->()->rclcpp::Publisher<turtlebot_control::msg::Keypoints_<std::allocator<void> > >::publish<turtlebot_control::msg::Keypoints_<std::allocator<void> > >(keypoints)[m[Kâ€™ from â€˜[01m[Kstd::enable_if_t<true, void>[m[Kâ€™ {aka â€˜[01m[Kvoid[m[Kâ€™} to â€˜[01m[Kbool[m[Kâ€™
   95 |                     [01;31m[Kpub_keypoints_->publish(keypoints)[m[K;
      |                     [01;31m[K~~~~~~~~~~~~~~~~~~~~~~~^~~~~~~~~~~[m[K
      |                                            [01;31m[K|[m[K
      |                                            [01;31m[Kstd::enable_if_t<true, void> {aka void}[m[K
[01m[K/home/megsindelar/Final_Project/raspberry_pi_ws/src/turtlebot_control/src/turtlebot_control.cpp:96:17:[m[K [01;31m[Kerror: [m[Kexpected primary-expression before â€˜[01m[K}[m[Kâ€™ token
   96 |                 [01;31m[K}[m[K
      |                 [01;31m[K^[m[K
[01m[K/home/megsindelar/Final_Project/raspberry_pi_ws/src/turtlebot_control/src/turtlebot_control.cpp:96:17:[m[K [01;31m[Kerror: [m[Kexpected â€˜[01m[K)[m[Kâ€™ before â€˜[01m[K}[m[Kâ€™ token
[01m[K/home/megsindelar/Final_Project/raspberry_pi_ws/src/turtlebot_control/src/turtlebot_control.cpp:91:25:[m[K [01;36m[Knote: [m[Kto match this â€˜[01m[K([m[Kâ€™
   91 |                     for [01;36m[Ki[m[K in range(len(keypoints_1)){
      |                         [01;36m[K^[m[K
[01m[K/home/megsindelar/Final_Project/raspberry_pi_ws/src/turtlebot_control/src/turtlebot_control.cpp:96:17:[m[K [01;31m[Kerror: [m[Kexpected primary-expression before â€˜[01m[K}[m[Kâ€™ token
   96 |                 [01;31m[K}[m[K
      |                 [01;31m[K^[m[K
gmake[2]: *** [CMakeFiles/turtlebot_control.dir/build.make:76: CMakeFiles/turtlebot_control.dir/src/turtlebot_control.cpp.o] Error 1
gmake[1]: *** [CMakeFiles/Makefile2:593: CMakeFiles/turtlebot_control.dir/all] Error 2
gmake: *** [Makefile:146: all] Error 2
