[0.009s] Invoking command in '/home/megsindelar/Final_Project/raspberry_pi_ws/build/turtlebot_control': CMAKE_PREFIX_PATH=${CMAKE_PREFIX_PATH}:/home/megsindelar/ME_495/Final_Proj/install/attack_of_the_franka:/home/megsindelar/ME_495/Final_Proj/install/moveit_testing:/opt/ros/humble /usr/bin/cmake --build /home/megsindelar/Final_Project/raspberry_pi_ws/build/turtlebot_control -- -j8 -l8
[0.045s] [  3%] Built target turtlebot_control_msg__cpp
[0.045s] [ 12%] Built target turtlebot_control_msg__rosidl_generator_c
[0.052s] [ 12%] Built target ament_cmake_python_copy_turtlebot_control
[0.061s] [ 21%] Built target turtlebot_control_msg__rosidl_typesupport_cpp
[0.061s] [ 30%] Built target turtlebot_control_msg__rosidl_typesupport_introspection_c
[0.064s] [ 39%] Built target turtlebot_control_msg__rosidl_typesupport_c
[0.064s] [ 48%] Built target turtlebot_control_msg__rosidl_typesupport_fastrtps_cpp
[0.064s] [ 57%] Built target turtlebot_control_msg__rosidl_typesupport_introspection_cpp
[0.070s] [ 66%] Built target turtlebot_control_msg__rosidl_typesupport_fastrtps_c
[0.070s] [35m[1mConsolidate compiler generated dependencies of target turtlebot_control[0m
[0.083s] [ 69%] [32mBuilding CXX object CMakeFiles/turtlebot_control.dir/src/turtlebot_control.cpp.o[0m
[0.083s] [ 69%] Built target turtlebot_control_msg
[0.098s] [ 72%] Built target turtlebot_control_msg__py
[0.113s] [ 78%] Built target turtlebot_control_msg__rosidl_generator_py
[0.128s] [ 84%] Built target turtlebot_control__rosidl_typesupport_c__pyext
[0.128s] [ 90%] Built target turtlebot_control__rosidl_typesupport_introspection_c__pyext
[0.132s] [ 96%] Built target turtlebot_control__rosidl_typesupport_fastrtps_c__pyext
[0.246s] running egg_info
[0.246s] writing turtlebot_control.egg-info/PKG-INFO
[0.247s] writing dependency_links to turtlebot_control.egg-info/dependency_links.txt
[0.247s] writing top-level names to turtlebot_control.egg-info/top_level.txt
[0.248s] reading manifest file 'turtlebot_control.egg-info/SOURCES.txt'
[0.249s] writing manifest file 'turtlebot_control.egg-info/SOURCES.txt'
[0.267s] [ 96%] Built target ament_cmake_python_build_turtlebot_control_egg
[1.853s] [01m[K/home/megsindelar/Final_Project/raspberry_pi_ws/src/turtlebot_control/src/turtlebot_control.cpp:[m[K In member function â€˜[01m[Kvoid TurtlebotControl::timer_callback()[m[Kâ€™:
[1.853s] [01m[K/home/megsindelar/Final_Project/raspberry_pi_ws/src/turtlebot_control/src/turtlebot_control.cpp:91:25:[m[K [01;31m[Kerror: [m[Kexpected â€˜[01m[K([m[Kâ€™ before â€˜[01m[Ki[m[Kâ€™
[1.853s]    91 |                     for [01;31m[Ki[m[K in range(len(keypoints_1)){
[1.853s]       |                         [01;31m[K^[m[K
[1.857s] [01m[K/home/megsindelar/Final_Project/raspberry_pi_ws/src/turtlebot_control/src/turtlebot_control.cpp:91:25:[m[K [01;31m[Kerror: [m[Kâ€˜[01m[Ki[m[Kâ€™ was not declared in this scope
[1.857s] [01m[K/home/megsindelar/Final_Project/raspberry_pi_ws/src/turtlebot_control/src/turtlebot_control.cpp:95:44:[m[K [01;31m[Kerror: [m[Kcould not convert â€˜[01m[K((std::__shared_ptr_access<rclcpp::Publisher<turtlebot_control::msg::Keypoints_<std::allocator<void> > >, __gnu_cxx::_S_atomic, false, false>*)(&((TurtlebotControl*)this)->TurtlebotControl::pub_keypoints_))->std::__shared_ptr_access<rclcpp::Publisher<turtlebot_control::msg::Keypoints_<std::allocator<void> > >, __gnu_cxx::_S_atomic, false, false>::operator->()->rclcpp::Publisher<turtlebot_control::msg::Keypoints_<std::allocator<void> > >::publish<turtlebot_control::msg::Keypoints_<std::allocator<void> > >(keypoints)[m[Kâ€™ from â€˜[01m[Kstd::enable_if_t<true, void>[m[Kâ€™ {aka â€˜[01m[Kvoid[m[Kâ€™} to â€˜[01m[Kbool[m[Kâ€™
[1.857s]    95 |                     [01;31m[Kpub_keypoints_->publish(keypoints)[m[K;
[1.857s]       |                     [01;31m[K~~~~~~~~~~~~~~~~~~~~~~~^~~~~~~~~~~[m[K
[1.857s]       |                                            [01;31m[K|[m[K
[1.857s]       |                                            [01;31m[Kstd::enable_if_t<true, void> {aka void}[m[K
[1.857s] [01m[K/home/megsindelar/Final_Project/raspberry_pi_ws/src/turtlebot_control/src/turtlebot_control.cpp:96:17:[m[K [01;31m[Kerror: [m[Kexpected primary-expression before â€˜[01m[K}[m[Kâ€™ token
[1.857s]    96 |                 [01;31m[K}[m[K
[1.857s]       |                 [01;31m[K^[m[K
[1.857s] [01m[K/home/megsindelar/Final_Project/raspberry_pi_ws/src/turtlebot_control/src/turtlebot_control.cpp:96:17:[m[K [01;31m[Kerror: [m[Kexpected â€˜[01m[K)[m[Kâ€™ before â€˜[01m[K}[m[Kâ€™ token
[1.857s] [01m[K/home/megsindelar/Final_Project/raspberry_pi_ws/src/turtlebot_control/src/turtlebot_control.cpp:91:25:[m[K [01;36m[Knote: [m[Kto match this â€˜[01m[K([m[Kâ€™
[1.857s]    91 |                     for [01;36m[Ki[m[K in range(len(keypoints_1)){
[1.858s]       |                         [01;36m[K^[m[K
[1.858s] [01m[K/home/megsindelar/Final_Project/raspberry_pi_ws/src/turtlebot_control/src/turtlebot_control.cpp:96:17:[m[K [01;31m[Kerror: [m[Kexpected primary-expression before â€˜[01m[K}[m[Kâ€™ token
[1.858s]    96 |                 [01;31m[K}[m[K
[1.858s]       |                 [01;31m[K^[m[K
[2.431s] gmake[2]: *** [CMakeFiles/turtlebot_control.dir/build.make:76: CMakeFiles/turtlebot_control.dir/src/turtlebot_control.cpp.o] Error 1
[2.431s] gmake[1]: *** [CMakeFiles/Makefile2:593: CMakeFiles/turtlebot_control.dir/all] Error 2
[2.432s] gmake: *** [Makefile:146: all] Error 2
[2.433s] Invoked command in '/home/megsindelar/Final_Project/raspberry_pi_ws/build/turtlebot_control' returned '2': CMAKE_PREFIX_PATH=${CMAKE_PREFIX_PATH}:/home/megsindelar/ME_495/Final_Proj/install/attack_of_the_franka:/home/megsindelar/ME_495/Final_Proj/install/moveit_testing:/opt/ros/humble /usr/bin/cmake --build /home/megsindelar/Final_Project/raspberry_pi_ws/build/turtlebot_control -- -j8 -l8
